996897787 Aug 4 00:03:07 ResBldg54AP4 ResBldg54AP4 (Info): Station 00409698e339 Authenticated
996897788 Aug 4 00:03:08 ResBldg54AP4 ResBldg54AP4 (Info): Station 00409698e339 Associated
996897864 Aug 4 00:04:24 ResBldg54AP4 ResBldg54AP4 (Info): Station 00409698e339 Authenticated
996897864 Aug 4 00:04:24 ResBldg54AP4 ResBldg54AP4 (Info): Station 00409698e339 Associated
996898041 Aug 4 00:07:21 ResBldg60AP5 ResBldg60AP5 (Info): Station 004096f5ba46 Authenticated
996898041 Aug 4 00:07:21 ResBldg60AP5 ResBldg60AP5 (Info): Station 004096f5ba46 Reassociated
996898122 Aug 4 00:08:42 ResBldg60AP5 ResBldg60AP5 (Info): Station 004096f5ba46 Reassociated
996898157 Aug 4 00:09:17 ResBldg90AP1 ResBldg90AP1 (Info): Deauthenticating 00306593d275, reason "Inactivity"
996898215 Aug 4 00:10:15 ResBldg15AP2 ResBldg15AP2 (Info): Deauthenticating 00409607afd1, reason "Inactivity"
996898341 Aug 4 00:12:21 ResBldg60AP5 ResBldg60AP5 (Info): Station 004096f5ba46 Authenticated
996898341 Aug 4 00:12:21 ResBldg60AP5 ResBldg60AP5 (Info): Station 004096f5ba46 Associated
996898386 Aug 4 00:13:06 ResBldg15AP2 ResBldg15AP2 (Info): Deauthenticating 004096f8258f, reason "Inactivity"
996898769 Aug 4 00:19:29 ResBldg63AP1 ResBldg63AP1 (Info): Station 004096de66cc Authenticated
996898769 Aug 4 00:19:29 ResBldg63AP1 ResBldg63AP1 (Info): Station 004096de66cc Associated
996899839 Aug 4 00:37:19 ResBldg60AP5 ResBldg60AP5 (Info): Station 004096f5ba46 Authenticated
996899839 Aug 4 00:37:19 ResBldg60AP5 ResBldg60AP5 (Info): Station 004096f5ba46 Associated
996899967 Aug 4 00:39:27 ResBldg90AP2 ResBldg90AP2 (Info): Deauthenticating 00306576c6f7, reason "Inactivity"
996900727 Aug 4 00:52:07 SocBldg1AP1 SocBldg1AP1 (Info): Station 0040969f58ed Authenticated
996900727 Aug 4 00:52:07 SocBldg1AP1 SocBldg1AP1 (Info): Station 0040969f58ed Associated
996900745 Aug 4 00:52:25 ResBldg38AP3 ResBldg38AP3 (Info): Station 003065a426d2 Authenticated
996900745 Aug 4 00:52:25 ResBldg38AP3 ResBldg38AP3 (Info): Station 003065a426d2 Associated
996900761 Aug 4 00:52:41 ResBldg63AP1 ResBldg63AP1 (Info): Deauthenticating 004096de66cc, reason "Inactivity"
996902018 Aug 4 01:13:38 ResBldg15AP2 ResBldg15AP2 (Info): Deauthenticating 003065de5aa3, reason "Inactivity"
996902043 Aug 4 01:14:03 SocBldg4AP18 SocBldg4AP18 (Info): Deauthenticating 003065e0817f, reason "Inactivity"
996902118 Aug 4 01:15:18 ResBldg60AP5 ResBldg60AP5 (Info): Deauthenticating 004096f5ba46, reason "Inactivity"
996902333 Aug 4 01:18:53 ResBldg54AP2 ResBldg54AP2 (Info): Deauthenticating 0030657c9cc4, reason "Inactivity"
996902340 Aug 4 01:19:00 ResBldg63AP1 ResBldg63AP1 (Info): Station 004096de66cc Authenticated
996902340 Aug 4 01:19:00 ResBldg63AP1 ResBldg63AP1 (Info): Station 004096de66cc Associated
996902440 Aug 4 01:20:40 ResBldg54AP4 ResBldg54AP4 (Info): Deauthenticating 00409698e339, reason "Inactivity"
996902738 Aug 4 01:25:38 ResBldg101AP2 ResBldg101AP2 (Info): Station 0040964a5eed Authenticated
996902738 Aug 4 01:25:38 ResBldg101AP2 ResBldg101AP2 (Info): Station 0040964a5eed Associated
996903746 Aug 4 01:42:26 SocBldg1AP2 SocBldg1AP2 (Info): Station 0040969f58ed Authenticated
996903746 Aug 4 01:42:26 SocBldg1AP2 SocBldg1AP2 (Info): Station 0040969f58ed Reassociated
996903746 Aug 4 01:42:26 SocBldg1AP1 SocBldg1AP1 (Info): Station 0040969f58ed roamed
996903746 Aug 4 01:42:26 SocBldg1AP1 SocBldg1AP1 (Info): Station 0040969f58ed roamed
996903812 Aug 4 01:43:32 ResBldg15AP1 ResBldg15AP1 (Info): Station 0040969f58ed Authenticated
996903812 Aug 4 01:43:32 ResBldg15AP1 ResBldg15AP1 (Info): Station 0040969f58ed Reassociated
996903842 Aug 4 01:44:02 ResBldg90AP2 ResBldg90AP2 (Info): Deauthenticating 0050dac184a5, reason "Inactivity"
996903946 Aug 4 01:45:46 ResBldg60AP3 ResBldg60AP3 (Info): Station 003065d51fea Authenticated
996903946 Aug 4 01:45:46 ResBldg60AP3 ResBldg60AP3 (Info): Station 003065d51fea Associated
996903946 Aug 4 01:45:46 ResBldg15AP2 ResBldg15AP2 (Info): Station 0040969f58ed Authenticated
996903946 Aug 4 01:45:46 ResBldg15AP2 ResBldg15AP2 (Info): Station 0040969f58ed Reassociated
996903946 Aug 4 01:45:46 ResBldg15AP1 ResBldg15AP1 (Info): Station 0040969f58ed roamed
996903946 Aug 4 01:45:46 ResBldg15AP1 ResBldg15AP1 (Info): Station 0040969f58ed roamed
996903955 Aug 4 01:45:55 AdmBldg24AP2 AdmBldg24AP2 (Info): Station 0040969f58ed Authenticated
996903955 Aug 4 01:45:55 AdmBldg24AP2 AdmBldg24AP2 (Info): Station 0040969f58ed Reassociated
996903964 Aug 4 01:46:04 ResBldg20AP1 ResBldg20AP1 (Info): Station 0040969f58ed Authenticated
996903964 Aug 4 01:46:04 ResBldg20AP1 ResBldg20AP1 (Info): Station 0040969f58ed Reassociated
996903966 Aug 4 01:46:06 ResBldg20AP1 ResBldg20AP1 (Info): Station 0040969f58ed Reassociated
996903982 Aug 4 01:46:22 ResBldg20AP3 ResBldg20AP3 (Info): Station 0040969f58ed Authenticated
996903982 Aug 4 01:46:22 ResBldg20AP3 ResBldg20AP3 (Info): Station 0040969f58ed Reassociated
996903982 Aug 4 01:46:22 ResBldg20AP1 ResBldg20AP1 (Info): Station 0040969f58ed roamed
996903982 Aug 4 01:46:22 ResBldg20AP1 ResBldg20AP1 (Info): Station 0040969f58ed roamed
996903995 Aug 4 01:46:35 AdmBldg24AP2 AdmBldg24AP2 (Info): Station 0040969f58ed Authenticated
996903995 Aug 4 01:46:35 AdmBldg24AP2 AdmBldg24AP2 (Info): Station 0040969f58ed Reassociated
996904006 Aug 4 01:46:46 ResBldg20AP4 ResBldg20AP4 (Info): Station 0040969f58ed Authenticated
996904006 Aug 4 01:46:46 ResBldg20AP4 ResBldg20AP4 (Info): Station 0040969f58ed Reassociated
996904006 Aug 4 01:46:46 ResBldg20AP3 ResBldg20AP3 (Info): Station 0040969f58ed roamed
996904006 Aug 4 01:46:46 ResBldg20AP3 ResBldg20AP3 (Info): Station 0040969f58ed roamed
996904011 Aug 4 01:46:51 ResBldg20AP2 ResBldg20AP2 (Info): Station 0040969f58ed Authenticated
996904011 Aug 4 01:46:51 ResBldg20AP2 ResBldg20AP2 (Info): Station 0040969f58ed Reassociated
996904011 Aug 4 01:46:51 ResBldg20AP4 ResBldg20AP4 (Info): Station 0040969f58ed roamed
996904011 Aug 4 01:46:51 ResBldg20AP4 ResBldg20AP4 (Info): Station 0040969f58ed roamed
996904388 Aug 4 01:53:08 ResBldg20AP4 ResBldg20AP4 (Info): Station 0040969f58ed Authenticated
996904388 Aug 4 01:53:08 ResBldg20AP4 ResBldg20AP4 (Info): Station 0040969f58ed Reassociated
996904388 Aug 4 01:53:08 ResBldg20AP2 ResBldg20AP2 (Info): Station 0040969f58ed roamed
996904388 Aug 4 01:53:08 ResBldg20AP2 ResBldg20AP2 (Info): Station 0040969f58ed roamed
996904392 Aug 4 01:53:12 AdmBldg24AP2 AdmBldg24AP2 (Info): Station 0040969f58ed Authenticated
996904392 Aug 4 01:53:12 AdmBldg24AP2 AdmBldg24AP2 (Info): Station 0040969f58ed Reassociated
996904394 Aug 4 01:53:14 ResBldg20AP1 ResBldg20AP1 (Info): Station 0040969f58ed Authenticated
996904394 Aug 4 01:53:14 ResBldg20AP1 ResBldg20AP1 (Info): Disassociating 0040969f58ed, reason "Not Associated"
996904396 Aug 4 01:53:16 ResBldg20AP4 ResBldg20AP4 (Info): Station 0040969f58ed Authenticated
996904396 Aug 4 01:53:16 ResBldg20AP1 ResBldg20AP1 (Info): Station 0040969f58ed roamed
996904396 Aug 4 01:53:16 ResBldg20AP1 ResBldg20AP1 (Info): Station 0040969f58ed roamed
996904396 Aug 4 01:53:16 ResBldg20AP4 ResBldg20AP4 (Info): Station 0040969f58ed Reassociated
996904401 Aug 4 01:53:21 ResBldg20AP3 ResBldg20AP3 (Info): Station 0040969f58ed Authenticated
996904401 Aug 4 01:53:21 ResBldg20AP3 ResBldg20AP3 (Info): Station 0040969f58ed Reassociated
996904401 Aug 4 01:53:21 ResBldg20AP4 ResBldg20AP4 (Info): Station 0040969f58ed roamed
996904401 Aug 4 01:53:21 ResBldg20AP4 ResBldg20AP4 (Info): Station 0040969f58ed roamed
996904430 Aug 4 01:53:50 AdmBldg24AP2 AdmBldg24AP2 (Info): Station 0040969f58ed Authenticated
996904430 Aug 4 01:53:50 AdmBldg24AP2 AdmBldg24AP2 (Info): Station 0040969f58ed Reassociated
996904432 Aug 4 01:53:52 AdmBldg24AP2 AdmBldg24AP2 (Info): Station 0040969f58ed Reassociated
996904458 Aug 4 01:54:18 AdmBldg12AP7 AdmBldg12AP7 (Info): Station 0040969f58ed Authenticated
996904458 Aug 4 01:54:18 AdmBldg12AP7 AdmBldg12AP7 (Info): Station 0040969f58ed Reassociated
996904474 Aug 4 01:54:34 ResBldg101AP2 ResBldg101AP2 (Info): Station 0040969f58ed Authenticated
996904474 Aug 4 01:54:34 ResBldg101AP2 ResBldg101AP2 (Info): Station 0040969f58ed Reassociated
996904474 Aug 4 01:54:34 ResBldg15AP2 ResBldg15AP2 (Info): Station 0040969f58ed roamed
996904474 Aug 4 01:54:34 ResBldg15AP2 ResBldg15AP2 (Info): Station 0040969f58ed roamed
996904504 Aug 4 01:55:04 AdmBldg24AP2 AdmBldg24AP2 (Info): Station 0040969f58ed Authenticated
996904504 Aug 4 01:55:04 AdmBldg24AP2 AdmBldg24AP2 (Info): Station 0040969f58ed Reassociated
996904511 Aug 4 01:55:11 SocBldg11AP3 SocBldg11AP3 (Info): Station 0040969f58ed Authenticated
996904511 Aug 4 01:55:11 SocBldg11AP3 SocBldg11AP3 (Info): Station 0040969f58ed Reassociated
996904511 Aug 4 01:55:11 SocBldg1AP2 SocBldg1AP2 (Info): Station 0040969f58ed roamed
996904511 Aug 4 01:55:11 SocBldg1AP2 SocBldg1AP2 (Info): Station 0040969f58ed roamed
996904514 Aug 4 01:55:14 ResBldg91AP3 ResBldg91AP3 (Info): Station 0040969f58ed Authenticated
996904514 Aug 4 01:55:14 ResBldg91AP3 ResBldg91AP3 (Info): Station 0040969f58ed Reassociated
996904518 Aug 4 01:55:18 AcadBldg30AP4 AcadBldg30AP4 (Info): Station 0040969f58ed Authenticated
996904518 Aug 4 01:55:18 AcadBldg30AP4 AcadBldg30AP4 (Info): Station 0040969f58ed Reassociated
996904527 Aug 4 01:55:27 ResBldg91AP1 ResBldg91AP1 (Info): Station 0040969f58ed Authenticated
996904527 Aug 4 01:55:27 ResBldg91AP1 ResBldg91AP1 (Info): Station 0040969f58ed Reassociated
996904527 Aug 4 01:55:27 ResBldg91AP3 ResBldg91AP3 (Info): Station 0040969f58ed roamed
996904527 Aug 4 01:55:27 ResBldg91AP3 ResBldg91AP3 (Info): Station 0040969f58ed roamed
996904552 Aug 4 01:55:52 ResBldg91AP4 ResBldg91AP4 (Info): Station 0040969f58ed Authenticated
996904552 Aug 4 01:55:52 ResBldg91AP4 ResBldg91AP4 (Info): Station 0040969f58ed Reassociated
996904552 Aug 4 01:55:52 ResBldg91AP1 ResBldg91AP1 (Info): Station 0040969f58ed roamed
996904552 Aug 4 01:55:52 ResBldg91AP1 ResBldg91AP1 (Info): Station 0040969f58ed roamed
996904795 Aug 4 01:59:55 ResBldg54AP4 ResBldg54AP4 (Info): Station 00409698e339 Authenticated
996904795 Aug 4 01:59:55 ResBldg54AP4 ResBldg54AP4 (Info): Station 00409698e339 Associated
996904856 Aug 4 02:00:56 ResBldg38AP3 ResBldg38AP3 (Info): Station 003065a426d2 Authenticated
996904856 Aug 4 02:00:56 ResBldg38AP3 ResBldg38AP3 (Info): Station 003065a426d2 Associated
996905136 Aug 4 02:05:36 ResBldg76AP2 ResBldg76AP2 (Info): Deauthenticating 00409678cacd, reason "Inactivity"
996906230 Aug 4 02:23:50 ResBldg20AP3 ResBldg20AP3 (Info): Deauthenticating 0040969f58ed, reason "Inactivity"
996906284 Aug 4 02:24:44 ResBldg60AP3 ResBldg60AP3 (Info): Deauthenticating 003065f86c99, reason "Inactivity"
996906295 Aug 4 02:24:55 AdmBldg12AP7 AdmBldg12AP7 (Info): Deauthenticating 0040969f58ed, reason "Inactivity"
996906315 Aug 4 02:25:15 SocBldg11AP3 SocBldg11AP3 (Info): Deauthenticating 0040969f58ed, reason "Inactivity"
996906325 Aug 4 02:25:25 ResBldg101AP2 ResBldg101AP2 (Info): Deauthenticating 0040969f58ed, reason "Inactivity"
996906331 Aug 4 02:25:31 AdmBldg24AP2 AdmBldg24AP2 (Info): Deauthenticating 0040969f58ed, reason "Inactivity"
996906348 Aug 4 02:25:48 AcadBldg30AP4 AcadBldg30AP4 (Info): Deauthenticating 0040969f58ed, reason "Inactivity"
996907385 Aug 4 02:43:05 ResBldg60AP3 ResBldg60AP3 (Info): Deauthenticating 003065d51fea, reason "Inactivity"
996907480 Aug 4 02:44:40 ResBldg76AP2 ResBldg76AP2 (Info): Deauthenticating 003065eeb550, reason "Inactivity"
996907595 Aug 4 02:46:35 ResBldg63AP1 ResBldg63AP1 (Info): Deauthenticating 004096de66cc, reason "Inactivity"
996907870 Aug 4 02:51:10 ResBldg101AP2 ResBldg101AP2 (Info): Station 0040964a5eed Authenticated
996907870 Aug 4 02:51:10 ResBldg101AP2 ResBldg101AP2 (Info): Station 0040964a5eed Associated
996907934 Aug 4 02:52:14 ResBldg63AP1 ResBldg63AP1 (Info): Station 004096de66cc Authenticated
996907934 Aug 4 02:52:14 ResBldg63AP1 ResBldg63AP1 (Info): Station 004096de66cc Associated
996908073 Aug 4 02:54:33 ResBldg15AP1 ResBldg15AP1 (Info): Station 003065fe6512 Authenticated
996908073 Aug 4 02:54:33 ResBldg15AP1 ResBldg15AP1 (Info): Station 003065fe6512 Associated
996908519 Aug 4 03:01:59 ResBldg15AP1 ResBldg15AP1 (Info): Station 004096b13dad Authenticated
996908519 Aug 4 03:01:59 ResBldg15AP1 ResBldg15AP1 (Info): Station 004096b13dad Associated
996908562 Aug 4 03:02:42 ResBldg91AP4 ResBldg91AP4 (Info): Deauthenticating 0040969f58ed, reason "Inactivity"
996909367 Aug 4 03:16:07 ResBldg54AP4 ResBldg54AP4 (Info): Deauthenticating 00409698e339, reason "Inactivity"
996909905 Aug 4 03:25:05 ResBldg101AP2 ResBldg101AP2 (Info): Deauthenticating 0040964a5eed, reason "Inactivity"
996910734 Aug 4 03:38:54 ResBldg90AP1 ResBldg90AP1 (Info): Station 00306593d275 Authenticated
996910734 Aug 4 03:38:54 ResBldg90AP1 ResBldg90AP1 (Info): Station 00306593d275 Associated
996910902 Aug 4 03:41:42 ResBldg63AP1 ResBldg63AP1 (Info): Deauthenticating 004096de66cc, reason "Inactivity"
996911592 Aug 4 03:53:12 ResBldg15AP1 ResBldg15AP1 (Info): Deauthenticating 003065fe6512, reason "Inactivity"
996911612 Aug 4 03:53:32 ResBldg38AP3 ResBldg38AP3 (Info): Station 003065a426d2 Authenticated
996911612 Aug 4 03:53:32 ResBldg38AP3 ResBldg38AP3 (Info): Station 003065a426d2 Associated
996912131 Aug 4 04:02:11 AcadBldg8AP1 AcadBldg8AP1 (Info): Deauthenticating 004096e184ae, reason "Inactivity"
996912208 Aug 4 04:03:28 SocBldg1AP5 SocBldg1AP5 (Info): Deauthenticating 00306542b676, reason "Inactivity"
996912209 Aug 4 04:03:29 SocBldg1AP5 SocBldg1AP5 (Info): Station 00306542b676 Authenticated
996912209 Aug 4 04:03:29 SocBldg1AP5 SocBldg1AP5 (Info): Station 00306542b676 Associated
996912210 Aug 4 04:03:30 SocBldg1AP5 SocBldg1AP5 (Info): Station 00306542b676 Authenticated
996912210 Aug 4 04:03:30 SocBldg1AP5 SocBldg1AP5 (Info): Station 00306542b676 Associated
996912703 Aug 4 04:11:43 ResBldg90AP1 ResBldg90AP1 (Info): Deauthenticating 00306593d275, reason "Inactivity"
996912977 Aug 4 04:16:17 ResBldg15AP1 ResBldg15AP1 (Info): Station 004096b13dad Authenticated
996912977 Aug 4 04:16:17 ResBldg15AP1 ResBldg15AP1 (Info): Station 004096b13dad Associated
996914197 Aug 4 04:36:37 ResBldg15AP2 ResBldg15AP2 (Info): Station 00306534d07b Authenticated
996914197 Aug 4 04:36:37 ResBldg15AP2 ResBldg15AP2 (Info): Station 00306534d07b Associated
996914255 Aug 4 04:37:35 ResBldg15AP1 ResBldg15AP1 (Info): Deauthenticating 00306534d07b, reason "Must Authenticate Before Associating"
996914255 Aug 4 04:37:35 ResBldg15AP1 ResBldg15AP1 (Info): Station 00306534d07b Authenticated
996914255 Aug 4 04:37:35 ResBldg15AP1 ResBldg15AP1 (Info): Station 00306534d07b Reassociated
996914255 Aug 4 04:37:35 ResBldg15AP2 ResBldg15AP2 (Info): Station 00306534d07b roamed
996914255 Aug 4 04:37:35 ResBldg15AP2 ResBldg15AP2 (Info): Station 00306534d07b roamed
996914489 Aug 4 04:41:29 ResBldg15AP2 ResBldg15AP2 (Info): Station 00306534d07b Reassociated
996914489 Aug 4 04:41:29 ResBldg15AP1 ResBldg15AP1 (Info): Station 00306534d07b roamed
996914489 Aug 4 04:41:29 ResBldg15AP1 ResBldg15AP1 (Info): Station 00306534d07b roamed
996914564 Aug 4 04:42:44 ResBldg15AP1 ResBldg15AP1 (Info): Station 00306534d07b Reassociated
996914564 Aug 4 04:42:44 ResBldg15AP2 ResBldg15AP2 (Info): Station 00306534d07b roamed
996914564 Aug 4 04:42:44 ResBldg15AP2 ResBldg15AP2 (Info): Station 00306534d07b roamed
996916468 Aug 4 05:14:28 ResBldg100AP2 ResBldg100AP2 (Info): Station 00032f2dc8c9 Authenticated
996916468 Aug 4 05:14:28 ResBldg100AP2 ResBldg100AP2 (Info): Station 00032f2dc8c9 Associated
996916569 Aug 4 05:16:09 ResBldg15AP1 ResBldg15AP1 (Info): Deauthenticating 004096b13dad, reason "Inactivity"
996916978 Aug 4 05:22:58 ResBldg90AP2 ResBldg90AP2 (Info): Station 004096224dcd Authenticated
996916978 Aug 4 05:22:58 ResBldg90AP2 ResBldg90AP2 (Info): Station 004096224dcd Associated
996918805 Aug 4 05:53:25 SocBldg1AP5 SocBldg1AP5 (Info): Deauthenticating 00306542b676, reason "Inactivity"
996918806 Aug 4 05:53:26 SocBldg1AP5 SocBldg1AP5 (Info): Station 00306542b676 Authenticated
996918806 Aug 4 05:53:26 SocBldg1AP5 SocBldg1AP5 (Info): Station 00306542b676 Associated
996918808 Aug 4 05:53:28 SocBldg1AP5 SocBldg1AP5 (Info): Station 00306542b676 Authenticated
996918808 Aug 4 05:53:28 SocBldg1AP5 SocBldg1AP5 (Info): Station 00306542b676 Associated
996919939 Aug 4 06:12:19 ResBldg90AP2 ResBldg90AP2 (Info): Station 0050dac184a5 Authenticated
996919939 Aug 4 06:12:19 ResBldg90AP2 ResBldg90AP2 (Info): Station 0050dac184a5 Associated
996920247 Aug 4 06:17:27 ResBldg100AP2 ResBldg100AP2 (Info): Deauthenticating 00032f2dc8c9, reason "Inactivity"
996921586 Aug 4 06:39:46 ResBldg101AP2 ResBldg101AP2 (Info): Station 0040964a5eed Authenticated
996921586 Aug 4 06:39:46 ResBldg101AP2 ResBldg101AP2 (Info): Station 0040964a5eed Associated
996921863 Aug 4 06:44:23 ResBldg90AP2 ResBldg90AP2 (Info): Deauthenticating 0050dac184a5, reason "Inactivity"
996922398 Aug 4 06:53:18 SocBldg1AP5 SocBldg1AP5 (Info): Deauthenticating 00306542b676, reason "Inactivity"
996922399 Aug 4 06:53:19 SocBldg1AP5 SocBldg1AP5 (Info): Station 00306542b676 Authenticated
996922399 Aug 4 06:53:19 SocBldg1AP5 SocBldg1AP5 (Info): Station 00306542b676 Associated
996922400 Aug 4 06:53:20 SocBldg1AP5 SocBldg1AP5 (Info): Station 00306542b676 Authenticated
996922400 Aug 4 06:53:20 SocBldg1AP5 SocBldg1AP5 (Info): Station 00306542b676 Associated
996925990 Aug 4 07:53:10 SocBldg1AP5 SocBldg1AP5 (Info): Deauthenticating 00306542b676, reason "Inactivity"
996925991 Aug 4 07:53:11 SocBldg1AP5 SocBldg1AP5 (Info): Station 00306542b676 Authenticated
996925991 Aug 4 07:53:11 SocBldg1AP5 SocBldg1AP5 (Info): Station 00306542b676 Associated
996925992 Aug 4 07:53:12 SocBldg1AP5 SocBldg1AP5 (Info): Station 00306542b676 Authenticated
996925992 Aug 4 07:53:12 SocBldg1AP5 SocBldg1AP5 (Info): Station 00306542b676 Associated
996926215 Aug 4 07:56:55 ResBldg101AP2 ResBldg101AP2 (Info): Deauthenticating 0040964a5eed, reason "Inactivity"
996927023 Aug 4 08:10:23 ResBldg101AP1 ResBldg101AP1 (Info): Station 0030657bad4b Authenticated
996927023 Aug 4 08:10:23 ResBldg101AP1 ResBldg101AP1 (Info): Station 0030657bad4b Associated
996928003 Aug 4 08:26:43 ResBldg101AP1 ResBldg101AP1 (Info): Station 0030657bad4b Authenticated
996928003 Aug 4 08:26:43 ResBldg101AP1 ResBldg101AP1 (Info): Station 0030657bad4b Associated
996928228 Aug 4 08:30:28 ResBldg63AP1 ResBldg63AP1 (Info): Station 004096de66cc Authenticated
996928228 Aug 4 08:30:28 ResBldg63AP1 ResBldg63AP1 (Info): Station 004096de66cc Associated
996929330 Aug 4 08:48:50 ResBldg90AP2 ResBldg90AP2 (Info): Station 00306576c6f7 Authenticated
996929330 Aug 4 08:48:50 ResBldg90AP2 ResBldg90AP2 (Info): Station 00306576c6f7 Associated
996929889 Aug 4 08:58:09 ResBldg101AP1 ResBldg101AP1 (Info): Deauthenticating 0030657bad4b, reason "Inactivity"
996929935 Aug 4 08:58:55 AcadBldg33AP6 AcadBldg33AP6 (Info): Station 00306586483d Authenticated
996929935 Aug 4 08:58:55 AcadBldg33AP6 AcadBldg33AP6 (Info): Station 00306586483d Associated
996930461 Aug 4 09:07:41 LibBldg2AP17 LibBldg2AP17 (Info): Station 00306586483d Associated
996930461 Aug 4 09:07:41 LibBldg2AP17 LibBldg2AP17 (Info): Station 00306586483d Authenticated
996930492 Aug 4 09:08:12 AcadBldg22AP2 AcadBldg22AP2 (Info): Station 003065b79947 Authenticated
996930492 Aug 4 09:08:12 AcadBldg22AP2 AcadBldg22AP2 (Info): Station 003065b79947 Associated
996930545 Aug 4 09:09:05 ResBldg76AP2 ResBldg76AP2 (Info): Station 003065d90d61 Authenticated
996930545 Aug 4 09:09:05 ResBldg76AP2 ResBldg76AP2 (Info): Station 003065d90d61 Associated
996930756 Aug 4 09:12:36 ResBldg60AP5 ResBldg60AP5 (Info): Station 004096f5ba46 Authenticated
996930756 Aug 4 09:12:36 ResBldg60AP5 ResBldg60AP5 (Info): Station 004096f5ba46 Associated
996930885 Aug 4 09:14:45 ResBldg63AP1 ResBldg63AP1 (Info): Deauthenticating 004096de66cc, reason "Inactivity"
996931046 Aug 4 09:17:26 ResBldg54AP4 ResBldg54AP4 (Info): Station 00409698e339 Authenticated
996931046 Aug 4 09:17:26 ResBldg54AP4 ResBldg54AP4 (Info): Station 00409698e339 Associated
996931474 Aug 4 09:24:34 ResBldg60AP5 ResBldg60AP5 (Info): Station 004096f5ba46 Authenticated
996931474 Aug 4 09:24:34 ResBldg60AP5 ResBldg60AP5 (Info): Station 004096f5ba46 Associated
996931768 Aug 4 09:29:28 AcadBldg33AP6 AcadBldg33AP6 (Info): Deauthenticating 00306586483d, reason "Inactivity"
996932073 Aug 4 09:34:33 ResBldg15AP2 ResBldg15AP2 (Info): Station 00409607afd1 Authenticated
996932073 Aug 4 09:34:33 ResBldg15AP2 ResBldg15AP2 (Info): Station 00409607afd1 Associated
996932447 Aug 4 09:40:47 ResBldg60AP5 ResBldg60AP5 (Info): Station 004096f5ba46 Authenticated
996932447 Aug 4 09:40:47 ResBldg60AP5 ResBldg60AP5 (Info): Station 004096f5ba46 Associated
996932698 Aug 4 09:44:58 ResBldg76AP2 ResBldg76AP2 (Info): Station 003065d90d61 Authenticated
996932698 Aug 4 09:44:58 ResBldg76AP2 ResBldg76AP2 (Info): Station 003065d90d61 Associated
996932910 Aug 4 09:48:30 ResBldg15AP2 ResBldg15AP2 (Info): Station 004096f8258f Authenticated
996932910 Aug 4 09:48:30 ResBldg15AP2 ResBldg15AP2 (Info): Station 004096f8258f Associated
996933031 Aug 4 09:50:31 AcadBldg22AP2 AcadBldg22AP2 (Info): Deauthenticating 003065b79947, reason "Inactivity"
996933032 Aug 4 09:50:32 AcadBldg22AP2 AcadBldg22AP2 (Info): Station 003065b79947 Authenticated
996933032 Aug 4 09:50:32 AcadBldg22AP2 AcadBldg22AP2 (Info): Station 003065b79947 Associated
996933032 Aug 4 09:50:32 AcadBldg22AP2 AcadBldg22AP2 (Info): Station 003065b79947 Authenticated
996933032 Aug 4 09:50:32 AcadBldg22AP2 AcadBldg22AP2 (Info): Station 003065b79947 Associated
996933377 Aug 4 09:56:17 ResBldg60AP5 ResBldg60AP5 (Info): Station 004096f5ba46 Authenticated
996933377 Aug 4 09:56:17 ResBldg60AP5 ResBldg60AP5 (Info): Station 004096f5ba46 Associated
996933758 Aug 4 10:02:38 ResBldg90AP2 ResBldg90AP2 (Info): Station 0050dac184a5 Authenticated
996933758 Aug 4 10:02:38 ResBldg90AP2 ResBldg90AP2 (Info): Station 0050dac184a5 Associated
996933776 Aug 4 10:02:56 ResBldg15AP1 ResBldg15AP1 (Info): Station 003065fe6512 Authenticated
996933776 Aug 4 10:02:56 ResBldg15AP1 ResBldg15AP1 (Info): Station 003065fe6512 Associated
996934436 Aug 4 10:13:56 ResBldg76AP2 ResBldg76AP2 (Info): Station 003065d90d61 Authenticated
996934436 Aug 4 10:13:56 ResBldg76AP2 ResBldg76AP2 (Info): Station 003065d90d61 Associated
996934841 Aug 4 10:20:41 AcadBldg22AP2 AcadBldg22AP2 (Info): Deauthenticating 003065b79947, reason "Inactivity"
996934842 Aug 4 10:20:42 AcadBldg22AP2 AcadBldg22AP2 (Info): Station 003065b79947 Authenticated
996934842 Aug 4 10:20:42 AcadBldg22AP2 AcadBldg22AP2 (Info): Station 003065b79947 Associated
996934842 Aug 4 10:20:42 AcadBldg22AP2 AcadBldg22AP2 (Info): Station 003065b79947 Authenticated
996934842 Aug 4 10:20:42 AcadBldg22AP2 AcadBldg22AP2 (Info): Station 003065b79947 Associated
996935059 Aug 4 10:24:19 SocBldg1AP5 SocBldg1AP5 (Info): Deauthenticating 00306542b676, reason "Inactivity"
996935060 Aug 4 10:24:20 SocBldg1AP5 SocBldg1AP5 (Info): Station 00306542b676 Authenticated
996935060 Aug 4 10:24:20 SocBldg1AP5 SocBldg1AP5 (Info): Station 00306542b676 Associated
996935063 Aug 4 10:24:23 SocBldg1AP5 SocBldg1AP5 (Info): Station 00306542b676 Authenticated
996935063 Aug 4 10:24:23 SocBldg1AP5 SocBldg1AP5 (Info): Station 00306542b676 Associated
996935121 Aug 4 10:25:21 ResBldg60AP3 ResBldg60AP3 (Info): Station 003065d51fea Authenticated
996935121 Aug 4 10:25:21 ResBldg60AP3 ResBldg60AP3 (Info): Station 003065d51fea Associated
996935651 Aug 4 10:34:11 ResBldg15AP2 ResBldg15AP2 (Info): Deauthenticating 00409607afd1, reason "Inactivity"
996935668 Aug 4 10:34:28 ResBldg15AP2 ResBldg15AP2 (Info): Deauthenticating 004096f8258f, reason "Inactivity"
996935697 Aug 4 10:34:57 ResBldg90AP2 ResBldg90AP2 (Info): Deauthenticating 0050dac184a5, reason "Inactivity"
996935836 Aug 4 10:37:16 ResBldg60AP5 ResBldg60AP5 (Info): Deauthenticating 004096f5ba46, reason "Inactivity"
996936183 Aug 4 10:43:03 AcadBldg15AP1 AcadBldg15AP1 (Info): Deauthenticating 00306586483d, reason "Must Authenticate Before Associating"
996936183 Aug 4 10:43:03 AcadBldg15AP1 AcadBldg15AP1 (Info): Station 00306586483d Authenticated
996936183 Aug 4 10:43:03 AcadBldg15AP1 AcadBldg15AP1 (Info): Station 00306586483d Reassociated
996936193 Aug 4 10:43:13 LibBldg2AP17 LibBldg2AP17 (Info): Station 00306586483d Reassociated
996936468 Aug 4 10:47:48 AcadBldg15AP1 AcadBldg15AP1 (Info): Station 00306586483d Reassociated
996936482 Aug 4 10:48:02 LibBldg2AP17 LibBldg2AP17 (Info): Station 00306586483d Reassociated
996936621 Aug 4 10:50:21 ResBldg76AP2 ResBldg76AP2 (Info): Station 003065d90d61 Authenticated
996936621 Aug 4 10:50:21 ResBldg76AP2 ResBldg76AP2 (Info): Station 003065d90d61 Associated
996936857 Aug 4 10:54:17 ResBldg60AP5 ResBldg60AP5 (Info): Station 003065b08cdf Authenticated
996936857 Aug 4 10:54:17 ResBldg60AP5 ResBldg60AP5 (Info): Station 003065b08cdf Associated
996937085 Aug 4 10:58:05 AcadBldg15AP1 AcadBldg15AP1 (Info): Station 00306586483d Reassociated
996937104 Aug 4 10:58:24 LibBldg2AP17 LibBldg2AP17 (Info): Station 00306586483d Reassociated
996937243 Aug 4 11:00:43 AcadBldg22AP2 AcadBldg22AP2 (Info): Deauthenticating 003065b79947, reason "Inactivity"
996937244 Aug 4 11:00:44 AcadBldg22AP2 AcadBldg22AP2 (Info): Station 003065b79947 Authenticated
996937244 Aug 4 11:00:44 AcadBldg22AP2 AcadBldg22AP2 (Info): Station 003065b79947 Associated
996937246 Aug 4 11:00:46 AcadBldg22AP2 AcadBldg22AP2 (Info): Station 003065b79947 Authenticated
996937246 Aug 4 11:00:46 AcadBldg22AP2 AcadBldg22AP2 (Info): Station 003065b79947 Associated
996937458 Aug 4 11:04:18 ResBldg101AP1 ResBldg101AP1 (Info): Station 0030657bad4b Authenticated
996937458 Aug 4 11:04:18 ResBldg101AP1 ResBldg101AP1 (Info): Station 0030657bad4b Associated
996937881 Aug 4 11:11:21 ResBldg54AP3 ResBldg54AP3 (Info): Deauthenticating 003065b08cdf, reason "Must Authenticate Before Associating"
996937881 Aug 4 11:11:21 ResBldg54AP3 ResBldg54AP3 (Info): Station 003065b08cdf Authenticated
996937881 Aug 4 11:11:21 ResBldg54AP3 ResBldg54AP3 (Info): Station 003065b08cdf Reassociated
996937881 Aug 4 11:11:21 ResBldg60AP5 ResBldg60AP5 (Info): Station 003065b08cdf roamed
996938256 Aug 4 11:17:36 SocBldg1AP5 SocBldg1AP5 (Info): Deauthenticating 00306542b676, reason "Inactivity"
996938257 Aug 4 11:17:37 SocBldg1AP5 SocBldg1AP5 (Info): Station 00306542b676 Authenticated
996938257 Aug 4 11:17:37 SocBldg1AP5 SocBldg1AP5 (Info): Station 00306542b676 Associated
996938257 Aug 4 11:17:37 SocBldg1AP5 SocBldg1AP5 (Info): Station 00306542b676 Authenticated
996938257 Aug 4 11:17:37 SocBldg1AP5 SocBldg1AP5 (Info): Station 00306542b676 Associated
996938509 Aug 4 11:21:49 ResBldg90AP2 ResBldg90AP2 (Info): Station 0050dac184a5 Authenticated
996938509 Aug 4 11:21:49 ResBldg90AP2 ResBldg90AP2 (Info): Station 0050dac184a5 Associated
996938907 Aug 4 11:28:27 AcadBldg15AP1 AcadBldg15AP1 (Info): Deauthenticating 00306586483d, reason "Inactivity"
996938908 Aug 4 11:28:28 LibBldg2AP17 LibBldg2AP17 (Info): Station 00306586483d Authenticated
996938908 Aug 4 11:28:28 LibBldg2AP17 LibBldg2AP17 (Info): Station 00306586483d Associated
996939059 Aug 4 11:30:59 AcadBldg22AP2 AcadBldg22AP2 (Info): Deauthenticating 003065b79947, reason "Inactivity"
996939060 Aug 4 11:31:00 AcadBldg22AP2 AcadBldg22AP2 (Info): Station 003065b79947 Authenticated
996939060 Aug 4 11:31:00 AcadBldg22AP2 AcadBldg22AP2 (Info): Station 003065b79947 Associated
996939062 Aug 4 11:31:02 AcadBldg22AP2 AcadBldg22AP2 (Info): Station 003065b79947 Authenticated
996939062 Aug 4 11:31:02 AcadBldg22AP2 AcadBldg22AP2 (Info): Station 003065b79947 Associated
996939415 Aug 4 11:36:55 ResBldg76AP2 ResBldg76AP2 (Info): Station 003065eeb550 Authenticated
996939415 Aug 4 11:36:55 ResBldg76AP2 ResBldg76AP2 (Info): Station 003065eeb550 Associated
996939435 Aug 4 11:37:15 ResBldg60AP3 ResBldg60AP3 (Info): Deauthenticating 003065d51fea, reason "Inactivity"
996939733 Aug 4 11:42:13 ResBldg54AP3 ResBldg54AP3 (Info): Deauthenticating 003065b08cdf, reason "Inactivity"
996939773 Aug 4 11:42:53 ResBldg101AP1 ResBldg101AP1 (Info): Deauthenticating 0030657bad4b, reason "Inactivity"
996940291 Aug 4 11:51:31 ResBldg15AP1 ResBldg15AP1 (Info): Deauthenticating 003065fe6512, reason "Inactivity"
996940648 Aug 4 11:57:28 ResBldg15AP2 ResBldg15AP2 (Info): Station 004096f8258f Authenticated
996940648 Aug 4 11:57:28 ResBldg15AP2 ResBldg15AP2 (Info): Station 004096f8258f Associated
996940722 Aug 4 11:58:42 ResBldg76AP2 ResBldg76AP2 (Info): Deauthenticating 003065d90d61, reason "Inactivity"
996940758 Aug 4 11:59:18 ResBldg15AP2 ResBldg15AP2 (Info): Station 00409607afd1 Authenticated
996940758 Aug 4 11:59:18 ResBldg15AP2 ResBldg15AP2 (Info): Station 00409607afd1 Associated
996940875 Aug 4 12:01:15 AcadBldg22AP2 AcadBldg22AP2 (Info): Deauthenticating 003065b79947, reason "Inactivity"
996940876 Aug 4 12:01:16 AcadBldg22AP2 AcadBldg22AP2 (Info): Station 003065b79947 Authenticated
996940876 Aug 4 12:01:16 AcadBldg22AP2 AcadBldg22AP2 (Info): Station 003065b79947 Associated
996940878 Aug 4 12:01:18 AcadBldg22AP2 AcadBldg22AP2 (Info): Station 003065b79947 Authenticated
996940878 Aug 4 12:01:18 AcadBldg22AP2 AcadBldg22AP2 (Info): Station 003065b79947 Associated
996940970 Aug 4 12:02:50 ResBldg60AP3 ResBldg60AP3 (Info): Station 003065f86c99 Authenticated
996940970 Aug 4 12:02:50 ResBldg60AP3 ResBldg60AP3 (Info): Station 003065f86c99 Associated
996941109 Aug 4 12:05:09 SocBldg4AP17 SocBldg4AP17 (Info): Station 003065882246 Authenticated
996941109 Aug 4 12:05:09 SocBldg4AP17 SocBldg4AP17 (Info): Station 003065882246 Associated
996941170 Aug 4 12:06:10 AcadBldg18AP2 AcadBldg18AP2 (Info): Station 004096d922b7 Authenticated
996941170 Aug 4 12:06:10 AcadBldg18AP2 AcadBldg18AP2 (Info): Station 004096d922b7 Associated
996941584 Aug 4 12:13:04 ResBldg76AP2 ResBldg76AP2 (Info): Station 0040966b410c Authenticated
996941584 Aug 4 12:13:04 ResBldg76AP2 ResBldg76AP2 (Info): Station 0040966b410c Associated
996942001 Aug 4 12:20:01 ResBldg101AP1 ResBldg101AP1 (Info): Station 0030657bad4b Authenticated
996942001 Aug 4 12:20:01 ResBldg101AP1 ResBldg101AP1 (Info): Station 0030657bad4b Associated
996942048 Aug 4 12:20:48 ResBldg15AP2 ResBldg15AP2 (Info): Station 00409607afd1 Authenticated
996942048 Aug 4 12:20:48 ResBldg15AP2 ResBldg15AP2 (Info): Station 00409607afd1 Associated
996942097 Aug 4 12:21:37 ResBldg90AP2 ResBldg90AP2 (Info): Deauthenticating 0050dac184a5, reason "Inactivity"
996942216 Aug 4 12:23:36 ResBldg60AP5 ResBldg60AP5 (Info): Station 003065b08cdf Authenticated
996942216 Aug 4 12:23:36 ResBldg60AP5 ResBldg60AP5 (Info): Station 003065b08cdf Associated
996942583 Aug 4 12:29:43 ResBldg90AP2 ResBldg90AP2 (Info): Deauthenticating 004096224dcd, reason "Inactivity"
996942618 Aug 4 12:30:18 ResBldg54AP2 ResBldg54AP2 (Info): Station 0030657c9cc4 Authenticated
996942618 Aug 4 12:30:18 ResBldg54AP2 ResBldg54AP2 (Info): Station 0030657c9cc4 Associated
996942702 Aug 4 12:31:42 SocBldg4AP17 SocBldg4AP17 (Info): Station 003065882246 Authenticated
996942702 Aug 4 12:31:42 SocBldg4AP17 SocBldg4AP17 (Info): Station 003065882246 Associated
996942848 Aug 4 12:34:08 AcadBldg15AP1 AcadBldg15AP1 (Info): Deauthenticating 00306586483d, reason "Must Authenticate Before Associating"
996942848 Aug 4 12:34:08 AcadBldg15AP1 AcadBldg15AP1 (Info): Station 00306586483d Authenticated
996942848 Aug 4 12:34:08 AcadBldg15AP1 AcadBldg15AP1 (Info): Station 00306586483d Reassociated
996942863 Aug 4 12:34:23 LibBldg2AP17 LibBldg2AP17 (Info): Station 00306586483d Reassociated
996942877 Aug 4 12:34:37 AcadBldg15AP1 AcadBldg15AP1 (Info): Station 00306586483d Reassociated
996942912 Aug 4 12:35:12 LibBldg2AP17 LibBldg2AP17 (Info): Station 00306586483d roamed
996942912 Aug 4 12:35:12 LibBldg2AP17 LibBldg2AP17 (Info): Station 00306586483d roamed
996942930 Aug 4 12:35:30 SocBldg4AP17 SocBldg4AP17 (Info): Station 003065882246 Authenticated
996942930 Aug 4 12:35:30 SocBldg4AP17 SocBldg4AP17 (Info): Station 003065882246 Associated
996942982 Aug 4 12:36:22 LibBldg2AP17 LibBldg2AP17 (Info): Station 00306586483d Reassociated
996943022 Aug 4 12:37:02 AcadBldg10AP13 AcadBldg10AP13 (Info): Station 00022d8adcdf Reassociated
996943022 Aug 4 12:37:02 AcadBldg10AP14 AcadBldg10AP14 (Info): Station 00022d8adcdf roamed
996943149 Aug 4 12:39:09 AcadBldg15AP1 AcadBldg15AP1 (Info): Station 00306586483d Reassociated
996943164 Aug 4 12:39:24 LibBldg2AP17 LibBldg2AP17 (Info): Station 00306586483d Reassociated
996943247 Aug 4 12:40:47 LibBldg2AP17 LibBldg2AP17 (Info): Station 00306586483d roamed
996943247 Aug 4 12:40:47 LibBldg2AP17 LibBldg2AP17 (Info): Station 00306586483d roamed
996943258 Aug 4 12:40:58 LibBldg2AP17 LibBldg2AP17 (Info): Station 00306586483d Reassociated
996943268 Aug 4 12:41:08 LibBldg2AP17 LibBldg2AP17 (Info): Station 00306586483d roamed
996943268 Aug 4 12:41:08 LibBldg2AP17 LibBldg2AP17 (Info): Station 00306586483d roamed
996943317 Aug 4 12:41:57 ResBldg76AP2 ResBldg76AP2 (Info): Station 0040966b410c Reassociated
996943322 Aug 4 12:42:02 ResBldg76AP2 ResBldg76AP2 (Info): Station 0040966b410c Authenticated
996943322 Aug 4 12:42:02 ResBldg76AP2 ResBldg76AP2 (Info): Station 0040966b410c Reassociated
996943332 Aug 4 12:42:12 ResBldg15AP2 ResBldg15AP2 (Info): Station 003065de5aa3 Authenticated
996943332 Aug 4 12:42:12 ResBldg15AP2 ResBldg15AP2 (Info): Station 003065de5aa3 Associated
996943357 Aug 4 12:42:37 ResBldg76AP2 ResBldg76AP2 (Info): Station 003065d90d61 Authenticated
996943358 Aug 4 12:42:38 ResBldg76AP2 ResBldg76AP2 (Info): Station 003065d90d61 Associated
996943451 Aug 4 12:44:11 ResBldg90AP1 ResBldg90AP1 (Info): Station 00306593d275 Authenticated
996943451 Aug 4 12:44:11 ResBldg90AP1 ResBldg90AP1 (Info): Station 00306593d275 Associated
996943791 Aug 4 12:49:51 AcadBldg22AP2 AcadBldg22AP2 (Info): Deauthenticating 003065b79947, reason "Inactivity"
996943792 Aug 4 12:49:52 AcadBldg22AP2 AcadBldg22AP2 (Info): Station 003065b79947 Authenticated
996943793 Aug 4 12:49:53 AcadBldg22AP2 AcadBldg22AP2 (Info): Station 003065b79947 Associated
996943794 Aug 4 12:49:54 AcadBldg22AP2 AcadBldg22AP2 (Info): Station 003065b79947 Authenticated
996943794 Aug 4 12:49:54 AcadBldg22AP2 AcadBldg22AP2 (Info): Station 003065b79947 Associated
996943875 Aug 4 12:51:15 SocBldg1AP5 SocBldg1AP5 (Info): Deauthenticating 00306542b676, reason "Inactivity"
996943876 Aug 4 12:51:16 SocBldg1AP5 SocBldg1AP5 (Info): Station 00306542b676 Authenticated
996943876 Aug 4 12:51:16 SocBldg1AP5 SocBldg1AP5 (Info): Station 00306542b676 Associated
996943876 Aug 4 12:51:16 SocBldg1AP5 SocBldg1AP5 (Info): Station 00306542b676 Authenticated
996943876 Aug 4 12:51:16 SocBldg1AP5 SocBldg1AP5 (Info): Station 00306542b676 Associated
996944018 Aug 4 12:53:38 AcadBldg18AP2 AcadBldg18AP2 (Info): Station 004096d922b7 Authenticated
996944018 Aug 4 12:53:38 AcadBldg18AP2 AcadBldg18AP2 (Info): Station 004096d922b7 Associated
996944023 Aug 4 12:53:43 SocBldg4AP17 SocBldg4AP17 (Info): Station 003065882246 Authenticated
996944023 Aug 4 12:53:43 SocBldg4AP17 SocBldg4AP17 (Info): Station 003065882246 Associated
996944107 Aug 4 12:55:07 ResBldg101AP1 ResBldg101AP1 (Info): Deauthenticating 0030657bad4b, reason "Inactivity"
996944449 Aug 4 13:00:49 ResBldg54AP2 ResBldg54AP2 (Info): Deauthenticating 0030657c9cc4, reason "Inactivity"
996944513 Aug 4 13:01:53 SocBldg1AP2 SocBldg1AP2 (Info): Station 004096224dcd Authenticated
996944513 Aug 4 13:01:53 SocBldg1AP2 SocBldg1AP2 (Info): Station 004096224dcd Associated
996944569 Aug 4 13:02:49 SocBldg1AP2 SocBldg1AP2 (Info): Station 004096224dcd Reassociated
996944669 Aug 4 13:04:29 SocBldg4AP17 SocBldg4AP17 (Info): Station 003065882246 Authenticated
996944669 Aug 4 13:04:29 SocBldg4AP17 SocBldg4AP17 (Info): Station 003065882246 Associated
996944786 Aug 4 13:06:26 ResBldg76AP2 ResBldg76AP2 (Info): Station 0040966b410c Reassociated
996944793 Aug 4 13:06:33 ResBldg76AP2 ResBldg76AP2 (Info): Station 0040966b410c Authenticated
996944793 Aug 4 13:06:33 ResBldg76AP2 ResBldg76AP2 (Info): Station 0040966b410c Reassociated
996944799 Aug 4 13:06:39 SocBldg4AP17 SocBldg4AP17 (Info): Station 003065882246 Authenticated
996944799 Aug 4 13:06:39 SocBldg4AP17 SocBldg4AP17 (Info): Station 003065882246 Associated
996944970 Aug 4 13:09:30 AcadBldg15AP1 AcadBldg15AP1 (Info): Deauthenticating 00306586483d, reason "Inactivity"
996945075 Aug 4 13:11:15 ResBldg76AP2 ResBldg76AP2 (Info): Deauthenticating 003065eeb550, reason "Inactivity"
996945383 Aug 4 13:16:23 ResBldg15AP2 ResBldg15AP2 (Info): Deauthenticating 00409607afd1, reason "Inactivity"
996945473 Aug 4 13:17:53 ResBldg60AP5 ResBldg60AP5 (Info): Deauthenticating 003065b08cdf, reason "Inactivity"
996945606 Aug 4 13:20:06 AcadBldg22AP2 AcadBldg22AP2 (Info): Deauthenticating 003065b79947, reason "Inactivity"
996945608 Aug 4 13:20:08 AcadBldg22AP2 AcadBldg22AP2 (Info): Station 003065b79947 Authenticated
996945608 Aug 4 13:20:08 AcadBldg22AP2 AcadBldg22AP2 (Info): Station 003065b79947 Associated
996945608 Aug 4 13:20:08 AcadBldg22AP2 AcadBldg22AP2 (Info): Station 003065b79947 Authenticated
996945608 Aug 4 13:20:08 AcadBldg22AP2 AcadBldg22AP2 (Info): Station 003065b79947 Associated
996945805 Aug 4 13:23:25 ResBldg76AP2 ResBldg76AP2 (Info): Station 0040966b410c Reassociated
996945812 Aug 4 13:23:32 ResBldg76AP2 ResBldg76AP2 (Info): Station 0040966b410c Authenticated
996945830 Aug 4 13:23:50 ResBldg76AP2 ResBldg76AP2 (Info): Station 0040966b410c Reassociated
996945833 Aug 4 13:23:53 ResBldg76AP2 ResBldg76AP2 (Info): Station 0040966b410c Authenticated
996945840 Aug 4 13:24:00 ResBldg76AP2 ResBldg76AP2 (Info): Station 0040966b410c Authenticated
996945840 Aug 4 13:24:00 ResBldg76AP2 ResBldg76AP2 (Info): Station 0040966b410c Reassociated
996945918 Aug 4 13:25:18 ResBldg76AP2 ResBldg76AP2 (Info): Station 0040966b410c Authenticated
996945945 Aug 4 13:25:45 ResBldg76AP2 ResBldg76AP2 (Info): Station 0040966b410c Authenticated
996945965 Aug 4 13:26:05 ResBldg76AP2 ResBldg76AP2 (Info): Station 0040966b410c Authenticated
996945965 Aug 4 13:26:05 ResBldg76AP2 ResBldg76AP2 (Info): Station 0040966b410c Reassociated
996946069 Aug 4 13:27:49 ResBldg76AP2 ResBldg76AP2 (Info): Deauthenticating 003065d90d61, reason "Inactivity"
996946198 Aug 4 13:29:58 AcadBldg10AP2 AcadBldg10AP2 (Info): Station 003065b70356 Authenticated
996946198 Aug 4 13:29:58 AcadBldg10AP2 AcadBldg10AP2 (Info): Station 003065b70356 Associated
996946391 Aug 4 13:33:11 SocBldg1AP2 SocBldg1AP2 (Info): Deauthenticating 004096224dcd, reason "Inactivity"
996946939 Aug 4 13:42:19 SocBldg1AP5 SocBldg1AP5 (Info): Deauthenticating 00306542b676, reason "Inactivity"
996946940 Aug 4 13:42:20 SocBldg1AP5 SocBldg1AP5 (Info): Station 00306542b676 Authenticated
996946940 Aug 4 13:42:20 SocBldg1AP5 SocBldg1AP5 (Info): Station 00306542b676 Associated
996946940 Aug 4 13:42:20 SocBldg1AP5 SocBldg1AP5 (Info): Station 00306542b676 Authenticated
996946940 Aug 4 13:42:20 SocBldg1AP5 SocBldg1AP5 (Info): Station 00306542b676 Associated
996947226 Aug 4 13:47:06 ResBldg15AP2 ResBldg15AP2 (Info): Station 00409607afd1 Authenticated
996947226 Aug 4 13:47:06 ResBldg15AP2 ResBldg15AP2 (Info): Station 00409607afd1 Associated
996947372 Aug 4 13:49:32 ResBldg90AP1 ResBldg90AP1 (Info): Deauthenticating 00306593d275, reason "Inactivity"
996947421 Aug 4 13:50:21 AcadBldg22AP2 AcadBldg22AP2 (Info): Deauthenticating 003065b79947, reason "Inactivity"
996947423 Aug 4 13:50:23 AcadBldg22AP2 AcadBldg22AP2 (Info): Station 003065b79947 Authenticated
996947423 Aug 4 13:50:23 AcadBldg22AP2 AcadBldg22AP2 (Info): Station 003065b79947 Associated
996947423 Aug 4 13:50:23 AcadBldg22AP2 AcadBldg22AP2 (Info): Station 003065b79947 Authenticated
996947423 Aug 4 13:50:23 AcadBldg22AP2 AcadBldg22AP2 (Info): Station 003065b79947 Associated
996947927 Aug 4 13:58:47 SocBldg4AP17 SocBldg4AP17 (Info): Deauthenticating 003065882246, reason "Inactivity"
996947953 Aug 4 13:59:13 ResBldg90AP1 ResBldg90AP1 (Info): Station 00306593d275 Authenticated
996947953 Aug 4 13:59:13 ResBldg90AP1 ResBldg90AP1 (Info): Station 00306593d275 Associated
996948010 Aug 4 14:00:10 ResBldg90AP2 ResBldg90AP2 (Info): Deauthenticating 00306576c6f7, reason "Inactivity"
996948280 Aug 4 14:04:40 LibBldg2AP6 LibBldg2AP6 (Info): Station 003065a426d2 Authenticated
996948280 Aug 4 14:04:40 LibBldg2AP6 LibBldg2AP6 (Info): Station 003065a426d2 Associated
996948303 Aug 4 14:05:03 ResBldg15AP2 ResBldg15AP2 (Info): Deauthenticating 003065de5aa3, reason "Inactivity"
996948512 Aug 4 14:08:32 AcadBldg10AP14 AcadBldg10AP14 (Info): Station 00022d8adcdf Reassociated
996948512 Aug 4 14:08:32 AcadBldg10AP13 AcadBldg10AP13 (Info): Station 00022d8adcdf roamed
996948670 Aug 4 14:11:10 SocBldg4AP13 SocBldg4AP13 (Info): Station 00306586483d Authenticated
996948670 Aug 4 14:11:10 SocBldg4AP13 SocBldg4AP13 (Info): Station 00306586483d Associated
996948771 Aug 4 14:12:51 SocBldg1AP5 SocBldg1AP5 (Info): Deauthenticating 00306542b676, reason "Inactivity"
996948772 Aug 4 14:12:52 SocBldg1AP5 SocBldg1AP5 (Info): Station 00306542b676 Authenticated
996948772 Aug 4 14:12:52 SocBldg1AP5 SocBldg1AP5 (Info): Station 00306542b676 Associated
996948772 Aug 4 14:12:52 SocBldg1AP5 SocBldg1AP5 (Info): Station 00306542b676 Authenticated
996948772 Aug 4 14:12:52 SocBldg1AP5 SocBldg1AP5 (Info): Station 00306542b676 Associated
996948999 Aug 4 14:16:39 AcadBldg18AP2 AcadBldg18AP2 (Info): Station 004096d922b7 Authenticated
996948999 Aug 4 14:16:39 AcadBldg18AP2 AcadBldg18AP2 (Info): Station 004096d922b7 Associated
996949516 Aug 4 14:25:16 ResBldg54AP3 ResBldg54AP3 (Info): Station 003065b08cdf Authenticated
996949516 Aug 4 14:25:16 ResBldg54AP3 ResBldg54AP3 (Info): Station 003065b08cdf Associated
996949692 Aug 4 14:28:12 ResBldg38AP3 ResBldg38AP3 (Info): Deauthenticating 003065a426d2, reason "Inactivity"
996949911 Aug 4 14:31:51 ResBldg15AP1 ResBldg15AP1 (Info): Station 004096b13dad Authenticated
996949911 Aug 4 14:31:51 ResBldg15AP1 ResBldg15AP1 (Info): Station 004096b13dad Associated
996950458 Aug 4 14:40:58 ResBldg63AP1 ResBldg63AP1 (Info): Station 00306586483d Authenticated
996950458 Aug 4 14:40:58 ResBldg63AP1 ResBldg63AP1 (Info): Station 00306586483d Associated
996950505 Aug 4 14:41:45 ResBldg15AP2 ResBldg15AP2 (Info): Station 003065de5aa3 Authenticated
996950505 Aug 4 14:41:45 ResBldg15AP2 ResBldg15AP2 (Info): Station 003065de5aa3 Associated
996950821 Aug 4 14:47:01 AcadBldg23AP11 AcadBldg23AP11 (Info): Station 003065294706 Authenticated
996950821 Aug 4 14:47:01 AcadBldg23AP11 AcadBldg23AP11 (Info): Station 003065294706 Associated
996950952 Aug 4 14:49:12 SocBldg4AP13 SocBldg4AP13 (Info): Deauthenticating 00306586483d, reason "Inactivity"
996951280 Aug 4 14:54:40 SocBldg1AP5 SocBldg1AP5 (Info): Deauthenticating 00306542b676, reason "Inactivity"
996951281 Aug 4 14:54:41 SocBldg1AP5 SocBldg1AP5 (Info): Station 00306542b676 Authenticated
996951281 Aug 4 14:54:41 SocBldg1AP5 SocBldg1AP5 (Info): Station 00306542b676 Associated
996951281 Aug 4 14:54:41 SocBldg1AP5 SocBldg1AP5 (Info): Station 00306542b676 Authenticated
996951281 Aug 4 14:54:41 SocBldg1AP5 SocBldg1AP5 (Info): Station 00306542b676 Associated
996951399 Aug 4 14:56:39 AcadBldg22AP2 AcadBldg22AP2 (Info): Deauthenticating 003065b79947, reason "Inactivity"
996951400 Aug 4 14:56:40 AcadBldg22AP2 AcadBldg22AP2 (Info): Station 003065b79947 Authenticated
996951400 Aug 4 14:56:40 AcadBldg22AP2 AcadBldg22AP2 (Info): Station 003065b79947 Associated
996951401 Aug 4 14:56:41 AcadBldg22AP2 AcadBldg22AP2 (Info): Station 003065b79947 Authenticated
996951401 Aug 4 14:56:41 AcadBldg22AP2 AcadBldg22AP2 (Info): Station 003065b79947 Associated
996951517 Aug 4 14:58:37 ResBldg101AP1 ResBldg101AP1 (Info): Station 0030657bad4b Authenticated
996951517 Aug 4 14:58:37 ResBldg101AP1 ResBldg101AP1 (Info): Station 0030657bad4b Associated
996951559 Aug 4 14:59:19 AcadBldg10AP9 AcadBldg10AP9 (Info): Deauthenticating 00022d8adcdf, reason "Must Authenticate Before Associating"
996951559 Aug 4 14:59:19 AcadBldg10AP9 AcadBldg10AP9 (Info): Station 00022d8adcdf Authenticated
996951559 Aug 4 14:59:19 AcadBldg10AP9 AcadBldg10AP9 (Info): Station 00022d8adcdf Reassociated
996951559 Aug 4 14:59:19 AcadBldg10AP14 AcadBldg10AP14 (Info): Station 00022d8adcdf roamed
996951652 Aug 4 15:00:52 ResBldg90AP2 ResBldg90AP2 (Info): Station 00306593d275 Authenticated
996951652 Aug 4 15:00:52 ResBldg90AP2 ResBldg90AP2 (Info): Station 00306593d275 Associated
996951652 Aug 4 15:00:52 ResBldg90AP1 ResBldg90AP1 (Info): Station 00306593d275 roamed
996951652 Aug 4 15:00:52 ResBldg90AP1 ResBldg90AP1 (Info): Station 00306593d275 roamed
996952034 Aug 4 15:07:14 AcadBldg10AP14 AcadBldg10AP14 (Info): Station 00022d8adcdf Authenticated
996952034 Aug 4 15:07:14 AcadBldg10AP14 AcadBldg10AP14 (Info): Station 00022d8adcdf Associated
996952034 Aug 4 15:07:14 AcadBldg10AP9 AcadBldg10AP9 (Info): Station 00022d8adcdf roamed
996952058 Aug 4 15:07:38 AcadBldg10AP2 AcadBldg10AP2 (Info): Deauthenticating 003065b70356, reason "Inactivity"
996952314 Aug 4 15:11:54 AcadBldg10AP9 AcadBldg10AP9 (Info): Station 00022d8adcdf Reassociated
996952314 Aug 4 15:11:54 AcadBldg10AP14 AcadBldg10AP14 (Info): Station 00022d8adcdf roamed
996952487 Aug 4 15:14:47 ResBldg15AP2 ResBldg15AP2 (Info): Deauthenticating 003065de5aa3, reason "Inactivity"
996952798 Aug 4 15:19:58 ResBldg60AP3 ResBldg60AP3 (Info): Station 003065d51fea Authenticated
996952798 Aug 4 15:19:58 ResBldg60AP3 ResBldg60AP3 (Info): Station 003065d51fea Associated
996952854 Aug 4 15:20:54 ResBldg90AP2 ResBldg90AP2 (Info): Station 0050dac184a5 Authenticated
996952854 Aug 4 15:20:54 ResBldg90AP2 ResBldg90AP2 (Info): Station 0050dac184a5 Associated
996952874 Aug 4 15:21:14 AcadBldg10AP14 AcadBldg10AP14 (Info): Station 00022d8adcdf Reassociated
996952874 Aug 4 15:21:14 AcadBldg10AP9 AcadBldg10AP9 (Info): Station 00022d8adcdf roamed
996952882 Aug 4 15:21:22 AdmBldg12AP7 AdmBldg12AP7 (Info): Station 0030659ffedc Authenticated
996952882 Aug 4 15:21:22 AdmBldg12AP7 AdmBldg12AP7 (Info): Station 0030659ffedc Associated
996953106 Aug 4 15:25:06 ResBldg15AP2 ResBldg15AP2 (Info): Station 0040969c9e37 Authenticated
996953106 Aug 4 15:25:06 ResBldg15AP2 ResBldg15AP2 (Info): Disassociating 0040969c9e37, reason "Unspecified Error"
996953107 Aug 4 15:25:07 ResBldg15AP2 ResBldg15AP2 (Info): Station 0040969c9e37 Authenticated
996953107 Aug 4 15:25:07 ResBldg15AP2 ResBldg15AP2 (Info): Station 0040969c9e37 Associated
996953107 Aug 4 15:25:07 ResBldg15AP2 ResBldg15AP2 (Info): Station 0040969c9e37 Authenticated
996953107 Aug 4 15:25:07 ResBldg15AP2 ResBldg15AP2 (Info): Station 0040969c9e37 Associated
996953109 Aug 4 15:25:09 ResBldg15AP2 ResBldg15AP2 (Info): Station 0040969c9e37 Authenticated
996953109 Aug 4 15:25:09 ResBldg15AP2 ResBldg15AP2 (Info): Station 0040969c9e37 Associated
996953111 Aug 4 15:25:11 ResBldg15AP2 ResBldg15AP2 (Info): Station 0040969c9e37 Authenticated
996953112 Aug 4 15:25:12 ResBldg15AP2 ResBldg15AP2 (Info): Station 0040969c9e37 Associated
996953112 Aug 4 15:25:12 SocBldg1AP5 SocBldg1AP5 (Info): Deauthenticating 00306542b676, reason "Inactivity"
996953113 Aug 4 15:25:13 SocBldg1AP5 SocBldg1AP5 (Info): Station 00306542b676 Authenticated
996953113 Aug 4 15:25:13 SocBldg1AP5 SocBldg1AP5 (Info): Station 00306542b676 Associated
996953113 Aug 4 15:25:13 SocBldg1AP5 SocBldg1AP5 (Info): Station 00306542b676 Authenticated
996953113 Aug 4 15:25:13 SocBldg1AP5 SocBldg1AP5 (Info): Station 00306542b676 Associated
996953215 Aug 4 15:26:55 AcadBldg22AP2 AcadBldg22AP2 (Info): Deauthenticating 003065b79947, reason "Inactivity"
996953216 Aug 4 15:26:56 AcadBldg22AP2 AcadBldg22AP2 (Info): Station 003065b79947 Authenticated
996953216 Aug 4 15:26:56 AcadBldg22AP2 AcadBldg22AP2 (Info): Station 003065b79947 Associated
996953217 Aug 4 15:26:57 AcadBldg22AP2 AcadBldg22AP2 (Info): Station 003065b79947 Authenticated
996953217 Aug 4 15:26:57 AcadBldg22AP2 AcadBldg22AP2 (Info): Station 003065b79947 Associated
996953217 Aug 4 15:26:57 AcadBldg8AP1 AcadBldg8AP1 (Info): Station 004096e184ae Authenticated
996953217 Aug 4 15:26:57 AcadBldg8AP1 AcadBldg8AP1 (Info): Station 004096e184ae Associated
996953567 Aug 4 15:32:47 ResBldg15AP2 ResBldg15AP2 (Info): Deauthenticating 00409607afd1, reason "Inactivity"
996953629 Aug 4 15:33:49 ResBldg15AP2 ResBldg15AP2 (Info): Station 003065de5aa3 Authenticated
996953629 Aug 4 15:33:49 ResBldg15AP2 ResBldg15AP2 (Info): Station 003065de5aa3 Associated
996953650 Aug 4 15:34:10 ResBldg101AP1 ResBldg101AP1 (Info): Deauthenticating 0030657bad4b, reason "Inactivity"
996953737 Aug 4 15:35:37 ResBldg60AP3 ResBldg60AP3 (Info): Station 003065d51fea Authenticated
996953737 Aug 4 15:35:37 ResBldg60AP3 ResBldg60AP3 (Info): Station 003065d51fea Associated
996953953 Aug 4 15:39:13 ResBldg15AP2 ResBldg15AP2 (Info): Deauthenticating 004096f8258f, reason "Inactivity"
996953993 Aug 4 15:39:53 ResBldg15AP2 ResBldg15AP2 (Info): Station 0040969c9e37 Authenticated
996953993 Aug 4 15:39:53 ResBldg15AP2 ResBldg15AP2 (Info): Station 0040969c9e37 Associated
996954097 Aug 4 15:41:37 ResBldg15AP2 ResBldg15AP2 (Info): Station 0040969c9e37 Authenticated
996954097 Aug 4 15:41:37 ResBldg15AP2 ResBldg15AP2 (Info): Station 0040969c9e37 Associated
996954141 Aug 4 15:42:21 SocBldg1AP2 SocBldg1AP2 (Info): Station 004096224dcd Authenticated
996954141 Aug 4 15:42:21 SocBldg1AP2 SocBldg1AP2 (Info): Station 004096224dcd Associated
996954240 Aug 4 15:44:00 LibBldg3AP2 LibBldg3AP2 (Info): Station 004096c9f949 Authenticated
996954242 Aug 4 15:44:02 SocBldg1AP2 SocBldg1AP2 (Info): Station 004096224dcd Authenticated
996954242 Aug 4 15:44:02 SocBldg1AP2 SocBldg1AP2 (Info): Station 004096224dcd Reassociated
996954275 Aug 4 15:44:35 LibBldg3AP2 LibBldg3AP2 (Info): Station 004096c9f949 Authenticated
996954289 Aug 4 15:44:49 ResBldg90AP2 ResBldg90AP2 (Info): Station 0040968a7c4d Authenticated
996954289 Aug 4 15:44:49 ResBldg90AP2 ResBldg90AP2 (Info): Station 0040968a7c4d Associated
996954311 Aug 4 15:45:11 LibBldg3AP2 LibBldg3AP2 (Info): Station 004096c9f949 Authenticated
996954348 Aug 4 15:45:48 LibBldg3AP2 LibBldg3AP2 (Info): Station 004096c9f949 Authenticated
996955030 Aug 4 15:57:10 AcadBldg22AP2 AcadBldg22AP2 (Info): Deauthenticating 003065b79947, reason "Inactivity"
996955031 Aug 4 15:57:11 AcadBldg22AP2 AcadBldg22AP2 (Info): Station 003065b79947 Authenticated
996955031 Aug 4 15:57:11 AcadBldg22AP2 AcadBldg22AP2 (Info): Station 003065b79947 Associated
996955031 Aug 4 15:57:11 AcadBldg22AP2 AcadBldg22AP2 (Info): Station 003065b79947 Authenticated
996955031 Aug 4 15:57:11 AcadBldg22AP2 AcadBldg22AP2 (Info): Station 003065b79947 Associated
996955121 Aug 4 15:58:41 AcadBldg10AP9 AcadBldg10AP9 (Info): Station 00022d8adcdf Reassociated
996955121 Aug 4 15:58:41 AcadBldg10AP14 AcadBldg10AP14 (Info): Station 00022d8adcdf roamed
996955233 Aug 4 16:00:33 ResBldg60AP6 ResBldg60AP6 (Info): Station 003065f86c99 Authenticated
996955233 Aug 4 16:00:33 ResBldg60AP6 ResBldg60AP6 (Info): Station 003065f86c99 Associated
996955233 Aug 4 16:00:33 ResBldg60AP3 ResBldg60AP3 (Info): Station 003065f86c99 roamed
996956095 Aug 4 16:14:55 SocBldg1AP2 SocBldg1AP2 (Info): Deauthenticating 004096224dcd, reason "Inactivity"
996956143 Aug 4 16:15:43 ResBldg15AP1 ResBldg15AP1 (Info): Station 004096b13dad Authenticated
996956143 Aug 4 16:15:43 ResBldg15AP1 ResBldg15AP1 (Info): Station 004096b13dad Associated
996956341 Aug 4 16:19:01 ResBldg76AP2 ResBldg76AP2 (Info): Station 0040966b410c Reassociated
996956346 Aug 4 16:19:06 ResBldg76AP2 ResBldg76AP2 (Info): Station 0040966b410c Authenticated
996956346 Aug 4 16:19:06 ResBldg76AP2 ResBldg76AP2 (Info): Station 0040966b410c Reassociated
996956439 Aug 4 16:20:39 LibBldg3AP2 LibBldg3AP2 (Info): Deauthenticating 004096c9f949, reason "Inactivity"
996956627 Aug 4 16:23:47 ResBldg15AP2 ResBldg15AP2 (Info): Station 003065de5aa3 Authenticated
996956627 Aug 4 16:23:47 ResBldg15AP2 ResBldg15AP2 (Info): Station 003065de5aa3 Associated
996956845 Aug 4 16:27:25 AcadBldg22AP2 AcadBldg22AP2 (Info): Deauthenticating 003065b79947, reason "Inactivity"
996956846 Aug 4 16:27:26 AcadBldg22AP2 AcadBldg22AP2 (Info): Station 003065b79947 Authenticated
996956846 Aug 4 16:27:26 AcadBldg22AP2 AcadBldg22AP2 (Info): Station 003065b79947 Associated
996956849 Aug 4 16:27:29 AcadBldg22AP2 AcadBldg22AP2 (Info): Station 003065b79947 Authenticated
996956849 Aug 4 16:27:29 AcadBldg22AP2 AcadBldg22AP2 (Info): Station 003065b79947 Associated
996956969 Aug 4 16:29:29 AcadBldg10AP13 AcadBldg10AP13 (Info): Station 00022d8adcdf Reassociated
996956969 Aug 4 16:29:29 AcadBldg10AP9 AcadBldg10AP9 (Info): Station 00022d8adcdf roamed
996956995 Aug 4 16:29:55 AcadBldg10AP9 AcadBldg10AP9 (Info): Station 00022d8adcdf Reassociated
996956995 Aug 4 16:29:55 AcadBldg10AP13 AcadBldg10AP13 (Info): Station 00022d8adcdf roamed
996957528 Aug 4 16:38:48 SocBldg1AP5 SocBldg1AP5 (Info): Deauthenticating 00306542b676, reason "Inactivity"
996957529 Aug 4 16:38:49 SocBldg1AP5 SocBldg1AP5 (Info): Station 00306542b676 Authenticated
996957529 Aug 4 16:38:49 SocBldg1AP5 SocBldg1AP5 (Info): Station 00306542b676 Associated
996957529 Aug 4 16:38:49 SocBldg1AP5 SocBldg1AP5 (Info): Station 00306542b676 Authenticated
996957529 Aug 4 16:38:49 SocBldg1AP5 SocBldg1AP5 (Info): Station 00306542b676 Associated
996957562 Aug 4 16:39:22 ResBldg15AP2 ResBldg15AP2 (Info): Station 0040969c9e37 Authenticated
996957562 Aug 4 16:39:22 ResBldg15AP2 ResBldg15AP2 (Info): Station 0040969c9e37 Associated
996957887 Aug 4 16:44:47 AcadBldg8AP1 AcadBldg8AP1 (Info): Deauthenticating 004096e184ae, reason "Inactivity"
996958070 Aug 4 16:47:50 ResBldg60AP5 ResBldg60AP5 (Info): Deauthenticating 003065b08cdf, reason "Must Authenticate Before Associating"
996958070 Aug 4 16:47:50 ResBldg60AP5 ResBldg60AP5 (Info): Station 003065b08cdf Authenticated
996958070 Aug 4 16:47:50 ResBldg60AP5 ResBldg60AP5 (Info): Station 003065b08cdf Reassociated
996958070 Aug 4 16:47:50 ResBldg54AP3 ResBldg54AP3 (Info): Station 003065b08cdf roamed
996958093 Aug 4 16:48:13 AcadBldg10AP14 AcadBldg10AP14 (Info): Station 00022d8adcdf Reassociated
996958093 Aug 4 16:48:13 AcadBldg10AP9 AcadBldg10AP9 (Info): Station 00022d8adcdf roamed
996958227 Aug 4 16:50:27 SocBldg1AP1 SocBldg1AP1 (Info): Station 003065d8efb0 Reassociated
996958227 Aug 4 16:50:27 SocBldg1AP5 SocBldg1AP5 (Info): Station 003065d8efb0 roamed
996958227 Aug 4 16:50:27 SocBldg1AP5 SocBldg1AP5 (Info): Station 003065d8efb0 roamed
996958342 Aug 4 16:52:22 AcadBldg10AP9 AcadBldg10AP9 (Info): Station 00022d8adcdf Reassociated
996958342 Aug 4 16:52:22 AcadBldg10AP14 AcadBldg10AP14 (Info): Station 00022d8adcdf roamed
996958367 Aug 4 16:52:47 ResBldg15AP2 ResBldg15AP2 (Info): Station 003065de5aa3 Authenticated
996958367 Aug 4 16:52:47 ResBldg15AP2 ResBldg15AP2 (Info): Station 003065de5aa3 Associated
996958446 Aug 4 16:54:06 AcadBldg23AP11 AcadBldg23AP11 (Info): Deauthenticating 003065294706, reason "Inactivity"
996958513 Aug 4 16:55:13 ResBldg15AP2 ResBldg15AP2 (Info): Station 004096f8258f Authenticated
996958513 Aug 4 16:55:13 ResBldg15AP2 ResBldg15AP2 (Info): Station 004096f8258f Associated
996958557 Aug 4 16:55:57 ResBldg15AP2 ResBldg15AP2 (Info): Station 00409607afd1 Authenticated
996958557 Aug 4 16:55:57 ResBldg15AP2 ResBldg15AP2 (Info): Station 00409607afd1 Associated
996958644 Aug 4 16:57:24 AcadBldg10AP2 AcadBldg10AP2 (Info): Station 003065b70356 Authenticated
996958644 Aug 4 16:57:24 AcadBldg10AP2 AcadBldg10AP2 (Info): Station 003065b70356 Associated
996958705 Aug 4 16:58:25 ResBldg90AP1 ResBldg90AP1 (Info): Station 00306593d275 Authenticated
996958705 Aug 4 16:58:25 ResBldg90AP1 ResBldg90AP1 (Info): Station 00306593d275 Associated
996958705 Aug 4 16:58:25 ResBldg90AP2 ResBldg90AP2 (Info): Station 00306593d275 roamed
996958705 Aug 4 16:58:25 ResBldg90AP2 ResBldg90AP2 (Info): Station 00306593d275 roamed
996958736 Aug 4 16:58:56 AcadBldg22AP2 AcadBldg22AP2 (Info): Deauthenticating 003065b79947, reason "Inactivity"
996958737 Aug 4 16:58:57 AcadBldg22AP2 AcadBldg22AP2 (Info): Station 003065b79947 Authenticated
996958737 Aug 4 16:58:57 AcadBldg22AP2 AcadBldg22AP2 (Info): Station 003065b79947 Associated
996958740 Aug 4 16:59:00 AcadBldg22AP2 AcadBldg22AP2 (Info): Station 003065b79947 Authenticated
996958740 Aug 4 16:59:00 AcadBldg22AP2 AcadBldg22AP2 (Info): Station 003065b79947 Associated
996959170 Aug 4 17:06:10 SocBldg11AP5 SocBldg11AP5 (Info): Deauthenticating 003065882246, reason "Must Authenticate Before Associating"
996959170 Aug 4 17:06:10 SocBldg11AP5 SocBldg11AP5 (Info): Station 003065882246 Authenticated
996959170 Aug 4 17:06:10 SocBldg11AP5 SocBldg11AP5 (Info): Station 003065882246 Reassociated
996959402 Aug 4 17:10:02 ResBldg90AP2 ResBldg90AP2 (Info): Deauthenticating 0050dac184a5, reason "Inactivity"
996959402 Aug 4 17:10:02 ResBldg90AP1 ResBldg90AP1 (Info): Station 0050dac184a5 Authenticated
996959402 Aug 4 17:10:02 ResBldg90AP1 ResBldg90AP1 (Info): Station 0050dac184a5 Associated
996959732 Aug 4 17:15:32 AcadBldg10AP16 AcadBldg10AP16 (Info): Deauthenticating 00022d8adcdf, reason "Must Authenticate Before Associating"
996959732 Aug 4 17:15:32 AcadBldg10AP16 AcadBldg10AP16 (Info): Station 00022d8adcdf Authenticated
996959732 Aug 4 17:15:32 AcadBldg10AP16 AcadBldg10AP16 (Info): Station 00022d8adcdf Reassociated
996959732 Aug 4 17:15:32 AcadBldg10AP9 AcadBldg10AP9 (Info): Station 00022d8adcdf roamed
996959738 Aug 4 17:15:38 AcadBldg10AP14 AcadBldg10AP14 (Info): Station 00022d8adcdf Reassociated
996959738 Aug 4 17:15:38 AcadBldg10AP16 AcadBldg10AP16 (Info): Station 00022d8adcdf roamed
996959766 Aug 4 17:16:06 AcadBldg10AP9 AcadBldg10AP9 (Info): Station 00022d8adcdf Reassociated
996959766 Aug 4 17:16:06 AcadBldg10AP14 AcadBldg10AP14 (Info): Station 00022d8adcdf roamed
996960080 Aug 4 17:21:20 ResBldg100AP2 ResBldg100AP2 (Info): Station 003065a426d2 Authenticated
996960080 Aug 4 17:21:20 ResBldg100AP2 ResBldg100AP2 (Info): Station 003065a426d2 Associated
996960084 Aug 4 17:21:24 ResBldg38AP3 ResBldg38AP3 (Info): Deauthenticating 003065a426d2, reason "Must Authenticate Before Associating"
996960086 Aug 4 17:21:26 ResBldg38AP3 ResBldg38AP3 (Info): Deauthenticating 003065a426d2, reason "Must Authenticate Before Associating"
996960086 Aug 4 17:21:26 ResBldg38AP3 ResBldg38AP3 (Info): Station 003065a426d2 Authenticated
996960095 Aug 4 17:21:35 ResBldg38AP3 ResBldg38AP3 (Info): Station 003065a426d2 Reassociated
996960184 Aug 4 17:23:04 ResBldg15AP2 ResBldg15AP2 (Info): Station 003065de5aa3 Authenticated
996960184 Aug 4 17:23:04 ResBldg15AP2 ResBldg15AP2 (Info): Station 003065de5aa3 Associated
996960187 Aug 4 17:23:07 ResBldg15AP2 ResBldg15AP2 (Info): Station 0040969c9e37 Authenticated
996960187 Aug 4 17:23:07 ResBldg15AP2 ResBldg15AP2 (Info): Station 0040969c9e37 Associated
996960218 Aug 4 17:23:38 AcadBldg10AP14 AcadBldg10AP14 (Info): Station 00022d8adcdf Reassociated
996960218 Aug 4 17:23:38 AcadBldg10AP9 AcadBldg10AP9 (Info): Station 00022d8adcdf roamed
996960224 Aug 4 17:23:44 SocBldg1AP5 SocBldg1AP5 (Info): Deauthenticating 00306542b676, reason "Inactivity"
996960225 Aug 4 17:23:45 SocBldg1AP5 SocBldg1AP5 (Info): Station 00306542b676 Authenticated
996960225 Aug 4 17:23:45 SocBldg1AP5 SocBldg1AP5 (Info): Station 00306542b676 Associated
996960225 Aug 4 17:23:45 SocBldg1AP5 SocBldg1AP5 (Info): Station 00306542b676 Authenticated
996960225 Aug 4 17:23:45 SocBldg1AP5 SocBldg1AP5 (Info): Station 00306542b676 Associated
996960527 Aug 4 17:28:47 AcadBldg10AP9 AcadBldg10AP9 (Info): Station 00022d8adcdf Reassociated
996960527 Aug 4 17:28:47 AcadBldg10AP14 AcadBldg10AP14 (Info): Station 00022d8adcdf roamed
996960839 Aug 4 17:33:59 ResBldg76AP2 ResBldg76AP2 (Info): Deauthenticating 0040966b410c, reason "Inactivity"
996960845 Aug 4 17:34:05 ResBldg60AP6 ResBldg60AP6 (Info): Deauthenticating 003065f86c99, reason "Inactivity"
996960883 Aug 4 17:34:43 AcadBldg16AP5 AcadBldg16AP5 (Info): Station 003065e0817f Authenticated
996960883 Aug 4 17:34:43 AcadBldg16AP5 AcadBldg16AP5 (Info): Station 003065e0817f Associated
996960934 Aug 4 17:35:34 AcadBldg10AP2 AcadBldg10AP2 (Info): Station 003065b70356 Authenticated
996960934 Aug 4 17:35:34 AcadBldg10AP2 AcadBldg10AP2 (Info): Station 003065b70356 Associated
996960942 Aug 4 17:35:42 ResBldg60AP3 ResBldg60AP3 (Info): Station 003065f86c99 Authenticated
996960942 Aug 4 17:35:42 ResBldg60AP3 ResBldg60AP3 (Info): Station 003065f86c99 Associated
996960993 Aug 4 17:36:33 SocBldg11AP5 SocBldg11AP5 (Info): Deauthenticating 003065882246, reason "Inactivity"
996961196 Aug 4 17:39:56 ResBldg63AP1 ResBldg63AP1 (Info): Station 00306586483d Authenticated
996961196 Aug 4 17:39:56 ResBldg63AP1 ResBldg63AP1 (Info): Station 00306586483d Associated
996961382 Aug 4 17:43:02 LibBldg2AP6 LibBldg2AP6 (Info): Deauthenticating 003065a426d2, reason "Inactivity"
996961905 Aug 4 17:51:45 ResBldg100AP2 ResBldg100AP2 (Info): Deauthenticating 003065a426d2, reason "Inactivity"
996962056 Aug 4 17:54:16 SocBldg1AP5 SocBldg1AP5 (Info): Deauthenticating 00306542b676, reason "Inactivity"
996962057 Aug 4 17:54:17 SocBldg1AP5 SocBldg1AP5 (Info): Station 00306542b676 Authenticated
996962057 Aug 4 17:54:17 SocBldg1AP5 SocBldg1AP5 (Info): Station 00306542b676 Associated
996962057 Aug 4 17:54:17 SocBldg1AP5 SocBldg1AP5 (Info): Station 00306542b676 Authenticated
996962057 Aug 4 17:54:17 SocBldg1AP5 SocBldg1AP5 (Info): Station 00306542b676 Associated
996962105 Aug 4 17:55:05 ResBldg90AP2 ResBldg90AP2 (Info): Station 00306576c6f7 Authenticated
996962105 Aug 4 17:55:05 ResBldg90AP2 ResBldg90AP2 (Info): Station 00306576c6f7 Associated
996962481 Aug 4 18:01:21 AcadBldg10AP9 AcadBldg10AP9 (Info): Deauthenticating 00022d8adcdf, reason "Inactivity"
996962649 Aug 4 18:04:09 ResBldg54AP2 ResBldg54AP2 (Info): Station 0030657c9cc4 Authenticated
996962649 Aug 4 18:04:09 ResBldg54AP2 ResBldg54AP2 (Info): Station 0030657c9cc4 Associated
996962706 Aug 4 18:05:06 ResBldg60AP5 ResBldg60AP5 (Info): Station 004096f5ba46 Authenticated
996962706 Aug 4 18:05:06 ResBldg60AP5 ResBldg60AP5 (Info): Station 004096f5ba46 Associated
996963282 Aug 4 18:14:42 AdmBldg12AP7 AdmBldg12AP7 (Info): Deauthenticating 0030659ffedc, reason "Inactivity"
996963407 Aug 4 18:16:47 ResBldg54AP2 ResBldg54AP2 (Info): Station 0030657c9cc4 Authenticated
996963407 Aug 4 18:16:47 ResBldg54AP2 ResBldg54AP2 (Info): Station 0030657c9cc4 Associated
996963559 Aug 4 18:19:19 ResBldg15AP2 ResBldg15AP2 (Info): Station 00409607afd1 Authenticated
996963559 Aug 4 18:19:19 ResBldg15AP2 ResBldg15AP2 (Info): Station 00409607afd1 Associated
996963773 Aug 4 18:22:53 ResBldg90AP1 ResBldg90AP1 (Info): Deauthenticating 0050dac184a5, reason "Inactivity"
996964132 Aug 4 18:28:52 ResBldg15AP1 ResBldg15AP1 (Info): Deauthenticating 004096b13dad, reason "Inactivity"
996964304 Aug 4 18:31:44 SocBldg1AP5 SocBldg1AP5 (Info): Deauthenticating 00306542b676, reason "Inactivity"
996964304 Aug 4 18:31:44 ResBldg54AP4 ResBldg54AP4 (Info): Deauthenticating 00409698e339, reason "Inactivity"
996964305 Aug 4 18:31:45 SocBldg1AP5 SocBldg1AP5 (Info): Station 00306542b676 Authenticated
996964305 Aug 4 18:31:45 SocBldg1AP5 SocBldg1AP5 (Info): Station 00306542b676 Associated
996964305 Aug 4 18:31:45 SocBldg1AP5 SocBldg1AP5 (Info): Station 00306542b676 Authenticated
996964305 Aug 4 18:31:45 SocBldg1AP5 SocBldg1AP5 (Info): Station 00306542b676 Associated
996965025 Aug 4 18:43:45 ResBldg76AP2 ResBldg76AP2 (Info): Station 003065d90d61 Authenticated
996965025 Aug 4 18:43:45 ResBldg76AP2 ResBldg76AP2 (Info): Station 003065d90d61 Associated
996965211 Aug 4 18:46:51 ResBldg63AP1 ResBldg63AP1 (Info): Deauthenticating 00306586483d, reason "Inactivity"
996965223 Aug 4 18:47:03 ResBldg15AP2 ResBldg15AP2 (Info): Deauthenticating 003065de5aa3, reason "Inactivity"
996965248 Aug 4 18:47:28 ResBldg54AP2 ResBldg54AP2 (Info): Deauthenticating 0030657c9cc4, reason "Inactivity"
996965449 Aug 4 18:50:49 ResBldg60AP5 ResBldg60AP5 (Info): Station 004096f5ba46 Authenticated
996965449 Aug 4 18:50:49 ResBldg60AP5 ResBldg60AP5 (Info): Station 004096f5ba46 Associated
996965455 Aug 4 18:50:55 ResBldg60AP6 ResBldg60AP6 (Info): Station 004096f5ba46 Authenticated
996965455 Aug 4 18:50:55 ResBldg60AP6 ResBldg60AP6 (Info): Station 004096f5ba46 Reassociated
996965455 Aug 4 18:50:55 ResBldg60AP5 ResBldg60AP5 (Info): Station 004096f5ba46 roamed
996965456 Aug 4 18:50:56 ResBldg60AP5 ResBldg60AP5 (Info): Station 004096f5ba46 Authenticated
996965456 Aug 4 18:50:56 ResBldg60AP5 ResBldg60AP5 (Info): Station 004096f5ba46 Reassociated
996965456 Aug 4 18:50:56 ResBldg60AP6 ResBldg60AP6 (Info): Station 004096f5ba46 roamed
996965475 Aug 4 18:51:15 ResBldg60AP6 ResBldg60AP6 (Info): Station 004096f5ba46 Authenticated
996965475 Aug 4 18:51:15 ResBldg60AP6 ResBldg60AP6 (Info): Station 004096f5ba46 Reassociated
996965475 Aug 4 18:51:15 ResBldg60AP5 ResBldg60AP5 (Info): Station 004096f5ba46 roamed
996965475 Aug 4 18:51:15 ResBldg60AP5 ResBldg60AP5 (Info): Station 004096f5ba46 Authenticated
996965475 Aug 4 18:51:15 ResBldg60AP5 ResBldg60AP5 (Info): Station 004096f5ba46 Reassociated
996965475 Aug 4 18:51:15 ResBldg60AP6 ResBldg60AP6 (Info): Station 004096f5ba46 roamed
996965658 Aug 4 18:54:18 ResBldg38AP3 ResBldg38AP3 (Info): Deauthenticating 003065a426d2, reason "Inactivity"
996965660 Aug 4 18:54:20 ResBldg38AP3 ResBldg38AP3 (Info): Station 003065a426d2 Authenticated
996965660 Aug 4 18:54:20 ResBldg38AP3 ResBldg38AP3 (Info): Station 003065a426d2 Associated
996965814 Aug 4 18:56:54 ResBldg15AP2 ResBldg15AP2 (Info): Station 00409607afd1 Authenticated
996965814 Aug 4 18:56:54 ResBldg15AP2 ResBldg15AP2 (Info): Station 00409607afd1 Associated
996966069 Aug 4 19:01:09 ResBldg15AP1 ResBldg15AP1 (Info): Station 00409686bf25 Authenticated
996966069 Aug 4 19:01:09 ResBldg15AP1 ResBldg15AP1 (Info): Station 00409686bf25 Associated
996966070 Aug 4 19:01:10 ResBldg63AP1 ResBldg63AP1 (Info): Station 00306586483d Authenticated
996966070 Aug 4 19:01:10 ResBldg63AP1 ResBldg63AP1 (Info): Station 00306586483d Associated
996966395 Aug 4 19:06:35 ResBldg101AP1 ResBldg101AP1 (Info): Station 0030657bad4b Authenticated
996966395 Aug 4 19:06:35 ResBldg101AP1 ResBldg101AP1 (Info): Station 0030657bad4b Associated
996966491 Aug 4 19:08:11 SocBldg1AP5 SocBldg1AP5 (Info): Deauthenticating 00306542b676, reason "Inactivity"
996966492 Aug 4 19:08:12 SocBldg1AP5 SocBldg1AP5 (Info): Station 00306542b676 Authenticated
996966492 Aug 4 19:08:12 SocBldg1AP5 SocBldg1AP5 (Info): Station 00306542b676 Associated
996966492 Aug 4 19:08:12 SocBldg1AP5 SocBldg1AP5 (Info): Station 00306542b676 Authenticated
996966492 Aug 4 19:08:12 SocBldg1AP5 SocBldg1AP5 (Info): Station 00306542b676 Associated
996966932 Aug 4 19:15:32 ResBldg15AP2 ResBldg15AP2 (Info): Station 003065de5aa3 Authenticated
996966932 Aug 4 19:15:32 ResBldg15AP2 ResBldg15AP2 (Info): Station 003065de5aa3 Associated
996966941 Aug 4 19:15:41 AcadBldg16AP5 AcadBldg16AP5 (Info): Station 003065e0817f Authenticated
996966941 Aug 4 19:15:41 AcadBldg16AP5 AcadBldg16AP5 (Info): Station 003065e0817f Associated
996967325 Aug 4 19:22:05 AcadBldg16AP2 AcadBldg16AP2 (Info): Station 003065e0817f Authenticated
996967325 Aug 4 19:22:05 AcadBldg16AP2 AcadBldg16AP2 (Info): Station 003065e0817f Associated
996967325 Aug 4 19:22:05 AcadBldg16AP5 AcadBldg16AP5 (Info): Station 003065e0817f roamed
996967454 Aug 4 19:24:14 ResBldg63AP1 ResBldg63AP1 (Info): Station 0040968a7c4d Authenticated
996967455 Aug 4 19:24:15 ResBldg63AP1 ResBldg63AP1 (Info): Disassociating 0040968a7c4d, reason "Not Associated"
996967456 Aug 4 19:24:16 ResBldg63AP1 ResBldg63AP1 (Info): Station 0040968a7c4d Authenticated
996967458 Aug 4 19:24:18 ResBldg90AP2 ResBldg90AP2 (Info): Station 0040968a7c4d Authenticated
996967458 Aug 4 19:24:18 ResBldg63AP1 ResBldg63AP1 (Info): Station 0040968a7c4d roamed
996967458 Aug 4 19:24:18 ResBldg63AP1 ResBldg63AP1 (Info): Station 0040968a7c4d roamed
996967460 Aug 4 19:24:20 ResBldg63AP1 ResBldg63AP1 (Info): Station 0040968a7c4d Authenticated
996967460 Aug 4 19:24:20 ResBldg63AP1 ResBldg63AP1 (Info): Station 0040968a7c4d Reassociated
996967460 Aug 4 19:24:20 ResBldg90AP2 ResBldg90AP2 (Info): Station 0040968a7c4d roamed
996967460 Aug 4 19:24:20 ResBldg90AP2 ResBldg90AP2 (Info): Station 0040968a7c4d roamed
996967465 Aug 4 19:24:25 ResBldg90AP2 ResBldg90AP2 (Info): Station 0040968a7c4d Authenticated
996967465 Aug 4 19:24:25 ResBldg90AP2 ResBldg90AP2 (Info): Station 0040968a7c4d Reassociated
996967465 Aug 4 19:24:25 ResBldg63AP1 ResBldg63AP1 (Info): Station 0040968a7c4d roamed
996967465 Aug 4 19:24:25 ResBldg63AP1 ResBldg63AP1 (Info): Station 0040968a7c4d roamed
996967512 Aug 4 19:25:12 ResBldg76AP2 ResBldg76AP2 (Info): Deauthenticating 003065d90d61, reason "Inactivity"
996967535 Aug 4 19:25:35 ResBldg60AP3 ResBldg60AP3 (Info): Deauthenticating 003065d51fea, reason "Inactivity"
996967710 Aug 4 19:28:30 ResBldg90AP2 ResBldg90AP2 (Info): Deauthenticating 00306576c6f7, reason "Inactivity"
996967780 Aug 4 19:29:40 ResBldg63AP1 ResBldg63AP1 (Info): Station 0040968a7c4d Authenticated
996967780 Aug 4 19:29:40 ResBldg63AP1 ResBldg63AP1 (Info): Station 0040968a7c4d Reassociated
996967780 Aug 4 19:29:40 ResBldg90AP2 ResBldg90AP2 (Info): Station 0040968a7c4d roamed
996967780 Aug 4 19:29:40 ResBldg90AP2 ResBldg90AP2 (Info): Station 0040968a7c4d roamed
996967786 Aug 4 19:29:46 ResBldg63AP1 ResBldg63AP1 (Info): Station 0040968a7c4d Authenticated
996967786 Aug 4 19:29:46 ResBldg63AP1 ResBldg63AP1 (Info): Station 0040968a7c4d Reassociated
996967945 Aug 4 19:32:25 ResBldg90AP2 ResBldg90AP2 (Info): Station 004096224dcd Authenticated
996967945 Aug 4 19:32:25 ResBldg90AP2 ResBldg90AP2 (Info): Station 004096224dcd Associated
996968020 Aug 4 19:33:40 ResBldg60AP5 ResBldg60AP5 (Info): Deauthenticating 004096f5ba46, reason "Inactivity"
996968210 Aug 4 19:36:50 ResBldg90AP2 ResBldg90AP2 (Info): Station 0040968a7c4d Authenticated
996968210 Aug 4 19:36:50 ResBldg90AP2 ResBldg90AP2 (Info): Station 0040968a7c4d Reassociated
996968210 Aug 4 19:36:50 ResBldg63AP1 ResBldg63AP1 (Info): Station 0040968a7c4d roamed
996968210 Aug 4 19:36:50 ResBldg63AP1 ResBldg63AP1 (Info): Station 0040968a7c4d roamed
996968307 Aug 4 19:38:27 ResBldg101AP1 ResBldg101AP1 (Info): Deauthenticating 0030657bad4b, reason "Inactivity"
996968362 Aug 4 19:39:22 AcadBldg22AP2 AcadBldg22AP2 (Info): Deauthenticating 003065b79947, reason "Inactivity"
996968363 Aug 4 19:39:23 AcadBldg22AP2 AcadBldg22AP2 (Info): Station 003065b79947 Authenticated
996968363 Aug 4 19:39:23 AcadBldg22AP2 AcadBldg22AP2 (Info): Station 003065b79947 Associated
996968363 Aug 4 19:39:23 AcadBldg22AP2 AcadBldg22AP2 (Info): Station 003065b79947 Authenticated
996968363 Aug 4 19:39:23 AcadBldg22AP2 AcadBldg22AP2 (Info): Station 003065b79947 Associated
996968646 Aug 4 19:44:06 SocBldg1AP5 SocBldg1AP5 (Info): Deauthenticating 00306542b676, reason "Inactivity"
996968647 Aug 4 19:44:07 SocBldg1AP5 SocBldg1AP5 (Info): Station 00306542b676 Authenticated
996968647 Aug 4 19:44:07 SocBldg1AP5 SocBldg1AP5 (Info): Station 00306542b676 Associated
996968647 Aug 4 19:44:07 SocBldg1AP5 SocBldg1AP5 (Info): Station 00306542b676 Authenticated
996968647 Aug 4 19:44:07 SocBldg1AP5 SocBldg1AP5 (Info): Station 00306542b676 Associated
996968798 Aug 4 19:46:38 ResBldg15AP2 ResBldg15AP2 (Info): Station 00409607afd1 Authenticated
996968798 Aug 4 19:46:38 ResBldg15AP2 ResBldg15AP2 (Info): Station 00409607afd1 Associated
996968899 Aug 4 19:48:19 ResBldg15AP1 ResBldg15AP1 (Info): Station 004096abb1a9 Authenticated
996968899 Aug 4 19:48:19 ResBldg15AP1 ResBldg15AP1 (Info): Station 004096abb1a9 Associated
996969184 Aug 4 19:53:04 AcadBldg16AP2 AcadBldg16AP2 (Info): Deauthenticating 003065e0817f, reason "Inactivity"
996969300 Aug 4 19:55:00 ResBldg63AP1 ResBldg63AP1 (Info): Deauthenticating 00306586483d, reason "Inactivity"
996969482 Aug 4 19:58:02 SocBldg11AP6 SocBldg11AP6 (Info): Station 004096abb1a9 Authenticated
996969482 Aug 4 19:58:02 SocBldg11AP6 SocBldg11AP6 (Info): Disassociating 004096abb1a9, reason "Not Associated"
996969483 Aug 4 19:58:03 ResBldg15AP1 ResBldg15AP1 (Info): Station 004096abb1a9 Authenticated
996969483 Aug 4 19:58:03 ResBldg15AP1 ResBldg15AP1 (Info): Station 004096abb1a9 Reassociated
996969811 Aug 4 20:03:31 ResBldg91AP4 ResBldg91AP4 (Info): Station 003065b14b46 Authenticated
996969811 Aug 4 20:03:31 ResBldg91AP4 ResBldg91AP4 (Info): Station 003065b14b46 Associated
996969842 Aug 4 20:04:02 ResBldg63AP1 ResBldg63AP1 (Info): Station 004096de66cc Authenticated
996969842 Aug 4 20:04:02 ResBldg63AP1 ResBldg63AP1 (Info): Station 004096de66cc Associated
996969987 Aug 4 20:06:27 SocBldg11AP4 SocBldg11AP4 (Info): Station 004096abb1a9 Authenticated
996969987 Aug 4 20:06:27 SocBldg11AP4 SocBldg11AP4 (Info): Station 004096abb1a9 Reassociated
996969987 Aug 4 20:06:27 SocBldg11AP6 SocBldg11AP6 (Info): Station 004096abb1a9 roamed
996969987 Aug 4 20:06:27 SocBldg11AP6 SocBldg11AP6 (Info): Station 004096abb1a9 roamed
996969988 Aug 4 20:06:28 ResBldg15AP1 ResBldg15AP1 (Info): Station 004096abb1a9 Authenticated
996969988 Aug 4 20:06:28 ResBldg15AP1 ResBldg15AP1 (Info): Station 004096abb1a9 Reassociated
996970172 Aug 4 20:09:32 AcadBldg22AP2 AcadBldg22AP2 (Info): Deauthenticating 003065b79947, reason "Inactivity"
996970173 Aug 4 20:09:33 AcadBldg22AP2 AcadBldg22AP2 (Info): Station 003065b79947 Authenticated
996970173 Aug 4 20:09:33 AcadBldg22AP2 AcadBldg22AP2 (Info): Station 003065b79947 Associated
996970176 Aug 4 20:09:36 AcadBldg22AP2 AcadBldg22AP2 (Info): Station 003065b79947 Authenticated
996970176 Aug 4 20:09:36 AcadBldg22AP2 AcadBldg22AP2 (Info): Station 003065b79947 Associated
996970492 Aug 4 20:14:52 SocBldg11AP6 SocBldg11AP6 (Info): Station 004096abb1a9 Authenticated
996970502 Aug 4 20:15:02 ResBldg15AP1 ResBldg15AP1 (Info): Station 004096abb1a9 Authenticated
996970502 Aug 4 20:15:02 ResBldg15AP1 ResBldg15AP1 (Info): Station 004096abb1a9 Reassociated
996970698 Aug 4 20:18:18 SocBldg11AP6 SocBldg11AP6 (Info): Station 004096abb1a9 Authenticated
996970698 Aug 4 20:18:18 SocBldg11AP6 SocBldg11AP6 (Info): Disassociating 004096abb1a9, reason "Not Associated"
996970700 Aug 4 20:18:20 ResBldg15AP1 ResBldg15AP1 (Info): Station 004096abb1a9 Authenticated
996970700 Aug 4 20:18:20 ResBldg15AP1 ResBldg15AP1 (Info): Station 004096abb1a9 Reassociated
996970741 Aug 4 20:19:01 SocBldg11AP6 SocBldg11AP6 (Info): Station 004096abb1a9 Authenticated
996970741 Aug 4 20:19:01 SocBldg11AP6 SocBldg11AP6 (Info): Station 004096abb1a9 Reassociated
996970741 Aug 4 20:19:01 SocBldg11AP4 SocBldg11AP4 (Info): Station 004096abb1a9 roamed
996970741 Aug 4 20:19:01 SocBldg11AP4 SocBldg11AP4 (Info): Station 004096abb1a9 roamed
996970755 Aug 4 20:19:15 ResBldg15AP1 ResBldg15AP1 (Info): Station 004096abb1a9 Authenticated
996970755 Aug 4 20:19:15 ResBldg15AP1 ResBldg15AP1 (Info): Station 004096abb1a9 Reassociated
996970771 Aug 4 20:19:31 SocBldg11AP6 SocBldg11AP6 (Info): Station 004096abb1a9 Authenticated
996970772 Aug 4 20:19:32 ResBldg15AP1 ResBldg15AP1 (Info): Station 004096abb1a9 Authenticated
996970772 Aug 4 20:19:32 ResBldg15AP1 ResBldg15AP1 (Info): Station 004096abb1a9 Reassociated
996970810 Aug 4 20:20:10 SocBldg11AP6 SocBldg11AP6 (Info): Station 004096abb1a9 Authenticated
996970810 Aug 4 20:20:10 SocBldg11AP6 SocBldg11AP6 (Info): Station 004096abb1a9 Reassociated
996970815 Aug 4 20:20:15 ResBldg15AP1 ResBldg15AP1 (Info): Station 004096abb1a9 Authenticated
996970815 Aug 4 20:20:15 ResBldg15AP1 ResBldg15AP1 (Info): Station 004096abb1a9 Reassociated
996970895 Aug 4 20:21:35 SocBldg11AP6 SocBldg11AP6 (Info): Station 004096abb1a9 Authenticated
996970895 Aug 4 20:21:35 SocBldg11AP6 SocBldg11AP6 (Info): Station 004096abb1a9 Reassociated
996970896 Aug 4 20:21:36 SocBldg11AP4 SocBldg11AP4 (Info): Station 004096abb1a9 Authenticated
996970903 Aug 4 20:21:43 ResBldg15AP1 ResBldg15AP1 (Info): Station 004096abb1a9 Authenticated
996970903 Aug 4 20:21:43 ResBldg15AP1 ResBldg15AP1 (Info): Station 004096abb1a9 Reassociated
996970906 Aug 4 20:21:46 SocBldg11AP6 SocBldg11AP6 (Info): Station 004096abb1a9 Authenticated
996970906 Aug 4 20:21:46 SocBldg11AP4 SocBldg11AP4 (Info): Station 004096abb1a9 roamed
996970906 Aug 4 20:21:46 SocBldg11AP4 SocBldg11AP4 (Info): Station 004096abb1a9 roamed
996970906 Aug 4 20:21:46 SocBldg11AP6 SocBldg11AP6 (Info): Station 004096abb1a9 Reassociated
996970916 Aug 4 20:21:56 ResBldg15AP1 ResBldg15AP1 (Info): Station 004096abb1a9 Authenticated
996970916 Aug 4 20:21:56 ResBldg15AP1 ResBldg15AP1 (Info): Station 004096abb1a9 Reassociated
996970940 Aug 4 20:22:20 SocBldg11AP6 SocBldg11AP6 (Info): Station 004096abb1a9 Authenticated
996970940 Aug 4 20:22:20 SocBldg11AP6 SocBldg11AP6 (Info): Station 004096abb1a9 Reassociated
996970945 Aug 4 20:22:25 ResBldg15AP1 ResBldg15AP1 (Info): Station 004096abb1a9 Authenticated
996970945 Aug 4 20:22:25 ResBldg15AP1 ResBldg15AP1 (Info): Station 004096abb1a9 Reassociated
996971116 Aug 4 20:25:16 ResBldg76AP2 ResBldg76AP2 (Info): Station 003065eeb550 Authenticated
996971116 Aug 4 20:25:16 ResBldg76AP2 ResBldg76AP2 (Info): Station 003065eeb550 Associated
996971460 Aug 4 20:31:00 ResBldg90AP1 ResBldg90AP1 (Info): Station 00306593d275 Authenticated
996971460 Aug 4 20:31:00 ResBldg90AP1 ResBldg90AP1 (Info): Station 00306593d275 Associated
996971989 Aug 4 20:39:49 AcadBldg22AP2 AcadBldg22AP2 (Info): Deauthenticating 003065b79947, reason "Inactivity"
996971990 Aug 4 20:39:50 AcadBldg22AP2 AcadBldg22AP2 (Info): Station 003065b79947 Authenticated
996971990 Aug 4 20:39:50 AcadBldg22AP2 AcadBldg22AP2 (Info): Station 003065b79947 Associated
996971991 Aug 4 20:39:51 AcadBldg22AP2 AcadBldg22AP2 (Info): Station 003065b79947 Authenticated
996971991 Aug 4 20:39:51 AcadBldg22AP2 AcadBldg22AP2 (Info): Station 003065b79947 Associated
996972077 Aug 4 20:41:17 ResBldg91AP4 ResBldg91AP4 (Info): Deauthenticating 003065b14b46, reason "Inactivity"
996972217 Aug 4 20:43:37 ResBldg15AP2 ResBldg15AP2 (Info): Deauthenticating 00409607afd1, reason "Inactivity"
996972327 Aug 4 20:45:27 ResBldg38AP3 ResBldg38AP3 (Info): Deauthenticating 003065a426d2, reason "Inactivity"
996972643 Aug 4 20:50:43 SocBldg11AP6 SocBldg11AP6 (Info): Station 004096abb1a9 Authenticated
996972643 Aug 4 20:50:43 SocBldg11AP6 SocBldg11AP6 (Info): Station 004096abb1a9 Reassociated
996972650 Aug 4 20:50:50 ResBldg15AP1 ResBldg15AP1 (Info): Station 004096abb1a9 Authenticated
996972650 Aug 4 20:50:50 ResBldg15AP1 ResBldg15AP1 (Info): Station 004096abb1a9 Reassociated
996972679 Aug 4 20:51:19 SocBldg11AP6 SocBldg11AP6 (Info): Station 004096abb1a9 Authenticated
996972679 Aug 4 20:51:19 SocBldg11AP6 SocBldg11AP6 (Info): Station 004096abb1a9 Reassociated
996972697 Aug 4 20:51:37 ResBldg15AP1 ResBldg15AP1 (Info): Station 004096abb1a9 Authenticated
996972697 Aug 4 20:51:37 ResBldg15AP1 ResBldg15AP1 (Info): Station 004096abb1a9 Reassociated
996973127 Aug 4 20:58:47 SocBldg11AP6 SocBldg11AP6 (Info): Station 004096abb1a9 Authenticated
996973127 Aug 4 20:58:47 SocBldg11AP6 SocBldg11AP6 (Info): Station 004096abb1a9 Reassociated
996973175 Aug 4 20:59:35 ResBldg15AP1 ResBldg15AP1 (Info): Station 004096abb1a9 Authenticated
996973175 Aug 4 20:59:35 ResBldg15AP1 ResBldg15AP1 (Info): Station 004096abb1a9 Reassociated
996973290 Aug 4 21:01:30 ResBldg63AP1 ResBldg63AP1 (Info): Station 0040968a7c4d Authenticated
996973291 Aug 4 21:01:31 ResBldg63AP1 ResBldg63AP1 (Info): Disassociating 0040968a7c4d, reason "Not Associated"
996973292 Aug 4 21:01:32 ResBldg90AP2 ResBldg90AP2 (Info): Station 0040968a7c4d Authenticated
996973292 Aug 4 21:01:32 ResBldg63AP1 ResBldg63AP1 (Info): Station 0040968a7c4d roamed
996973292 Aug 4 21:01:32 ResBldg63AP1 ResBldg63AP1 (Info): Station 0040968a7c4d roamed
996973292 Aug 4 21:01:32 ResBldg90AP2 ResBldg90AP2 (Info): Station 0040968a7c4d Associated
996973411 Aug 4 21:03:31 SocBldg11AP6 SocBldg11AP6 (Info): Station 004096abb1a9 Authenticated
996973411 Aug 4 21:03:31 SocBldg11AP6 SocBldg11AP6 (Info): Station 004096abb1a9 Reassociated
996973686 Aug 4 21:08:06 ResBldg15AP2 ResBldg15AP2 (Info): Deauthenticating 0040969c9e37, reason "Inactivity"
996973804 Aug 4 21:10:04 AcadBldg22AP2 AcadBldg22AP2 (Info): Deauthenticating 003065b79947, reason "Inactivity"
996973805 Aug 4 21:10:05 AcadBldg22AP2 AcadBldg22AP2 (Info): Station 003065b79947 Authenticated
996973805 Aug 4 21:10:05 AcadBldg22AP2 AcadBldg22AP2 (Info): Station 003065b79947 Associated
996973807 Aug 4 21:10:07 AcadBldg22AP2 AcadBldg22AP2 (Info): Station 003065b79947 Authenticated
996973807 Aug 4 21:10:07 AcadBldg22AP2 AcadBldg22AP2 (Info): Station 003065b79947 Associated
996973885 Aug 4 21:11:25 SocBldg1AP5 SocBldg1AP5 (Info): Deauthenticating 00306542b676, reason "Inactivity"
996973886 Aug 4 21:11:26 SocBldg1AP5 SocBldg1AP5 (Info): Station 00306542b676 Authenticated
996973886 Aug 4 21:11:26 SocBldg1AP5 SocBldg1AP5 (Info): Station 00306542b676 Associated
996973886 Aug 4 21:11:26 SocBldg1AP5 SocBldg1AP5 (Info): Station 00306542b676 Authenticated
996973886 Aug 4 21:11:26 SocBldg1AP5 SocBldg1AP5 (Info): Station 00306542b676 Associated
996974363 Aug 4 21:19:23 ResBldg15AP2 ResBldg15AP2 (Info): Station 00409607afd1 Authenticated
996974363 Aug 4 21:19:23 ResBldg15AP2 ResBldg15AP2 (Info): Station 00409607afd1 Associated
996974611 Aug 4 21:23:31 ResBldg63AP1 ResBldg63AP1 (Info): Station 004096de66cc Authenticated
996974611 Aug 4 21:23:31 ResBldg63AP1 ResBldg63AP1 (Info): Station 004096de66cc Associated
996974973 Aug 4 21:29:33 ResBldg15AP1 ResBldg15AP1 (Info): Station 004096b13dad Authenticated
996974973 Aug 4 21:29:33 ResBldg15AP1 ResBldg15AP1 (Info): Station 004096b13dad Associated
996975212 Aug 4 21:33:32 ResBldg15AP1 ResBldg15AP1 (Info): Deauthenticating 004096abb1a9, reason "Inactivity"
996975234 Aug 4 21:33:54 SocBldg11AP6 SocBldg11AP6 (Info): Deauthenticating 004096abb1a9, reason "Inactivity"
996975451 Aug 4 21:37:31 ResBldg60AP3 ResBldg60AP3 (Info): Station 003065f86c99 Authenticated
996975451 Aug 4 21:37:31 ResBldg60AP3 ResBldg60AP3 (Info): Station 003065f86c99 Associated
996975552 Aug 4 21:39:12 ResBldg76AP2 ResBldg76AP2 (Info): Station 003065eeb550 Authenticated
996975552 Aug 4 21:39:12 ResBldg76AP2 ResBldg76AP2 (Info): Station 003065eeb550 Associated
996975620 Aug 4 21:40:20 AcadBldg22AP2 AcadBldg22AP2 (Info): Deauthenticating 003065b79947, reason "Inactivity"
996975621 Aug 4 21:40:21 AcadBldg22AP2 AcadBldg22AP2 (Info): Station 003065b79947 Authenticated
996975621 Aug 4 21:40:21 AcadBldg22AP2 AcadBldg22AP2 (Info): Station 003065b79947 Associated
996975621 Aug 4 21:40:21 AcadBldg22AP2 AcadBldg22AP2 (Info): Station 003065b79947 Authenticated
996975621 Aug 4 21:40:21 AcadBldg22AP2 AcadBldg22AP2 (Info): Station 003065b79947 Associated
996975798 Aug 4 21:43:18 ResBldg15AP2 ResBldg15AP2 (Info): Station 00409607afd1 Authenticated
996975798 Aug 4 21:43:18 ResBldg15AP2 ResBldg15AP2 (Info): Station 00409607afd1 Associated
996976476 Aug 4 21:54:36 ResBldg100AP2 ResBldg100AP2 (Info): Station 00032f2dc8c9 Authenticated
996976476 Aug 4 21:54:36 ResBldg100AP2 ResBldg100AP2 (Info): Station 00032f2dc8c9 Associated
996976707 Aug 4 21:58:27 ResBldg15AP2 ResBldg15AP2 (Info): Station 003065de5aa3 Authenticated
996976707 Aug 4 21:58:27 ResBldg15AP2 ResBldg15AP2 (Info): Station 003065de5aa3 Associated
996976948 Aug 4 22:02:28 ResBldg38AP3 ResBldg38AP3 (Info): Station 003065a426d2 Authenticated
996976948 Aug 4 22:02:28 ResBldg38AP3 ResBldg38AP3 (Info): Station 003065a426d2 Associated
996977090 Aug 4 22:04:50 ResBldg38AP3 ResBldg38AP3 (Info): Station 003065a426d2 Authenticated
996977090 Aug 4 22:04:50 ResBldg38AP3 ResBldg38AP3 (Info): Station 003065a426d2 Associated
996977097 Aug 4 22:04:57 ResBldg90AP2 ResBldg90AP2 (Info): Station 0050dac184a5 Authenticated
996977097 Aug 4 22:04:57 ResBldg90AP2 ResBldg90AP2 (Info): Station 0050dac184a5 Associated
996977119 Aug 4 22:05:19 ResBldg60AP3 ResBldg60AP3 (Info): Station 003065f86c99 Authenticated
996977119 Aug 4 22:05:19 ResBldg60AP3 ResBldg60AP3 (Info): Station 003065f86c99 Associated
996977144 Aug 4 22:05:44 ResBldg63AP1 ResBldg63AP1 (Info): Station 0040968a7c4d Authenticated
996977144 Aug 4 22:05:44 ResBldg63AP1 ResBldg63AP1 (Info): Station 0040968a7c4d Reassociated
996977144 Aug 4 22:05:44 ResBldg90AP2 ResBldg90AP2 (Info): Station 0040968a7c4d roamed
996977144 Aug 4 22:05:44 ResBldg90AP2 ResBldg90AP2 (Info): Station 0040968a7c4d roamed
996977146 Aug 4 22:05:46 ResBldg63AP1 ResBldg63AP1 (Info): Station 0040968a7c4d Reassociated
996977325 Aug 4 22:08:45 ResBldg90AP2 ResBldg90AP2 (Info): Station 00306576c6f7 Authenticated
996977325 Aug 4 22:08:45 ResBldg90AP2 ResBldg90AP2 (Info): Station 00306576c6f7 Associated
996977417 Aug 4 22:10:17 ResBldg91AP1 ResBldg91AP1 (Info): Station 003065b14b46 Authenticated
996977417 Aug 4 22:10:17 ResBldg91AP1 ResBldg91AP1 (Info): Station 003065b14b46 Associated
996977629 Aug 4 22:13:49 ResBldg90AP1 ResBldg90AP1 (Info): Deauthenticating 00306593d275, reason "Inactivity"
996977693 Aug 4 22:14:53 ResBldg38AP3 ResBldg38AP3 (Info): Station 003065a426d2 Authenticated
996977693 Aug 4 22:14:53 ResBldg38AP3 ResBldg38AP3 (Info): Station 003065a426d2 Associated
996977771 Aug 4 22:16:11 ResBldg38AP3 ResBldg38AP3 (Info): Station 003065a426d2 Authenticated
996977771 Aug 4 22:16:11 ResBldg38AP3 ResBldg38AP3 (Info): Station 003065a426d2 Associated
996977904 Aug 4 22:18:24 ResBldg15AP1 ResBldg15AP1 (Info): Deauthenticating 004096b13dad, reason "Inactivity"
996978021 Aug 4 22:20:21 AcadBldg22AP2 AcadBldg22AP2 (Info): Deauthenticating 003065b79947, reason "Inactivity"
996978022 Aug 4 22:20:22 AcadBldg22AP2 AcadBldg22AP2 (Info): Station 003065b79947 Authenticated
996978022 Aug 4 22:20:22 AcadBldg22AP2 AcadBldg22AP2 (Info): Station 003065b79947 Associated
996978024 Aug 4 22:20:24 AcadBldg22AP2 AcadBldg22AP2 (Info): Station 003065b79947 Authenticated
996978024 Aug 4 22:20:24 AcadBldg22AP2 AcadBldg22AP2 (Info): Station 003065b79947 Associated
996978046 Aug 4 22:20:46 ResBldg67AP1 ResBldg67AP1 (Info): Station 00306586483d Authenticated
996978046 Aug 4 22:20:46 ResBldg67AP1 ResBldg67AP1 (Info): Station 00306586483d Associated
996978147 Aug 4 22:22:27 ResBldg67AP1 ResBldg67AP1 (Info): Station 00306586483d Authenticated
996978147 Aug 4 22:22:27 ResBldg67AP1 ResBldg67AP1 (Info): Station 00306586483d Associated
996978169 Aug 4 22:22:49 ResBldg63AP1 ResBldg63AP1 (Info): Deauthenticating 004096de66cc, reason "Inactivity"
996978343 Aug 4 22:25:43 SocBldg1AP5 SocBldg1AP5 (Info): Deauthenticating 00306542b676, reason "Inactivity"
996978344 Aug 4 22:25:44 SocBldg1AP5 SocBldg1AP5 (Info): Station 00306542b676 Authenticated
996978344 Aug 4 22:25:44 SocBldg1AP5 SocBldg1AP5 (Info): Station 00306542b676 Associated
996978344 Aug 4 22:25:44 SocBldg1AP5 SocBldg1AP5 (Info): Station 00306542b676 Authenticated
996978344 Aug 4 22:25:44 SocBldg1AP5 SocBldg1AP5 (Info): Station 00306542b676 Associated
996978473 Aug 4 22:27:53 ResBldg54AP4 ResBldg54AP4 (Info): Station 00409698e339 Authenticated
996978473 Aug 4 22:27:53 ResBldg54AP4 ResBldg54AP4 (Info): Station 00409698e339 Associated
996978802 Aug 4 22:33:22 ResBldg60AP3 ResBldg60AP3 (Info): Station 003065d51fea Authenticated
996978802 Aug 4 22:33:22 ResBldg60AP3 ResBldg60AP3 (Info): Station 003065d51fea Associated
996979004 Aug 4 22:36:44 ResBldg15AP1 ResBldg15AP1 (Info): Deauthenticating 00409686bf25, reason "Inactivity"
996979013 Aug 4 22:36:53 ResBldg63AP1 ResBldg63AP1 (Info): Deauthenticating 0040968a7c4d, reason "Inactivity"
996979630 Aug 4 22:47:10 ResBldg38AP3 ResBldg38AP3 (Info): Deauthenticating 003065a426d2, reason "Inactivity"
996979903 Aug 4 22:51:43 ResBldg15AP1 ResBldg15AP1 (Info): Station 004096b13dad Authenticated
996979903 Aug 4 22:51:43 ResBldg15AP1 ResBldg15AP1 (Info): Station 004096b13dad Associated
996980136 Aug 4 22:55:36 ResBldg54AP2 ResBldg54AP2 (Info): Station 0030657c9cc4 Authenticated
996980136 Aug 4 22:55:36 ResBldg54AP2 ResBldg54AP2 (Info): Station 0030657c9cc4 Associated
996980605 Aug 4 23:03:25 ResBldg60AP3 ResBldg60AP3 (Info): Station 003065f86c99 Authenticated
996980605 Aug 4 23:03:25 ResBldg60AP3 ResBldg60AP3 (Info): Station 003065f86c99 Associated
996980740 Aug 4 23:05:40 ResBldg90AP2 ResBldg90AP2 (Info): Deauthenticating 0050dac184a5, reason "Inactivity"
996981148 Aug 4 23:12:28 ResBldg38AP3 ResBldg38AP3 (Info): Station 003065a426d2 Authenticated
996981148 Aug 4 23:12:28 ResBldg38AP3 ResBldg38AP3 (Info): Station 003065a426d2 Associated
996981482 Aug 4 23:18:02 AcadBldg22AP2 AcadBldg22AP2 (Info): Deauthenticating 003065b79947, reason "Inactivity"
996981483 Aug 4 23:18:03 AcadBldg22AP2 AcadBldg22AP2 (Info): Station 003065b79947 Authenticated
996981483 Aug 4 23:18:03 AcadBldg22AP2 AcadBldg22AP2 (Info): Station 003065b79947 Associated
996981484 Aug 4 23:18:04 AcadBldg22AP2 AcadBldg22AP2 (Info): Station 003065b79947 Authenticated
996981484 Aug 4 23:18:04 AcadBldg22AP2 AcadBldg22AP2 (Info): Station 003065b79947 Associated
996981670 Aug 4 23:21:10 SocBldg1AP5 SocBldg1AP5 (Info): Deauthenticating 00306542b676, reason "Inactivity"
996981671 Aug 4 23:21:11 SocBldg1AP5 SocBldg1AP5 (Info): Station 00306542b676 Authenticated
996981671 Aug 4 23:21:11 SocBldg1AP5 SocBldg1AP5 (Info): Station 00306542b676 Associated
996981671 Aug 4 23:21:11 SocBldg1AP5 SocBldg1AP5 (Info): Station 00306542b676 Authenticated
996981671 Aug 4 23:21:11 SocBldg1AP5 SocBldg1AP5 (Info): Station 00306542b676 Associated
996982036 Aug 4 23:27:16 ResBldg15AP2 ResBldg15AP2 (Info): Deauthenticating 00409607afd1, reason "Inactivity"
996982344 Aug 4 23:32:24 ResBldg15AP1 ResBldg15AP1 (Info): Deauthenticating 004096b13dad, reason "Inactivity"
996982366 Aug 4 23:32:46 ResBldg60AP5 ResBldg60AP5 (Info): Station 004096f5ba46 Authenticated
996982366 Aug 4 23:32:46 ResBldg60AP5 ResBldg60AP5 (Info): Station 004096f5ba46 Associated
996982526 Aug 4 23:35:26 ResBldg76AP2 ResBldg76AP2 (Info): Deauthenticating 003065eeb550, reason "Inactivity"
996982548 Aug 4 23:35:48 ResBldg15AP1 ResBldg15AP1 (Info): Station 004096b13dad Authenticated
996982548 Aug 4 23:35:48 ResBldg15AP1 ResBldg15AP1 (Info): Station 004096b13dad Associated
996983297 Aug 4 23:48:17 AcadBldg22AP2 AcadBldg22AP2 (Info): Deauthenticating 003065b79947, reason "Inactivity"
996983298 Aug 4 23:48:18 AcadBldg22AP2 AcadBldg22AP2 (Info): Station 003065b79947 Authenticated
996983298 Aug 4 23:48:18 AcadBldg22AP2 AcadBldg22AP2 (Info): Station 003065b79947 Associated
996983301 Aug 4 23:48:21 AcadBldg22AP2 AcadBldg22AP2 (Info): Station 003065b79947 Authenticated
996983301 Aug 4 23:48:21 AcadBldg22AP2 AcadBldg22AP2 (Info): Station 003065b79947 Associated
