992750872 Jun 17 00:07:52 ResBldg82AP1 ResBldg82AP1 (Info): Deauthenticating 003065ed4f04, reason "Inactivity"
992750988 Jun 17 00:09:48 AcadBldg16AP4 AcadBldg16AP4 (Info): Deauthenticating 003065e0de26, reason "Inactivity"
992750989 Jun 17 00:09:49 AcadBldg16AP4 AcadBldg16AP4 (Info): Station 003065e0de26 Authenticated
992750989 Jun 17 00:09:49 AcadBldg16AP4 AcadBldg16AP4 (Info): Station 003065e0de26 Associated
992752741 Jun 17 00:39:01 ResBldg22AP1 ResBldg22AP1 (Info): Deauthenticating 00409607afd1, reason "Inactivity"
992752797 Jun 17 00:39:57 AcadBldg16AP4 AcadBldg16AP4 (Info): Deauthenticating 003065e0de26, reason "Inactivity"
992752798 Jun 17 00:39:58 AcadBldg16AP4 AcadBldg16AP4 (Info): Station 003065e0de26 Authenticated
992752798 Jun 17 00:39:58 AcadBldg16AP4 AcadBldg16AP4 (Info): Station 003065e0de26 Associated
992753448 Jun 17 00:50:48 ResBldg38AP3 ResBldg38AP3 (Info): Deauthenticating 003065a426d2, reason "Inactivity"
992754410 Jun 17 01:06:50 ResBldg38AP3 ResBldg38AP3 (Info): Station 003065a426d2 Authenticated
992754410 Jun 17 01:06:50 ResBldg38AP3 ResBldg38AP3 (Info): Station 003065a426d2 Associated
992754517 Jun 17 01:08:37 ResBldg22AP1 ResBldg22AP1 (Info): Deauthenticating 003065fe6512, reason "Inactivity"
992754606 Jun 17 01:10:06 AcadBldg16AP4 AcadBldg16AP4 (Info): Deauthenticating 003065e0de26, reason "Inactivity"
992754607 Jun 17 01:10:07 AcadBldg16AP4 AcadBldg16AP4 (Info): Station 003065e0de26 Authenticated
992754607 Jun 17 01:10:07 AcadBldg16AP4 AcadBldg16AP4 (Info): Station 003065e0de26 Associated
992754777 Jun 17 01:12:57 ResBldg38AP3 ResBldg38AP3 (Info): Station 003065a426d2 Authenticated
992754777 Jun 17 01:12:57 ResBldg38AP3 ResBldg38AP3 (Info): Station 003065a426d2 Associated
992755082 Jun 17 01:18:02 ResBldg22AP2 ResBldg22AP2 (Info): Station 004096a6153a Authenticated
992755082 Jun 17 01:18:02 ResBldg22AP2 ResBldg22AP2 (Info): Station 004096a6153a Associated
992756415 Jun 17 01:40:15 AcadBldg16AP4 AcadBldg16AP4 (Info): Deauthenticating 003065e0de26, reason "Inactivity"
992756416 Jun 17 01:40:16 AcadBldg16AP4 AcadBldg16AP4 (Info): Station 003065e0de26 Authenticated
992756416 Jun 17 01:40:16 AcadBldg16AP4 AcadBldg16AP4 (Info): Station 003065e0de26 Associated
992758224 Jun 17 02:10:24 AcadBldg16AP4 AcadBldg16AP4 (Info): Deauthenticating 003065e0de26, reason "Inactivity"
992758225 Jun 17 02:10:25 AcadBldg16AP4 AcadBldg16AP4 (Info): Station 003065e0de26 Authenticated
992758225 Jun 17 02:10:25 AcadBldg16AP4 AcadBldg16AP4 (Info): Station 003065e0de26 Associated
992760033 Jun 17 02:40:33 AcadBldg16AP4 AcadBldg16AP4 (Info): Deauthenticating 003065e0de26, reason "Inactivity"
992760034 Jun 17 02:40:34 AcadBldg16AP4 AcadBldg16AP4 (Info): Station 003065e0de26 Authenticated
992760034 Jun 17 02:40:34 AcadBldg16AP4 AcadBldg16AP4 (Info): Station 003065e0de26 Associated
992760338 Jun 17 02:45:38 ResBldg100AP1 ResBldg100AP1 (Info): Deauthenticating 004096011ce9, reason "Inactivity"
992761842 Jun 17 03:10:42 AcadBldg16AP4 AcadBldg16AP4 (Info): Deauthenticating 003065e0de26, reason "Inactivity"
992761843 Jun 17 03:10:43 AcadBldg16AP4 AcadBldg16AP4 (Info): Station 003065e0de26 Authenticated
992761843 Jun 17 03:10:43 AcadBldg16AP4 AcadBldg16AP4 (Info): Station 003065e0de26 Associated
992762538 Jun 17 03:22:18 ResBldg13AP2 ResBldg13AP2 (Info): Deauthenticating 00022d458c14, reason "Inactivity"
992763441 Jun 17 03:37:21 ResBldg13AP2 ResBldg13AP2 (Info): Station 00022d458c14 Authenticated
992763441 Jun 17 03:37:21 ResBldg13AP2 ResBldg13AP2 (Info): Station 00022d458c14 Associated
992763651 Jun 17 03:40:51 AcadBldg16AP4 AcadBldg16AP4 (Info): Deauthenticating 003065e0de26, reason "Inactivity"
992763652 Jun 17 03:40:52 AcadBldg16AP4 AcadBldg16AP4 (Info): Station 003065e0de26 Authenticated
992763652 Jun 17 03:40:52 AcadBldg16AP4 AcadBldg16AP4 (Info): Station 003065e0de26 Associated
992765271 Jun 17 04:07:51 ResBldg13AP2 ResBldg13AP2 (Info): Deauthenticating 00022d458c14, reason "Inactivity"
992765460 Jun 17 04:11:00 AcadBldg16AP4 AcadBldg16AP4 (Info): Deauthenticating 003065e0de26, reason "Inactivity"
992765461 Jun 17 04:11:01 AcadBldg16AP4 AcadBldg16AP4 (Info): Station 003065e0de26 Authenticated
992765461 Jun 17 04:11:01 AcadBldg16AP4 AcadBldg16AP4 (Info): Station 003065e0de26 Associated
992767515 Jun 17 04:45:15 ResBldg43AP2 ResBldg43AP2 (Info): Deauthenticating 00306534d07b, reason "Inactivity"
992768487 Jun 17 05:01:27 AcadBldg16AP4 AcadBldg16AP4 (Info): Deauthenticating 003065e0de26, reason "Inactivity"
992768488 Jun 17 05:01:28 AcadBldg16AP4 AcadBldg16AP4 (Info): Station 003065e0de26 Authenticated
992768488 Jun 17 05:01:28 AcadBldg16AP4 AcadBldg16AP4 (Info): Station 003065e0de26 Associated
992769561 Jun 17 05:19:21 ResBldg22AP2 ResBldg22AP2 (Info): Deauthenticating 004096a6153a, reason "Inactivity"
992769562 Jun 17 05:19:22 ResBldg22AP2 ResBldg22AP2 (Info): Deauthenticating 004096667366, reason "Inactivity"
992770296 Jun 17 05:31:36 AcadBldg16AP4 AcadBldg16AP4 (Info): Deauthenticating 003065e0de26, reason "Inactivity"
992770297 Jun 17 05:31:37 AcadBldg16AP4 AcadBldg16AP4 (Info): Station 003065e0de26 Authenticated
992770297 Jun 17 05:31:37 AcadBldg16AP4 AcadBldg16AP4 (Info): Station 003065e0de26 Associated
992772105 Jun 17 06:01:45 AcadBldg16AP4 AcadBldg16AP4 (Info): Deauthenticating 003065e0de26, reason "Inactivity"
992772106 Jun 17 06:01:46 AcadBldg16AP4 AcadBldg16AP4 (Info): Station 003065e0de26 Authenticated
992772106 Jun 17 06:01:46 AcadBldg16AP4 AcadBldg16AP4 (Info): Station 003065e0de26 Associated
992773914 Jun 17 06:31:54 AcadBldg16AP4 AcadBldg16AP4 (Info): Deauthenticating 003065e0de26, reason "Inactivity"
992773915 Jun 17 06:31:55 AcadBldg16AP4 AcadBldg16AP4 (Info): Station 003065e0de26 Authenticated
992773915 Jun 17 06:31:55 AcadBldg16AP4 AcadBldg16AP4 (Info): Station 003065e0de26 Associated
992775548 Jun 17 06:59:08 ResBldg22AP1 ResBldg22AP1 (Info): Station 00409607afd1 Authenticated
992775548 Jun 17 06:59:08 ResBldg22AP1 ResBldg22AP1 (Info): Station 00409607afd1 Associated
992775549 Jun 17 06:59:09 ResBldg22AP2 ResBldg22AP2 (Info): Station 00409607afd1 Authenticated
992775549 Jun 17 06:59:09 ResBldg22AP2 ResBldg22AP2 (Info): Station 00409607afd1 Associated
992775549 Jun 17 06:59:09 ResBldg22AP1 ResBldg22AP1 (Info): Station 00409607afd1 roamed
992775549 Jun 17 06:59:09 ResBldg22AP1 ResBldg22AP1 (Info): Station 00409607afd1 Authenticated
992775549 Jun 17 06:59:09 ResBldg22AP1 ResBldg22AP1 (Info): Station 00409607afd1 Reassociated
992775549 Jun 17 06:59:09 ResBldg22AP2 ResBldg22AP2 (Info): Station 00409607afd1 roamed
992775723 Jun 17 07:02:03 AcadBldg16AP4 AcadBldg16AP4 (Info): Deauthenticating 003065e0de26, reason "Inactivity"
992775724 Jun 17 07:02:04 AcadBldg16AP4 AcadBldg16AP4 (Info): Station 003065e0de26 Authenticated
992775724 Jun 17 07:02:04 AcadBldg16AP4 AcadBldg16AP4 (Info): Station 003065e0de26 Associated
992778352 Jun 17 07:45:52 ResBldg22AP1 ResBldg22AP1 (Info): Deauthenticating 00409607afd1, reason "Inactivity"
992778464 Jun 17 07:47:44 ResBldg56AP3 ResBldg56AP3 (Info): Station 004096fa7ff7 Authenticated
992778466 Jun 17 07:47:46 ResBldg56AP10 ResBldg56AP10 (Info): Station 004096fa7ff7 Authenticated
992778468 Jun 17 07:47:48 ResBldg56AP12 ResBldg56AP12 (Info): Station 004096fa7ff7 Authenticated
992778470 Jun 17 07:47:50 ResBldg56AP3 ResBldg56AP3 (Info): Station 004096fa7ff7 Authenticated
992778473 Jun 17 07:47:53 AcadBldg30AP4 AcadBldg30AP4 (Info): Station 004096fa7ff7 Authenticated
992778473 Jun 17 07:47:53 ResBldg56AP9 ResBldg56AP9 (Info): Station 004096fa7ff7 Authenticated
992778475 Jun 17 07:47:55 ResBldg56AP10 ResBldg56AP10 (Info): Station 004096fa7ff7 Authenticated
992778477 Jun 17 07:47:57 ResBldg56AP12 ResBldg56AP12 (Info): Station 004096fa7ff7 Authenticated
992778479 Jun 17 07:47:59 ResBldg56AP3 ResBldg56AP3 (Info): Station 004096fa7ff7 Authenticated
992778480 Jun 17 07:48:00 ResBldg56AP3 ResBldg56AP3 (Info): Disassociating 004096fa7ff7, reason "Not Associated"
992778480 Jun 17 07:48:00 ResBldg56AP14 ResBldg56AP14 (Info): Station 004096fa7ff7 Authenticated
992778482 Jun 17 07:48:02 ResBldg56AP9 ResBldg56AP9 (Info): Station 004096fa7ff7 Authenticated
992778484 Jun 17 07:48:04 ResBldg56AP10 ResBldg56AP10 (Info): Station 004096fa7ff7 Authenticated
992778486 Jun 17 07:48:06 ResBldg56AP12 ResBldg56AP12 (Info): Station 004096fa7ff7 Authenticated
992778488 Jun 17 07:48:08 ResBldg56AP3 ResBldg56AP3 (Info): Station 004096fa7ff7 Authenticated
992778491 Jun 17 07:48:11 ResBldg56AP13 ResBldg56AP13 (Info): Station 004096fa7ff7 Authenticated
992778491 Jun 17 07:48:11 ResBldg56AP9 ResBldg56AP9 (Info): Station 004096fa7ff7 Authenticated
992778493 Jun 17 07:48:13 ResBldg56AP10 ResBldg56AP10 (Info): Station 004096fa7ff7 Authenticated
992778495 Jun 17 07:48:15 ResBldg56AP10 ResBldg56AP10 (Info): Disassociating 004096fa7ff7, reason "Not Associated"
992778495 Jun 17 07:48:15 ResBldg56AP12 ResBldg56AP12 (Info): Station 004096fa7ff7 Authenticated
992778497 Jun 17 07:48:17 ResBldg56AP3 ResBldg56AP3 (Info): Station 004096fa7ff7 Authenticated
992778499 Jun 17 07:48:19 ResBldg56AP9 ResBldg56AP9 (Info): Station 004096fa7ff7 Authenticated
992778501 Jun 17 07:48:21 ResBldg56AP10 ResBldg56AP10 (Info): Station 004096fa7ff7 Authenticated
992778504 Jun 17 07:48:24 ResBldg56AP12 ResBldg56AP12 (Info): Station 004096fa7ff7 Authenticated
992778506 Jun 17 07:48:26 ResBldg56AP3 ResBldg56AP3 (Info): Station 004096fa7ff7 Authenticated
992778508 Jun 17 07:48:28 SocBldg9AP1 SocBldg9AP1 (Info): Deauthenticating 004096f8258f, reason "Inactivity"
992778509 Jun 17 07:48:29 ResBldg56AP13 ResBldg56AP13 (Info): Station 004096fa7ff7 Authenticated
992778509 Jun 17 07:48:29 ResBldg56AP9 ResBldg56AP9 (Info): Station 004096fa7ff7 Authenticated
992778511 Jun 17 07:48:31 ResBldg56AP10 ResBldg56AP10 (Info): Station 004096fa7ff7 Authenticated
992778513 Jun 17 07:48:33 ResBldg56AP12 ResBldg56AP12 (Info): Station 004096fa7ff7 Authenticated
992778515 Jun 17 07:48:35 ResBldg56AP3 ResBldg56AP3 (Info): Station 004096fa7ff7 Authenticated
992778518 Jun 17 07:48:38 ResBldg56AP14 ResBldg56AP14 (Info): Station 004096fa7ff7 Authenticated
992778520 Jun 17 07:48:40 ResBldg56AP9 ResBldg56AP9 (Info): Station 004096fa7ff7 Authenticated
992778522 Jun 17 07:48:42 ResBldg56AP10 ResBldg56AP10 (Info): Station 004096fa7ff7 Authenticated
992778524 Jun 17 07:48:44 ResBldg56AP12 ResBldg56AP12 (Info): Station 004096fa7ff7 Authenticated
992778526 Jun 17 07:48:46 ResBldg56AP3 ResBldg56AP3 (Info): Station 004096fa7ff7 Authenticated
992778528 Jun 17 07:48:48 ResBldg56AP9 ResBldg56AP9 (Info): Station 004096fa7ff7 Authenticated
992778530 Jun 17 07:48:50 ResBldg56AP10 ResBldg56AP10 (Info): Station 004096fa7ff7 Authenticated
992778533 Jun 17 07:48:53 ResBldg56AP12 ResBldg56AP12 (Info): Station 004096fa7ff7 Authenticated
992778535 Jun 17 07:48:55 ResBldg56AP3 ResBldg56AP3 (Info): Station 004096fa7ff7 Authenticated
992778536 Jun 17 07:48:56 ResBldg56AP3 ResBldg56AP3 (Info): Disassociating 004096fa7ff7, reason "Not Associated"
992778538 Jun 17 07:48:58 ResBldg56AP14 ResBldg56AP14 (Info): Station 004096fa7ff7 Authenticated
992778540 Jun 17 07:49:00 ResBldg56AP9 ResBldg56AP9 (Info): Station 004096fa7ff7 Authenticated
992778542 Jun 17 07:49:02 ResBldg56AP10 ResBldg56AP10 (Info): Station 004096fa7ff7 Authenticated
992778544 Jun 17 07:49:04 ResBldg56AP12 ResBldg56AP12 (Info): Station 004096fa7ff7 Authenticated
992778546 Jun 17 07:49:06 ResBldg56AP3 ResBldg56AP3 (Info): Station 004096fa7ff7 Authenticated
992778549 Jun 17 07:49:09 ResBldg56AP14 ResBldg56AP14 (Info): Station 004096fa7ff7 Authenticated
992778551 Jun 17 07:49:11 ResBldg56AP9 ResBldg56AP9 (Info): Station 004096fa7ff7 Authenticated
992778553 Jun 17 07:49:13 ResBldg56AP10 ResBldg56AP10 (Info): Station 004096fa7ff7 Authenticated
992778555 Jun 17 07:49:15 ResBldg56AP12 ResBldg56AP12 (Info): Station 004096fa7ff7 Authenticated
992778557 Jun 17 07:49:17 ResBldg56AP3 ResBldg56AP3 (Info): Station 004096fa7ff7 Authenticated
992778559 Jun 17 07:49:19 ResBldg56AP14 ResBldg56AP14 (Info): Station 004096fa7ff7 Authenticated
992778562 Jun 17 07:49:22 ResBldg56AP9 ResBldg56AP9 (Info): Station 004096fa7ff7 Authenticated
992778564 Jun 17 07:49:24 ResBldg56AP10 ResBldg56AP10 (Info): Station 004096fa7ff7 Authenticated
992778566 Jun 17 07:49:26 ResBldg56AP12 ResBldg56AP12 (Info): Station 004096fa7ff7 Authenticated
992778568 Jun 17 07:49:28 ResBldg56AP3 ResBldg56AP3 (Info): Station 004096fa7ff7 Authenticated
992778571 Jun 17 07:49:31 ResBldg56AP14 ResBldg56AP14 (Info): Station 004096fa7ff7 Authenticated
992778573 Jun 17 07:49:33 ResBldg56AP9 ResBldg56AP9 (Info): Station 004096fa7ff7 Authenticated
992778575 Jun 17 07:49:35 ResBldg56AP10 ResBldg56AP10 (Info): Station 004096fa7ff7 Authenticated
992778578 Jun 17 07:49:38 ResBldg56AP12 ResBldg56AP12 (Info): Station 004096fa7ff7 Authenticated
992778580 Jun 17 07:49:40 ResBldg56AP3 ResBldg56AP3 (Info): Station 004096fa7ff7 Authenticated
992778582 Jun 17 07:49:42 ResBldg56AP14 ResBldg56AP14 (Info): Station 004096fa7ff7 Authenticated
992778584 Jun 17 07:49:44 ResBldg56AP9 ResBldg56AP9 (Info): Station 004096fa7ff7 Authenticated
992778586 Jun 17 07:49:46 ResBldg56AP10 ResBldg56AP10 (Info): Station 004096fa7ff7 Authenticated
992779557 Jun 17 08:05:57 AcadBldg16AP4 AcadBldg16AP4 (Info): Deauthenticating 003065e0de26, reason "Inactivity"
992779558 Jun 17 08:05:58 AcadBldg16AP4 AcadBldg16AP4 (Info): Station 003065e0de26 Authenticated
992779558 Jun 17 08:05:58 AcadBldg16AP4 AcadBldg16AP4 (Info): Station 003065e0de26 Associated
992780294 Jun 17 08:18:14 AcadBldg30AP4 AcadBldg30AP4 (Info): Deauthenticating 004096fa7ff7, reason "Inactivity"
992780309 Jun 17 08:18:29 ResBldg56AP13 ResBldg56AP13 (Info): Deauthenticating 004096fa7ff7, reason "Inactivity"
992780413 Jun 17 08:20:13 ResBldg56AP10 ResBldg56AP10 (Info): Deauthenticating 004096fa7ff7, reason "Inactivity"
992780428 Jun 17 08:20:28 ResBldg56AP14 ResBldg56AP14 (Info): Deauthenticating 004096fa7ff7, reason "Inactivity"
992780429 Jun 17 08:20:29 ResBldg56AP9 ResBldg56AP9 (Info): Deauthenticating 004096fa7ff7, reason "Inactivity"
992780436 Jun 17 08:20:36 ResBldg56AP3 ResBldg56AP3 (Info): Deauthenticating 004096fa7ff7, reason "Inactivity"
992780475 Jun 17 08:21:15 ResBldg56AP12 ResBldg56AP12 (Info): Deauthenticating 004096fa7ff7, reason "Inactivity"
992780673 Jun 17 08:24:33 ResBldg22AP2 ResBldg22AP2 (Info): Station 004096a6153a Authenticated
992780673 Jun 17 08:24:33 ResBldg22AP2 ResBldg22AP2 (Info): Station 004096a6153a Associated
992781366 Jun 17 08:36:06 AcadBldg16AP4 AcadBldg16AP4 (Info): Deauthenticating 003065e0de26, reason "Inactivity"
992781367 Jun 17 08:36:07 AcadBldg16AP4 AcadBldg16AP4 (Info): Station 003065e0de26 Authenticated
992781367 Jun 17 08:36:07 AcadBldg16AP4 AcadBldg16AP4 (Info): Station 003065e0de26 Associated
992781981 Jun 17 08:46:21 AthlBldg2AP4 AthlBldg2AP4 (Info): Station 003065769752 Authenticated
992781992 Jun 17 08:46:32 AthlBldg2AP4 AthlBldg2AP4 (Info): Station 003065769752 Authenticated
992781992 Jun 17 08:46:32 AthlBldg2AP4 AthlBldg2AP4 (Info): Station 003065769752 Associated
992783175 Jun 17 09:06:15 AcadBldg16AP4 AcadBldg16AP4 (Info): Deauthenticating 003065e0de26, reason "Inactivity"
992783176 Jun 17 09:06:16 AcadBldg16AP4 AcadBldg16AP4 (Info): Station 003065e0de26 Authenticated
992783176 Jun 17 09:06:16 AcadBldg16AP4 AcadBldg16AP4 (Info): Station 003065e0de26 Associated
992783478 Jun 17 09:11:18 AthlBldg2AP4 AthlBldg2AP4 (Info): Station 003065769752 Authenticated
992783478 Jun 17 09:11:18 AthlBldg2AP4 AthlBldg2AP4 (Info): Station 003065769752 Associated
992784227 Jun 17 09:23:47 AthlBldg2AP4 AthlBldg2AP4 (Info): Station 003065769752 Authenticated
992784227 Jun 17 09:23:47 AthlBldg2AP4 AthlBldg2AP4 (Info): Station 003065769752 Associated
992784228 Jun 17 09:23:48 AthlBldg2AP4 AthlBldg2AP4 (Info): Station 003065769752 Authenticated
992784228 Jun 17 09:23:48 AthlBldg2AP4 AthlBldg2AP4 (Info): Station 003065769752 Associated
992784439 Jun 17 09:27:19 ResBldg22AP2 ResBldg22AP2 (Info): Station 004096667366 Authenticated
992784439 Jun 17 09:27:19 ResBldg22AP2 ResBldg22AP2 (Info): Station 004096667366 Associated
992784470 Jun 17 09:27:50 ResBldg22AP2 ResBldg22AP2 (Info): Deauthenticating 004096a6153a, reason "Inactivity"
992784551 Jun 17 09:29:11 ResBldg22AP2 ResBldg22AP2 (Info): Station 004096a6153a Authenticated
992784551 Jun 17 09:29:11 ResBldg22AP2 ResBldg22AP2 (Info): Station 004096a6153a Associated
992784556 Jun 17 09:29:16 ResBldg38AP3 ResBldg38AP3 (Info): Deauthenticating 003065a426d2, reason "Inactivity"
992784984 Jun 17 09:36:24 AcadBldg16AP4 AcadBldg16AP4 (Info): Deauthenticating 003065e0de26, reason "Inactivity"
992784985 Jun 17 09:36:25 AcadBldg16AP4 AcadBldg16AP4 (Info): Station 003065e0de26 Authenticated
992784985 Jun 17 09:36:25 AcadBldg16AP4 AcadBldg16AP4 (Info): Station 003065e0de26 Associated
992785322 Jun 17 09:42:02 AthlBldg2AP4 AthlBldg2AP4 (Info): Station 003065769752 Authenticated
992785322 Jun 17 09:42:02 AthlBldg2AP4 AthlBldg2AP4 (Info): Station 003065769752 Associated
992785769 Jun 17 09:49:29 ResBldg22AP1 ResBldg22AP1 (Info): Station 003065fe6512 Authenticated
992785769 Jun 17 09:49:29 ResBldg22AP1 ResBldg22AP1 (Info): Station 003065fe6512 Associated
992786205 Jun 17 09:56:45 AthlBldg2AP4 AthlBldg2AP4 (Info): Station 003065769752 Authenticated
992786205 Jun 17 09:56:45 AthlBldg2AP4 AthlBldg2AP4 (Info): Station 003065769752 Associated
992786209 Jun 17 09:56:49 AthlBldg2AP4 AthlBldg2AP4 (Info): Station 003065769752 Authenticated
992786221 Jun 17 09:57:01 AthlBldg2AP4 AthlBldg2AP4 (Info): Station 003065769752 Authenticated
992786221 Jun 17 09:57:01 AthlBldg2AP4 AthlBldg2AP4 (Info): Station 003065769752 Associated
992786716 Jun 17 10:05:16 ResBldg22AP1 ResBldg22AP1 (Info): Station 00409607afd1 Authenticated
992786716 Jun 17 10:05:16 ResBldg22AP1 ResBldg22AP1 (Info): Station 00409607afd1 Associated
992786716 Jun 17 10:05:16 ResBldg22AP1 ResBldg22AP1 (Info): Station 00409607afd1 Authenticated
992786716 Jun 17 10:05:16 ResBldg22AP1 ResBldg22AP1 (Info): Station 00409607afd1 Associated
992786793 Jun 17 10:06:33 AcadBldg16AP4 AcadBldg16AP4 (Info): Deauthenticating 003065e0de26, reason "Inactivity"
992786794 Jun 17 10:06:34 AcadBldg16AP4 AcadBldg16AP4 (Info): Station 003065e0de26 Authenticated
992786794 Jun 17 10:06:34 AcadBldg16AP4 AcadBldg16AP4 (Info): Station 003065e0de26 Associated
992787827 Jun 17 10:23:47 ResBldg22AP1 ResBldg22AP1 (Info): Deauthenticating 003065fe6512, reason "Inactivity"
992788260 Jun 17 10:31:00 AthlBldg2AP4 AthlBldg2AP4 (Info): Deauthenticating 003065769752, reason "Inactivity"
992788602 Jun 17 10:36:42 AcadBldg16AP4 AcadBldg16AP4 (Info): Deauthenticating 003065e0de26, reason "Inactivity"
992788603 Jun 17 10:36:43 AcadBldg16AP4 AcadBldg16AP4 (Info): Station 003065e0de26 Authenticated
992788603 Jun 17 10:36:43 AcadBldg16AP4 AcadBldg16AP4 (Info): Station 003065e0de26 Associated
992789400 Jun 17 10:50:00 ResBldg22AP1 ResBldg22AP1 (Info): Deauthenticating 003065e0817f, reason "Inactivity"
992790411 Jun 17 11:06:51 AcadBldg16AP4 AcadBldg16AP4 (Info): Deauthenticating 003065e0de26, reason "Inactivity"
992790412 Jun 17 11:06:52 AcadBldg16AP4 AcadBldg16AP4 (Info): Station 003065e0de26 Authenticated
992790412 Jun 17 11:06:52 AcadBldg16AP4 AcadBldg16AP4 (Info): Station 003065e0de26 Associated
992791146 Jun 17 11:19:06 AcadBldg18AP10 AcadBldg18AP10 (Info): Station 003065fb6bb0 Authenticated
992791146 Jun 17 11:19:06 AcadBldg18AP10 AcadBldg18AP10 (Info): Station 003065fb6bb0 Associated
992791629 Jun 17 11:27:09 ResBldg13AP2 ResBldg13AP2 (Info): Station 00022d458c14 Authenticated
992791629 Jun 17 11:27:09 ResBldg13AP2 ResBldg13AP2 (Info): Station 00022d458c14 Associated
992791836 Jun 17 11:30:36 AcadBldg18AP10 AcadBldg18AP10 (Info): Station 003065fb6bb0 Authenticated
992791836 Jun 17 11:30:36 AcadBldg18AP10 AcadBldg18AP10 (Info): Station 003065fb6bb0 Associated
992792220 Jun 17 11:37:00 AcadBldg16AP4 AcadBldg16AP4 (Info): Deauthenticating 003065e0de26, reason "Inactivity"
992792221 Jun 17 11:37:01 AcadBldg16AP4 AcadBldg16AP4 (Info): Station 003065e0de26 Authenticated
992792221 Jun 17 11:37:01 AcadBldg16AP4 AcadBldg16AP4 (Info): Station 003065e0de26 Associated
992793216 Jun 17 11:53:36 AcadBldg10AP7 AcadBldg10AP7 (Info): Station 004096c2420a Authenticated
992793216 Jun 17 11:53:36 AcadBldg10AP7 AcadBldg10AP7 (Info): Station 004096c2420a Associated
992793694 Jun 17 12:01:34 AdmBldg14AP2 AdmBldg14AP2 (Info): Station 0040966b9e99 Authenticated
992793694 Jun 17 12:01:34 AdmBldg14AP2 AdmBldg14AP2 (Info): Station 0040966b9e99 Associated
992794029 Jun 17 12:07:09 AcadBldg16AP4 AcadBldg16AP4 (Info): Deauthenticating 003065e0de26, reason "Inactivity"
992794030 Jun 17 12:07:10 AcadBldg16AP4 AcadBldg16AP4 (Info): Station 003065e0de26 Authenticated
992794030 Jun 17 12:07:10 AcadBldg16AP4 AcadBldg16AP4 (Info): Station 003065e0de26 Associated
992794276 Jun 17 12:11:16 ResBldg38AP3 ResBldg38AP3 (Info): Station 003065a426d2 Authenticated
992794276 Jun 17 12:11:16 ResBldg38AP3 ResBldg38AP3 (Info): Station 003065a426d2 Associated
992794836 Jun 17 12:20:36 ResBldg22AP1 ResBldg22AP1 (Info): Station 003065fe6512 Authenticated
992794836 Jun 17 12:20:36 ResBldg22AP1 ResBldg22AP1 (Info): Station 003065fe6512 Associated
992794952 Jun 17 12:22:32 AcadBldg18AP10 AcadBldg18AP10 (Info): Deauthenticating 003065fb6bb0, reason "Inactivity"
992794964 Jun 17 12:22:44 ResBldg100AP2 ResBldg100AP2 (Info): Station 004096011ce9 Authenticated
992794964 Jun 17 12:22:44 ResBldg100AP2 ResBldg100AP2 (Info): Station 004096011ce9 Associated
992795740 Jun 17 12:35:40 AcadBldg10AP7 AcadBldg10AP7 (Info): Deauthenticating 004096c2420a, reason "Inactivity"
992795838 Jun 17 12:37:18 AcadBldg16AP4 AcadBldg16AP4 (Info): Deauthenticating 003065e0de26, reason "Inactivity"
992795839 Jun 17 12:37:19 AcadBldg16AP4 AcadBldg16AP4 (Info): Station 003065e0de26 Authenticated
992795839 Jun 17 12:37:19 AcadBldg16AP4 AcadBldg16AP4 (Info): Station 003065e0de26 Associated
992796916 Jun 17 12:55:16 ResBldg43AP2 ResBldg43AP2 (Info): Station 00306534d07b Authenticated
992796916 Jun 17 12:55:16 ResBldg43AP2 ResBldg43AP2 (Info): Station 00306534d07b Associated
992797226 Jun 17 13:00:26 ResBldg22AP2 ResBldg22AP2 (Info): Station 004096667366 Authenticated
992797226 Jun 17 13:00:26 ResBldg22AP2 ResBldg22AP2 (Info): Station 004096667366 Associated
992797647 Jun 17 13:07:27 AcadBldg16AP4 AcadBldg16AP4 (Info): Deauthenticating 003065e0de26, reason "Inactivity"
992797648 Jun 17 13:07:28 AcadBldg16AP4 AcadBldg16AP4 (Info): Station 003065e0de26 Authenticated
992797648 Jun 17 13:07:28 AcadBldg16AP4 AcadBldg16AP4 (Info): Station 003065e0de26 Associated
992797755 Jun 17 13:09:15 ResBldg100AP1 ResBldg100AP1 (Info): Station 004096011ce9 Authenticated
992797755 Jun 17 13:09:15 ResBldg100AP1 ResBldg100AP1 (Info): Station 004096011ce9 Reassociated
992797755 Jun 17 13:09:15 ResBldg100AP2 ResBldg100AP2 (Info): Station 004096011ce9 roamed
992800856 Jun 17 14:00:56 ResBldg43AP2 ResBldg43AP2 (Info): Deauthenticating 00306534d07b, reason "Inactivity"
992801187 Jun 17 14:06:27 AcadBldg16AP4 AcadBldg16AP4 (Info): Deauthenticating 003065e0de26, reason "Inactivity"
992801188 Jun 17 14:06:28 AcadBldg16AP4 AcadBldg16AP4 (Info): Station 003065e0de26 Authenticated
992801188 Jun 17 14:06:28 AcadBldg16AP4 AcadBldg16AP4 (Info): Station 003065e0de26 Associated
992801300 Jun 17 14:08:20 ResBldg43AP2 ResBldg43AP2 (Info): Station 00306534d07b Authenticated
992801300 Jun 17 14:08:20 ResBldg43AP2 ResBldg43AP2 (Info): Station 00306534d07b Associated
992802936 Jun 17 14:35:36 AdmBldg14AP2 AdmBldg14AP2 (Info): Deauthenticating 0040966b9e99, reason "Inactivity"
992802997 Jun 17 14:36:37 AcadBldg16AP4 AcadBldg16AP4 (Info): Deauthenticating 003065e0de26, reason "Inactivity"
992802998 Jun 17 14:36:38 AcadBldg16AP4 AcadBldg16AP4 (Info): Station 003065e0de26 Authenticated
992802998 Jun 17 14:36:38 AcadBldg16AP4 AcadBldg16AP4 (Info): Station 003065e0de26 Associated
992803794 Jun 17 14:49:54 ResBldg22AP1 ResBldg22AP1 (Info): Deauthenticating 00409607afd1, reason "Inactivity"
992804807 Jun 17 15:06:47 AcadBldg16AP4 AcadBldg16AP4 (Info): Deauthenticating 003065e0de26, reason "Inactivity"
992804808 Jun 17 15:06:48 AcadBldg16AP4 AcadBldg16AP4 (Info): Station 003065e0de26 Authenticated
992804808 Jun 17 15:06:48 AcadBldg16AP4 AcadBldg16AP4 (Info): Station 003065e0de26 Associated
992804907 Jun 17 15:08:27 ResBldg89AP1 ResBldg89AP1 (Info): Station 003065672efa Authenticated
992804907 Jun 17 15:08:27 ResBldg89AP1 ResBldg89AP1 (Info): Station 003065672efa Associated
992805159 Jun 17 15:12:39 ResBldg13AP2 ResBldg13AP2 (Info): Station 003065ed4f04 Authenticated
992805159 Jun 17 15:12:39 ResBldg13AP2 ResBldg13AP2 (Info): Station 003065ed4f04 Associated
992805180 Jun 17 15:13:00 ResBldg38AP3 ResBldg38AP3 (Info): Deauthenticating 003065a426d2, reason "Inactivity"
992805280 Jun 17 15:14:40 ResBldg22AP1 ResBldg22AP1 (Info): Station 00409607afd1 Authenticated
992805280 Jun 17 15:14:40 ResBldg22AP1 ResBldg22AP1 (Info): Station 00409607afd1 Associated
992805280 Jun 17 15:14:40 ResBldg22AP1 ResBldg22AP1 (Info): Station 00409607afd1 Authenticated
992805280 Jun 17 15:14:40 ResBldg22AP1 ResBldg22AP1 (Info): Station 00409607afd1 Associated
992806615 Jun 17 15:36:55 ResBldg89AP1 ResBldg89AP1 (Info): Station 003065672efa Authenticated
992806615 Jun 17 15:36:55 ResBldg89AP1 ResBldg89AP1 (Info): Station 003065672efa Associated
992806616 Jun 17 15:36:56 AcadBldg16AP4 AcadBldg16AP4 (Info): Deauthenticating 003065e0de26, reason "Inactivity"
992806617 Jun 17 15:36:57 AcadBldg16AP4 AcadBldg16AP4 (Info): Station 003065e0de26 Authenticated
992806617 Jun 17 15:36:57 AcadBldg16AP4 AcadBldg16AP4 (Info): Station 003065e0de26 Associated
992806978 Jun 17 15:42:58 ResBldg22AP1 ResBldg22AP1 (Info): Station 00409607afd1 Authenticated
992806978 Jun 17 15:42:58 ResBldg22AP1 ResBldg22AP1 (Info): Station 00409607afd1 Associated
992806978 Jun 17 15:42:58 ResBldg22AP2 ResBldg22AP2 (Info): Station 00409607afd1 Authenticated
992806978 Jun 17 15:42:58 ResBldg22AP2 ResBldg22AP2 (Info): Station 00409607afd1 Associated
992806978 Jun 17 15:42:58 ResBldg22AP1 ResBldg22AP1 (Info): Station 00409607afd1 roamed
992807547 Jun 17 15:52:27 ResBldg13AP1 ResBldg13AP1 (Info): Station 0050da25fe2d Authenticated
992807547 Jun 17 15:52:27 ResBldg13AP1 ResBldg13AP1 (Info): Station 0050da25fe2d Associated
992807889 Jun 17 15:58:09 ResBldg13AP2 ResBldg13AP2 (Info): Deauthenticating 0050da25fe2d, reason "Must Authenticate Before Associating"
992807889 Jun 17 15:58:09 ResBldg13AP2 ResBldg13AP2 (Info): Station 0050da25fe2d Authenticated
992807889 Jun 17 15:58:09 ResBldg13AP2 ResBldg13AP2 (Info): Station 0050da25fe2d Reassociated
992807889 Jun 17 15:58:09 ResBldg13AP1 ResBldg13AP1 (Info): Station 0050da25fe2d roamed
992808084 Jun 17 16:01:24 ResBldg13AP1 ResBldg13AP1 (Info): Station 0050da25fe2d Reassociated
992808084 Jun 17 16:01:24 ResBldg13AP2 ResBldg13AP2 (Info): Station 0050da25fe2d roamed
992808184 Jun 17 16:03:04 ResBldg13AP1 ResBldg13AP1 (Info): Station 0050da25fe2d Authenticated
992808184 Jun 17 16:03:04 ResBldg13AP1 ResBldg13AP1 (Info): Station 0050da25fe2d Associated
992808291 Jun 17 16:04:51 AcadBldg23AP5 AcadBldg23AP5 (Info): Station 00306554ad08 Authenticated
992808291 Jun 17 16:04:51 AcadBldg23AP5 AcadBldg23AP5 (Info): Station 00306554ad08 Associated
992808348 Jun 17 16:05:48 AcadBldg23AP5 AcadBldg23AP5 (Info): Station 00306554ad08 Authenticated
992808348 Jun 17 16:05:48 AcadBldg23AP5 AcadBldg23AP5 (Info): Station 00306554ad08 Associated
992808425 Jun 17 16:07:05 AcadBldg16AP4 AcadBldg16AP4 (Info): Deauthenticating 003065e0de26, reason "Inactivity"
992808426 Jun 17 16:07:06 AcadBldg16AP4 AcadBldg16AP4 (Info): Station 003065e0de26 Authenticated
992808426 Jun 17 16:07:06 AcadBldg16AP4 AcadBldg16AP4 (Info): Station 003065e0de26 Associated
992809336 Jun 17 16:22:16 ResBldg13AP2 ResBldg13AP2 (Info): Station 0050da25fe2d Reassociated
992809336 Jun 17 16:22:16 ResBldg13AP1 ResBldg13AP1 (Info): Station 0050da25fe2d roamed
992809401 Jun 17 16:23:21 ResBldg13AP1 ResBldg13AP1 (Info): Station 0050da25fe2d Reassociated
992809401 Jun 17 16:23:21 ResBldg13AP2 ResBldg13AP2 (Info): Station 0050da25fe2d roamed
992809578 Jun 17 16:26:18 ResBldg22AP1 ResBldg22AP1 (Info): Station 00409607afd1 Authenticated
992809578 Jun 17 16:26:18 ResBldg22AP1 ResBldg22AP1 (Info): Station 00409607afd1 Associated
992809578 Jun 17 16:26:18 ResBldg22AP2 ResBldg22AP2 (Info): Station 00409607afd1 roamed
992809578 Jun 17 16:26:18 ResBldg22AP1 ResBldg22AP1 (Info): Station 00409607afd1 Authenticated
992809578 Jun 17 16:26:18 ResBldg22AP1 ResBldg22AP1 (Info): Station 00409607afd1 Associated
992809863 Jun 17 16:31:03 ResBldg13AP2 ResBldg13AP2 (Info): Deauthenticating 003065ed4f04, reason "Inactivity"
992810234 Jun 17 16:37:14 AcadBldg16AP4 AcadBldg16AP4 (Info): Deauthenticating 003065e0de26, reason "Inactivity"
992810235 Jun 17 16:37:15 AcadBldg16AP4 AcadBldg16AP4 (Info): Station 003065e0de26 Authenticated
992810235 Jun 17 16:37:15 AcadBldg16AP4 AcadBldg16AP4 (Info): Station 003065e0de26 Associated
992811222 Jun 17 16:53:42 ResBldg13AP1 ResBldg13AP1 (Info): Deauthenticating 0050da25fe2d, reason "Inactivity"
992811385 Jun 17 16:56:25 ResBldg89AP1 ResBldg89AP1 (Info): Deauthenticating 003065672efa, reason "Inactivity"
992811604 Jun 17 17:00:04 AcadBldg16AP3 AcadBldg16AP3 (Info): Station 004096cf9f64 Authenticated
992811604 Jun 17 17:00:04 AcadBldg16AP3 AcadBldg16AP3 (Info): Station 004096cf9f64 Associated
992811605 Jun 17 17:00:05 AcadBldg16AP3 AcadBldg16AP3 (Info): Station 004096cf9f64 Authenticated
992811605 Jun 17 17:00:05 AcadBldg16AP3 AcadBldg16AP3 (Info): Station 004096cf9f64 Associated
992811605 Jun 17 17:00:05 AcadBldg16AP3 AcadBldg16AP3 (Info): Station 004096cf9f64 Authenticated
992811605 Jun 17 17:00:05 AcadBldg16AP3 AcadBldg16AP3 (Info): Station 004096cf9f64 Associated
992811781 Jun 17 17:03:01 ResBldg22AP1 ResBldg22AP1 (Info): Deauthenticating 00409607afd1, reason "Inactivity"
992812043 Jun 17 17:07:23 AcadBldg16AP4 AcadBldg16AP4 (Info): Deauthenticating 003065e0de26, reason "Inactivity"
992812044 Jun 17 17:07:24 AcadBldg16AP4 AcadBldg16AP4 (Info): Station 003065e0de26 Authenticated
992812044 Jun 17 17:07:24 AcadBldg16AP4 AcadBldg16AP4 (Info): Station 003065e0de26 Associated
992813635 Jun 17 17:33:55 AcadBldg16AP3 AcadBldg16AP3 (Info): Deauthenticating 004096cf9f64, reason "Inactivity"
992813852 Jun 17 17:37:32 AcadBldg16AP4 AcadBldg16AP4 (Info): Deauthenticating 003065e0de26, reason "Inactivity"
992813853 Jun 17 17:37:33 AcadBldg16AP4 AcadBldg16AP4 (Info): Station 003065e0de26 Authenticated
992813853 Jun 17 17:37:33 AcadBldg16AP4 AcadBldg16AP4 (Info): Station 003065e0de26 Associated
992814007 Jun 17 17:40:07 AcadBldg23AP5 AcadBldg23AP5 (Info): Deauthenticating 00306554ad08, reason "Inactivity"
992815661 Jun 17 18:07:41 AcadBldg16AP4 AcadBldg16AP4 (Info): Deauthenticating 003065e0de26, reason "Inactivity"
992815662 Jun 17 18:07:42 AcadBldg16AP4 AcadBldg16AP4 (Info): Station 003065e0de26 Authenticated
992815662 Jun 17 18:07:42 AcadBldg16AP4 AcadBldg16AP4 (Info): Station 003065e0de26 Associated
992815977 Jun 17 18:12:57 ResBldg43AP2 ResBldg43AP2 (Info): Deauthenticating 00306534d07b, reason "Inactivity"
992817470 Jun 17 18:37:50 AcadBldg16AP4 AcadBldg16AP4 (Info): Deauthenticating 003065e0de26, reason "Inactivity"
992817471 Jun 17 18:37:51 AcadBldg16AP4 AcadBldg16AP4 (Info): Station 003065e0de26 Authenticated
992817471 Jun 17 18:37:51 AcadBldg16AP4 AcadBldg16AP4 (Info): Station 003065e0de26 Associated
992819279 Jun 17 19:07:59 AcadBldg16AP4 AcadBldg16AP4 (Info): Deauthenticating 003065e0de26, reason "Inactivity"
992819280 Jun 17 19:08:00 AcadBldg16AP4 AcadBldg16AP4 (Info): Station 003065e0de26 Authenticated
992819280 Jun 17 19:08:00 AcadBldg16AP4 AcadBldg16AP4 (Info): Station 003065e0de26 Associated
992820312 Jun 17 19:25:12 ResBldg13AP1 ResBldg13AP1 (Info): Station 0050da25fe2d Authenticated
992820312 Jun 17 19:25:12 ResBldg13AP1 ResBldg13AP1 (Info): Station 0050da25fe2d Associated
992821088 Jun 17 19:38:08 AcadBldg16AP4 AcadBldg16AP4 (Info): Deauthenticating 003065e0de26, reason "Inactivity"
992821089 Jun 17 19:38:09 AcadBldg16AP4 AcadBldg16AP4 (Info): Station 003065e0de26 Authenticated
992821089 Jun 17 19:38:09 AcadBldg16AP4 AcadBldg16AP4 (Info): Station 003065e0de26 Associated
992822897 Jun 17 20:08:17 AcadBldg16AP4 AcadBldg16AP4 (Info): Deauthenticating 003065e0de26, reason "Inactivity"
992822898 Jun 17 20:08:18 AcadBldg16AP4 AcadBldg16AP4 (Info): Station 003065e0de26 Authenticated
992822898 Jun 17 20:08:18 AcadBldg16AP4 AcadBldg16AP4 (Info): Station 003065e0de26 Associated
992824457 Jun 17 20:34:17 ResBldg13AP2 ResBldg13AP2 (Info): Station 0050da25fe2d Authenticated
992824457 Jun 17 20:34:17 ResBldg13AP2 ResBldg13AP2 (Info): Station 0050da25fe2d Associated
992824457 Jun 17 20:34:17 ResBldg13AP1 ResBldg13AP1 (Info): Station 0050da25fe2d roamed
992824462 Jun 17 20:34:22 ResBldg13AP1 ResBldg13AP1 (Info): Station 0050da25fe2d Reassociated
992824462 Jun 17 20:34:22 ResBldg13AP2 ResBldg13AP2 (Info): Station 0050da25fe2d roamed
992824691 Jun 17 20:38:11 ResBldg38AP3 ResBldg38AP3 (Info): Station 003065a426d2 Authenticated
992824691 Jun 17 20:38:11 ResBldg38AP3 ResBldg38AP3 (Info): Station 003065a426d2 Associated
992824706 Jun 17 20:38:26 AcadBldg16AP4 AcadBldg16AP4 (Info): Deauthenticating 003065e0de26, reason "Inactivity"
992824707 Jun 17 20:38:27 AcadBldg16AP4 AcadBldg16AP4 (Info): Station 003065e0de26 Authenticated
992824707 Jun 17 20:38:27 AcadBldg16AP4 AcadBldg16AP4 (Info): Station 003065e0de26 Associated
992826283 Jun 17 21:04:43 ResBldg13AP1 ResBldg13AP1 (Info): Deauthenticating 0050da25fe2d, reason "Inactivity"
992826283 Jun 17 21:04:43 ResBldg13AP1 ResBldg13AP1 (Info): Station 0050da25fe2d Authenticated
992826283 Jun 17 21:04:43 ResBldg13AP1 ResBldg13AP1 (Info): Station 0050da25fe2d Associated
992826351 Jun 17 21:05:51 AcadBldg16AP3 AcadBldg16AP3 (Info): Station 004096cf9f64 Authenticated
992826351 Jun 17 21:05:51 AcadBldg16AP3 AcadBldg16AP3 (Info): Station 004096cf9f64 Associated
992826522 Jun 17 21:08:42 AcadBldg16AP4 AcadBldg16AP4 (Info): Deauthenticating 003065e0de26, reason "Inactivity"
992826523 Jun 17 21:08:43 AcadBldg16AP4 AcadBldg16AP4 (Info): Station 003065e0de26 Authenticated
992826523 Jun 17 21:08:43 AcadBldg16AP4 AcadBldg16AP4 (Info): Station 003065e0de26 Associated
992826687 Jun 17 21:11:27 ResBldg38AP3 ResBldg38AP3 (Info): Station 003065a426d2 Authenticated
992826687 Jun 17 21:11:27 ResBldg38AP3 ResBldg38AP3 (Info): Station 003065a426d2 Associated
992827337 Jun 17 21:22:17 ResBldg22AP2 ResBldg22AP2 (Info): Station 00409607afd1 Authenticated
992827337 Jun 17 21:22:17 ResBldg22AP2 ResBldg22AP2 (Info): Station 00409607afd1 Associated
992827337 Jun 17 21:22:17 ResBldg22AP1 ResBldg22AP1 (Info): Station 00409607afd1 Authenticated
992827337 Jun 17 21:22:17 ResBldg22AP1 ResBldg22AP1 (Info): Station 00409607afd1 Associated
992827337 Jun 17 21:22:17 ResBldg22AP2 ResBldg22AP2 (Info): Station 00409607afd1 roamed
992828081 Jun 17 21:34:41 ResBldg22AP1 ResBldg22AP1 (Info): Station 004096f8258f Authenticated
992828081 Jun 17 21:34:41 ResBldg22AP1 ResBldg22AP1 (Info): Station 004096f8258f Associated
992828197 Jun 17 21:36:37 AcadBldg16AP3 AcadBldg16AP3 (Info): Deauthenticating 004096cf9f64, reason "Inactivity"
992828331 Jun 17 21:38:51 AcadBldg16AP4 AcadBldg16AP4 (Info): Deauthenticating 003065e0de26, reason "Inactivity"
992828332 Jun 17 21:38:52 AcadBldg16AP4 AcadBldg16AP4 (Info): Station 003065e0de26 Authenticated
992828332 Jun 17 21:38:52 AcadBldg16AP4 AcadBldg16AP4 (Info): Station 003065e0de26 Associated
992828823 Jun 17 21:47:03 ResBldg22AP2 ResBldg22AP2 (Info): Station 00409607afd1 Authenticated
992828823 Jun 17 21:47:03 ResBldg22AP2 ResBldg22AP2 (Info): Station 00409607afd1 Associated
992828823 Jun 17 21:47:03 ResBldg22AP1 ResBldg22AP1 (Info): Station 00409607afd1 roamed
992828823 Jun 17 21:47:03 ResBldg22AP1 ResBldg22AP1 (Info): Station 00409607afd1 Authenticated
992828823 Jun 17 21:47:03 ResBldg22AP1 ResBldg22AP1 (Info): Station 00409607afd1 Associated
992828823 Jun 17 21:47:03 ResBldg22AP2 ResBldg22AP2 (Info): Station 00409607afd1 roamed
992829824 Jun 17 22:03:44 AcadBldg10AP2 AcadBldg10AP2 (Info): Deauthenticating 004096fc09c6, reason "Inactivity"
992829944 Jun 17 22:05:44 ResBldg22AP1 ResBldg22AP1 (Info): Station 00409607afd1 Authenticated
992829944 Jun 17 22:05:44 ResBldg22AP1 ResBldg22AP1 (Info): Station 00409607afd1 Associated
992829944 Jun 17 22:05:44 ResBldg22AP2 ResBldg22AP2 (Info): Station 00409607afd1 Authenticated
992829944 Jun 17 22:05:44 ResBldg22AP2 ResBldg22AP2 (Info): Station 00409607afd1 Associated
992829944 Jun 17 22:05:44 ResBldg22AP1 ResBldg22AP1 (Info): Station 00409607afd1 roamed
992831898 Jun 17 22:38:18 AcadBldg16AP4 AcadBldg16AP4 (Info): Deauthenticating 003065e0de26, reason "Inactivity"
992831899 Jun 17 22:38:19 AcadBldg16AP4 AcadBldg16AP4 (Info): Station 003065e0de26 Authenticated
992831899 Jun 17 22:38:19 AcadBldg16AP4 AcadBldg16AP4 (Info): Station 003065e0de26 Associated
992832044 Jun 17 22:40:44 AcadBldg10AP18 AcadBldg10AP18 (Info): Station 003065b2c127 Authenticated
992832044 Jun 17 22:40:44 AcadBldg10AP18 AcadBldg10AP18 (Info): Station 003065b2c127 Associated
992832270 Jun 17 22:44:30 ResBldg22AP1 ResBldg22AP1 (Info): Deauthenticating 004096f8258f, reason "Inactivity"
992833038 Jun 17 22:57:18 ResBldg22AP1 ResBldg22AP1 (Info): Station 00409607afd1 Authenticated
992833038 Jun 17 22:57:18 ResBldg22AP1 ResBldg22AP1 (Info): Station 00409607afd1 Reassociated
992833038 Jun 17 22:57:18 ResBldg22AP2 ResBldg22AP2 (Info): Station 00409607afd1 roamed
992833707 Jun 17 23:08:27 AcadBldg16AP4 AcadBldg16AP4 (Info): Deauthenticating 003065e0de26, reason "Inactivity"
992833708 Jun 17 23:08:28 AcadBldg16AP4 AcadBldg16AP4 (Info): Station 003065e0de26 Authenticated
992833708 Jun 17 23:08:28 AcadBldg16AP4 AcadBldg16AP4 (Info): Station 003065e0de26 Associated
992833920 Jun 17 23:12:00 AcadBldg16AP2 AcadBldg16AP2 (Info): Station 004096fde907 Authenticated
992833920 Jun 17 23:12:00 AcadBldg16AP2 AcadBldg16AP2 (Info): Station 004096fde907 Associated
992834427 Jun 17 23:20:27 AcadBldg10AP18 AcadBldg10AP18 (Info): Deauthenticating 003065b2c127, reason "Inactivity"
992835078 Jun 17 23:31:18 ResBldg22AP1 ResBldg22AP1 (Info): Deauthenticating 00409607afd1, reason "Inactivity"
992835516 Jun 17 23:38:36 AcadBldg16AP4 AcadBldg16AP4 (Info): Deauthenticating 003065e0de26, reason "Inactivity"
992835517 Jun 17 23:38:37 AcadBldg16AP4 AcadBldg16AP4 (Info): Station 003065e0de26 Authenticated
992835517 Jun 17 23:38:37 AcadBldg16AP4 AcadBldg16AP4 (Info): Station 003065e0de26 Associated
992836443 Jun 17 23:54:03 AcadBldg16AP2 AcadBldg16AP2 (Info): Deauthenticating 004096fde907, reason "Inactivity"
992836684 Jun 17 23:58:04 ResBldg15AP2 ResBldg15AP2 (Info): Station 004096f8258f Authenticated
992836684 Jun 17 23:58:04 ResBldg15AP2 ResBldg15AP2 (Info): Station 004096f8258f Associated
992836754 Jun 17 23:59:14 ResBldg38AP3 ResBldg38AP3 (Info): Station 003065a426d2 Authenticated
992836754 Jun 17 23:59:14 ResBldg38AP3 ResBldg38AP3 (Info): Station 003065a426d2 Associated
