987480262 Apr 17 00:04:22 AcadBldg16AP3 AcadBldg16AP3 (Info): Station 004096fde907 Authenticated
987480262 Apr 17 00:04:22 AcadBldg16AP3 AcadBldg16AP3 (Info): Station 004096fde907 Associated
987481190 Apr 17 00:19:50 AcadBldg16AP2 AcadBldg16AP2 (Info): Station 00409638aef9 Authenticated
987481190 Apr 17 00:19:50 AcadBldg16AP2 AcadBldg16AP2 (Info): Station 00409638aef9 Associated
987482138 Apr 17 00:35:38 AcadBldg16AP3 AcadBldg16AP3 (Info): Deauthenticating 004096fde907, reason "Inactivity"
987482824 Apr 17 00:47:04 AcadBldg16AP4 AcadBldg16AP4 (Info): Deauthenticating 003065e0de26, reason "Inactivity"
987482825 Apr 17 00:47:05 AcadBldg16AP4 AcadBldg16AP4 (Info): Station 003065e0de26 Authenticated
987482825 Apr 17 00:47:05 AcadBldg16AP4 AcadBldg16AP4 (Info): Station 003065e0de26 Associated
987483039 Apr 17 00:50:39 AcadBldg16AP2 AcadBldg16AP2 (Info): Deauthenticating 00409638aef9, reason "Inactivity"
987486425 Apr 17 01:47:05 AcadBldg16AP4 AcadBldg16AP4 (Info): Deauthenticating 003065e0de26, reason "Inactivity"
987486426 Apr 17 01:47:06 AcadBldg16AP4 AcadBldg16AP4 (Info): Station 003065e0de26 Authenticated
987486426 Apr 17 01:47:06 AcadBldg16AP4 AcadBldg16AP4 (Info): Station 003065e0de26 Associated
987490035 Apr 17 02:47:15 AcadBldg16AP4 AcadBldg16AP4 (Info): Deauthenticating 003065e0de26, reason "Inactivity"
987490036 Apr 17 02:47:16 AcadBldg16AP4 AcadBldg16AP4 (Info): Station 003065e0de26 Authenticated
987490036 Apr 17 02:47:16 AcadBldg16AP4 AcadBldg16AP4 (Info): Station 003065e0de26 Associated
987493640 Apr 17 03:47:20 AcadBldg16AP4 AcadBldg16AP4 (Info): Deauthenticating 003065e0de26, reason "Inactivity"
987493641 Apr 17 03:47:21 AcadBldg16AP4 AcadBldg16AP4 (Info): Station 003065e0de26 Authenticated
987493641 Apr 17 03:47:21 AcadBldg16AP4 AcadBldg16AP4 (Info): Station 003065e0de26 Associated
987497247 Apr 17 04:47:27 AcadBldg16AP4 AcadBldg16AP4 (Info): Deauthenticating 003065e0de26, reason "Inactivity"
987497249 Apr 17 04:47:29 AcadBldg16AP4 AcadBldg16AP4 (Info): Station 003065e0de26 Authenticated
987497249 Apr 17 04:47:29 AcadBldg16AP4 AcadBldg16AP4 (Info): Station 003065e0de26 Associated
987500851 Apr 17 05:47:31 AcadBldg16AP4 AcadBldg16AP4 (Info): Deauthenticating 003065e0de26, reason "Inactivity"
987500852 Apr 17 05:47:32 AcadBldg16AP4 AcadBldg16AP4 (Info): Station 003065e0de26 Authenticated
987500852 Apr 17 05:47:32 AcadBldg16AP4 AcadBldg16AP4 (Info): Station 003065e0de26 Associated
987504456 Apr 17 06:47:36 AcadBldg16AP4 AcadBldg16AP4 (Info): Deauthenticating 003065e0de26, reason "Inactivity"
987504457 Apr 17 06:47:37 AcadBldg16AP4 AcadBldg16AP4 (Info): Station 003065e0de26 Authenticated
987504457 Apr 17 06:47:37 AcadBldg16AP4 AcadBldg16AP4 (Info): Station 003065e0de26 Associated
987506662 Apr 17 07:24:22 AcadBldg33AP6 AcadBldg33AP6 (Info): Station 004096daa8fe Authenticated
987506662 Apr 17 07:24:22 AcadBldg33AP6 AcadBldg33AP6 (Info): Station 004096daa8fe Associated
987506983 Apr 17 07:29:43 AdmBldg19AP3 AdmBldg19AP3 (Info): Station 0040961e58be Authenticated
987506983 Apr 17 07:29:43 AdmBldg19AP3 AdmBldg19AP3 (Info): Station 0040961e58be Associated
987506994 Apr 17 07:29:54 AdmBldg19AP3 AdmBldg19AP3 (Info): Station 0040961e58be Authenticated
987507028 Apr 17 07:30:28 AdmBldg19AP3 AdmBldg19AP3 (Info): Station 0040961e58be Reassociated
987507074 Apr 17 07:31:14 AdmBldg19AP3 AdmBldg19AP3 (Info): Station 0040961e58be Authenticated
987507108 Apr 17 07:31:48 AdmBldg19AP3 AdmBldg19AP3 (Info): Station 0040961e58be Authenticated
987507108 Apr 17 07:31:48 AdmBldg19AP3 AdmBldg19AP3 (Info): Station 0040961e58be Reassociated
987507152 Apr 17 07:32:32 AdmBldg19AP3 AdmBldg19AP3 (Info): Station 0040961e58be Authenticated
987507152 Apr 17 07:32:32 AdmBldg19AP3 AdmBldg19AP3 (Info): Station 0040961e58be Reassociated
987507176 Apr 17 07:32:56 AdmBldg19AP3 AdmBldg19AP3 (Info): Station 0040961e58be Reassociated
987507184 Apr 17 07:33:04 AdmBldg19AP3 AdmBldg19AP3 (Info): Station 0040961e58be Reassociated
987507227 Apr 17 07:33:47 AdmBldg19AP3 AdmBldg19AP3 (Info): Station 0040961e58be Reassociated
987507260 Apr 17 07:34:20 AdmBldg19AP3 AdmBldg19AP3 (Info): Station 0040961e58be Authenticated
987507292 Apr 17 07:34:52 AdmBldg19AP3 AdmBldg19AP3 (Info): Station 0040961e58be Authenticated
987507329 Apr 17 07:35:29 AdmBldg19AP3 AdmBldg19AP3 (Info): Station 0040961e58be Authenticated
987507329 Apr 17 07:35:29 AdmBldg19AP3 AdmBldg19AP3 (Info): Station 0040961e58be Reassociated
987507357 Apr 17 07:35:57 AdmBldg19AP3 AdmBldg19AP3 (Info): Station 0040961e58be Reassociated
987507388 Apr 17 07:36:28 AdmBldg19AP3 AdmBldg19AP3 (Info): Station 0040961e58be Authenticated
987507422 Apr 17 07:37:02 AdmBldg19AP3 AdmBldg19AP3 (Info): Station 0040961e58be Authenticated
987507423 Apr 17 07:37:03 AdmBldg19AP3 AdmBldg19AP3 (Info): Station 0040961e58be Reassociated
987507431 Apr 17 07:37:11 AcadBldg33AP6 AcadBldg33AP6 (Info): Station 003065b40dda Associated
987507431 Apr 17 07:37:11 AcadBldg33AP6 AcadBldg33AP6 (Info): Station 003065b40dda Authenticated
987507454 Apr 17 07:37:34 AdmBldg19AP3 AdmBldg19AP3 (Info): Station 0040961e58be Authenticated
987507491 Apr 17 07:38:11 AdmBldg19AP3 AdmBldg19AP3 (Info): Station 0040961e58be Authenticated
987507523 Apr 17 07:38:43 AdmBldg19AP3 AdmBldg19AP3 (Info): Station 0040961e58be Authenticated
987507558 Apr 17 07:39:18 AdmBldg19AP3 AdmBldg19AP3 (Info): Station 0040961e58be Reassociated
987507595 Apr 17 07:39:55 AdmBldg19AP3 AdmBldg19AP3 (Info): Station 0040961e58be Reassociated
987507658 Apr 17 07:40:58 AdmBldg19AP3 AdmBldg19AP3 (Info): Station 0040961e58be Authenticated
987507689 Apr 17 07:41:29 AdmBldg19AP3 AdmBldg19AP3 (Info): Station 0040961e58be Authenticated
987507771 Apr 17 07:42:51 AdmBldg19AP3 AdmBldg19AP3 (Info): Station 0040961e58be Authenticated
987507868 Apr 17 07:44:28 AdmBldg19AP3 AdmBldg19AP3 (Info): Station 0040961e58be Reassociated
987507964 Apr 17 07:46:04 AdmBldg19AP3 AdmBldg19AP3 (Info): Station 0040961e58be Reassociated
987508058 Apr 17 07:47:38 AcadBldg16AP4 AcadBldg16AP4 (Info): Deauthenticating 003065e0de26, reason "Inactivity"
987508059 Apr 17 07:47:39 AcadBldg16AP4 AcadBldg16AP4 (Info): Station 003065e0de26 Authenticated
987508059 Apr 17 07:47:39 AcadBldg16AP4 AcadBldg16AP4 (Info): Station 003065e0de26 Associated
987508189 Apr 17 07:49:49 AdmBldg19AP3 AdmBldg19AP3 (Info): Station 00601d9bf252 Authenticated
987508189 Apr 17 07:49:49 AdmBldg19AP3 AdmBldg19AP3 (Info): Station 00601d9bf252 Associated
987508484 Apr 17 07:54:44 AdmBldg19AP3 AdmBldg19AP3 (Info): Station 0040961e58be Reassociated
987508556 Apr 17 07:55:56 AdmBldg19AP3 AdmBldg19AP3 (Info): Station 0040961e58be Authenticated
987508556 Apr 17 07:55:56 AdmBldg19AP3 AdmBldg19AP3 (Info): Station 0040961e58be Reassociated
987508640 Apr 17 07:57:20 AdmBldg19AP3 AdmBldg19AP3 (Info): Station 00601df57e26 Authenticated
987508640 Apr 17 07:57:20 AdmBldg19AP3 AdmBldg19AP3 (Info): Station 00601df57e26 Associated
987508649 Apr 17 07:57:29 AcadBldg33AP6 AcadBldg33AP6 (Info): Station 00409630cdc9 Authenticated
987508649 Apr 17 07:57:29 AcadBldg33AP6 AcadBldg33AP6 (Info): Station 00409630cdc9 Associated
987508652 Apr 17 07:57:32 AcadBldg33AP1 AcadBldg33AP1 (Info): Station 00409630cdc9 Reassociated
987508652 Apr 17 07:57:32 AcadBldg33AP6 AcadBldg33AP6 (Info): Station 00409630cdc9 roamed
987508652 Apr 17 07:57:32 AcadBldg33AP6 AcadBldg33AP6 (Info): Station 00409630cdc9 roamed
987508652 Apr 17 07:57:32 AcadBldg33AP1 AcadBldg33AP1 (Info): Station 00409630cdc9 Authenticated
987508672 Apr 17 07:57:52 AcadBldg33AP6 AcadBldg33AP6 (Info): Station 00409630cdc9 Authenticated
987508672 Apr 17 07:57:52 AcadBldg33AP6 AcadBldg33AP6 (Info): Station 00409630cdc9 Reassociated
987508672 Apr 17 07:57:52 AcadBldg33AP1 AcadBldg33AP1 (Info): Station 00409630cdc9 roamed
987508672 Apr 17 07:57:52 AcadBldg33AP1 AcadBldg33AP1 (Info): Station 00409630cdc9 roamed
987508865 Apr 17 08:01:05 AdmBldg19AP3 AdmBldg19AP3 (Info): Station 0040961e58be Reassociated
987508880 Apr 17 08:01:20 AcadBldg33AP2 AcadBldg33AP2 (Info): Station 004096da78e4 Authenticated
987508880 Apr 17 08:01:20 AcadBldg33AP2 AcadBldg33AP2 (Info): Station 004096da78e4 Associated
987508997 Apr 17 08:03:17 AdmBldg19AP3 AdmBldg19AP3 (Info): Station 0040961e58be Reassociated
987509001 Apr 17 08:03:21 AdmBldg19AP3 AdmBldg19AP3 (Info): Station 0040961e58be Reassociated
987509208 Apr 17 08:06:48 AcadBldg33AP1 AcadBldg33AP1 (Info): Station 00409630cdc9 Authenticated
987509208 Apr 17 08:06:48 AcadBldg33AP1 AcadBldg33AP1 (Info): Station 00409630cdc9 Reassociated
987509208 Apr 17 08:06:48 AcadBldg33AP6 AcadBldg33AP6 (Info): Station 00409630cdc9 roamed
987509208 Apr 17 08:06:48 AcadBldg33AP6 AcadBldg33AP6 (Info): Station 00409630cdc9 roamed
987509210 Apr 17 08:06:50 AcadBldg33AP6 AcadBldg33AP6 (Info): Station 00409630cdc9 Authenticated
987509210 Apr 17 08:06:50 AcadBldg33AP6 AcadBldg33AP6 (Info): Station 00409630cdc9 Reassociated
987509210 Apr 17 08:06:50 AcadBldg33AP1 AcadBldg33AP1 (Info): Station 00409630cdc9 roamed
987509210 Apr 17 08:06:50 AcadBldg33AP1 AcadBldg33AP1 (Info): Station 00409630cdc9 roamed
987509253 Apr 17 08:07:33 AcadBldg33AP6 AcadBldg33AP6 (Info): Deauthenticating 003065b40dda, reason "Inactivity"
987509278 Apr 17 08:07:58 AcadBldg33AP2 AcadBldg33AP2 (Info): Station 00409630cdc9 Authenticated
987509278 Apr 17 08:07:58 AcadBldg33AP2 AcadBldg33AP2 (Info): Station 00409630cdc9 Reassociated
987509278 Apr 17 08:07:58 AcadBldg33AP6 AcadBldg33AP6 (Info): Station 00409630cdc9 roamed
987509278 Apr 17 08:07:58 AcadBldg33AP6 AcadBldg33AP6 (Info): Station 00409630cdc9 roamed
987509298 Apr 17 08:08:18 AcadBldg33AP6 AcadBldg33AP6 (Info): Station 00409630cdc9 Authenticated
987509298 Apr 17 08:08:18 AcadBldg33AP6 AcadBldg33AP6 (Info): Station 00409630cdc9 Reassociated
987509298 Apr 17 08:08:18 AcadBldg33AP2 AcadBldg33AP2 (Info): Station 00409630cdc9 roamed
987509298 Apr 17 08:08:18 AcadBldg33AP2 AcadBldg33AP2 (Info): Station 00409630cdc9 roamed
987509298 Apr 17 08:08:18 AdmBldg19AP3 AdmBldg19AP3 (Info): Station 0040961e58be Authenticated
987509298 Apr 17 08:08:18 AdmBldg19AP3 AdmBldg19AP3 (Info): Station 0040961e58be Reassociated
987509318 Apr 17 08:08:38 AcadBldg33AP1 AcadBldg33AP1 (Info): Station 00409630cdc9 Authenticated
987509318 Apr 17 08:08:38 AcadBldg33AP1 AcadBldg33AP1 (Info): Station 00409630cdc9 Reassociated
987509318 Apr 17 08:08:38 AcadBldg33AP6 AcadBldg33AP6 (Info): Station 00409630cdc9 roamed
987509318 Apr 17 08:08:38 AcadBldg33AP6 AcadBldg33AP6 (Info): Station 00409630cdc9 roamed
987509384 Apr 17 08:09:44 AcadBldg33AP6 AcadBldg33AP6 (Info): Station 00409630cdc9 Authenticated
987509384 Apr 17 08:09:44 AcadBldg33AP6 AcadBldg33AP6 (Info): Station 00409630cdc9 Reassociated
987509384 Apr 17 08:09:44 AcadBldg33AP1 AcadBldg33AP1 (Info): Station 00409630cdc9 roamed
987509384 Apr 17 08:09:44 AcadBldg33AP1 AcadBldg33AP1 (Info): Station 00409630cdc9 roamed
987509558 Apr 17 08:12:38 AdmBldg19AP3 AdmBldg19AP3 (Info): Station 0040961e58be Reassociated
987509734 Apr 17 08:15:34 AdmBldg19AP3 AdmBldg19AP3 (Info): Station 0040961e58be Reassociated
987509824 Apr 17 08:17:04 AdmBldg19AP3 AdmBldg19AP3 (Info): Station 0040961e58be Reassociated
987510015 Apr 17 08:20:15 AdmBldg19AP3 AdmBldg19AP3 (Info): Station 0040961e58be Authenticated
987510015 Apr 17 08:20:15 AdmBldg19AP3 AdmBldg19AP3 (Info): Station 0040961e58be Reassociated
987510111 Apr 17 08:21:51 AdmBldg19AP3 AdmBldg19AP3 (Info): Station 0040961e58be Reassociated
987510158 Apr 17 08:22:38 AdmBldg19AP3 AdmBldg19AP3 (Info): Station 0040961e58be Reassociated
987510276 Apr 17 08:24:36 AdmBldg19AP3 AdmBldg19AP3 (Info): Station 0040961e58be Reassociated
987510289 Apr 17 08:24:49 AdmBldg19AP3 AdmBldg19AP3 (Info): Station 0040961e58be Reassociated
987510295 Apr 17 08:24:55 AdmBldg19AP3 AdmBldg19AP3 (Info): Station 0040961e58be Reassociated
987510418 Apr 17 08:26:58 AdmBldg19AP3 AdmBldg19AP3 (Info): Station 0040961e58be Authenticated
987510418 Apr 17 08:26:58 AdmBldg19AP3 AdmBldg19AP3 (Info): Station 0040961e58be Reassociated
987511665 Apr 17 08:47:45 AcadBldg16AP4 AcadBldg16AP4 (Info): Deauthenticating 003065e0de26, reason "Inactivity"
987511666 Apr 17 08:47:46 AcadBldg16AP4 AcadBldg16AP4 (Info): Station 003065e0de26 Authenticated
987511666 Apr 17 08:47:46 AcadBldg16AP4 AcadBldg16AP4 (Info): Station 003065e0de26 Associated
987511747 Apr 17 08:49:07 AcadBldg30AP4 AcadBldg30AP4 (Info): Station 003065fc1494 Authenticated
987511747 Apr 17 08:49:07 AcadBldg30AP4 AcadBldg30AP4 (Info): Station 003065fc1494 Associated
987511786 Apr 17 08:49:46 AcadBldg30AP4 AcadBldg30AP4 (Info): Station 003065fc1494 roamed
987511786 Apr 17 08:49:46 AcadBldg30AP4 AcadBldg30AP4 (Info): Station 003065fc1494 roamed
987511868 Apr 17 08:51:08 AdmBldg12AP7 AdmBldg12AP7 (Info): Station 003065fc1494 Authenticated
987511868 Apr 17 08:51:08 AdmBldg12AP7 AdmBldg12AP7 (Info): Station 003065fc1494 Associated
987511922 Apr 17 08:52:02 AcadBldg30AP4 AcadBldg30AP4 (Info): Station 003065fc1494 Reassociated
987512240 Apr 17 08:57:20 AdmBldg19AP3 AdmBldg19AP3 (Info): Deauthenticating 0040961e58be, reason "Inactivity"
987512576 Apr 17 09:02:56 SocBldg1AP1 SocBldg1AP1 (Info): Station 00306572a9d8 Authenticated
987512576 Apr 17 09:02:56 SocBldg1AP1 SocBldg1AP1 (Info): Station 00306572a9d8 Associated
987512732 Apr 17 09:05:32 SocBldg1AP5 SocBldg1AP5 (Info): Station 0030655b8297 Authenticated
987512732 Apr 17 09:05:32 SocBldg1AP5 SocBldg1AP5 (Info): Station 0030655b8297 Associated
987512761 Apr 17 09:06:01 AcadBldg33AP6 AcadBldg33AP6 (Info): Station 003065fc1494 Authenticated
987512761 Apr 17 09:06:01 AcadBldg33AP6 AcadBldg33AP6 (Info): Station 003065fc1494 Associated
987513243 Apr 17 09:14:03 AcadBldg33AP3 AcadBldg33AP3 (Info): Station 0030653813fd Authenticated
987513243 Apr 17 09:14:03 AcadBldg33AP3 AcadBldg33AP3 (Info): Station 0030653813fd Associated
987513279 Apr 17 09:14:39 AcadBldg16AP3 AcadBldg16AP3 (Info): Station 00601d5eab28 Authenticated
987513279 Apr 17 09:14:39 AcadBldg16AP3 AcadBldg16AP3 (Info): Station 00601d5eab28 Associated
987513281 Apr 17 09:14:41 AcadBldg16AP3 AcadBldg16AP3 (Info): Station 00601d5eab28 Authenticated
987513281 Apr 17 09:14:41 AcadBldg16AP3 AcadBldg16AP3 (Info): Station 00601d5eab28 Associated
987513286 Apr 17 09:14:46 AcadBldg16AP3 AcadBldg16AP3 (Info): Station 00601d5eab28 Authenticated
987513286 Apr 17 09:14:46 AcadBldg16AP3 AcadBldg16AP3 (Info): Station 00601d5eab28 Associated
987513476 Apr 17 09:17:56 AcadBldg16AP3 AcadBldg16AP3 (Info): Station 00601d5eab28 Authenticated
987513476 Apr 17 09:17:56 AcadBldg16AP3 AcadBldg16AP3 (Info): Station 00601d5eab28 Associated
987513478 Apr 17 09:17:58 AcadBldg16AP3 AcadBldg16AP3 (Info): Station 00601d5eab28 Authenticated
987513478 Apr 17 09:17:58 AcadBldg16AP3 AcadBldg16AP3 (Info): Station 00601d5eab28 Associated
987513490 Apr 17 09:18:10 AcadBldg16AP3 AcadBldg16AP3 (Info): Station 00601d5eab28 Authenticated
987513490 Apr 17 09:18:10 AcadBldg16AP3 AcadBldg16AP3 (Info): Station 00601d5eab28 Associated
987513573 Apr 17 09:19:33 SocBldg1AP1 SocBldg1AP1 (Info): Station 00306572a9d8 Authenticated
987513573 Apr 17 09:19:33 SocBldg1AP1 SocBldg1AP1 (Info): Station 00306572a9d8 Associated
987513754 Apr 17 09:22:34 AcadBldg30AP4 AcadBldg30AP4 (Info): Deauthenticating 003065fc1494, reason "Inactivity"
987513788 Apr 17 09:23:08 AdmBldg12AP7 AdmBldg12AP7 (Info): Deauthenticating 003065fc1494, reason "Inactivity"
987514232 Apr 17 09:30:32 AcadBldg16AP3 AcadBldg16AP3 (Info): Station 00601d5eab28 Authenticated
987514232 Apr 17 09:30:32 AcadBldg16AP3 AcadBldg16AP3 (Info): Station 00601d5eab28 Associated
987514417 Apr 17 09:33:37 AcadBldg34AP2 AcadBldg34AP2 (Info): Station 0030653813fd Authenticated
987514500 Apr 17 09:35:00 LibBldg2AP7 LibBldg2AP7 (Info): Deauthenticating 00601db0635a, reason "Must Authenticate Before Associating"
987514500 Apr 17 09:35:00 LibBldg2AP7 LibBldg2AP7 (Info): Station 00601db0635a Authenticated
987514500 Apr 17 09:35:00 LibBldg2AP7 LibBldg2AP7 (Info): Station 00601db0635a Reassociated
987514566 Apr 17 09:36:06 AcadBldg34AP2 AcadBldg34AP2 (Info): Station 0030653813fd Authenticated
987514566 Apr 17 09:36:06 AcadBldg34AP2 AcadBldg34AP2 (Info): Station 0030653813fd Associated
987514850 Apr 17 09:40:50 AcadBldg16AP3 AcadBldg16AP3 (Info): Station 00601d5eab28 Authenticated
987514850 Apr 17 09:40:50 AcadBldg16AP3 AcadBldg16AP3 (Info): Station 00601d5eab28 Associated
987515075 Apr 17 09:44:35 AcadBldg33AP3 AcadBldg33AP3 (Info): Deauthenticating 0030653813fd, reason "Inactivity"
987515267 Apr 17 09:47:47 AdmBldg19AP3 AdmBldg19AP3 (Info): Deauthenticating 0040961e58be, reason "Not Authenticated"
987515270 Apr 17 09:47:50 AcadBldg16AP4 AcadBldg16AP4 (Info): Deauthenticating 003065e0de26, reason "Inactivity"
987515271 Apr 17 09:47:51 AcadBldg16AP4 AcadBldg16AP4 (Info): Station 003065e0de26 Authenticated
987515271 Apr 17 09:47:51 AcadBldg16AP4 AcadBldg16AP4 (Info): Station 003065e0de26 Associated
987515302 Apr 17 09:48:22 AdmBldg19AP3 AdmBldg19AP3 (Info): Deauthenticating 0040961e58be, reason "Not Authenticated"
987515318 Apr 17 09:48:38 AdmBldg19AP3 AdmBldg19AP3 (Info): Deauthenticating 0040961e58be, reason "Not Authenticated"
987515322 Apr 17 09:48:42 AdmBldg19AP3 AdmBldg19AP3 (Info): Deauthenticating 0040961e58be, reason "Must Authenticate Before Associating"
987515322 Apr 17 09:48:42 AdmBldg19AP3 AdmBldg19AP3 (Info): Deauthenticating 0040961e58be, reason "Not Authenticated"
987515360 Apr 17 09:49:20 AdmBldg19AP3 AdmBldg19AP3 (Info): Station 0040961e58be Authenticated
987515360 Apr 17 09:49:20 AdmBldg19AP3 AdmBldg19AP3 (Info): Station 0040961e58be Reassociated
987515416 Apr 17 09:50:16 AdmBldg19AP3 AdmBldg19AP3 (Info): Station 0040961e58be Authenticated
987515476 Apr 17 09:51:16 AdmBldg19AP3 AdmBldg19AP3 (Info): Station 0040961e58be Authenticated
987515476 Apr 17 09:51:16 AdmBldg19AP3 AdmBldg19AP3 (Info): Station 0040961e58be Reassociated
987515537 Apr 17 09:52:17 SocBldg1AP1 SocBldg1AP1 (Info): Deauthenticating 00306572a9d8, reason "Inactivity"
987515624 Apr 17 09:53:44 SocBldg1AP5 SocBldg1AP5 (Info): Deauthenticating 0030655b8297, reason "Inactivity"
987515685 Apr 17 09:54:45 AdmBldg19AP3 AdmBldg19AP3 (Info): Station 0040961e58be Reassociated
987515706 Apr 17 09:55:06 AdmBldg19AP3 AdmBldg19AP3 (Info): Station 0040961e58be Reassociated
987515905 Apr 17 09:58:25 AdmBldg19AP3 AdmBldg19AP3 (Info): Station 0040961e58be Reassociated
987515974 Apr 17 09:59:34 SocBldg1AP1 SocBldg1AP1 (Info): Station 0030655b8297 Authenticated
987515974 Apr 17 09:59:34 SocBldg1AP1 SocBldg1AP1 (Info): Station 0030655b8297 Associated
987516103 Apr 17 10:01:43 AdmBldg19AP3 AdmBldg19AP3 (Info): Station 0040961e58be Authenticated
987516137 Apr 17 10:02:17 AdmBldg19AP3 AdmBldg19AP3 (Info): Station 0040961e58be Authenticated
987516137 Apr 17 10:02:17 AdmBldg19AP3 AdmBldg19AP3 (Info): Station 0040961e58be Reassociated
987516226 Apr 17 10:03:46 AdmBldg19AP3 AdmBldg19AP3 (Info): Station 0040961e58be Authenticated
987516226 Apr 17 10:03:46 AdmBldg19AP3 AdmBldg19AP3 (Info): Station 0040961e58be Reassociated
987516238 Apr 17 10:03:58 AdmBldg19AP3 AdmBldg19AP3 (Info): Station 0040961e58be Reassociated
987516242 Apr 17 10:04:02 AdmBldg19AP3 AdmBldg19AP3 (Info): Station 0040961e58be Reassociated
987516246 Apr 17 10:04:06 AdmBldg19AP3 AdmBldg19AP3 (Info): Station 0040961e58be Authenticated
987516321 Apr 17 10:05:21 LibBldg2AP7 LibBldg2AP7 (Info): Deauthenticating 00601db0635a, reason "Inactivity"
987516342 Apr 17 10:05:42 AdmBldg19AP3 AdmBldg19AP3 (Info): Station 0040961e58be Authenticated
987516395 Apr 17 10:06:35 AcadBldg34AP2 AcadBldg34AP2 (Info): Deauthenticating 0030653813fd, reason "Inactivity"
987516410 Apr 17 10:06:50 AdmBldg19AP3 AdmBldg19AP3 (Info): Station 0040961e58be Authenticated
987516410 Apr 17 10:06:50 AdmBldg19AP3 AdmBldg19AP3 (Info): Station 0040961e58be Reassociated
987516650 Apr 17 10:10:50 AcadBldg16AP3 AcadBldg16AP3 (Info): Deauthenticating 00601d5eab28, reason "Inactivity"
987516671 Apr 17 10:11:11 AdmBldg19AP3 AdmBldg19AP3 (Info): Station 0040961e58be Reassociated
987516706 Apr 17 10:11:46 AdmBldg19AP3 AdmBldg19AP3 (Info): Station 0040961e58be Authenticated
987516706 Apr 17 10:11:46 AdmBldg19AP3 AdmBldg19AP3 (Info): Station 0040961e58be Reassociated
987516868 Apr 17 10:14:28 AdmBldg19AP3 AdmBldg19AP3 (Info): Station 0040961e58be Reassociated
987517538 Apr 17 10:25:38 AcadBldg33AP6 AcadBldg33AP6 (Info): Deauthenticating 00409630cdc9, reason "Inactivity"
987517618 Apr 17 10:26:58 AcadBldg33AP6 AcadBldg33AP6 (Info): Deauthenticating 003065fc1494, reason "Inactivity"
987518075 Apr 17 10:34:35 AdmBldg19AP3 AdmBldg19AP3 (Info): Station 0040961e58be Reassociated
987518227 Apr 17 10:37:07 SocBldg1AP1 SocBldg1AP1 (Info): Deauthenticating 0030655b8297, reason "Inactivity"
987518713 Apr 17 10:45:13 AdmBldg19AP3 AdmBldg19AP3 (Info): Station 0040961e58be Reassociated
987518748 Apr 17 10:45:48 AdmBldg19AP3 AdmBldg19AP3 (Info): Station 0040961e58be Reassociated
987518774 Apr 17 10:46:14 AdmBldg19AP3 AdmBldg19AP3 (Info): Station 0040961e58be Reassociated
987518873 Apr 17 10:47:53 AcadBldg16AP4 AcadBldg16AP4 (Info): Deauthenticating 003065e0de26, reason "Inactivity"
987518874 Apr 17 10:47:54 AcadBldg16AP4 AcadBldg16AP4 (Info): Station 003065e0de26 Authenticated
987518874 Apr 17 10:47:54 AcadBldg16AP4 AcadBldg16AP4 (Info): Station 003065e0de26 Associated
987519548 Apr 17 10:59:08 AdmBldg19AP3 AdmBldg19AP3 (Info): Station 0040961e58be Reassociated
987519932 Apr 17 11:05:32 AcadBldg33AP6 AcadBldg33AP6 (Info): Station 003065fc1494 Authenticated
987519932 Apr 17 11:05:32 AcadBldg33AP6 AcadBldg33AP6 (Info): Station 003065fc1494 Associated
987520019 Apr 17 11:06:59 AdmBldg19AP3 AdmBldg19AP3 (Info): Station 0040961e58be Reassociated
987520425 Apr 17 11:13:45 AdmBldg19AP3 AdmBldg19AP3 (Info): Station 0040961e58be Reassociated
987520676 Apr 17 11:17:56 AcadBldg16AP1 AcadBldg16AP1 (Info): Station 003065d55e08 Authenticated
987520676 Apr 17 11:17:56 AcadBldg16AP1 AcadBldg16AP1 (Info): Station 003065d55e08 Associated
987521124 Apr 17 11:25:24 AdmBldg14AP1 AdmBldg14AP1 (Info): Station 0040966b9e99 Authenticated
987521124 Apr 17 11:25:24 AdmBldg14AP1 AdmBldg14AP1 (Info): Station 0040966b9e99 Associated
987521190 Apr 17 11:26:30 AcadBldg16AP4 AcadBldg16AP4 (Info): Station 003065708c70 Authenticated
987521190 Apr 17 11:26:30 AcadBldg16AP4 AcadBldg16AP4 (Info): Station 003065708c70 Associated
987521213 Apr 17 11:26:53 SocBldg1AP5 SocBldg1AP5 (Info): Station 0030655b8297 Authenticated
987521213 Apr 17 11:26:53 SocBldg1AP5 SocBldg1AP5 (Info): Station 0030655b8297 Associated
987521456 Apr 17 11:30:56 AcadBldg16AP3 AcadBldg16AP3 (Info): Station 003065708c70 Authenticated
987521456 Apr 17 11:30:56 AcadBldg16AP3 AcadBldg16AP3 (Info): Station 003065708c70 Associated
987521456 Apr 17 11:30:56 AcadBldg16AP4 AcadBldg16AP4 (Info): Station 003065708c70 roamed
987521548 Apr 17 11:32:28 AdmBldg14AP2 AdmBldg14AP2 (Info): Station 0040966b9e99 Authenticated
987521548 Apr 17 11:32:28 AdmBldg14AP2 AdmBldg14AP2 (Info): Station 0040966b9e99 Associated
987521548 Apr 17 11:32:28 AdmBldg14AP1 AdmBldg14AP1 (Info): Station 0040966b9e99 roamed
987521548 Apr 17 11:32:28 AdmBldg14AP1 AdmBldg14AP1 (Info): Station 0040966b9e99 roamed
987522451 Apr 17 11:47:31 AdmBldg19AP3 AdmBldg19AP3 (Info): Station 0040961e58be Authenticated
987522451 Apr 17 11:47:31 AdmBldg19AP3 AdmBldg19AP3 (Info): Station 0040961e58be Reassociated
987522475 Apr 17 11:47:55 AcadBldg16AP4 AcadBldg16AP4 (Info): Deauthenticating 003065e0de26, reason "Inactivity"
987522476 Apr 17 11:47:56 AcadBldg16AP4 AcadBldg16AP4 (Info): Station 003065e0de26 Authenticated
987522476 Apr 17 11:47:56 AcadBldg16AP4 AcadBldg16AP4 (Info): Station 003065e0de26 Associated
987522493 Apr 17 11:48:13 AdmBldg19AP3 AdmBldg19AP3 (Info): Station 0040961e58be Reassociated
987522530 Apr 17 11:48:50 SocBldg1AP1 SocBldg1AP1 (Info): Station 00306582237e Authenticated
987522530 Apr 17 11:48:50 SocBldg1AP1 SocBldg1AP1 (Info): Station 00306582237e Associated
987522537 Apr 17 11:48:57 AdmBldg19AP3 AdmBldg19AP3 (Info): Station 0040961e58be Reassociated
987522610 Apr 17 11:50:10 AcadBldg16AP4 AcadBldg16AP4 (Info): Station 003065708c70 Reassociated
987522610 Apr 17 11:50:10 AcadBldg16AP3 AcadBldg16AP3 (Info): Station 003065708c70 roamed
987523297 Apr 17 12:01:37 SocBldg1AP5 SocBldg1AP5 (Info): Deauthenticating 0030655b8297, reason "Inactivity"
987523602 Apr 17 12:06:42 SocBldg1AP1 SocBldg1AP1 (Info): Station 0030655b8297 Authenticated
987523602 Apr 17 12:06:42 SocBldg1AP1 SocBldg1AP1 (Info): Station 0030655b8297 Associated
987523849 Apr 17 12:10:49 AdmBldg19AP3 AdmBldg19AP3 (Info): Station 0040961e58be Authenticated
987523882 Apr 17 12:11:22 AdmBldg19AP3 AdmBldg19AP3 (Info): Station 0040961e58be Authenticated
987523882 Apr 17 12:11:22 AdmBldg19AP3 AdmBldg19AP3 (Info): Station 0040961e58be Reassociated
987523966 Apr 17 12:12:46 AdmBldg19AP3 AdmBldg19AP3 (Info): Station 0040961e58be Reassociated
987524251 Apr 17 12:17:31 SocBldg1AP1 SocBldg1AP1 (Info): Station 0030655b8297 Authenticated
987524251 Apr 17 12:17:31 SocBldg1AP1 SocBldg1AP1 (Info): Station 0030655b8297 Associated
987524358 Apr 17 12:19:18 SocBldg1AP1 SocBldg1AP1 (Info): Deauthenticating 00306582237e, reason "Inactivity"
987524610 Apr 17 12:23:30 AcadBldg25AP4 AcadBldg25AP4 (Info): Station 0030655b8297 Authenticated
987524610 Apr 17 12:23:30 AcadBldg25AP4 AcadBldg25AP4 (Info): Station 0030655b8297 Associated
987524625 Apr 17 12:23:45 SocBldg1AP1 SocBldg1AP1 (Info): Station 0030655b8297 Authenticated
987524625 Apr 17 12:23:45 SocBldg1AP1 SocBldg1AP1 (Info): Station 0030655b8297 Associated
987524628 Apr 17 12:23:48 AcadBldg25AP4 AcadBldg25AP4 (Info): Station 0030655b8297 roamed
987524628 Apr 17 12:23:48 AcadBldg25AP4 AcadBldg25AP4 (Info): Station 0030655b8297 roamed
987524652 Apr 17 12:24:12 AcadBldg30AP4 AcadBldg30AP4 (Info): Station 0030655b8297 Authenticated
987524652 Apr 17 12:24:12 AcadBldg30AP4 AcadBldg30AP4 (Info): Station 0030655b8297 Associated
987524657 Apr 17 12:24:17 AcadBldg30AP4 AcadBldg30AP4 (Info): Station 0030655b8297 roamed
987524657 Apr 17 12:24:17 AcadBldg30AP4 AcadBldg30AP4 (Info): Station 0030655b8297 roamed
987524666 Apr 17 12:24:26 AcadBldg30AP4 AcadBldg30AP4 (Info): Station 0030655b8297 Authenticated
987524669 Apr 17 12:24:29 AcadBldg30AP4 AcadBldg30AP4 (Info): Station 0030655b8297 Associated
987524679 Apr 17 12:24:39 AcadBldg34AP2 AcadBldg34AP2 (Info): Station 0030655b8297 Authenticated
987524679 Apr 17 12:24:39 AcadBldg34AP2 AcadBldg34AP2 (Info): Station 0030655b8297 Associated
987524692 Apr 17 12:24:52 AcadBldg34AP2 AcadBldg34AP2 (Info): Station 0030655b8297 Authenticated
987524692 Apr 17 12:24:52 AcadBldg34AP2 AcadBldg34AP2 (Info): Station 0030655b8297 Associated
987524709 Apr 17 12:25:09 AcadBldg33AP5 AcadBldg33AP5 (Info): Deauthenticating 0030655b8297, reason "Must Authenticate Before Associating"
987524709 Apr 17 12:25:09 AcadBldg33AP5 AcadBldg33AP5 (Info): Station 0030655b8297 Authenticated
987524709 Apr 17 12:25:09 AcadBldg33AP5 AcadBldg33AP5 (Info): Station 0030655b8297 Reassociated
987524895 Apr 17 12:28:15 AcadBldg33AP6 AcadBldg33AP6 (Info): Deauthenticating 003065fc1494, reason "Inactivity"
987525023 Apr 17 12:30:23 AcadBldg33AP5 AcadBldg33AP5 (Info): Station 0030655b8297 Authenticated
987525023 Apr 17 12:30:23 AcadBldg33AP5 AcadBldg33AP5 (Info): Station 0030655b8297 Associated
987525036 Apr 17 12:30:36 LibBldg2AP3 LibBldg2AP3 (Info): Station 0030655b8297 Authenticated
987525036 Apr 17 12:30:36 LibBldg2AP3 LibBldg2AP3 (Info): Station 0030655b8297 Associated
987525044 Apr 17 12:30:44 AcadBldg33AP5 AcadBldg33AP5 (Info): Station 0030655b8297 Reassociated
987525050 Apr 17 12:30:50 AcadBldg33AP1 AcadBldg33AP1 (Info): Station 0030655b8297 Associated
987525050 Apr 17 12:30:50 AcadBldg33AP5 AcadBldg33AP5 (Info): Station 0030655b8297 roamed
987525050 Apr 17 12:30:50 AcadBldg33AP5 AcadBldg33AP5 (Info): Station 0030655b8297 roamed
987525050 Apr 17 12:30:50 AcadBldg33AP1 AcadBldg33AP1 (Info): Station 0030655b8297 Authenticated
987525063 Apr 17 12:31:03 AcadBldg33AP1 AcadBldg33AP1 (Info): Station 0030655b8297 Authenticated
987525063 Apr 17 12:31:03 AcadBldg33AP1 AcadBldg33AP1 (Info): Station 0030655b8297 Associated
987525065 Apr 17 12:31:05 LibBldg2AP3 LibBldg2AP3 (Info): Station 0030655b8297 roamed
987525065 Apr 17 12:31:05 LibBldg2AP3 LibBldg2AP3 (Info): Station 0030655b8297 roamed
987525076 Apr 17 12:31:16 AcadBldg33AP1 AcadBldg33AP1 (Info): Station 0030655b8297 Authenticated
987525076 Apr 17 12:31:16 AcadBldg33AP1 AcadBldg33AP1 (Info): Station 0030655b8297 Associated
987525089 Apr 17 12:31:29 AcadBldg33AP1 AcadBldg33AP1 (Info): Station 0030655b8297 Authenticated
987525089 Apr 17 12:31:29 AcadBldg33AP1 AcadBldg33AP1 (Info): Station 0030655b8297 Associated
987525099 Apr 17 12:31:39 AdmBldg14AP2 AdmBldg14AP2 (Info): Deauthenticating 0030655b8297, reason "Must Authenticate Before Associating"
987525099 Apr 17 12:31:39 AdmBldg14AP2 AdmBldg14AP2 (Info): Station 0030655b8297 Authenticated
987525099 Apr 17 12:31:39 AdmBldg14AP2 AdmBldg14AP2 (Info): Station 0030655b8297 Reassociated
987525099 Apr 17 12:31:39 AcadBldg16AP4 AcadBldg16AP4 (Info): Deauthenticating 003065708c70, reason "Inactivity"
987525100 Apr 17 12:31:40 AcadBldg16AP4 AcadBldg16AP4 (Info): Station 003065708c70 Authenticated
987525100 Apr 17 12:31:40 AcadBldg16AP4 AcadBldg16AP4 (Info): Station 003065708c70 Associated
987525103 Apr 17 12:31:43 AdmBldg14AP1 AdmBldg14AP1 (Info): Station 0030655b8297 Authenticated
987525103 Apr 17 12:31:43 AdmBldg14AP1 AdmBldg14AP1 (Info): Station 0030655b8297 Associated
987525103 Apr 17 12:31:43 AdmBldg14AP2 AdmBldg14AP2 (Info): Station 0030655b8297 roamed
987525103 Apr 17 12:31:43 AdmBldg14AP2 AdmBldg14AP2 (Info): Station 0030655b8297 roamed
987525116 Apr 17 12:31:56 AdmBldg14AP1 AdmBldg14AP1 (Info): Station 0030655b8297 Authenticated
987525116 Apr 17 12:31:56 AdmBldg14AP1 AdmBldg14AP1 (Info): Station 0030655b8297 Associated
987526077 Apr 17 12:47:57 AcadBldg16AP4 AcadBldg16AP4 (Info): Deauthenticating 003065e0de26, reason "Inactivity"
987526078 Apr 17 12:47:58 AcadBldg16AP4 AcadBldg16AP4 (Info): Station 003065e0de26 Authenticated
987526078 Apr 17 12:47:58 AcadBldg16AP4 AcadBldg16AP4 (Info): Station 003065e0de26 Associated
987526449 Apr 17 12:54:09 SocBldg1AP1 SocBldg1AP1 (Info): Deauthenticating 0030655b8297, reason "Inactivity"
987526495 Apr 17 12:54:55 AcadBldg30AP4 AcadBldg30AP4 (Info): Deauthenticating 0030655b8297, reason "Inactivity"
987526523 Apr 17 12:55:23 AcadBldg34AP2 AcadBldg34AP2 (Info): Deauthenticating 0030655b8297, reason "Inactivity"
987526792 Apr 17 12:59:52 AcadBldg16AP2 AcadBldg16AP2 (Info): Station 0040964fb1f3 Authenticated
987526792 Apr 17 12:59:52 AcadBldg16AP4 AcadBldg16AP4 (Info): Station 0040964fb1f3 Authenticated
987526792 Apr 17 12:59:52 AcadBldg16AP4 AcadBldg16AP4 (Info): Station 0040964fb1f3 Associated
987526792 Apr 17 12:59:52 AcadBldg16AP2 AcadBldg16AP2 (Info): Station 0040964fb1f3 roamed
987526856 Apr 17 13:00:56 AcadBldg16AP4 AcadBldg16AP4 (Info): Station 0040964fb1f3 Authenticated
987526856 Apr 17 13:00:56 AcadBldg16AP4 AcadBldg16AP4 (Info): Station 0040964fb1f3 Associated
987526858 Apr 17 13:00:58 AcadBldg16AP4 AcadBldg16AP4 (Info): Station 0040964fb1f3 Authenticated
987526858 Apr 17 13:00:58 AcadBldg16AP4 AcadBldg16AP4 (Info): Station 0040964fb1f3 Associated
987526920 Apr 17 13:02:00 AcadBldg33AP1 AcadBldg33AP1 (Info): Deauthenticating 0030655b8297, reason "Inactivity"
987526927 Apr 17 13:02:07 AdmBldg14AP1 AdmBldg14AP1 (Info): Deauthenticating 0030655b8297, reason "Inactivity"
987526965 Apr 17 13:02:45 AdmBldg19AP3 AdmBldg19AP3 (Info): Station 0040961e58be Authenticated
987526965 Apr 17 13:02:45 AdmBldg19AP3 AdmBldg19AP3 (Info): Station 0040961e58be Reassociated
987527005 Apr 17 13:03:25 AdmBldg19AP3 AdmBldg19AP3 (Info): Station 0040961e58be Authenticated
987527005 Apr 17 13:03:25 AdmBldg19AP3 AdmBldg19AP3 (Info): Station 0040961e58be Reassociated
987527419 Apr 17 13:10:19 AdmBldg19AP3 AdmBldg19AP3 (Info): Station 0040961e58be Reassociated
987527514 Apr 17 13:11:54 AcadBldg16AP3 AcadBldg16AP3 (Info): Station 0040962dc86b Authenticated
987527514 Apr 17 13:11:54 AcadBldg16AP3 AcadBldg16AP3 (Info): Station 0040962dc86b Associated
987528091 Apr 17 13:21:31 AdmBldg19AP3 AdmBldg19AP3 (Info): Station 0040961e58be Authenticated
987528091 Apr 17 13:21:31 AdmBldg19AP3 AdmBldg19AP3 (Info): Station 0040961e58be Reassociated
987528122 Apr 17 13:22:02 AdmBldg19AP3 AdmBldg19AP3 (Info): Station 0040961e58be Authenticated
987528155 Apr 17 13:22:35 AdmBldg19AP3 AdmBldg19AP3 (Info): Station 0040961e58be Authenticated
987528188 Apr 17 13:23:08 AdmBldg19AP3 AdmBldg19AP3 (Info): Station 0040961e58be Reassociated
987528235 Apr 17 13:23:55 AdmBldg16AP1 AdmBldg16AP1 (Info): Station 00601db0635a Authenticated
987528235 Apr 17 13:23:55 AdmBldg16AP1 AdmBldg16AP1 (Info): Station 00601db0635a Associated
987528654 Apr 17 13:30:54 AdmBldg14AP1 AdmBldg14AP1 (Info): Station 004096d3161b Authenticated
987528659 Apr 17 13:30:59 AdmBldg14AP2 AdmBldg14AP2 (Info): Station 004096d3161b Authenticated
987528682 Apr 17 13:31:22 AdmBldg19AP3 AdmBldg19AP3 (Info): Station 0040961e58be Authenticated
987528682 Apr 17 13:31:22 AdmBldg19AP3 AdmBldg19AP3 (Info): Station 0040961e58be Reassociated
987528703 Apr 17 13:31:43 AcadBldg16AP4 AcadBldg16AP4 (Info): Deauthenticating 003065708c70, reason "Inactivity"
987528706 Apr 17 13:31:46 AdmBldg14AP2 AdmBldg14AP2 (Info): Station 004096d3161b Authenticated
987528711 Apr 17 13:31:51 AdmBldg14AP1 AdmBldg14AP1 (Info): Station 004096d3161b Authenticated
987528749 Apr 17 13:32:29 AdmBldg14AP2 AdmBldg14AP2 (Info): Station 004096d3161b Authenticated
987528754 Apr 17 13:32:34 AdmBldg14AP1 AdmBldg14AP1 (Info): Station 004096d3161b Authenticated
987529142 Apr 17 13:39:02 AcadBldg16AP4 AcadBldg16AP4 (Info): Station 0040964fb1f3 Authenticated
987529142 Apr 17 13:39:02 AcadBldg16AP4 AcadBldg16AP4 (Info): Station 0040964fb1f3 Associated
987529201 Apr 17 13:40:01 AcadBldg16AP4 AcadBldg16AP4 (Info): Station 0040964fb1f3 Authenticated
987529201 Apr 17 13:40:01 AcadBldg16AP4 AcadBldg16AP4 (Info): Station 0040964fb1f3 Associated
987529204 Apr 17 13:40:04 AcadBldg16AP4 AcadBldg16AP4 (Info): Station 0040964fb1f3 Authenticated
987529204 Apr 17 13:40:04 AcadBldg16AP4 AcadBldg16AP4 (Info): Station 0040964fb1f3 Associated
987529464 Apr 17 13:44:24 AdmBldg19AP3 AdmBldg19AP3 (Info): Station 0040961e58be Reassociated
987529562 Apr 17 13:46:02 AcadBldg16AP4 AcadBldg16AP4 (Info): Station 0040964fb1f3 Authenticated
987529562 Apr 17 13:46:02 AcadBldg16AP4 AcadBldg16AP4 (Info): Station 0040964fb1f3 Associated
987529665 Apr 17 13:47:45 AdmBldg19AP3 AdmBldg19AP3 (Info): Station 0040961e58be Reassociated
987529679 Apr 17 13:47:59 AcadBldg16AP4 AcadBldg16AP4 (Info): Deauthenticating 003065e0de26, reason "Inactivity"
987529681 Apr 17 13:48:01 AcadBldg16AP4 AcadBldg16AP4 (Info): Station 003065e0de26 Authenticated
987529681 Apr 17 13:48:01 AcadBldg16AP4 AcadBldg16AP4 (Info): Station 003065e0de26 Associated
987529842 Apr 17 13:50:42 AdmBldg19AP3 AdmBldg19AP3 (Info): Station 0040961e58be Authenticated
987529842 Apr 17 13:50:42 AdmBldg19AP3 AdmBldg19AP3 (Info): Station 0040961e58be Reassociated
987529925 Apr 17 13:52:05 AdmBldg19AP3 AdmBldg19AP3 (Info): Station 0040961e58be Reassociated
987529964 Apr 17 13:52:44 AdmBldg19AP3 AdmBldg19AP3 (Info): Station 0040961e58be Authenticated
987529964 Apr 17 13:52:44 AdmBldg19AP3 AdmBldg19AP3 (Info): Station 0040961e58be Reassociated
987530182 Apr 17 13:56:22 AdmBldg19AP3 AdmBldg19AP3 (Info): Station 0040961e58be Reassociated
987530442 Apr 17 14:00:42 AdmBldg19AP3 AdmBldg19AP3 (Info): Station 0040961e58be Reassociated
987530477 Apr 17 14:01:17 AdmBldg19AP3 AdmBldg19AP3 (Info): Station 0040961e58be Authenticated
987530541 Apr 17 14:02:21 AdmBldg19AP3 AdmBldg19AP3 (Info): Station 0040961e58be Reassociated
987530546 Apr 17 14:02:26 AdmBldg19AP3 AdmBldg19AP3 (Info): Station 0040961e58be Reassociated
987530571 Apr 17 14:02:51 AdmBldg14AP2 AdmBldg14AP2 (Info): Deauthenticating 004096d3161b, reason "Inactivity"
987530651 Apr 17 14:04:11 AdmBldg14AP1 AdmBldg14AP1 (Info): Deauthenticating 004096d3161b, reason "Inactivity"
987531257 Apr 17 14:14:17 AdmBldg19AP3 AdmBldg19AP3 (Info): Station 0040961e58be Reassociated
987531308 Apr 17 14:15:08 AdmBldg19AP3 AdmBldg19AP3 (Info): Station 0040961e58be Authenticated
987531308 Apr 17 14:15:08 AdmBldg19AP3 AdmBldg19AP3 (Info): Station 0040961e58be Reassociated
987531312 Apr 17 14:15:12 AcadBldg16AP2 AcadBldg16AP2 (Info): Station 0040966fb204 Authenticated
987531312 Apr 17 14:15:12 AcadBldg16AP2 AcadBldg16AP2 (Info): Station 0040966fb204 Associated
987531365 Apr 17 14:16:05 AcadBldg16AP4 AcadBldg16AP4 (Info): Deauthenticating 0040964fb1f3, reason "Inactivity"
987531435 Apr 17 14:17:15 AdmBldg14AP1 AdmBldg14AP1 (Info): Station 004096d3161b Authenticated
987531435 Apr 17 14:17:15 AdmBldg14AP1 AdmBldg14AP1 (Info): Station 004096d3161b Associated
987531574 Apr 17 14:19:34 AdmBldg19AP3 AdmBldg19AP3 (Info): Station 0040961e58be Authenticated
987531574 Apr 17 14:19:34 AdmBldg19AP3 AdmBldg19AP3 (Info): Station 0040961e58be Reassociated
987531897 Apr 17 14:24:57 AdmBldg14AP1 AdmBldg14AP1 (Info): Station 004096d3161b roamed
987531897 Apr 17 14:24:57 AdmBldg14AP1 AdmBldg14AP1 (Info): Station 004096d3161b roamed
987531898 Apr 17 14:24:58 AdmBldg14AP2 AdmBldg14AP2 (Info): Station 004096d3161b Authenticated
987531898 Apr 17 14:24:58 AdmBldg14AP2 AdmBldg14AP2 (Info): Station 004096d3161b Reassociated
987532069 Apr 17 14:27:49 AdmBldg19AP3 AdmBldg19AP3 (Info): Deauthenticating 00601d9bf252, reason "Inactivity"
987532491 Apr 17 14:34:51 AdmBldg14AP2 AdmBldg14AP2 (Info): Station 004096d3161b Authenticated
987532491 Apr 17 14:34:51 AdmBldg14AP2 AdmBldg14AP2 (Info): Station 004096d3161b Associated
987532507 Apr 17 14:35:07 AdmBldg14AP2 AdmBldg14AP2 (Info): Station 004096d3161b Authenticated
987532507 Apr 17 14:35:07 AdmBldg14AP2 AdmBldg14AP2 (Info): Station 004096d3161b Associated
987533179 Apr 17 14:46:19 LibBldg2AP7 LibBldg2AP7 (Info): Station 0030651794b6 Authenticated
987533179 Apr 17 14:46:19 LibBldg2AP7 LibBldg2AP7 (Info): Station 0030651794b6 Associated
987533275 Apr 17 14:47:55 AcadBldg16AP5 AcadBldg16AP5 (Info): Station 0040966fb204 Authenticated
987533275 Apr 17 14:47:55 AcadBldg16AP5 AcadBldg16AP5 (Info): Station 0040966fb204 Reassociated
987533275 Apr 17 14:47:55 AcadBldg16AP2 AcadBldg16AP2 (Info): Station 0040966fb204 roamed
987533282 Apr 17 14:48:02 AcadBldg16AP4 AcadBldg16AP4 (Info): Deauthenticating 003065e0de26, reason "Inactivity"
987533284 Apr 17 14:48:04 AcadBldg16AP4 AcadBldg16AP4 (Info): Station 003065e0de26 Authenticated
987533284 Apr 17 14:48:04 AcadBldg16AP4 AcadBldg16AP4 (Info): Station 003065e0de26 Associated
987533285 Apr 17 14:48:05 AdmBldg16AP1 AdmBldg16AP1 (Info): Deauthenticating 00601db0635a, reason "Inactivity"
987533286 Apr 17 14:48:06 AdmBldg16AP1 AdmBldg16AP1 (Info): Station 00601db0635a Authenticated
987533286 Apr 17 14:48:06 AdmBldg16AP1 AdmBldg16AP1 (Info): Station 00601db0635a Associated
987533294 Apr 17 14:48:14 AdmBldg14AP2 AdmBldg14AP2 (Info): Station 004096d3161b Authenticated
987533294 Apr 17 14:48:14 AdmBldg14AP2 AdmBldg14AP2 (Info): Station 004096d3161b Associated
987533329 Apr 17 14:48:49 AdmBldg14AP2 AdmBldg14AP2 (Info): Station 004096d3161b Authenticated
987533329 Apr 17 14:48:49 AdmBldg14AP2 AdmBldg14AP2 (Info): Station 004096d3161b Associated
987533330 Apr 17 14:48:50 AdmBldg14AP2 AdmBldg14AP2 (Info): Station 004096d3161b Authenticated
987533330 Apr 17 14:48:50 AdmBldg14AP2 AdmBldg14AP2 (Info): Station 004096d3161b Associated
987533370 Apr 17 14:49:30 AdmBldg14AP2 AdmBldg14AP2 (Info): Station 004096d3161b Authenticated
987533370 Apr 17 14:49:30 AdmBldg14AP2 AdmBldg14AP2 (Info): Station 004096d3161b Associated
987533626 Apr 17 14:53:46 AcadBldg16AP1 AcadBldg16AP1 (Info): Station 003065d55e08 Authenticated
987533626 Apr 17 14:53:46 AcadBldg16AP1 AcadBldg16AP1 (Info): Station 003065d55e08 Associated
987533693 Apr 17 14:54:53 AdmBldg19AP3 AdmBldg19AP3 (Info): Deauthenticating 0040961e58be, reason "Inactivity"
987534285 Apr 17 15:04:45 AcadBldg16AP5 AcadBldg16AP5 (Info): Station 0040966fb204 Authenticated
987534285 Apr 17 15:04:45 AcadBldg16AP5 AcadBldg16AP5 (Info): Station 0040966fb204 Associated
987534634 Apr 17 15:10:34 AcadBldg2AP1 AcadBldg2AP1 (Info): Station 00306526784b Authenticated
987534634 Apr 17 15:10:34 AcadBldg2AP1 AcadBldg2AP1 (Info): Station 00306526784b Associated
987534773 Apr 17 15:12:53 AcadBldg34AP3 AcadBldg34AP3 (Info): Deauthenticating 00306526784b, reason "Must Authenticate Before Associating"
987534773 Apr 17 15:12:53 AcadBldg34AP3 AcadBldg34AP3 (Info): Station 00306526784b Authenticated
987534773 Apr 17 15:12:53 AcadBldg34AP3 AcadBldg34AP3 (Info): Station 00306526784b Reassociated
987534813 Apr 17 15:13:33 AcadBldg2AP1 AcadBldg2AP1 (Info): Station 00306526784b Reassociated
987534866 Apr 17 15:14:26 AcadBldg34AP3 AcadBldg34AP3 (Info): Station 00306526784b Reassociated
987534901 Apr 17 15:15:01 AcadBldg2AP1 AcadBldg2AP1 (Info): Station 00306526784b Reassociated
987535000 Apr 17 15:16:40 LibBldg2AP7 LibBldg2AP7 (Info): Deauthenticating 0030651794b6, reason "Inactivity"
987535101 Apr 17 15:18:21 AcadBldg34AP3 AcadBldg34AP3 (Info): Station 00306526784b Reassociated
987535118 Apr 17 15:18:38 AcadBldg2AP1 AcadBldg2AP1 (Info): Station 00306526784b Reassociated
987535134 Apr 17 15:18:54 AcadBldg16AP1 AcadBldg16AP1 (Info): Station 0040966fb204 Authenticated
987535134 Apr 17 15:18:54 AcadBldg16AP1 AcadBldg16AP1 (Info): Station 0040966fb204 Reassociated
987535134 Apr 17 15:18:54 AcadBldg16AP5 AcadBldg16AP5 (Info): Station 0040966fb204 roamed
987535181 Apr 17 15:19:41 AcadBldg16AP5 AcadBldg16AP5 (Info): Station 0040966fb204 Authenticated
987535181 Apr 17 15:19:41 AcadBldg16AP5 AcadBldg16AP5 (Info): Station 0040966fb204 Reassociated
987535181 Apr 17 15:19:41 AcadBldg16AP1 AcadBldg16AP1 (Info): Station 0040966fb204 roamed
987535563 Apr 17 15:26:03 AcadBldg16AP1 AcadBldg16AP1 (Info): Station 0040966fb204 Authenticated
987535563 Apr 17 15:26:03 AcadBldg16AP1 AcadBldg16AP1 (Info): Station 0040966fb204 Reassociated
987535563 Apr 17 15:26:03 AcadBldg16AP5 AcadBldg16AP5 (Info): Station 0040966fb204 roamed
987535567 Apr 17 15:26:07 AdmBldg16AP1 AdmBldg16AP1 (Info): Deauthenticating 00601db0635a, reason "Inactivity"
987535569 Apr 17 15:26:09 AdmBldg16AP1 AdmBldg16AP1 (Info): Station 00601db0635a Authenticated
987535569 Apr 17 15:26:09 AdmBldg16AP1 AdmBldg16AP1 (Info): Station 00601db0635a Associated
987535687 Apr 17 15:28:07 AcadBldg16AP2 AcadBldg16AP2 (Info): Station 0040966fb204 Authenticated
987535687 Apr 17 15:28:07 AcadBldg16AP2 AcadBldg16AP2 (Info): Station 0040966fb204 Reassociated
987535687 Apr 17 15:28:07 AcadBldg16AP1 AcadBldg16AP1 (Info): Station 0040966fb204 roamed
987535961 Apr 17 15:32:41 AcadBldg16AP5 AcadBldg16AP5 (Info): Station 0040966fb204 Authenticated
987535961 Apr 17 15:32:41 AcadBldg16AP5 AcadBldg16AP5 (Info): Station 0040966fb204 Associated
987535961 Apr 17 15:32:41 AcadBldg16AP2 AcadBldg16AP2 (Info): Station 0040966fb204 roamed
987536153 Apr 17 15:35:53 AcadBldg16AP5 AcadBldg16AP5 (Info): Station 0040966fb204 Authenticated
987536153 Apr 17 15:35:53 AcadBldg16AP5 AcadBldg16AP5 (Info): Station 0040966fb204 Associated
987536666 Apr 17 15:44:26 AcadBldg31AP3 AcadBldg31AP3 (Info): Deauthenticating 0030651f7707, reason "Must Authenticate Before Associating"
987536666 Apr 17 15:44:26 AcadBldg31AP3 AcadBldg31AP3 (Info): Station 0030651f7707 Authenticated
987536666 Apr 17 15:44:26 AcadBldg31AP3 AcadBldg31AP3 (Info): Station 0030651f7707 Reassociated
987536868 Apr 17 15:47:48 AcadBldg31AP3 AcadBldg31AP3 (Info): Station 0030651f7707 Authenticated
987536868 Apr 17 15:47:48 AcadBldg31AP3 AcadBldg31AP3 (Info): Station 0030651f7707 Associated
987536886 Apr 17 15:48:06 AcadBldg16AP4 AcadBldg16AP4 (Info): Deauthenticating 003065e0de26, reason "Inactivity"
987536888 Apr 17 15:48:08 AcadBldg16AP4 AcadBldg16AP4 (Info): Station 003065e0de26 Authenticated
987536888 Apr 17 15:48:08 AcadBldg16AP4 AcadBldg16AP4 (Info): Station 003065e0de26 Associated
987536918 Apr 17 15:48:38 AcadBldg34AP3 AcadBldg34AP3 (Info): Deauthenticating 00306526784b, reason "Inactivity"
987536982 Apr 17 15:49:42 AdmBldg19AP3 AdmBldg19AP3 (Info): Deauthenticating 00601df57e26, reason "Inactivity"
987537171 Apr 17 15:52:51 AcadBldg31AP2 AcadBldg31AP2 (Info): Deauthenticating 0030651f7707, reason "Must Authenticate Before Associating"
987537171 Apr 17 15:52:51 AcadBldg31AP2 AcadBldg31AP2 (Info): Station 0030651f7707 Authenticated
987537171 Apr 17 15:52:51 AcadBldg31AP2 AcadBldg31AP2 (Info): Station 0030651f7707 Reassociated
987537171 Apr 17 15:52:51 AcadBldg31AP3 AcadBldg31AP3 (Info): Station 0030651f7707 roamed
987537171 Apr 17 15:52:51 AcadBldg31AP3 AcadBldg31AP3 (Info): Station 0030651f7707 roamed
987537203 Apr 17 15:53:23 AcadBldg31AP3 AcadBldg31AP3 (Info): Station 0030651f7707 Reassociated
987537203 Apr 17 15:53:23 AcadBldg31AP2 AcadBldg31AP2 (Info): Station 0030651f7707 roamed
987537203 Apr 17 15:53:23 AcadBldg31AP2 AcadBldg31AP2 (Info): Station 0030651f7707 roamed
987537218 Apr 17 15:53:38 AcadBldg31AP3 AcadBldg31AP3 (Info): Station 0030651f7707 roamed
987537218 Apr 17 15:53:38 AcadBldg31AP3 AcadBldg31AP3 (Info): Station 0030651f7707 roamed
987537227 Apr 17 15:53:47 AcadBldg16AP5 AcadBldg16AP5 (Info): Station 0040966fb204 Authenticated
987537227 Apr 17 15:53:47 AcadBldg16AP5 AcadBldg16AP5 (Info): Station 0040966fb204 Associated
987537231 Apr 17 15:53:51 AcadBldg31AP3 AcadBldg31AP3 (Info): Station 0030651f7707 Reassociated
987537324 Apr 17 15:55:24 AcadBldg16AP5 AcadBldg16AP5 (Info): Station 0040966fb204 Authenticated
987537324 Apr 17 15:55:24 AcadBldg16AP5 AcadBldg16AP5 (Info): Station 0040966fb204 Associated
987537546 Apr 17 15:59:06 AdmBldg16AP1 AdmBldg16AP1 (Info): Deauthenticating 00601db0635a, reason "Inactivity"
987537550 Apr 17 15:59:10 AdmBldg16AP1 AdmBldg16AP1 (Info): Station 00601db0635a Authenticated
987537550 Apr 17 15:59:10 AdmBldg16AP1 AdmBldg16AP1 (Info): Station 00601db0635a Associated
987537804 Apr 17 16:03:24 AcadBldg2AP1 AcadBldg2AP1 (Info): Deauthenticating 00306526784b, reason "Inactivity"
987537919 Apr 17 16:05:19 AcadBldg15AP4 AcadBldg15AP4 (Info): Station 0040961e58be Authenticated
987537948 Apr 17 16:05:48 AcadBldg15AP4 AcadBldg15AP4 (Info): Station 0040961e58be Authenticated
987537948 Apr 17 16:05:48 AcadBldg15AP4 AcadBldg15AP4 (Info): Station 0040961e58be Reassociated
987538007 Apr 17 16:06:47 LibBldg2AP6 LibBldg2AP6 (Info): Station 004096828008 Authenticated
987538012 Apr 17 16:06:52 LibBldg2AP6 LibBldg2AP6 (Info): Station 004096828008 Authenticated
987538019 Apr 17 16:06:59 LibBldg2AP6 LibBldg2AP6 (Info): Station 004096828008 Authenticated
987538025 Apr 17 16:07:05 LibBldg2AP6 LibBldg2AP6 (Info): Station 004096828008 Authenticated
987538030 Apr 17 16:07:10 LibBldg2AP6 LibBldg2AP6 (Info): Station 004096828008 Authenticated
987538033 Apr 17 16:07:13 LibBldg2AP17 LibBldg2AP17 (Info): Station 004096828008 Authenticated
987538035 Apr 17 16:07:15 LibBldg2AP6 LibBldg2AP6 (Info): Station 004096828008 Authenticated
987538045 Apr 17 16:07:25 LibBldg2AP6 LibBldg2AP6 (Info): Station 004096828008 Authenticated
987538047 Apr 17 16:07:27 LibBldg2AP6 LibBldg2AP6 (Info): Station 004096828008 Authenticated
987538050 Apr 17 16:07:30 LibBldg2AP17 LibBldg2AP17 (Info): Station 004096828008 Authenticated
987538050 Apr 17 16:07:30 LibBldg2AP17 LibBldg2AP17 (Info): Disassociating 004096828008, reason "Not Associated"
987538052 Apr 17 16:07:32 LibBldg2AP6 LibBldg2AP6 (Info): Station 004096828008 Authenticated
987538067 Apr 17 16:07:47 LibBldg2AP6 LibBldg2AP6 (Info): Station 004096828008 Authenticated
987538073 Apr 17 16:07:53 LibBldg2AP6 LibBldg2AP6 (Info): Station 004096828008 Authenticated
987538083 Apr 17 16:08:03 LibBldg2AP6 LibBldg2AP6 (Info): Station 004096828008 Authenticated
987538089 Apr 17 16:08:09 LibBldg2AP6 LibBldg2AP6 (Info): Station 004096828008 Authenticated
987538096 Apr 17 16:08:16 LibBldg2AP6 LibBldg2AP6 (Info): Station 004096828008 Authenticated
987538111 Apr 17 16:08:31 LibBldg2AP6 LibBldg2AP6 (Info): Station 004096828008 Authenticated
987538118 Apr 17 16:08:38 LibBldg2AP6 LibBldg2AP6 (Info): Station 004096828008 Authenticated
987538122 Apr 17 16:08:42 LibBldg2AP6 LibBldg2AP6 (Info): Station 004096828008 Authenticated
987538130 Apr 17 16:08:50 LibBldg2AP6 LibBldg2AP6 (Info): Station 004096828008 Authenticated
987538136 Apr 17 16:08:56 LibBldg2AP6 LibBldg2AP6 (Info): Station 004096828008 Authenticated
987538140 Apr 17 16:09:00 LibBldg2AP6 LibBldg2AP6 (Info): Station 004096828008 Authenticated
987538146 Apr 17 16:09:06 LibBldg2AP6 LibBldg2AP6 (Info): Station 004096828008 Authenticated
987538152 Apr 17 16:09:12 LibBldg2AP6 LibBldg2AP6 (Info): Station 004096828008 Authenticated
987538160 Apr 17 16:09:20 LibBldg2AP6 LibBldg2AP6 (Info): Station 004096828008 Authenticated
987538166 Apr 17 16:09:26 LibBldg2AP6 LibBldg2AP6 (Info): Station 004096828008 Authenticated
987538169 Apr 17 16:09:29 LibBldg2AP6 LibBldg2AP6 (Info): Station 004096828008 Authenticated
987538183 Apr 17 16:09:43 LibBldg2AP6 LibBldg2AP6 (Info): Station 004096828008 Authenticated
987538191 Apr 17 16:09:51 LibBldg2AP6 LibBldg2AP6 (Info): Station 004096828008 Authenticated
987538198 Apr 17 16:09:58 LibBldg2AP6 LibBldg2AP6 (Info): Station 004096828008 Authenticated
987538202 Apr 17 16:10:02 LibBldg2AP6 LibBldg2AP6 (Info): Station 004096828008 Authenticated
987538215 Apr 17 16:10:15 LibBldg2AP6 LibBldg2AP6 (Info): Station 004096828008 Authenticated
987538218 Apr 17 16:10:18 LibBldg2AP17 LibBldg2AP17 (Info): Station 004096828008 Authenticated
987538218 Apr 17 16:10:18 LibBldg2AP17 LibBldg2AP17 (Info): Disassociating 004096828008, reason "Not Associated"
987538219 Apr 17 16:10:19 LibBldg2AP17 LibBldg2AP17 (Info): Disassociating 004096828008, reason "Not Associated"
987538221 Apr 17 16:10:21 LibBldg2AP6 LibBldg2AP6 (Info): Station 004096828008 Authenticated
987538228 Apr 17 16:10:28 LibBldg2AP17 LibBldg2AP17 (Info): Station 004096828008 Authenticated
987538229 Apr 17 16:10:29 LibBldg2AP17 LibBldg2AP17 (Info): Disassociating 004096828008, reason "Not Associated"
987538236 Apr 17 16:10:36 LibBldg2AP17 LibBldg2AP17 (Info): Station 004096828008 Authenticated
987538237 Apr 17 16:10:37 LibBldg2AP17 LibBldg2AP17 (Info): Disassociating 004096828008, reason "Not Associated"
987538237 Apr 17 16:10:37 LibBldg2AP6 LibBldg2AP6 (Info): Station 004096828008 Authenticated
987538250 Apr 17 16:10:50 LibBldg2AP17 LibBldg2AP17 (Info): Station 004096828008 Authenticated
987538252 Apr 17 16:10:52 LibBldg2AP6 LibBldg2AP6 (Info): Station 004096828008 Authenticated
987538256 Apr 17 16:10:56 LibBldg2AP17 LibBldg2AP17 (Info): Station 004096828008 Authenticated
987538258 Apr 17 16:10:58 LibBldg2AP6 LibBldg2AP6 (Info): Station 004096828008 Authenticated
987538260 Apr 17 16:11:00 LibBldg2AP3 LibBldg2AP3 (Info): Station 004096828008 Authenticated
987538261 Apr 17 16:11:01 LibBldg2AP3 LibBldg2AP3 (Info): Disassociating 004096828008, reason "Not Associated"
987538267 Apr 17 16:11:07 LibBldg2AP17 LibBldg2AP17 (Info): Station 004096828008 Authenticated
987538269 Apr 17 16:11:09 LibBldg2AP6 LibBldg2AP6 (Info): Station 004096828008 Authenticated
987538270 Apr 17 16:11:10 LibBldg2AP6 LibBldg2AP6 (Info): Disassociating 004096828008, reason "Not Associated"
987538271 Apr 17 16:11:11 LibBldg2AP3 LibBldg2AP3 (Info): Station 004096828008 roamed
987538271 Apr 17 16:11:11 LibBldg2AP17 LibBldg2AP17 (Info): Station 004096828008 roamed
987538271 Apr 17 16:11:11 LibBldg2AP6 LibBldg2AP6 (Info): Station 004096828008 roamed
987538462 Apr 17 16:14:22 AcadBldg30AP4 AcadBldg30AP4 (Info): Station 00306582237e Authenticated
987538462 Apr 17 16:14:22 AcadBldg30AP4 AcadBldg30AP4 (Info): Station 00306582237e Associated
987539031 Apr 17 16:23:51 AcadBldg31AP3 AcadBldg31AP3 (Info): Deauthenticating 0030651f7707, reason "Inactivity"
987539372 Apr 17 16:29:32 AdmBldg16AP1 AdmBldg16AP1 (Info): Deauthenticating 00601db0635a, reason "Inactivity"
987540314 Apr 17 16:45:14 AcadBldg30AP4 AcadBldg30AP4 (Info): Deauthenticating 00306582237e, reason "Inactivity"
987540330 Apr 17 16:45:30 AcadBldg16AP5 AcadBldg16AP5 (Info): Deauthenticating 0040966fb204, reason "Inactivity"
987541348 Apr 17 17:02:28 AcadBldg16AP4 AcadBldg16AP4 (Info): Deauthenticating 003065e0de26, reason "Inactivity"
987541349 Apr 17 17:02:29 AcadBldg16AP4 AcadBldg16AP4 (Info): Station 003065e0de26 Authenticated
987541349 Apr 17 17:02:29 AcadBldg16AP4 AcadBldg16AP4 (Info): Station 003065e0de26 Associated
987541478 Apr 17 17:04:38 AcadBldg16AP3 AcadBldg16AP3 (Info): Deauthenticating 0040962dc86b, reason "Inactivity"
987541499 Apr 17 17:04:59 AcadBldg16AP1 AcadBldg16AP1 (Info): Station 003065d55e08 Authenticated
987541499 Apr 17 17:04:59 AcadBldg16AP1 AcadBldg16AP1 (Info): Station 003065d55e08 Associated
987541711 Apr 17 17:08:31 AcadBldg16AP3 AcadBldg16AP3 (Info): Station 00601d5eab28 Authenticated
987541711 Apr 17 17:08:31 AcadBldg16AP3 AcadBldg16AP3 (Info): Station 00601d5eab28 Associated
987542132 Apr 17 17:15:32 AcadBldg33AP2 AcadBldg33AP2 (Info): Deauthenticating 004096da78e4, reason "Inactivity"
987542490 Apr 17 17:21:30 AcadBldg33AP6 AcadBldg33AP6 (Info): Deauthenticating 004096daa8fe, reason "Inactivity"
987542542 Apr 17 17:22:22 AdmBldg14AP2 AdmBldg14AP2 (Info): Deauthenticating 004096d3161b, reason "Inactivity"
987543507 Apr 17 17:38:27 AcadBldg15AP4 AcadBldg15AP4 (Info): Deauthenticating 0040961e58be, reason "Inactivity"
987543553 Apr 17 17:39:13 AcadBldg16AP3 AcadBldg16AP3 (Info): Deauthenticating 00601d5eab28, reason "Inactivity"
987544436 Apr 17 17:53:56 AcadBldg33AP1 AcadBldg33AP1 (Info): Station 00306547a61f Authenticated
987544436 Apr 17 17:53:56 AcadBldg33AP1 AcadBldg33AP1 (Info): Station 00306547a61f Associated
987544447 Apr 17 17:54:07 AcadBldg33AP1 AcadBldg33AP1 (Info): Station 00306547a61f Authenticated
987544447 Apr 17 17:54:07 AcadBldg33AP1 AcadBldg33AP1 (Info): Station 00306547a61f Associated
987544773 Apr 17 17:59:33 AcadBldg16AP1 AcadBldg16AP1 (Info): Deauthenticating 003065d55e08, reason "Inactivity"
987544951 Apr 17 18:02:31 AcadBldg16AP4 AcadBldg16AP4 (Info): Deauthenticating 003065e0de26, reason "Inactivity"
987544952 Apr 17 18:02:32 AcadBldg16AP4 AcadBldg16AP4 (Info): Station 003065e0de26 Authenticated
987544952 Apr 17 18:02:32 AcadBldg16AP4 AcadBldg16AP4 (Info): Station 003065e0de26 Associated
987545439 Apr 17 18:10:39 AcadBldg31AP2 AcadBldg31AP2 (Info): Station 0040961558f7 Authenticated
987545440 Apr 17 18:10:40 AcadBldg31AP2 AcadBldg31AP2 (Info): Disassociating 0040961558f7, reason "Not Associated"
987545489 Apr 17 18:11:29 AcadBldg31AP2 AcadBldg31AP2 (Info): Station 0040961558f7 Authenticated
987545491 Apr 17 18:11:31 AcadBldg31AP2 AcadBldg31AP2 (Info): Disassociating 0040961558f7, reason "Not Associated"
987545559 Apr 17 18:12:39 AcadBldg33AP6 AcadBldg33AP6 (Info): Station 0040961558f7 Authenticated
987547380 Apr 17 18:43:00 AcadBldg33AP6 AcadBldg33AP6 (Info): Deauthenticating 0040961558f7, reason "Inactivity"
987547581 Apr 17 18:46:21 AcadBldg31AP2 AcadBldg31AP2 (Info): Deauthenticating 0040961558f7, reason "Inactivity"
987548644 Apr 17 19:04:04 AcadBldg16AP4 AcadBldg16AP4 (Info): Deauthenticating 003065e0de26, reason "Inactivity"
987548645 Apr 17 19:04:05 AcadBldg16AP4 AcadBldg16AP4 (Info): Station 003065e0de26 Authenticated
987548645 Apr 17 19:04:05 AcadBldg16AP4 AcadBldg16AP4 (Info): Station 003065e0de26 Associated
987549875 Apr 17 19:24:35 AcadBldg30AP4 AcadBldg30AP4 (Info): Station 00306582237e Authenticated
987549875 Apr 17 19:24:35 AcadBldg30AP4 AcadBldg30AP4 (Info): Station 00306582237e Associated
987550531 Apr 17 19:35:31 AcadBldg33AP6 AcadBldg33AP6 (Info): Station 003065fc1494 Authenticated
987550531 Apr 17 19:35:31 AcadBldg33AP6 AcadBldg33AP6 (Info): Station 003065fc1494 Associated
987550712 Apr 17 19:38:32 AcadBldg33AP6 AcadBldg33AP6 (Info): Station 003065fc1494 Authenticated
987550712 Apr 17 19:38:32 AcadBldg33AP6 AcadBldg33AP6 (Info): Station 003065fc1494 Associated
987550849 Apr 17 19:40:49 AcadBldg33AP1 AcadBldg33AP1 (Info): Deauthenticating 00306547a61f, reason "Inactivity"
987551486 Apr 17 19:51:26 SocBldg1AP1 SocBldg1AP1 (Info): Station 003065fc1494 Authenticated
987551486 Apr 17 19:51:26 SocBldg1AP1 SocBldg1AP1 (Info): Station 003065fc1494 Associated
987551660 Apr 17 19:54:20 AcadBldg30AP4 AcadBldg30AP4 (Info): Station 00306582237e Authenticated
987551660 Apr 17 19:54:20 AcadBldg30AP4 AcadBldg30AP4 (Info): Station 00306582237e Associated
987551669 Apr 17 19:54:29 AcadBldg30AP4 AcadBldg30AP4 (Info): Station 00306582237e roamed
987551669 Apr 17 19:54:29 AcadBldg30AP4 AcadBldg30AP4 (Info): Station 00306582237e roamed
987551688 Apr 17 19:54:48 AcadBldg30AP4 AcadBldg30AP4 (Info): Station 00306582237e Reassociated
987552267 Apr 17 20:04:27 AcadBldg30AP1 AcadBldg30AP1 (Info): Station 00306582237e Authenticated
987552267 Apr 17 20:04:27 AcadBldg30AP1 AcadBldg30AP1 (Info): Station 00306582237e Associated
987552267 Apr 17 20:04:27 AcadBldg30AP4 AcadBldg30AP4 (Info): Station 00306582237e roamed
987552267 Apr 17 20:04:27 AcadBldg30AP4 AcadBldg30AP4 (Info): Station 00306582237e roamed
987552269 Apr 17 20:04:29 AcadBldg30AP4 AcadBldg30AP4 (Info): Station 00306582237e Reassociated
987552269 Apr 17 20:04:29 AcadBldg30AP1 AcadBldg30AP1 (Info): Station 00306582237e roamed
987552269 Apr 17 20:04:29 AcadBldg30AP1 AcadBldg30AP1 (Info): Station 00306582237e roamed
987552724 Apr 17 20:12:04 AcadBldg33AP6 AcadBldg33AP6 (Info): Deauthenticating 003065fc1494, reason "Inactivity"
987553144 Apr 17 20:19:04 AcadBldg16AP4 AcadBldg16AP4 (Info): Deauthenticating 003065e0de26, reason "Inactivity"
987553145 Apr 17 20:19:05 AcadBldg16AP4 AcadBldg16AP4 (Info): Station 003065e0de26 Authenticated
987553145 Apr 17 20:19:05 AcadBldg16AP4 AcadBldg16AP4 (Info): Station 003065e0de26 Associated
987553337 Apr 17 20:22:17 SocBldg1AP1 SocBldg1AP1 (Info): Deauthenticating 003065fc1494, reason "Inactivity"
987553811 Apr 17 20:30:11 AcadBldg30AP4 AcadBldg30AP4 (Info): Station 00306582237e Authenticated
987553811 Apr 17 20:30:11 AcadBldg30AP4 AcadBldg30AP4 (Info): Station 00306582237e Associated
987554685 Apr 17 20:44:45 AdmBldg14AP2 AdmBldg14AP2 (Info): Deauthenticating 0040966b9e99, reason "Inactivity"
987554880 Apr 17 20:48:00 AcadBldg16AP2 AcadBldg16AP2 (Info): Station 00306547a61f Authenticated
987554880 Apr 17 20:48:00 AcadBldg16AP2 AcadBldg16AP2 (Info): Station 00306547a61f Associated
987555800 Apr 17 21:03:20 AcadBldg30AP4 AcadBldg30AP4 (Info): Deauthenticating 00306582237e, reason "Inactivity"
987556827 Apr 17 21:20:27 AcadBldg16AP2 AcadBldg16AP2 (Info): Deauthenticating 00306547a61f, reason "Inactivity"
987556992 Apr 17 21:23:12 AcadBldg16AP4 AcadBldg16AP4 (Info): Deauthenticating 003065e0de26, reason "Inactivity"
987556993 Apr 17 21:23:13 AcadBldg16AP4 AcadBldg16AP4 (Info): Station 003065e0de26 Authenticated
987556993 Apr 17 21:23:13 AcadBldg16AP4 AcadBldg16AP4 (Info): Station 003065e0de26 Associated
987560596 Apr 17 22:23:16 AcadBldg16AP4 AcadBldg16AP4 (Info): Deauthenticating 003065e0de26, reason "Inactivity"
987560597 Apr 17 22:23:17 AcadBldg16AP4 AcadBldg16AP4 (Info): Station 003065e0de26 Authenticated
987560597 Apr 17 22:23:17 AcadBldg16AP4 AcadBldg16AP4 (Info): Station 003065e0de26 Associated
987561062 Apr 17 22:31:02 AcadBldg31AP2 AcadBldg31AP2 (Info): Station 004096a0b921 Authenticated
987561065 Apr 17 22:31:05 AcadBldg31AP2 AcadBldg31AP2 (Info): Station 004096a0b921 Authenticated
987561067 Apr 17 22:31:07 AcadBldg31AP2 AcadBldg31AP2 (Info): Station 004096a0b921 Authenticated
987561075 Apr 17 22:31:15 AcadBldg31AP2 AcadBldg31AP2 (Info): Station 004096a0b921 Authenticated
987561128 Apr 17 22:32:08 AcadBldg31AP2 AcadBldg31AP2 (Info): Station 004096a0b921 Authenticated
987561129 Apr 17 22:32:09 AcadBldg31AP2 AcadBldg31AP2 (Info): Disassociating 004096a0b921, reason "Not Associated"
987563027 Apr 17 23:03:47 AcadBldg31AP2 AcadBldg31AP2 (Info): Deauthenticating 004096a0b921, reason "Inactivity"
987563091 Apr 17 23:04:51 LibBldg3AP2 LibBldg3AP2 (Info): Station 004096fde907 Authenticated
987563091 Apr 17 23:04:51 LibBldg3AP2 LibBldg3AP2 (Info): Station 004096fde907 Associated
987564198 Apr 17 23:23:18 AcadBldg16AP4 AcadBldg16AP4 (Info): Deauthenticating 003065e0de26, reason "Inactivity"
987564199 Apr 17 23:23:19 AcadBldg16AP4 AcadBldg16AP4 (Info): Station 003065e0de26 Authenticated
987564199 Apr 17 23:23:19 AcadBldg16AP4 AcadBldg16AP4 (Info): Station 003065e0de26 Associated
987565805 Apr 17 23:50:05 LibBldg3AP3 LibBldg3AP3 (Info): Station 004096fde907 Authenticated
987565805 Apr 17 23:50:05 LibBldg3AP3 LibBldg3AP3 (Info): Station 004096fde907 Reassociated
987565805 Apr 17 23:50:05 LibBldg3AP2 LibBldg3AP2 (Info): Station 004096fde907 roamed
987565805 Apr 17 23:50:05 LibBldg3AP2 LibBldg3AP2 (Info): Station 004096fde907 roamed
987565808 Apr 17 23:50:08 LibBldg3AP3 LibBldg3AP3 (Info): Station 004096fde907 Reassociated
987565809 Apr 17 23:50:09 LibBldg3AP2 LibBldg3AP2 (Info): Station 004096fde907 Authenticated
987565813 Apr 17 23:50:13 LibBldg3AP2 LibBldg3AP2 (Info): Station 004096fde907 Authenticated
987565813 Apr 17 23:50:13 LibBldg3AP2 LibBldg3AP2 (Info): Disassociating 004096fde907, reason "Not Associated"
987565814 Apr 17 23:50:14 LibBldg3AP2 LibBldg3AP2 (Info): Station 004096fde907 Authenticated
987565814 Apr 17 23:50:14 LibBldg3AP2 LibBldg3AP2 (Info): Disassociating 004096fde907, reason "Not Associated"
987565815 Apr 17 23:50:15 LibBldg3AP2 LibBldg3AP2 (Info): Station 004096fde907 Authenticated
987565816 Apr 17 23:50:16 LibBldg3AP2 LibBldg3AP2 (Info): Disassociating 004096fde907, reason "Not Associated"
987565825 Apr 17 23:50:25 LibBldg3AP2 LibBldg3AP2 (Info): Station 004096fde907 Authenticated
987565825 Apr 17 23:50:25 LibBldg3AP2 LibBldg3AP2 (Info): Station 004096fde907 Reassociated
987565825 Apr 17 23:50:25 LibBldg3AP3 LibBldg3AP3 (Info): Station 004096fde907 roamed
987565825 Apr 17 23:50:25 LibBldg3AP3 LibBldg3AP3 (Info): Station 004096fde907 roamed
987565847 Apr 17 23:50:47 LibBldg3AP2 LibBldg3AP2 (Info): Station 004096fde907 Reassociated
