992837325 Jun 18 00:08:45 AcadBldg16AP4 AcadBldg16AP4 (Info): Deauthenticating 003065e0de26, reason "Inactivity"
992837326 Jun 18 00:08:46 AcadBldg16AP4 AcadBldg16AP4 (Info): Station 003065e0de26 Authenticated
992837326 Jun 18 00:08:46 AcadBldg16AP4 AcadBldg16AP4 (Info): Station 003065e0de26 Associated
992838353 Jun 18 00:25:53 ResBldg22AP2 ResBldg22AP2 (Info): Deauthenticating 004096667366, reason "Inactivity"
992839135 Jun 18 00:38:55 AcadBldg16AP4 AcadBldg16AP4 (Info): Deauthenticating 003065e0de26, reason "Inactivity"
992839136 Jun 18 00:38:56 AcadBldg16AP4 AcadBldg16AP4 (Info): Station 003065e0de26 Authenticated
992839136 Jun 18 00:38:56 AcadBldg16AP4 AcadBldg16AP4 (Info): Station 003065e0de26 Associated
992839398 Jun 18 00:43:18 ResBldg38AP3 ResBldg38AP3 (Info): Station 003065a426d2 Authenticated
992839398 Jun 18 00:43:18 ResBldg38AP3 ResBldg38AP3 (Info): Station 003065a426d2 Associated
992840944 Jun 18 01:09:04 AcadBldg16AP4 AcadBldg16AP4 (Info): Deauthenticating 003065e0de26, reason "Inactivity"
992840945 Jun 18 01:09:05 AcadBldg16AP4 AcadBldg16AP4 (Info): Station 003065e0de26 Authenticated
992840945 Jun 18 01:09:05 AcadBldg16AP4 AcadBldg16AP4 (Info): Station 003065e0de26 Associated
992841926 Jun 18 01:25:26 ResBldg38AP3 ResBldg38AP3 (Info): Station 003065a426d2 Authenticated
992841926 Jun 18 01:25:26 ResBldg38AP3 ResBldg38AP3 (Info): Station 003065a426d2 Associated
992842066 Jun 18 01:27:46 ResBldg22AP1 ResBldg22AP1 (Info): Station 003065fe6512 Authenticated
992842066 Jun 18 01:27:46 ResBldg22AP1 ResBldg22AP1 (Info): Station 003065fe6512 Associated
992842753 Jun 18 01:39:13 AcadBldg16AP4 AcadBldg16AP4 (Info): Deauthenticating 003065e0de26, reason "Inactivity"
992842754 Jun 18 01:39:14 AcadBldg16AP4 AcadBldg16AP4 (Info): Station 003065e0de26 Authenticated
992842754 Jun 18 01:39:14 AcadBldg16AP4 AcadBldg16AP4 (Info): Station 003065e0de26 Associated
992844296 Jun 18 02:04:56 ResBldg15AP2 ResBldg15AP2 (Info): Deauthenticating 004096f8258f, reason "Inactivity"
992844562 Jun 18 02:09:22 AcadBldg16AP4 AcadBldg16AP4 (Info): Deauthenticating 003065e0de26, reason "Inactivity"
992844563 Jun 18 02:09:23 AcadBldg16AP4 AcadBldg16AP4 (Info): Station 003065e0de26 Authenticated
992844563 Jun 18 02:09:23 AcadBldg16AP4 AcadBldg16AP4 (Info): Station 003065e0de26 Associated
992846371 Jun 18 02:39:31 AcadBldg16AP4 AcadBldg16AP4 (Info): Deauthenticating 003065e0de26, reason "Inactivity"
992846372 Jun 18 02:39:32 AcadBldg16AP4 AcadBldg16AP4 (Info): Station 003065e0de26 Authenticated
992846372 Jun 18 02:39:32 AcadBldg16AP4 AcadBldg16AP4 (Info): Station 003065e0de26 Associated
992846615 Jun 18 02:43:35 ResBldg22AP1 ResBldg22AP1 (Info): Deauthenticating 003065fe6512, reason "Inactivity"
992848180 Jun 18 03:09:40 AcadBldg16AP4 AcadBldg16AP4 (Info): Deauthenticating 003065e0de26, reason "Inactivity"
992848181 Jun 18 03:09:41 AcadBldg16AP4 AcadBldg16AP4 (Info): Station 003065e0de26 Authenticated
992848181 Jun 18 03:09:41 AcadBldg16AP4 AcadBldg16AP4 (Info): Station 003065e0de26 Associated
992849989 Jun 18 03:39:49 AcadBldg16AP4 AcadBldg16AP4 (Info): Deauthenticating 003065e0de26, reason "Inactivity"
992849990 Jun 18 03:39:50 AcadBldg16AP4 AcadBldg16AP4 (Info): Station 003065e0de26 Authenticated
992849990 Jun 18 03:39:50 AcadBldg16AP4 AcadBldg16AP4 (Info): Station 003065e0de26 Associated
992851798 Jun 18 04:09:58 AcadBldg16AP4 AcadBldg16AP4 (Info): Deauthenticating 003065e0de26, reason "Inactivity"
992851799 Jun 18 04:09:59 AcadBldg16AP4 AcadBldg16AP4 (Info): Station 003065e0de26 Authenticated
992851799 Jun 18 04:09:59 AcadBldg16AP4 AcadBldg16AP4 (Info): Station 003065e0de26 Associated
992853607 Jun 18 04:40:07 AcadBldg16AP4 AcadBldg16AP4 (Info): Deauthenticating 003065e0de26, reason "Inactivity"
992853608 Jun 18 04:40:08 AcadBldg16AP4 AcadBldg16AP4 (Info): Station 003065e0de26 Authenticated
992853608 Jun 18 04:40:08 AcadBldg16AP4 AcadBldg16AP4 (Info): Station 003065e0de26 Associated
992853936 Jun 18 04:45:36 ResBldg43AP2 ResBldg43AP2 (Info): Station 00306534d07b Authenticated
992853936 Jun 18 04:45:36 ResBldg43AP2 ResBldg43AP2 (Info): Station 00306534d07b Associated
992855416 Jun 18 05:10:16 AcadBldg16AP4 AcadBldg16AP4 (Info): Deauthenticating 003065e0de26, reason "Inactivity"
992855417 Jun 18 05:10:17 AcadBldg16AP4 AcadBldg16AP4 (Info): Station 003065e0de26 Authenticated
992855417 Jun 18 05:10:17 AcadBldg16AP4 AcadBldg16AP4 (Info): Station 003065e0de26 Associated
992856251 Jun 18 05:24:11 ResBldg38AP3 ResBldg38AP3 (Info): Deauthenticating 003065a426d2, reason "Inactivity"
992857225 Jun 18 05:40:25 AcadBldg16AP4 AcadBldg16AP4 (Info): Deauthenticating 003065e0de26, reason "Inactivity"
992857226 Jun 18 05:40:26 AcadBldg16AP4 AcadBldg16AP4 (Info): Station 003065e0de26 Authenticated
992857226 Jun 18 05:40:26 AcadBldg16AP4 AcadBldg16AP4 (Info): Station 003065e0de26 Associated
992859034 Jun 18 06:10:34 AcadBldg16AP4 AcadBldg16AP4 (Info): Deauthenticating 003065e0de26, reason "Inactivity"
992859035 Jun 18 06:10:35 AcadBldg16AP4 AcadBldg16AP4 (Info): Station 003065e0de26 Authenticated
992859035 Jun 18 06:10:35 AcadBldg16AP4 AcadBldg16AP4 (Info): Station 003065e0de26 Associated
992886154 Jun 18 13:42:34 LibBldg2AP7 LibBldg2AP7 (Info): Station 00306526784b Authenticated
992886154 Jun 18 13:42:34 LibBldg2AP7 LibBldg2AP7 (Info): Station 00306526784b Associated
992886307 Jun 18 13:45:07 AcadBldg18AP10 AcadBldg18AP10 (Info): Station 00022dfe1f69 Reassociated
992886307 Jun 18 13:45:07 AcadBldg18AP4 AcadBldg18AP4 (Info): Station 00022dfe1f69 roamed
992886307 Jun 18 13:45:07 AcadBldg18AP4 AcadBldg18AP4 (Info): Station 00022dfe1f69 roamed
992886313 Jun 18 13:45:13 AdmBldg19AP3 AdmBldg19AP3 (Info): Station 003065e9aecb Authenticated
992886313 Jun 18 13:45:13 AdmBldg19AP3 AdmBldg19AP3 (Info): Station 003065e9aecb Associated
992886436 Jun 18 13:47:16 AcadBldg16AP4 AcadBldg16AP4 (Info): Deauthenticating 003065e0de26, reason "Inactivity"
992886437 Jun 18 13:47:17 AcadBldg16AP4 AcadBldg16AP4 (Info): Station 003065e0de26 Authenticated
992886437 Jun 18 13:47:17 AcadBldg16AP4 AcadBldg16AP4 (Info): Station 003065e0de26 Associated
992886450 Jun 18 13:47:30 AcadBldg16AP2 AcadBldg16AP2 (Info): Station 00409696d938 Authenticated
992886582 Jun 18 13:49:42 AcadBldg12AP2 AcadBldg12AP2 (Info): Deauthenticating 00306539db23, reason "Inactivity"
992886608 Jun 18 13:50:08 LibBldg2AP7 LibBldg2AP7 (Info): Station 0030657ca4f7 roamed
992886608 Jun 18 13:50:08 LibBldg2AP7 LibBldg2AP7 (Info): Station 0030657ca4f7 roamed
992886670 Jun 18 13:51:10 AcadBldg16AP2 AcadBldg16AP2 (Info): Station 00409696d938 Authenticated
992886672 Jun 18 13:51:12 AcadBldg16AP5 AcadBldg16AP5 (Info): Station 00409696d938 Authenticated
992887050 Jun 18 13:57:30 AcadBldg16AP2 AcadBldg16AP2 (Info): Station 00409696d938 Authenticated
992887052 Jun 18 13:57:32 AcadBldg16AP5 AcadBldg16AP5 (Info): Station 00409696d938 Authenticated
992887223 Jun 18 14:00:23 AcadBldg16AP2 AcadBldg16AP2 (Info): Station 00409696d938 Authenticated
992887411 Jun 18 14:03:31 AcadBldg16AP2 AcadBldg16AP2 (Info): Station 00409696d938 Authenticated
992887413 Jun 18 14:03:33 AcadBldg10AP7 AcadBldg10AP7 (Info): Station 00306572a9d8 Authenticated
992887413 Jun 18 14:03:33 AcadBldg10AP7 AcadBldg10AP7 (Info): Station 00306572a9d8 Associated
992887710 Jun 18 14:08:30 AcadBldg23AP5 AcadBldg23AP5 (Info): Station 00306554ad08 Authenticated
992887710 Jun 18 14:08:30 AcadBldg23AP5 AcadBldg23AP5 (Info): Station 00306554ad08 Associated
992887711 Jun 18 14:08:31 AcadBldg16AP2 AcadBldg16AP2 (Info): Station 00409696d938 Authenticated
992887713 Jun 18 14:08:33 AcadBldg16AP5 AcadBldg16AP5 (Info): Station 00409696d938 Authenticated
992887756 Jun 18 14:09:16 AdmBldg24AP2 AdmBldg24AP2 (Info): Deauthenticating 0030651e0ae6, reason "Inactivity"
992887757 Jun 18 14:09:17 AdmBldg24AP2 AdmBldg24AP2 (Info): Station 0030651e0ae6 Authenticated
992887757 Jun 18 14:09:17 AdmBldg24AP2 AdmBldg24AP2 (Info): Station 0030651e0ae6 Associated
992887912 Jun 18 14:11:52 AcadBldg33AP3 AcadBldg33AP3 (Info): Deauthenticating 00306539db23, reason "Inactivity"
992887913 Jun 18 14:11:53 AcadBldg12AP2 AcadBldg12AP2 (Info): Station 00306539db23 Authenticated
992887913 Jun 18 14:11:53 AcadBldg12AP2 AcadBldg12AP2 (Info): Station 00306539db23 Associated
992887918 Jun 18 14:11:58 AcadBldg33AP3 AcadBldg33AP3 (Info): Deauthenticating 00306539db23, reason "Must Authenticate Before Associating"
992887918 Jun 18 14:11:58 AcadBldg33AP3 AcadBldg33AP3 (Info): Station 00306539db23 Authenticated
992887918 Jun 18 14:11:58 AcadBldg33AP3 AcadBldg33AP3 (Info): Station 00306539db23 Reassociated
992887976 Jun 18 14:12:56 LibBldg2AP7 LibBldg2AP7 (Info): Deauthenticating 00306526784b, reason "Inactivity"
992888127 Jun 18 14:15:27 AdmBldg16AP1 AdmBldg16AP1 (Info): Station 00409699dfba Associated
992888127 Jun 18 14:15:27 AdmBldg16AP1 AdmBldg16AP1 (Info): Station 00409699dfba Authenticated
992888134 Jun 18 14:15:34 AdmBldg19AP3 AdmBldg19AP3 (Info): Deauthenticating 003065e9aecb, reason "Inactivity"
992888136 Jun 18 14:15:36 AdmBldg19AP3 AdmBldg19AP3 (Info): Station 003065e9aecb Authenticated
992888136 Jun 18 14:15:36 AdmBldg19AP3 AdmBldg19AP3 (Info): Station 003065e9aecb Associated
992888141 Jun 18 14:15:41 AdmBldg16AP1 AdmBldg16AP1 (Info): Station 00409699dfba Authenticated
992888141 Jun 18 14:15:41 AdmBldg16AP1 AdmBldg16AP1 (Info): Station 00409699dfba Associated
992888189 Jun 18 14:16:29 AcadBldg16AP2 AcadBldg16AP2 (Info): Station 00409696d938 Authenticated
992888191 Jun 18 14:16:31 AcadBldg16AP5 AcadBldg16AP5 (Info): Station 00409696d938 Authenticated
992888245 Jun 18 14:17:25 AcadBldg16AP4 AcadBldg16AP4 (Info): Deauthenticating 003065e0de26, reason "Inactivity"
992888246 Jun 18 14:17:26 AcadBldg16AP4 AcadBldg16AP4 (Info): Station 003065e0de26 Authenticated
992888246 Jun 18 14:17:26 AcadBldg16AP4 AcadBldg16AP4 (Info): Station 003065e0de26 Associated
992888263 Jun 18 14:17:43 ResBldg43AP2 ResBldg43AP2 (Info): Deauthenticating 00306534d07b, reason "Inactivity"
992888357 Jun 18 14:19:17 AdmBldg16AP1 AdmBldg16AP1 (Info): Station 00409699dfba Authenticated
992888357 Jun 18 14:19:17 AdmBldg16AP1 AdmBldg16AP1 (Info): Station 00409699dfba Associated
992888458 Jun 18 14:20:58 ResBldg89AP1 ResBldg89AP1 (Info): Station 003065672efa Authenticated
992888458 Jun 18 14:20:58 ResBldg89AP1 ResBldg89AP1 (Info): Station 003065672efa Associated
992888461 Jun 18 14:21:01 AcadBldg10AP13 AcadBldg10AP13 (Info): Station 00306572a9d8 Authenticated
992888461 Jun 18 14:21:01 AcadBldg10AP13 AcadBldg10AP13 (Info): Station 00306572a9d8 Associated
992888461 Jun 18 14:21:01 AcadBldg10AP7 AcadBldg10AP7 (Info): Station 00306572a9d8 roamed
992888473 Jun 18 14:21:13 AcadBldg10AP7 AcadBldg10AP7 (Info): Station 00306572a9d8 Reassociated
992888473 Jun 18 14:21:13 AcadBldg10AP13 AcadBldg10AP13 (Info): Station 00306572a9d8 roamed
992888561 Jun 18 14:22:41 AdmBldg16AP1 AdmBldg16AP1 (Info): Station 00409699dfba Authenticated
992888561 Jun 18 14:22:41 AdmBldg16AP1 AdmBldg16AP1 (Info): Station 00409699dfba Associated
992888697 Jun 18 14:24:57 AdmBldg16AP1 AdmBldg16AP1 (Info): Station 00409699dfba Authenticated
992888697 Jun 18 14:24:57 AdmBldg16AP1 AdmBldg16AP1 (Info): Station 00409699dfba Associated
992888873 Jun 18 14:27:53 AdmBldg16AP1 AdmBldg16AP1 (Info): Station 00409699dfba Authenticated
992888873 Jun 18 14:27:53 AdmBldg16AP1 AdmBldg16AP1 (Info): Station 00409699dfba Associated
992888985 Jun 18 14:29:45 AdmBldg16AP1 AdmBldg16AP1 (Info): Station 00409699dfba Authenticated
992888985 Jun 18 14:29:45 AdmBldg16AP1 AdmBldg16AP1 (Info): Station 00409699dfba Associated
992888996 Jun 18 14:29:56 AcadBldg18AP10 AcadBldg18AP10 (Info): Station 00022dfe1f69 Authenticated
992888996 Jun 18 14:29:56 AcadBldg18AP10 AcadBldg18AP10 (Info): Station 00022dfe1f69 Associated
992889008 Jun 18 14:30:08 AdmBldg16AP1 AdmBldg16AP1 (Info): Station 00409699dfba Authenticated
992889008 Jun 18 14:30:08 AdmBldg16AP1 AdmBldg16AP1 (Info): Station 00409699dfba Associated
992889024 Jun 18 14:30:24 AdmBldg16AP1 AdmBldg16AP1 (Info): Station 00409699dfba Authenticated
992889024 Jun 18 14:30:24 AdmBldg16AP1 AdmBldg16AP1 (Info): Station 00409699dfba Associated
992889024 Jun 18 14:30:24 ResBldg89AP1 ResBldg89AP1 (Info): Station 003065672efa Authenticated
992889024 Jun 18 14:30:24 ResBldg89AP1 ResBldg89AP1 (Info): Station 003065672efa Associated
992889191 Jun 18 14:33:11 AcadBldg16AP5 AcadBldg16AP5 (Info): Station 00409696d938 Authenticated
992889191 Jun 18 14:33:11 AcadBldg16AP5 AcadBldg16AP5 (Info): Disassociating 00409696d938, reason "Not Associated"
992889200 Jun 18 14:33:20 ResBldg89AP1 ResBldg89AP1 (Info): Station 003065672efa Authenticated
992889200 Jun 18 14:33:20 ResBldg89AP1 ResBldg89AP1 (Info): Station 003065672efa Associated
992889581 Jun 18 14:39:41 AdmBldg24AP2 AdmBldg24AP2 (Info): Deauthenticating 0030651e0ae6, reason "Inactivity"
992889582 Jun 18 14:39:42 AdmBldg24AP2 AdmBldg24AP2 (Info): Station 0030651e0ae6 Authenticated
992889582 Jun 18 14:39:42 AdmBldg24AP2 AdmBldg24AP2 (Info): Station 0030651e0ae6 Associated
992889621 Jun 18 14:40:21 AdmBldg6AP1 AdmBldg6AP1 (Info): Station 00306528bac1 Authenticated
992889621 Jun 18 14:40:21 AdmBldg6AP1 AdmBldg6AP1 (Info): Station 00306528bac1 Associated
992889738 Jun 18 14:42:18 AcadBldg12AP2 AcadBldg12AP2 (Info): Deauthenticating 00306539db23, reason "Inactivity"
992889739 Jun 18 14:42:19 AcadBldg33AP3 AcadBldg33AP3 (Info): Deauthenticating 00306539db23, reason "Inactivity"
992889740 Jun 18 14:42:20 AcadBldg33AP3 AcadBldg33AP3 (Info): Station 00306539db23 Authenticated
992889740 Jun 18 14:42:20 AcadBldg33AP3 AcadBldg33AP3 (Info): Station 00306539db23 Associated
992889788 Jun 18 14:43:08 SocBldg4AP13 SocBldg4AP13 (Info): Station 003065bdb275 Authenticated
992889788 Jun 18 14:43:08 SocBldg4AP13 SocBldg4AP13 (Info): Station 003065bdb275 Associated
992889799 Jun 18 14:43:19 ResBldg101AP1 ResBldg101AP1 (Info): Deauthenticating 003065bdb275, reason "Must Authenticate Before Associating"
992889799 Jun 18 14:43:19 ResBldg101AP1 ResBldg101AP1 (Info): Station 003065bdb275 Authenticated
992889799 Jun 18 14:43:19 ResBldg101AP1 ResBldg101AP1 (Info): Station 003065bdb275 Reassociated
992889813 Jun 18 14:43:33 LibBldg1AP8 LibBldg1AP8 (Info): Station 003065bdb275 Authenticated
992889813 Jun 18 14:43:33 LibBldg1AP8 LibBldg1AP8 (Info): Station 003065bdb275 Associated
992889823 Jun 18 14:43:43 ResBldg44AP1 ResBldg44AP1 (Info): Station 003065cdabb1 Authenticated
992889846 Jun 18 14:44:06 SocBldg4AP10 SocBldg4AP10 (Info): Deauthenticating 003065bdb275, reason "Must Authenticate Before Associating"
992889846 Jun 18 14:44:06 SocBldg4AP10 SocBldg4AP10 (Info): Station 003065bdb275 Authenticated
992889846 Jun 18 14:44:06 SocBldg4AP10 SocBldg4AP10 (Info): Station 003065bdb275 Reassociated
992889846 Jun 18 14:44:06 SocBldg4AP13 SocBldg4AP13 (Info): Station 003065bdb275 roamed
992889866 Jun 18 14:44:26 LibBldg1AP8 LibBldg1AP8 (Info): Station 003065bdb275 roamed
992889866 Jun 18 14:44:26 LibBldg1AP8 LibBldg1AP8 (Info): Station 003065bdb275 roamed
992889930 Jun 18 14:45:30 AcadBldg30AP4 AcadBldg30AP4 (Info): Station 003065bdb275 Authenticated
992889930 Jun 18 14:45:30 AcadBldg30AP4 AcadBldg30AP4 (Info): Station 003065bdb275 Associated
992889942 Jun 18 14:45:42 AcadBldg30AP4 AcadBldg30AP4 (Info): Station 003065bdb275 Reassociated
992889957 Jun 18 14:45:57 AdmBldg19AP3 AdmBldg19AP3 (Info): Deauthenticating 003065e9aecb, reason "Inactivity"
992889973 Jun 18 14:46:13 AdmBldg19AP3 AdmBldg19AP3 (Info): Station 003065e9aecb Authenticated
992889973 Jun 18 14:46:13 AdmBldg19AP3 AdmBldg19AP3 (Info): Station 003065e9aecb Associated
992890013 Jun 18 14:46:53 AcadBldg30AP1 AcadBldg30AP1 (Info): Station 003065bdb275 Authenticated
992890013 Jun 18 14:46:53 AcadBldg30AP1 AcadBldg30AP1 (Info): Station 003065bdb275 Associated
992890013 Jun 18 14:46:53 AcadBldg30AP4 AcadBldg30AP4 (Info): Station 003065bdb275 roamed
992890013 Jun 18 14:46:53 AcadBldg30AP4 AcadBldg30AP4 (Info): Station 003065bdb275 roamed
992890016 Jun 18 14:46:56 AcadBldg30AP4 AcadBldg30AP4 (Info): Station 003065bdb275 Reassociated
992890016 Jun 18 14:46:56 AcadBldg30AP1 AcadBldg30AP1 (Info): Station 003065bdb275 roamed
992890016 Jun 18 14:46:56 AcadBldg30AP1 AcadBldg30AP1 (Info): Station 003065bdb275 roamed
992890022 Jun 18 14:47:02 LibBldg1AP8 LibBldg1AP8 (Info): Station 003065bdb275 Reassociated
992890054 Jun 18 14:47:34 AcadBldg16AP4 AcadBldg16AP4 (Info): Deauthenticating 003065e0de26, reason "Inactivity"
992890055 Jun 18 14:47:35 AcadBldg16AP4 AcadBldg16AP4 (Info): Station 003065e0de26 Authenticated
992890055 Jun 18 14:47:35 AcadBldg16AP4 AcadBldg16AP4 (Info): Station 003065e0de26 Associated
992890074 Jun 18 14:47:54 AcadBldg30AP3 AcadBldg30AP3 (Info): Deauthenticating 003065bdb275, reason "Must Authenticate Before Associating"
992890074 Jun 18 14:47:54 AcadBldg30AP3 AcadBldg30AP3 (Info): Station 003065bdb275 Authenticated
992890074 Jun 18 14:47:54 AcadBldg30AP3 AcadBldg30AP3 (Info): Station 003065bdb275 Reassociated
992890074 Jun 18 14:47:54 AcadBldg30AP4 AcadBldg30AP4 (Info): Station 003065bdb275 roamed
992890080 Jun 18 14:48:00 AcadBldg16AP2 AcadBldg16AP2 (Info): Deauthenticating 00409696d938, reason "Inactivity"
992890102 Jun 18 14:48:22 SocBldg1AP1 SocBldg1AP1 (Info): Deauthenticating 003065bdb275, reason "Must Authenticate Before Associating"
992890102 Jun 18 14:48:22 SocBldg1AP1 SocBldg1AP1 (Info): Station 003065bdb275 Authenticated
992890102 Jun 18 14:48:22 SocBldg1AP1 SocBldg1AP1 (Info): Station 003065bdb275 Reassociated
992890179 Jun 18 14:49:39 ResBldg89AP1 ResBldg89AP1 (Info): Station 003065672efa Authenticated
992890179 Jun 18 14:49:39 ResBldg89AP1 ResBldg89AP1 (Info): Station 003065672efa Associated
992890231 Jun 18 14:50:31 AcadBldg16AP5 AcadBldg16AP5 (Info): Station 00409696d938 Authenticated
992890260 Jun 18 14:51:00 AcadBldg10AP7 AcadBldg10AP7 (Info): Station 00306572a9d8 Authenticated
992890260 Jun 18 14:51:00 AcadBldg10AP7 AcadBldg10AP7 (Info): Station 00306572a9d8 Associated
992890325 Jun 18 14:52:05 SocBldg1AP1 SocBldg1AP1 (Info): Station 003065bdb275 Authenticated
992890325 Jun 18 14:52:05 SocBldg1AP1 SocBldg1AP1 (Info): Station 003065bdb275 Associated
992890345 Jun 18 14:52:25 AcadBldg30AP3 AcadBldg30AP3 (Info): Station 003065bdb275 Reassociated
992890370 Jun 18 14:52:50 ResBldg43AP2 ResBldg43AP2 (Info): Station 00306534d07b Authenticated
992890370 Jun 18 14:52:50 ResBldg43AP2 ResBldg43AP2 (Info): Station 00306534d07b Associated
992890407 Jun 18 14:53:27 LibBldg2AP7 LibBldg2AP7 (Info): Station 00022d58f01c Associated
992890407 Jun 18 14:53:27 LibBldg2AP7 LibBldg2AP7 (Info): Station 00022d58f01c Authenticated
992890436 Jun 18 14:53:56 SocBldg1AP1 SocBldg1AP1 (Info): Station 003065bdb275 Authenticated
992890436 Jun 18 14:53:56 SocBldg1AP1 SocBldg1AP1 (Info): Station 003065bdb275 Associated
992890471 Jun 18 14:54:31 AcadBldg16AP2 AcadBldg16AP2 (Info): Station 00409696d938 Authenticated
992890473 Jun 18 14:54:33 AcadBldg16AP5 AcadBldg16AP5 (Info): Station 00409696d938 Authenticated
992890560 Jun 18 14:56:00 LibBldg2AP8 LibBldg2AP8 (Info): Station 00409699915b Authenticated
992890560 Jun 18 14:56:00 LibBldg2AP8 LibBldg2AP8 (Info): Station 00409699915b Associated
992890670 Jun 18 14:57:50 LibBldg2AP8 LibBldg2AP8 (Info): Station 00409699915b Authenticated
992890670 Jun 18 14:57:50 LibBldg2AP8 LibBldg2AP8 (Info): Station 00409699915b Associated
992890677 Jun 18 14:57:57 AcadBldg10AP13 AcadBldg10AP13 (Info): Station 00306572a9d8 Reassociated
992890677 Jun 18 14:57:57 AcadBldg10AP7 AcadBldg10AP7 (Info): Station 00306572a9d8 roamed
992890688 Jun 18 14:58:08 LibBldg2AP6 LibBldg2AP6 (Info): Station 00409699915b Associated
992890688 Jun 18 14:58:08 LibBldg2AP6 LibBldg2AP6 (Info): Station 00409699915b Authenticated
992890688 Jun 18 14:58:08 LibBldg2AP8 LibBldg2AP8 (Info): Station 00409699915b roamed
992890688 Jun 18 14:58:08 LibBldg2AP8 LibBldg2AP8 (Info): Station 00409699915b roamed
992890751 Jun 18 14:59:11 AcadBldg16AP5 AcadBldg16AP5 (Info): Station 00409696d938 Authenticated
992890810 Jun 18 15:00:10 AcadBldg10AP7 AcadBldg10AP7 (Info): Station 00306572a9d8 Reassociated
992890810 Jun 18 15:00:10 AcadBldg10AP13 AcadBldg10AP13 (Info): Station 00306572a9d8 roamed
992890891 Jun 18 15:01:31 AcadBldg16AP2 AcadBldg16AP2 (Info): Station 00409696d938 Authenticated
992890962 Jun 18 15:02:42 AcadBldg10AP1 AcadBldg10AP1 (Info): Deauthenticating 00306572a9d8, reason "Must Authenticate Before Associating"
992890962 Jun 18 15:02:42 AcadBldg10AP1 AcadBldg10AP1 (Info): Station 00306572a9d8 Authenticated
992890962 Jun 18 15:02:42 AcadBldg10AP1 AcadBldg10AP1 (Info): Station 00306572a9d8 Reassociated
992890962 Jun 18 15:02:42 AcadBldg10AP7 AcadBldg10AP7 (Info): Station 00306572a9d8 roamed
992890966 Jun 18 15:02:46 AcadBldg10AP18 AcadBldg10AP18 (Info): Deauthenticating 00306572a9d8, reason "Must Authenticate Before Associating"
992890966 Jun 18 15:02:46 AcadBldg10AP18 AcadBldg10AP18 (Info): Station 00306572a9d8 Authenticated
992890966 Jun 18 15:02:46 AcadBldg10AP18 AcadBldg10AP18 (Info): Station 00306572a9d8 Reassociated
992890966 Jun 18 15:02:46 AcadBldg10AP1 AcadBldg10AP1 (Info): Station 00306572a9d8 roamed
992891011 Jun 18 15:03:31 AcadBldg16AP2 AcadBldg16AP2 (Info): Station 00409696d938 Authenticated
992891018 Jun 18 15:03:38 AcadBldg10AP7 AcadBldg10AP7 (Info): Station 00306572a9d8 Reassociated
992891018 Jun 18 15:03:38 AcadBldg10AP18 AcadBldg10AP18 (Info): Station 00306572a9d8 roamed
992891067 Jun 18 15:04:27 LibBldg2AP6 LibBldg2AP6 (Info): Station 00409699915b Authenticated
992891067 Jun 18 15:04:27 LibBldg2AP6 LibBldg2AP6 (Info): Station 00409699915b Associated
992891129 Jun 18 15:05:29 LibBldg2AP6 LibBldg2AP6 (Info): Station 00409699915b Authenticated
992891129 Jun 18 15:05:29 LibBldg2AP6 LibBldg2AP6 (Info): Station 00409699915b Associated
992891165 Jun 18 15:06:05 LibBldg2AP6 LibBldg2AP6 (Info): Station 00409699915b Authenticated
992891165 Jun 18 15:06:05 LibBldg2AP6 LibBldg2AP6 (Info): Station 00409699915b Associated
992891264 Jun 18 15:07:44 LibBldg2AP7 LibBldg2AP7 (Info): Deauthenticating 0030656e7eb9, reason "Must Authenticate Before Associating"
992891264 Jun 18 15:07:44 LibBldg2AP7 LibBldg2AP7 (Info): Station 0030656e7eb9 Authenticated
992891264 Jun 18 15:07:44 LibBldg2AP7 LibBldg2AP7 (Info): Station 0030656e7eb9 Reassociated
992891289 Jun 18 15:08:09 AcadBldg10AP1 AcadBldg10AP1 (Info): Station 00306572a9d8 Reassociated
992891289 Jun 18 15:08:09 AcadBldg10AP7 AcadBldg10AP7 (Info): Station 00306572a9d8 roamed
992891290 Jun 18 15:08:10 AdmBldg16AP1 AdmBldg16AP1 (Info): Station 00409699dfba Authenticated
992891290 Jun 18 15:08:10 AdmBldg16AP1 AdmBldg16AP1 (Info): Station 00409699dfba Associated
992891308 Jun 18 15:08:28 AdmBldg16AP1 AdmBldg16AP1 (Info): Station 00409699dfba Authenticated
992891308 Jun 18 15:08:28 AdmBldg16AP1 AdmBldg16AP1 (Info): Station 00409699dfba Associated
992891309 Jun 18 15:08:29 AcadBldg10AP7 AcadBldg10AP7 (Info): Station 00306572a9d8 Reassociated
992891309 Jun 18 15:08:29 AcadBldg10AP1 AcadBldg10AP1 (Info): Station 00306572a9d8 roamed
992891380 Jun 18 15:09:40 AcadBldg30AP3 AcadBldg30AP3 (Info): Station 003065bdb275 Reassociated
992891396 Jun 18 15:09:56 AdmBldg16AP1 AdmBldg16AP1 (Info): Station 00409699dfba Authenticated
992891396 Jun 18 15:09:56 AdmBldg16AP1 AdmBldg16AP1 (Info): Station 00409699dfba Associated
992891405 Jun 18 15:10:05 AdmBldg24AP2 AdmBldg24AP2 (Info): Deauthenticating 0030651e0ae6, reason "Inactivity"
992891405 Jun 18 15:10:05 SocBldg1AP1 SocBldg1AP1 (Info): Station 003065bdb275 Reassociated
992891407 Jun 18 15:10:07 AdmBldg24AP2 AdmBldg24AP2 (Info): Station 0030651e0ae6 Authenticated
992891407 Jun 18 15:10:07 AdmBldg24AP2 AdmBldg24AP2 (Info): Station 0030651e0ae6 Associated
992891446 Jun 18 15:10:46 LibBldg2AP6 LibBldg2AP6 (Info): Station 00409699915b Authenticated
992891446 Jun 18 15:10:46 LibBldg2AP6 LibBldg2AP6 (Info): Station 00409699915b Associated
992891479 Jun 18 15:11:19 ResBldg89AP1 ResBldg89AP1 (Info): Station 003065672efa Authenticated
992891479 Jun 18 15:11:19 ResBldg89AP1 ResBldg89AP1 (Info): Station 003065672efa Associated
992891566 Jun 18 15:12:46 AcadBldg33AP3 AcadBldg33AP3 (Info): Deauthenticating 00306539db23, reason "Inactivity"
992891567 Jun 18 15:12:47 AcadBldg33AP3 AcadBldg33AP3 (Info): Station 00306539db23 Authenticated
992891567 Jun 18 15:12:47 AcadBldg33AP3 AcadBldg33AP3 (Info): Station 00306539db23 Associated
992891605 Jun 18 15:13:25 ResBldg101AP1 ResBldg101AP1 (Info): Deauthenticating 003065bdb275, reason "Inactivity"
992891631 Jun 18 15:13:51 ResBldg44AP1 ResBldg44AP1 (Info): Station 003065cdabb1 Authenticated
992891631 Jun 18 15:13:51 ResBldg44AP1 ResBldg44AP1 (Info): Station 003065cdabb1 Associated
992891670 Jun 18 15:14:30 SocBldg4AP10 SocBldg4AP10 (Info): Deauthenticating 003065bdb275, reason "Inactivity"
992891671 Jun 18 15:14:31 SocBldg1AP1 SocBldg1AP1 (Info): Station 003065bdb275 Authenticated
992891671 Jun 18 15:14:31 SocBldg1AP1 SocBldg1AP1 (Info): Station 003065bdb275 Associated
992891739 Jun 18 15:15:39 LibBldg2AP7 LibBldg2AP7 (Info): Station 0030655b9345 Authenticated
992891739 Jun 18 15:15:39 LibBldg2AP7 LibBldg2AP7 (Info): Station 0030655b9345 Associated
992891740 Jun 18 15:15:40 LibBldg2AP7 LibBldg2AP7 (Info): Station 0030655b9345 Authenticated
992891740 Jun 18 15:15:40 LibBldg2AP7 LibBldg2AP7 (Info): Station 0030655b9345 Associated
992891740 Jun 18 15:15:40 AcadBldg17AP5 AcadBldg17AP5 (Info): Station 004096dfa78a Authenticated
992891740 Jun 18 15:15:40 AcadBldg17AP5 AcadBldg17AP5 (Info): Station 004096dfa78a Associated
992891743 Jun 18 15:15:43 AcadBldg17AP5 AcadBldg17AP5 (Info): Station 004096dfa78a Authenticated
992891743 Jun 18 15:15:43 AcadBldg17AP5 AcadBldg17AP5 (Info): Station 004096dfa78a Associated
992891744 Jun 18 15:15:44 LibBldg2AP7 LibBldg2AP7 (Info): Station 0030655b9345 Authenticated
992891744 Jun 18 15:15:44 LibBldg2AP7 LibBldg2AP7 (Info): Station 0030655b9345 Associated
992891754 Jun 18 15:15:54 LibBldg2AP7 LibBldg2AP7 (Info): Station 0030655b9345 Authenticated
992891754 Jun 18 15:15:54 LibBldg2AP7 LibBldg2AP7 (Info): Station 0030655b9345 Associated
992891755 Jun 18 15:15:55 LibBldg2AP7 LibBldg2AP7 (Info): Station 0030655b9345 Authenticated
992891755 Jun 18 15:15:55 LibBldg2AP7 LibBldg2AP7 (Info): Station 0030655b9345 Associated
992891756 Jun 18 15:15:56 LibBldg2AP7 LibBldg2AP7 (Info): Station 0030655b9345 Authenticated
992891756 Jun 18 15:15:56 LibBldg2AP7 LibBldg2AP7 (Info): Station 0030655b9345 Associated
992891761 Jun 18 15:16:01 LibBldg2AP7 LibBldg2AP7 (Info): Station 0030655b9345 Authenticated
992891761 Jun 18 15:16:01 LibBldg2AP7 LibBldg2AP7 (Info): Station 0030655b9345 Associated
992891785 Jun 18 15:16:25 AcadBldg17AP5 AcadBldg17AP5 (Info): Station 004096dfa78a Authenticated
992891785 Jun 18 15:16:25 AcadBldg17AP5 AcadBldg17AP5 (Info): Station 004096dfa78a Associated
992891787 Jun 18 15:16:27 AcadBldg17AP5 AcadBldg17AP5 (Info): Station 004096dfa78a Authenticated
992891787 Jun 18 15:16:27 AcadBldg17AP5 AcadBldg17AP5 (Info): Station 004096dfa78a Associated
992891794 Jun 18 15:16:34 AdmBldg19AP3 AdmBldg19AP3 (Info): Deauthenticating 003065e9aecb, reason "Inactivity"
992891795 Jun 18 15:16:35 AdmBldg19AP3 AdmBldg19AP3 (Info): Station 003065e9aecb Authenticated
992891795 Jun 18 15:16:35 AdmBldg19AP3 AdmBldg19AP3 (Info): Station 003065e9aecb Associated
992891863 Jun 18 15:17:43 AcadBldg16AP4 AcadBldg16AP4 (Info): Deauthenticating 003065e0de26, reason "Inactivity"
992891864 Jun 18 15:17:44 AcadBldg16AP4 AcadBldg16AP4 (Info): Station 003065e0de26 Authenticated
992891864 Jun 18 15:17:44 AcadBldg16AP4 AcadBldg16AP4 (Info): Station 003065e0de26 Associated
992891869 Jun 18 15:17:49 LibBldg1AP8 LibBldg1AP8 (Info): Deauthenticating 003065bdb275, reason "Inactivity"
992891870 Jun 18 15:17:50 SocBldg1AP1 SocBldg1AP1 (Info): Station 003065bdb275 Authenticated
992891870 Jun 18 15:17:50 SocBldg1AP1 SocBldg1AP1 (Info): Station 003065bdb275 Associated
992891934 Jun 18 15:18:54 AcadBldg17AP5 AcadBldg17AP5 (Info): Station 004096dfa78a Authenticated
992891934 Jun 18 15:18:54 AcadBldg17AP5 AcadBldg17AP5 (Info): Station 004096dfa78a Associated
992891936 Jun 18 15:18:56 AcadBldg17AP5 AcadBldg17AP5 (Info): Station 004096dfa78a Authenticated
992891936 Jun 18 15:18:56 AcadBldg17AP5 AcadBldg17AP5 (Info): Station 004096dfa78a Associated
992892027 Jun 18 15:20:27 AcadBldg10AP18 AcadBldg10AP18 (Info): Station 00306572a9d8 Reassociated
992892027 Jun 18 15:20:27 AcadBldg10AP7 AcadBldg10AP7 (Info): Station 00306572a9d8 roamed
992892050 Jun 18 15:20:50 AcadBldg17AP3 AcadBldg17AP3 (Info): Station 004096dfa78a Authenticated
992892050 Jun 18 15:20:50 AcadBldg17AP3 AcadBldg17AP3 (Info): Station 004096dfa78a Associated
992892050 Jun 18 15:20:50 AcadBldg17AP5 AcadBldg17AP5 (Info): Station 004096dfa78a roamed
992892050 Jun 18 15:20:50 AcadBldg17AP5 AcadBldg17AP5 (Info): Station 004096dfa78a roamed
992892053 Jun 18 15:20:53 AcadBldg17AP3 AcadBldg17AP3 (Info): Station 004096dfa78a Authenticated
992892053 Jun 18 15:20:53 AcadBldg17AP3 AcadBldg17AP3 (Info): Station 004096dfa78a Associated
992892075 Jun 18 15:21:15 AcadBldg10AP7 AcadBldg10AP7 (Info): Station 00306572a9d8 Reassociated
992892075 Jun 18 15:21:15 AcadBldg10AP18 AcadBldg10AP18 (Info): Station 00306572a9d8 roamed
992892243 Jun 18 15:24:03 AcadBldg17AP3 AcadBldg17AP3 (Info): Station 004096dfa78a roamed
992892505 Jun 18 15:28:25 AcadBldg10AP18 AcadBldg10AP18 (Info): Station 00306572a9d8 Reassociated
992892505 Jun 18 15:28:25 AcadBldg10AP7 AcadBldg10AP7 (Info): Station 00306572a9d8 roamed
992892574 Jun 18 15:29:34 AcadBldg16AP5 AcadBldg16AP5 (Info): Deauthenticating 00409696d938, reason "Inactivity"
992892583 Jun 18 15:29:43 AcadBldg10AP1 AcadBldg10AP1 (Info): Station 00306572a9d8 Reassociated
992892583 Jun 18 15:29:43 AcadBldg10AP18 AcadBldg10AP18 (Info): Station 00306572a9d8 roamed
992892584 Jun 18 15:29:44 ResBldg89AP1 ResBldg89AP1 (Info): Station 003065672efa Authenticated
992892584 Jun 18 15:29:44 ResBldg89AP1 ResBldg89AP1 (Info): Station 003065672efa Associated
992892588 Jun 18 15:29:48 AcadBldg10AP13 AcadBldg10AP13 (Info): Station 00306572a9d8 Reassociated
992892588 Jun 18 15:29:48 AcadBldg10AP1 AcadBldg10AP1 (Info): Station 00306572a9d8 roamed
992892671 Jun 18 15:31:11 AcadBldg10AP18 AcadBldg10AP18 (Info): Station 00306572a9d8 Reassociated
992892671 Jun 18 15:31:11 AcadBldg10AP13 AcadBldg10AP13 (Info): Station 00306572a9d8 roamed
992892707 Jun 18 15:31:47 AcadBldg10AP13 AcadBldg10AP13 (Info): Station 00306572a9d8 Reassociated
992892707 Jun 18 15:31:47 AcadBldg10AP18 AcadBldg10AP18 (Info): Station 00306572a9d8 roamed
992892745 Jun 18 15:32:25 AcadBldg10AP18 AcadBldg10AP18 (Info): Station 00306572a9d8 Reassociated
992892745 Jun 18 15:32:25 AcadBldg10AP13 AcadBldg10AP13 (Info): Station 00306572a9d8 roamed
992892870 Jun 18 15:34:30 AcadBldg10AP13 AcadBldg10AP13 (Info): Station 00306572a9d8 Reassociated
992892870 Jun 18 15:34:30 AcadBldg10AP18 AcadBldg10AP18 (Info): Station 00306572a9d8 roamed
992892875 Jun 18 15:34:35 AdmBldg16AP1 AdmBldg16AP1 (Info): Successfully updated system firmware
992892905 Jun 18 15:35:05 AdmBldg16AP1 AdmBldg16AP1 (Info): Started driver for port "awc0"
992892905 Jun 18 15:35:05 AdmBldg16AP1 AdmBldg16AP1 (Info): Started driver for port "fec0"
992892917 Jun 18 15:35:17 AdmBldg16AP1 AdmBldg16AP1 (Info): Bound "AWC Packet Router" protocol to device "rptr2"
992892917 Jun 18 15:35:17 AdmBldg16AP1 AdmBldg16AP1 (Info): Bound "AWC DDP Protocol" protocol to device "rptr2"
992892917 Jun 18 15:35:17 AdmBldg16AP1 AdmBldg16AP1 (Info): Bound "AWC Packet Router" protocol to device "rptr3"
992892917 Jun 18 15:35:17 AdmBldg16AP1 AdmBldg16AP1 (Info): Bound "AWC DDP Protocol" protocol to device "rptr3"
992892917 Jun 18 15:35:17 AdmBldg16AP1 AdmBldg16AP1 (Info): Bound "AWC Packet Router" protocol to device "rptr4"
992892917 Jun 18 15:35:17 AdmBldg16AP1 AdmBldg16AP1 (Info): Bound "AWC DDP Protocol" protocol to device "rptr4"
992892917 Jun 18 15:35:17 AdmBldg16AP1 AdmBldg16AP1 (Info): Bound "AWC Packet Router" protocol to device "rptr5"
992892917 Jun 18 15:35:17 AdmBldg16AP1 AdmBldg16AP1 (Info): Bound "AWC DDP Protocol" protocol to device "rptr5"
992892918 Jun 18 15:35:18 AdmBldg16AP1 AdmBldg16AP1 (Info): Bound "AWC Packet Router" protocol to device "rptr6"
992892946 Jun 18 15:35:46 AcadBldg10AP18 AcadBldg10AP18 (Info): Station 00306572a9d8 Reassociated
992892946 Jun 18 15:35:46 AcadBldg10AP13 AcadBldg10AP13 (Info): Station 00306572a9d8 roamed
992892993 Jun 18 15:36:33 AcadBldg10AP7 AcadBldg10AP7 (Info): Station 00306572a9d8 Reassociated
992892993 Jun 18 15:36:33 AcadBldg10AP18 AcadBldg10AP18 (Info): Station 00306572a9d8 roamed
992893024 Jun 18 15:37:04 AcadBldg10AP18 AcadBldg10AP18 (Info): Station 00306572a9d8 Reassociated
992893024 Jun 18 15:37:04 AcadBldg10AP7 AcadBldg10AP7 (Info): Station 00306572a9d8 roamed
992893028 Jun 18 15:37:08 AdmBldg16AP1 AdmBldg16AP1 (Info): Station 00409699dfba Authenticated
992893028 Jun 18 15:37:08 AdmBldg16AP1 AdmBldg16AP1 (Info): Station 00409699dfba Associated
992893035 Jun 18 15:37:15 AdmBldg16AP1 AdmBldg16AP1 (Info): Station 00409699dfba Authenticated
992893035 Jun 18 15:37:15 AdmBldg16AP1 AdmBldg16AP1 (Info): Station 00409699dfba Associated
992893046 Jun 18 15:37:26 AcadBldg10AP7 AcadBldg10AP7 (Info): Station 00306572a9d8 Reassociated
992893046 Jun 18 15:37:26 AcadBldg10AP18 AcadBldg10AP18 (Info): Station 00306572a9d8 roamed
992893090 Jun 18 15:38:10 AcadBldg16AP2 AcadBldg16AP2 (Info): Deauthenticating 00409696d938, reason "Inactivity"
992893114 Jun 18 15:38:34 ResBldg89AP1 ResBldg89AP1 (Info): Station 003065672efa Authenticated
992893114 Jun 18 15:38:34 ResBldg89AP1 ResBldg89AP1 (Info): Station 003065672efa Associated
992893132 Jun 18 15:38:52 AcadBldg17AP5 AcadBldg17AP5 (Info): Station 004096dfa78a Authenticated
992893132 Jun 18 15:38:52 AcadBldg17AP5 AcadBldg17AP5 (Info): Station 004096dfa78a Associated
992893135 Jun 18 15:38:55 AcadBldg17AP5 AcadBldg17AP5 (Info): Station 004096dfa78a Authenticated
992893135 Jun 18 15:38:55 AcadBldg17AP5 AcadBldg17AP5 (Info): Station 004096dfa78a Associated
992893201 Jun 18 15:40:01 AcadBldg30AP3 AcadBldg30AP3 (Info): Deauthenticating 003065bdb275, reason "Inactivity"
992893228 Jun 18 15:40:28 AdmBldg24AP2 AdmBldg24AP2 (Info): Deauthenticating 0030651e0ae6, reason "Inactivity"
992893229 Jun 18 15:40:29 AdmBldg24AP2 AdmBldg24AP2 (Info): Station 0030651e0ae6 Authenticated
992893229 Jun 18 15:40:29 AdmBldg24AP2 AdmBldg24AP2 (Info): Station 0030651e0ae6 Associated
992893319 Jun 18 15:41:59 LibBldg1AP8 LibBldg1AP8 (Info): Deauthenticating 003065bdb275, reason "Must Authenticate Before Associating"
992893319 Jun 18 15:41:59 LibBldg1AP8 LibBldg1AP8 (Info): Station 003065bdb275 Authenticated
992893319 Jun 18 15:41:59 LibBldg1AP8 LibBldg1AP8 (Info): Station 003065bdb275 Reassociated
992893376 Jun 18 15:42:56 LibBldg2AP7 LibBldg2AP7 (Info): Deauthenticating 0030650b29a5, reason "Must Authenticate Before Associating"
992893376 Jun 18 15:42:56 LibBldg2AP7 LibBldg2AP7 (Info): Station 0030650b29a5 Authenticated
992893376 Jun 18 15:42:56 LibBldg2AP7 LibBldg2AP7 (Info): Station 0030650b29a5 Reassociated
992893392 Jun 18 15:43:12 AcadBldg33AP3 AcadBldg33AP3 (Info): Deauthenticating 00306539db23, reason "Inactivity"
992893394 Jun 18 15:43:14 AcadBldg33AP3 AcadBldg33AP3 (Info): Station 00306539db23 Authenticated
992893394 Jun 18 15:43:14 AcadBldg33AP3 AcadBldg33AP3 (Info): Station 00306539db23 Associated
992893431 Jun 18 15:43:51 AcadBldg17AP5 AcadBldg17AP5 (Info): Station 004096dfa78a Authenticated
992893431 Jun 18 15:43:51 AcadBldg17AP5 AcadBldg17AP5 (Info): Station 004096dfa78a Associated
992893434 Jun 18 15:43:54 AcadBldg17AP5 AcadBldg17AP5 (Info): Station 004096dfa78a Authenticated
992893434 Jun 18 15:43:54 AcadBldg17AP5 AcadBldg17AP5 (Info): Station 004096dfa78a Associated
992893453 Jun 18 15:44:13 ResBldg44AP1 ResBldg44AP1 (Info): Deauthenticating 003065cdabb1, reason "Inactivity"
992893474 Jun 18 15:44:34 AdmBldg6AP1 AdmBldg6AP1 (Info): Deauthenticating 00306528bac1, reason "Inactivity"
992893520 Jun 18 15:45:20 AcadBldg17AP5 AcadBldg17AP5 (Info): Station 004096dfa78a roamed
992893566 Jun 18 15:46:06 AcadBldg33AP3 AcadBldg33AP3 (Info): Station 00306539db23 Authenticated
992893566 Jun 18 15:46:06 AcadBldg33AP3 AcadBldg33AP3 (Info): Station 00306539db23 Associated
992893591 Jun 18 15:46:31 LibBldg2AP7 LibBldg2AP7 (Info): Deauthenticating 0030655b9345, reason "Inactivity"
992893617 Jun 18 15:46:57 AdmBldg19AP3 AdmBldg19AP3 (Info): Deauthenticating 003065e9aecb, reason "Inactivity"
992893633 Jun 18 15:47:13 AdmBldg19AP3 AdmBldg19AP3 (Info): Station 003065e9aecb Authenticated
992893633 Jun 18 15:47:13 AdmBldg19AP3 AdmBldg19AP3 (Info): Station 003065e9aecb Associated
992893672 Jun 18 15:47:52 AcadBldg16AP4 AcadBldg16AP4 (Info): Deauthenticating 003065e0de26, reason "Inactivity"
992893673 Jun 18 15:47:53 AcadBldg16AP4 AcadBldg16AP4 (Info): Station 003065e0de26 Authenticated
992893673 Jun 18 15:47:53 AcadBldg16AP4 AcadBldg16AP4 (Info): Station 003065e0de26 Associated
992893706 Jun 18 15:48:26 LibBldg2AP6 LibBldg2AP6 (Info): Deauthenticating 00409699915b, reason "Inactivity"
992893715 Jun 18 15:48:35 LibBldg2AP7 LibBldg2AP7 (Info): Deauthenticating 0030656e7eb9, reason "Inactivity"
992893743 Jun 18 15:49:03 LibBldg2AP7 LibBldg2AP7 (Info): Station 00022d58f01c Reassociated
992893776 Jun 18 15:49:36 AcadBldg17AP5 AcadBldg17AP5 (Info): Station 004096dfa78a Authenticated
992893776 Jun 18 15:49:36 AcadBldg17AP5 AcadBldg17AP5 (Info): Station 004096dfa78a Associated
992893778 Jun 18 15:49:38 AcadBldg17AP5 AcadBldg17AP5 (Info): Station 004096dfa78a Authenticated
992893778 Jun 18 15:49:38 AcadBldg17AP5 AcadBldg17AP5 (Info): Station 004096dfa78a Associated
992893863 Jun 18 15:51:03 AdmBldg16AP1 AdmBldg16AP1 (Info): Station 00409699dfba Associated
992893863 Jun 18 15:51:03 AdmBldg16AP1 AdmBldg16AP1 (Info): Station 00409699dfba Authenticated
992893875 Jun 18 15:51:15 AdmBldg14AP1 AdmBldg14AP1 (Info): Station 004096dfa78a Authenticated
992893875 Jun 18 15:51:15 AdmBldg14AP1 AdmBldg14AP1 (Info): Station 004096dfa78a Reassociated
992893917 Jun 18 15:51:57 ResBldg9AP2 ResBldg9AP2 (Info): Station 004096dfa78a Authenticated
992893917 Jun 18 15:51:57 ResBldg9AP2 ResBldg9AP2 (Info): Station 004096dfa78a Reassociated
992893925 Jun 18 15:52:05 AcadBldg17AP8 AcadBldg17AP8 (Info): Station 004096dfa78a Authenticated
992893925 Jun 18 15:52:05 AcadBldg17AP8 AcadBldg17AP8 (Info): Station 004096dfa78a Reassociated
992893925 Jun 18 15:52:05 AcadBldg17AP5 AcadBldg17AP5 (Info): Station 004096dfa78a roamed
992893925 Jun 18 15:52:05 AcadBldg17AP5 AcadBldg17AP5 (Info): Station 004096dfa78a roamed
992893954 Jun 18 15:52:34 LibBldg5AP1 LibBldg5AP1 (Info): Station 004096dfa78a Authenticated
992893954 Jun 18 15:52:34 LibBldg5AP1 LibBldg5AP1 (Info): Station 004096dfa78a Reassociated
992893954 Jun 18 15:52:34 ResBldg9AP2 ResBldg9AP2 (Info): Station 004096dfa78a roamed
992893954 Jun 18 15:52:34 ResBldg9AP2 ResBldg9AP2 (Info): Station 004096dfa78a roamed
992893958 Jun 18 15:52:38 AcadBldg17AP8 AcadBldg17AP8 (Info): Station 004096dfa78a Authenticated
992893958 Jun 18 15:52:38 AcadBldg17AP8 AcadBldg17AP8 (Info): Station 004096dfa78a Reassociated
992893980 Jun 18 15:53:00 AcadBldg17AP1 AcadBldg17AP1 (Info): Station 004096dfa78a Authenticated
992893980 Jun 18 15:53:00 AcadBldg17AP1 AcadBldg17AP1 (Info): Station 004096dfa78a Reassociated
992893980 Jun 18 15:53:00 AcadBldg17AP8 AcadBldg17AP8 (Info): Station 004096dfa78a roamed
992893980 Jun 18 15:53:00 AcadBldg17AP8 AcadBldg17AP8 (Info): Station 004096dfa78a roamed
992894033 Jun 18 15:53:53 AcadBldg17AP8 AcadBldg17AP8 (Info): Station 004096dfa78a Authenticated
992894033 Jun 18 15:53:53 AcadBldg17AP8 AcadBldg17AP8 (Info): Station 004096dfa78a Reassociated
992894033 Jun 18 15:53:53 AcadBldg17AP1 AcadBldg17AP1 (Info): Station 004096dfa78a roamed
992894033 Jun 18 15:53:53 AcadBldg17AP1 AcadBldg17AP1 (Info): Station 004096dfa78a roamed
992894058 Jun 18 15:54:18 ResBldg89AP1 ResBldg89AP1 (Info): Station 003065672efa Authenticated
992894058 Jun 18 15:54:18 ResBldg89AP1 ResBldg89AP1 (Info): Station 003065672efa Associated
992894059 Jun 18 15:54:19 AcadBldg17AP5 AcadBldg17AP5 (Info): Station 004096dfa78a Authenticated
992894059 Jun 18 15:54:19 AcadBldg17AP5 AcadBldg17AP5 (Info): Station 004096dfa78a Reassociated
992894059 Jun 18 15:54:19 AcadBldg17AP8 AcadBldg17AP8 (Info): Station 004096dfa78a roamed
992894059 Jun 18 15:54:19 AcadBldg17AP8 AcadBldg17AP8 (Info): Station 004096dfa78a roamed
992894153 Jun 18 15:55:53 AcadBldg10AP7 AcadBldg10AP7 (Info): Station 00306572a9d8 Authenticated
992894153 Jun 18 15:55:53 AcadBldg10AP7 AcadBldg10AP7 (Info): Station 00306572a9d8 Associated
992894247 Jun 18 15:57:27 LibBldg2AP7 LibBldg2AP7 (Info): Station 0030656e7eb9 Authenticated
992894247 Jun 18 15:57:27 LibBldg2AP7 LibBldg2AP7 (Info): Station 0030656e7eb9 Associated
992894261 Jun 18 15:57:41 AdmBldg14AP2 AdmBldg14AP2 (Info): Station 004096dfa78a Authenticated
992894261 Jun 18 15:57:41 AdmBldg14AP2 AdmBldg14AP2 (Info): Station 004096dfa78a Associated
992894261 Jun 18 15:57:41 AdmBldg14AP1 AdmBldg14AP1 (Info): Station 004096dfa78a roamed
992894261 Jun 18 15:57:41 AdmBldg14AP1 AdmBldg14AP1 (Info): Station 004096dfa78a roamed
992894264 Jun 18 15:57:44 AcadBldg16AP1 AcadBldg16AP1 (Info): Station 004096dfa78a Authenticated
992894264 Jun 18 15:57:44 AcadBldg16AP1 AcadBldg16AP1 (Info): Station 004096dfa78a Associated
992894265 Jun 18 15:57:45 AdmBldg14AP2 AdmBldg14AP2 (Info): Station 004096dfa78a Authenticated
992894265 Jun 18 15:57:45 AdmBldg14AP2 AdmBldg14AP2 (Info): Station 004096dfa78a Associated
992894269 Jun 18 15:57:49 AcadBldg17AP5 AcadBldg17AP5 (Info): Station 004096dfa78a roamed
992894269 Jun 18 15:57:49 AcadBldg17AP5 AcadBldg17AP5 (Info): Station 004096dfa78a roamed
992894277 Jun 18 15:57:57 AdmBldg14AP2 AdmBldg14AP2 (Info): Station 004096dfa78a Authenticated
992894277 Jun 18 15:57:57 AdmBldg14AP2 AdmBldg14AP2 (Info): Station 004096dfa78a Reassociated
992894284 Jun 18 15:58:04 AcadBldg4AP3 AcadBldg4AP3 (Info): Station 004096dfa78a Authenticated
992894284 Jun 18 15:58:04 AcadBldg4AP3 AcadBldg4AP3 (Info): Station 004096dfa78a Reassociated
992894298 Jun 18 15:58:18 AcadBldg4AP1 AcadBldg4AP1 (Info): Station 004096dfa78a Authenticated
992894300 Jun 18 15:58:20 ResBldg67AP1 ResBldg67AP1 (Info): Station 004096dfa78a Authenticated
992894300 Jun 18 15:58:20 ResBldg67AP1 ResBldg67AP1 (Info): Station 004096dfa78a Reassociated
992894301 Jun 18 15:58:21 AcadBldg4AP3 AcadBldg4AP3 (Info): Station 004096dfa78a Authenticated
992894301 Jun 18 15:58:21 AcadBldg4AP1 AcadBldg4AP1 (Info): Station 004096dfa78a roamed
992894301 Jun 18 15:58:21 AcadBldg4AP3 AcadBldg4AP3 (Info): Station 004096dfa78a Reassociated
992894301 Jun 18 15:58:21 AcadBldg4AP1 AcadBldg4AP1 (Info): Station 004096dfa78a roamed
992894305 Jun 18 15:58:25 ResBldg67AP1 ResBldg67AP1 (Info): Station 004096dfa78a Authenticated
992894305 Jun 18 15:58:25 ResBldg67AP1 ResBldg67AP1 (Info): Station 004096dfa78a Reassociated
992894315 Jun 18 15:58:35 AcadBldg4AP3 AcadBldg4AP3 (Info): Station 004096dfa78a Authenticated
992894315 Jun 18 15:58:35 AcadBldg4AP3 AcadBldg4AP3 (Info): Station 004096dfa78a Reassociated
992894317 Jun 18 15:58:37 AdmBldg14AP2 AdmBldg14AP2 (Info): Station 004096dfa78a Authenticated
992894317 Jun 18 15:58:37 AdmBldg14AP2 AdmBldg14AP2 (Info): Station 004096dfa78a Reassociated
992894328 Jun 18 15:58:48 AcadBldg33AP6 AcadBldg33AP6 (Info): Station 004096dfa78a Authenticated
992894328 Jun 18 15:58:48 AcadBldg33AP6 AcadBldg33AP6 (Info): Station 004096dfa78a Reassociated
992894351 Jun 18 15:59:11 ResBldg38AP1 ResBldg38AP1 (Info): Station 004096dfa78a Authenticated
992894351 Jun 18 15:59:11 ResBldg38AP1 ResBldg38AP1 (Info): Station 004096dfa78a Associated
992894353 Jun 18 15:59:13 ResBldg38AP1 ResBldg38AP1 (Info): Station 004096dfa78a Associated
992894354 Jun 18 15:59:14 ResBldg38AP1 ResBldg38AP1 (Info): Station 004096dfa78a Authenticated
992894354 Jun 18 15:59:14 ResBldg38AP1 ResBldg38AP1 (Info): Station 004096dfa78a Associated
992894498 Jun 18 16:01:38 ResBldg44AP1 ResBldg44AP1 (Info): Station 004096dfa78a Authenticated
992894498 Jun 18 16:01:38 ResBldg44AP1 ResBldg44AP1 (Info): Station 004096dfa78a Associated
992894501 Jun 18 16:01:41 ResBldg44AP3 ResBldg44AP3 (Info): Station 004096dfa78a Authenticated
992894501 Jun 18 16:01:41 ResBldg44AP3 ResBldg44AP3 (Info): Station 004096dfa78a Associated
992894501 Jun 18 16:01:41 ResBldg44AP1 ResBldg44AP1 (Info): Station 004096dfa78a roamed
992894501 Jun 18 16:01:41 ResBldg44AP1 ResBldg44AP1 (Info): Station 004096dfa78a roamed
992894532 Jun 18 16:02:12 AcadBldg15AP5 AcadBldg15AP5 (Info): Station 004096dfa78a Authenticated
992894532 Jun 18 16:02:12 AcadBldg15AP5 AcadBldg15AP5 (Info): Station 004096dfa78a Reassociated
992894575 Jun 18 16:02:55 AcadBldg2AP1 AcadBldg2AP1 (Info): Station 004096d06bb2 Authenticated
992894575 Jun 18 16:02:55 AcadBldg2AP1 AcadBldg2AP1 (Info): Station 004096d06bb2 Associated
992894607 Jun 18 16:03:27 AcadBldg12AP1 AcadBldg12AP1 (Info): Station 004096dfa78a Authenticated
992894607 Jun 18 16:03:27 AcadBldg12AP1 AcadBldg12AP1 (Info): Station 004096dfa78a Reassociated
992894608 Jun 18 16:03:28 LibBldg2AP6 LibBldg2AP6 (Info): Station 004096dfa78a Reassociated
992894608 Jun 18 16:03:28 LibBldg2AP6 LibBldg2AP6 (Info): Station 004096dfa78a Authenticated
992894612 Jun 18 16:03:32 AcadBldg12AP3 AcadBldg12AP3 (Info): Station 004096dfa78a Authenticated
992894612 Jun 18 16:03:32 AcadBldg12AP3 AcadBldg12AP3 (Info): Station 004096dfa78a Reassociated
992894612 Jun 18 16:03:32 AcadBldg12AP1 AcadBldg12AP1 (Info): Station 004096dfa78a roamed
992894612 Jun 18 16:03:32 AcadBldg12AP1 AcadBldg12AP1 (Info): Station 004096dfa78a roamed
992894625 Jun 18 16:03:45 ResBldg89AP1 ResBldg89AP1 (Info): Station 003065672efa Authenticated
992894625 Jun 18 16:03:45 ResBldg89AP1 ResBldg89AP1 (Info): Station 003065672efa Associated
992894637 Jun 18 16:03:57 AcadBldg4AP3 AcadBldg4AP3 (Info): Station 004096dfa78a Authenticated
992894637 Jun 18 16:03:57 AcadBldg4AP3 AcadBldg4AP3 (Info): Station 004096dfa78a Reassociated
992894642 Jun 18 16:04:02 ResBldg49AP1 ResBldg49AP1 (Info): Station 004096dfa78a Authenticated
992894642 Jun 18 16:04:02 ResBldg49AP1 ResBldg49AP1 (Info): Station 004096dfa78a Reassociated
992894642 Jun 18 16:04:02 ResBldg38AP1 ResBldg38AP1 (Info): Station 004096dfa78a roamed
992894642 Jun 18 16:04:02 ResBldg38AP1 ResBldg38AP1 (Info): Station 004096dfa78a roamed
992894651 Jun 18 16:04:11 AcadBldg12AP3 AcadBldg12AP3 (Info): Station 004096dfa78a Authenticated
992894651 Jun 18 16:04:11 AcadBldg12AP3 AcadBldg12AP3 (Info): Station 004096dfa78a Reassociated
992894685 Jun 18 16:04:45 ResBldg67AP1 ResBldg67AP1 (Info): Station 004096dfa78a Authenticated
992894685 Jun 18 16:04:45 ResBldg67AP1 ResBldg67AP1 (Info): Station 004096dfa78a Reassociated
992894688 Jun 18 16:04:48 ResBldg38AP1 ResBldg38AP1 (Info): Station 004096dfa78a Authenticated
992894688 Jun 18 16:04:48 ResBldg38AP1 ResBldg38AP1 (Info): Station 004096dfa78a Reassociated
992894688 Jun 18 16:04:48 ResBldg49AP1 ResBldg49AP1 (Info): Station 004096dfa78a roamed
992894716 Jun 18 16:05:16 ResBldg12AP1 ResBldg12AP1 (Info): Station 004096dfa78a Authenticated
992894718 Jun 18 16:05:18 AcadBldg16AP1 AcadBldg16AP1 (Info): Station 004096dfa78a roamed
992894720 Jun 18 16:05:20 LibBldg5AP1 LibBldg5AP1 (Info): Station 004096dfa78a roamed
992894741 Jun 18 16:05:41 AcadBldg17AP8 AcadBldg17AP8 (Info): Station 004096dfa78a Authenticated
992894741 Jun 18 16:05:41 AcadBldg17AP8 AcadBldg17AP8 (Info): Station 004096dfa78a Reassociated
992894784 Jun 18 16:06:24 AcadBldg17AP7 AcadBldg17AP7 (Info): Station 004096dfa78a Authenticated
992894784 Jun 18 16:06:24 AcadBldg17AP7 AcadBldg17AP7 (Info): Station 004096dfa78a Associated
992894784 Jun 18 16:06:24 AcadBldg17AP8 AcadBldg17AP8 (Info): Station 004096dfa78a roamed
992894784 Jun 18 16:06:24 AcadBldg17AP8 AcadBldg17AP8 (Info): Station 004096dfa78a roamed
992894788 Jun 18 16:06:28 AcadBldg17AP5 AcadBldg17AP5 (Info): Station 004096dfa78a Authenticated
992894788 Jun 18 16:06:28 AcadBldg17AP5 AcadBldg17AP5 (Info): Station 004096dfa78a Reassociated
992894788 Jun 18 16:06:28 AcadBldg17AP7 AcadBldg17AP7 (Info): Station 004096dfa78a roamed
992894788 Jun 18 16:06:28 AcadBldg17AP7 AcadBldg17AP7 (Info): Station 004096dfa78a roamed
992894791 Jun 18 16:06:31 AcadBldg17AP7 AcadBldg17AP7 (Info): Station 004096dfa78a Authenticated
992894791 Jun 18 16:06:31 AcadBldg17AP1 AcadBldg17AP1 (Info): Station 004096dfa78a Authenticated
992894791 Jun 18 16:06:31 AcadBldg17AP1 AcadBldg17AP1 (Info): Station 004096dfa78a Associated
992894791 Jun 18 16:06:31 AcadBldg17AP7 AcadBldg17AP7 (Info): Station 004096dfa78a roamed
992894791 Jun 18 16:06:31 AcadBldg17AP7 AcadBldg17AP7 (Info): Station 004096dfa78a roamed
992894791 Jun 18 16:06:31 AcadBldg17AP5 AcadBldg17AP5 (Info): Station 004096dfa78a roamed
992894791 Jun 18 16:06:31 AcadBldg17AP5 AcadBldg17AP5 (Info): Station 004096dfa78a roamed
992894793 Jun 18 16:06:33 AcadBldg17AP1 AcadBldg17AP1 (Info): Station 004096dfa78a Associated
992894795 Jun 18 16:06:35 AcadBldg17AP5 AcadBldg17AP5 (Info): Station 004096dfa78a Authenticated
992894795 Jun 18 16:06:35 AcadBldg17AP5 AcadBldg17AP5 (Info): Station 004096dfa78a Reassociated
992894795 Jun 18 16:06:35 AcadBldg17AP1 AcadBldg17AP1 (Info): Station 004096dfa78a roamed
992894795 Jun 18 16:06:35 AcadBldg17AP1 AcadBldg17AP1 (Info): Station 004096dfa78a roamed
992895051 Jun 18 16:10:51 AdmBldg24AP2 AdmBldg24AP2 (Info): Deauthenticating 0030651e0ae6, reason "Inactivity"
992895053 Jun 18 16:10:53 AdmBldg24AP2 AdmBldg24AP2 (Info): Station 0030651e0ae6 Authenticated
992895053 Jun 18 16:10:53 AdmBldg24AP2 AdmBldg24AP2 (Info): Station 0030651e0ae6 Associated
992895119 Jun 18 16:11:59 LibBldg1AP8 LibBldg1AP8 (Info): Deauthenticating 003065bdb275, reason "Inactivity"
992895135 Jun 18 16:12:15 SocBldg1AP1 SocBldg1AP1 (Info): Deauthenticating 003065bdb275, reason "Inactivity"
992895197 Jun 18 16:13:17 LibBldg2AP7 LibBldg2AP7 (Info): Deauthenticating 0030650b29a5, reason "Inactivity"
992895204 Jun 18 16:13:24 LibBldg2AP7 LibBldg2AP7 (Info): Station 00022d58f01c Reassociated
992895218 Jun 18 16:13:38 LibBldg2AP7 LibBldg2AP7 (Info): Deauthenticating 0030650b29a5, reason "Must Authenticate Before Associating"
992895218 Jun 18 16:13:38 LibBldg2AP7 LibBldg2AP7 (Info): Station 0030650b29a5 Authenticated
992895218 Jun 18 16:13:38 LibBldg2AP7 LibBldg2AP7 (Info): Station 0030650b29a5 Reassociated
992895393 Jun 18 16:16:33 AcadBldg33AP3 AcadBldg33AP3 (Info): Deauthenticating 00306539db23, reason "Inactivity"
992895394 Jun 18 16:16:34 AcadBldg33AP3 AcadBldg33AP3 (Info): Station 00306539db23 Authenticated
992895394 Jun 18 16:16:34 AcadBldg33AP3 AcadBldg33AP3 (Info): Station 00306539db23 Associated
992895454 Jun 18 16:17:34 AdmBldg19AP3 AdmBldg19AP3 (Info): Deauthenticating 003065e9aecb, reason "Inactivity"
992895457 Jun 18 16:17:37 AdmBldg19AP3 AdmBldg19AP3 (Info): Station 003065e9aecb Authenticated
992895457 Jun 18 16:17:37 AdmBldg19AP3 AdmBldg19AP3 (Info): Station 003065e9aecb Associated
992895481 Jun 18 16:18:01 AcadBldg16AP4 AcadBldg16AP4 (Info): Deauthenticating 003065e0de26, reason "Inactivity"
992895482 Jun 18 16:18:02 AcadBldg16AP4 AcadBldg16AP4 (Info): Station 003065e0de26 Authenticated
992895482 Jun 18 16:18:02 AcadBldg16AP4 AcadBldg16AP4 (Info): Station 003065e0de26 Associated
992895782 Jun 18 16:23:02 LibBldg2AP7 LibBldg2AP7 (Info): Station 0030656e7eb9 Authenticated
992895782 Jun 18 16:23:02 LibBldg2AP7 LibBldg2AP7 (Info): Station 0030656e7eb9 Associated
992895875 Jun 18 16:24:35 AcadBldg17AP5 AcadBldg17AP5 (Info): Station 004096dfa78a Authenticated
992895875 Jun 18 16:24:35 AcadBldg17AP5 AcadBldg17AP5 (Info): Station 004096dfa78a Associated
992895877 Jun 18 16:24:37 AcadBldg17AP5 AcadBldg17AP5 (Info): Station 004096dfa78a Authenticated
992895877 Jun 18 16:24:37 AcadBldg17AP5 AcadBldg17AP5 (Info): Station 004096dfa78a Associated
992895891 Jun 18 16:24:51 LibBldg2AP7 LibBldg2AP7 (Info): Station 0030650b29a5 Reassociated
992896069 Jun 18 16:27:49 AcadBldg10AP7 AcadBldg10AP7 (Info): Deauthenticating 00306572a9d8, reason "Inactivity"
992896141 Jun 18 16:29:01 AdmBldg14AP2 AdmBldg14AP2 (Info): Deauthenticating 004096dfa78a, reason "Inactivity"
992896150 Jun 18 16:29:10 AcadBldg33AP6 AcadBldg33AP6 (Info): Deauthenticating 004096dfa78a, reason "Inactivity"
992896181 Jun 18 16:29:41 AcadBldg23AP5 AcadBldg23AP5 (Info): Station 00306554ad08 Authenticated
992896181 Jun 18 16:29:41 AcadBldg23AP5 AcadBldg23AP5 (Info): Station 00306554ad08 Associated
992896349 Jun 18 16:32:29 ResBldg44AP3 ResBldg44AP3 (Info): Deauthenticating 004096dfa78a, reason "Inactivity"
992896427 Jun 18 16:33:47 AcadBldg15AP5 AcadBldg15AP5 (Info): Deauthenticating 004096dfa78a, reason "Inactivity"
992896433 Jun 18 16:33:53 LibBldg2AP6 LibBldg2AP6 (Info): Deauthenticating 004096dfa78a, reason "Inactivity"
992896463 Jun 18 16:34:23 AcadBldg4AP3 AcadBldg4AP3 (Info): Deauthenticating 004096dfa78a, reason "Inactivity"
992896484 Jun 18 16:34:44 AcadBldg12AP3 AcadBldg12AP3 (Info): Deauthenticating 004096dfa78a, reason "Inactivity"
992896510 Jun 18 16:35:10 ResBldg67AP1 ResBldg67AP1 (Info): Deauthenticating 004096dfa78a, reason "Inactivity"
992896515 Jun 18 16:35:15 ResBldg38AP1 ResBldg38AP1 (Info): Deauthenticating 004096dfa78a, reason "Inactivity"
992896537 Jun 18 16:35:37 ResBldg12AP1 ResBldg12AP1 (Info): Deauthenticating 004096dfa78a, reason "Inactivity"
992896541 Jun 18 16:35:41 ResBldg9AP2 ResBldg9AP2 (Info): Deauthenticating 004096dfa78a, reason "Inactivity"
992896619 Jun 18 16:36:59 AcadBldg2AP1 AcadBldg2AP1 (Info): Deauthenticating 004096d06bb2, reason "Inactivity"
992896723 Jun 18 16:38:43 AcadBldg10AP7 AcadBldg10AP7 (Info): Station 00306572a9d8 Authenticated
992896724 Jun 18 16:38:44 AcadBldg10AP7 AcadBldg10AP7 (Info): Station 00306572a9d8 Associated
992896768 Jun 18 16:39:28 AcadBldg22AP2 AcadBldg22AP2 (Info): Station 00306537fe81 Authenticated
992896768 Jun 18 16:39:28 AcadBldg22AP2 AcadBldg22AP2 (Info): Station 00306537fe81 Associated
992896875 Jun 18 16:41:15 AdmBldg24AP2 AdmBldg24AP2 (Info): Deauthenticating 0030651e0ae6, reason "Inactivity"
992896876 Jun 18 16:41:16 AdmBldg24AP2 AdmBldg24AP2 (Info): Station 0030651e0ae6 Authenticated
992896876 Jun 18 16:41:16 AdmBldg24AP2 AdmBldg24AP2 (Info): Station 0030651e0ae6 Associated
992896940 Jun 18 16:42:20 AdmBldg16AP1 AdmBldg16AP1 (Info): Deauthenticating 00409699dfba, reason "Inactivity"
992897020 Jun 18 16:43:40 AcadBldg10AP18 AcadBldg10AP18 (Info): Deauthenticating 003065b2c127, reason "Inactivity"
992897088 Jun 18 16:44:48 ResBldg89AP1 ResBldg89AP1 (Info): Deauthenticating 003065672efa, reason "Inactivity"
992897220 Jun 18 16:47:00 AcadBldg33AP3 AcadBldg33AP3 (Info): Deauthenticating 00306539db23, reason "Inactivity"
992897279 Jun 18 16:47:59 AdmBldg19AP3 AdmBldg19AP3 (Info): Deauthenticating 003065e9aecb, reason "Inactivity"
992897280 Jun 18 16:48:00 AdmBldg19AP3 AdmBldg19AP3 (Info): Station 003065e9aecb Authenticated
992897280 Jun 18 16:48:00 AdmBldg19AP3 AdmBldg19AP3 (Info): Station 003065e9aecb Associated
992897290 Jun 18 16:48:10 AcadBldg16AP4 AcadBldg16AP4 (Info): Deauthenticating 003065e0de26, reason "Inactivity"
992897291 Jun 18 16:48:11 AcadBldg16AP4 AcadBldg16AP4 (Info): Station 003065e0de26 Authenticated
992897291 Jun 18 16:48:11 AcadBldg16AP4 AcadBldg16AP4 (Info): Station 003065e0de26 Associated
992897297 Jun 18 16:48:17 AcadBldg17AP5 AcadBldg17AP5 (Info): Station 004096dfa78a Authenticated
992897297 Jun 18 16:48:17 AcadBldg17AP5 AcadBldg17AP5 (Info): Station 004096dfa78a Associated
992897300 Jun 18 16:48:20 AcadBldg17AP5 AcadBldg17AP5 (Info): Station 004096dfa78a Authenticated
992897300 Jun 18 16:48:20 AcadBldg17AP5 AcadBldg17AP5 (Info): Station 004096dfa78a Associated
992897308 Jun 18 16:48:28 AdmBldg6AP1 AdmBldg6AP1 (Info): Station 00306528bac1 Authenticated
992897308 Jun 18 16:48:28 AdmBldg6AP1 AdmBldg6AP1 (Info): Station 00306528bac1 Associated
992897690 Jun 18 16:54:50 AcadBldg18AP4 AcadBldg18AP4 (Info): Station 00022dfe1f69 Reassociated
992897690 Jun 18 16:54:50 AcadBldg18AP10 AcadBldg18AP10 (Info): Station 00022dfe1f69 roamed
992897690 Jun 18 16:54:50 AcadBldg18AP10 AcadBldg18AP10 (Info): Station 00022dfe1f69 roamed
992897713 Jun 18 16:55:13 LibBldg2AP7 LibBldg2AP7 (Info): Deauthenticating 0030650b29a5, reason "Inactivity"
992897737 Jun 18 16:55:37 AcadBldg17AP5 AcadBldg17AP5 (Info): Station 004096dfa78a Authenticated
992897737 Jun 18 16:55:37 AcadBldg17AP5 AcadBldg17AP5 (Info): Station 004096dfa78a Associated
992897740 Jun 18 16:55:40 AcadBldg17AP5 AcadBldg17AP5 (Info): Station 004096dfa78a Authenticated
992897740 Jun 18 16:55:40 AcadBldg17AP5 AcadBldg17AP5 (Info): Station 004096dfa78a Associated
992897851 Jun 18 16:57:31 AcadBldg17AP5 AcadBldg17AP5 (Info): Station 004096dfa78a Authenticated
992897851 Jun 18 16:57:31 AcadBldg17AP5 AcadBldg17AP5 (Info): Station 004096dfa78a Associated
992897854 Jun 18 16:57:34 AcadBldg17AP5 AcadBldg17AP5 (Info): Station 004096dfa78a Authenticated
992897854 Jun 18 16:57:34 AcadBldg17AP5 AcadBldg17AP5 (Info): Station 004096dfa78a Associated
992897935 Jun 18 16:58:55 AdmBldg19AP3 AdmBldg19AP3 (Info): Deauthenticating 00601df57e26, reason "Inactivity"
992897995 Jun 18 16:59:55 AcadBldg17AP5 AcadBldg17AP5 (Info): Station 004096dfa78a Authenticated
992897996 Jun 18 16:59:56 AcadBldg17AP5 AcadBldg17AP5 (Info): Station 004096dfa78a Associated
992897998 Jun 18 16:59:58 AcadBldg17AP5 AcadBldg17AP5 (Info): Station 004096dfa78a Authenticated
992897998 Jun 18 16:59:58 AcadBldg17AP5 AcadBldg17AP5 (Info): Station 004096dfa78a Associated
992898046 Jun 18 17:00:46 SocBldg4AP10 SocBldg4AP10 (Info): Station 00306537fe81 Authenticated
992898046 Jun 18 17:00:46 SocBldg4AP10 SocBldg4AP10 (Info): Station 00306537fe81 Associated
992898198 Jun 18 17:03:18 AdmBldg19AP3 AdmBldg19AP3 (Info): Station 003065e9aecb Authenticated
992898198 Jun 18 17:03:18 AdmBldg19AP3 AdmBldg19AP3 (Info): Station 003065e9aecb Associated
992898247 Jun 18 17:04:07 ResBldg38AP3 ResBldg38AP3 (Info): Station 003065a426d2 Authenticated
992898247 Jun 18 17:04:07 ResBldg38AP3 ResBldg38AP3 (Info): Station 003065a426d2 Associated
992898248 Jun 18 17:04:08 LibBldg2AP7 LibBldg2AP7 (Info): Deauthenticating 0030656e7eb9, reason "Inactivity"
992898565 Jun 18 17:09:25 AcadBldg18AP10 AcadBldg18AP10 (Info): Station 00022dfe1f69 Reassociated
992898565 Jun 18 17:09:25 AcadBldg18AP4 AcadBldg18AP4 (Info): Station 00022dfe1f69 roamed
992898565 Jun 18 17:09:25 AcadBldg18AP4 AcadBldg18AP4 (Info): Station 00022dfe1f69 roamed
992898627 Jun 18 17:10:27 LibBldg2AP7 LibBldg2AP7 (Info): Deauthenticating 00022d58f01c, reason "Inactivity"
992898698 Jun 18 17:11:38 AdmBldg24AP2 AdmBldg24AP2 (Info): Deauthenticating 0030651e0ae6, reason "Inactivity"
992898699 Jun 18 17:11:39 AdmBldg24AP2 AdmBldg24AP2 (Info): Station 0030651e0ae6 Authenticated
992898699 Jun 18 17:11:39 AdmBldg24AP2 AdmBldg24AP2 (Info): Station 0030651e0ae6 Associated
992899099 Jun 18 17:18:19 AcadBldg16AP4 AcadBldg16AP4 (Info): Deauthenticating 003065e0de26, reason "Inactivity"
992899100 Jun 18 17:18:20 AcadBldg16AP4 AcadBldg16AP4 (Info): Station 003065e0de26 Authenticated
992899100 Jun 18 17:18:20 AcadBldg16AP4 AcadBldg16AP4 (Info): Station 003065e0de26 Associated
992899196 Jun 18 17:19:56 AcadBldg22AP2 AcadBldg22AP2 (Info): Deauthenticating 00306537fe81, reason "Inactivity"
992899198 Jun 18 17:19:58 SocBldg4AP10 SocBldg4AP10 (Info): Station 00306537fe81 Authenticated
992899198 Jun 18 17:19:58 SocBldg4AP10 SocBldg4AP10 (Info): Station 00306537fe81 Associated
992899247 Jun 18 17:20:47 AdmBldg12AP7 AdmBldg12AP7 (Info): Deauthenticating 003065535df0, reason "Inactivity"
992899284 Jun 18 17:21:24 AcadBldg18AP4 AcadBldg18AP4 (Info): Station 00022dfe1f69 Reassociated
992899284 Jun 18 17:21:24 AcadBldg18AP10 AcadBldg18AP10 (Info): Station 00022dfe1f69 roamed
992899284 Jun 18 17:21:24 AcadBldg18AP10 AcadBldg18AP10 (Info): Station 00022dfe1f69 roamed
992899309 Jun 18 17:21:49 ResBldg38AP1 ResBldg38AP1 (Info): Station 0030657ca4f7 Authenticated
992899309 Jun 18 17:21:49 ResBldg38AP1 ResBldg38AP1 (Info): Station 0030657ca4f7 Associated
992899474 Jun 18 17:24:34 AcadBldg33AP3 AcadBldg33AP3 (Info): Deauthenticating 004096f20d21, reason "Inactivity"
992899485 Jun 18 17:24:45 AcadBldg26AP1 AcadBldg26AP1 (Info): Deauthenticating 004096f98a4b, reason "Inactivity"
992899619 Jun 18 17:26:59 AcadBldg35AP1 AcadBldg35AP1 (Info): Deauthenticating 0040962377ec, reason "Inactivity"
992899640 Jun 18 17:27:20 AcadBldg10AP7 AcadBldg10AP7 (Info): Deauthenticating 00306572a9d8, reason "Inactivity"
992900019 Jun 18 17:33:39 AdmBldg19AP3 AdmBldg19AP3 (Info): Deauthenticating 003065e9aecb, reason "Inactivity"
992900164 Jun 18 17:36:04 AcadBldg10AP13 AcadBldg10AP13 (Info): Station 00306572a9d8 Authenticated
992900164 Jun 18 17:36:04 AcadBldg10AP13 AcadBldg10AP13 (Info): Station 00306572a9d8 Associated
992900224 Jun 18 17:37:04 AcadBldg18AP2 AcadBldg18AP2 (Info): Deauthenticating 0030651f7707, reason "Inactivity"
992900298 Jun 18 17:38:18 AcadBldg10AP1 AcadBldg10AP1 (Info): Deauthenticating 00306572a9d8, reason "Must Authenticate Before Associating"
992900298 Jun 18 17:38:18 AcadBldg10AP1 AcadBldg10AP1 (Info): Station 00306572a9d8 Authenticated
992900298 Jun 18 17:38:18 AcadBldg10AP1 AcadBldg10AP1 (Info): Station 00306572a9d8 Reassociated
992900298 Jun 18 17:38:18 AcadBldg10AP13 AcadBldg10AP13 (Info): Station 00306572a9d8 roamed
992900328 Jun 18 17:38:48 AcadBldg10AP13 AcadBldg10AP13 (Info): Station 00306572a9d8 Reassociated
992900328 Jun 18 17:38:48 AcadBldg10AP1 AcadBldg10AP1 (Info): Station 00306572a9d8 roamed
992900474 Jun 18 17:41:14 AdmBldg14AP2 AdmBldg14AP2 (Info): Deauthenticating 0040966b9e99, reason "Inactivity"
992900506 Jun 18 17:41:46 AcadBldg10AP1 AcadBldg10AP1 (Info): Station 00306572a9d8 Reassociated
992900506 Jun 18 17:41:46 AcadBldg10AP13 AcadBldg10AP13 (Info): Station 00306572a9d8 roamed
992900521 Jun 18 17:42:01 AdmBldg24AP2 AdmBldg24AP2 (Info): Deauthenticating 0030651e0ae6, reason "Inactivity"
992900562 Jun 18 17:42:42 AcadBldg18AP2 AcadBldg18AP2 (Info): Deauthenticating 00601d66adca, reason "Inactivity"
992900632 Jun 18 17:43:52 AcadBldg10AP13 AcadBldg10AP13 (Info): Station 00306572a9d8 Reassociated
992900632 Jun 18 17:43:52 AcadBldg10AP1 AcadBldg10AP1 (Info): Station 00306572a9d8 roamed
992900683 Jun 18 17:44:43 AcadBldg33AP3 AcadBldg33AP3 (Info): Station 0040960a7573 Authenticated
992900683 Jun 18 17:44:43 AcadBldg33AP3 AcadBldg33AP3 (Info): Station 0040960a7573 Associated
992900908 Jun 18 17:48:28 AcadBldg16AP4 AcadBldg16AP4 (Info): Deauthenticating 003065e0de26, reason "Inactivity"
992900909 Jun 18 17:48:29 AcadBldg16AP4 AcadBldg16AP4 (Info): Station 003065e0de26 Authenticated
992900909 Jun 18 17:48:29 AcadBldg16AP4 AcadBldg16AP4 (Info): Station 003065e0de26 Associated
992901250 Jun 18 17:54:10 AdmBldg6AP1 AdmBldg6AP1 (Info): Deauthenticating 00306528bac1, reason "Inactivity"
992901307 Jun 18 17:55:07 ResBldg22AP1 ResBldg22AP1 (Info): Station 003065fe6512 Authenticated
992901307 Jun 18 17:55:07 ResBldg22AP1 ResBldg22AP1 (Info): Station 003065fe6512 Associated
992901799 Jun 18 18:03:19 AcadBldg10AP15 AcadBldg10AP15 (Info): Station 0040963b433c Authenticated
992901799 Jun 18 18:03:19 AcadBldg10AP15 AcadBldg10AP15 (Info): Station 0040963b433c Associated
992901832 Jun 18 18:03:52 AcadBldg16AP2 AcadBldg16AP2 (Info): Station 00409696d938 Authenticated
992901984 Jun 18 18:06:24 AcadBldg10AP13 AcadBldg10AP13 (Info): Station 00306572a9d8 Authenticated
992901984 Jun 18 18:06:24 AcadBldg10AP13 AcadBldg10AP13 (Info): Station 00306572a9d8 Associated
992902105 Jun 18 18:08:25 AcadBldg17AP5 AcadBldg17AP5 (Info): Deauthenticating 004096dfa78a, reason "Inactivity"
992902219 Jun 18 18:10:19 AcadBldg10AP7 AcadBldg10AP7 (Info): Deauthenticating 00306572a9d8, reason "Must Authenticate Before Associating"
992902219 Jun 18 18:10:19 AcadBldg10AP7 AcadBldg10AP7 (Info): Station 00306572a9d8 Authenticated
992902219 Jun 18 18:10:19 AcadBldg10AP7 AcadBldg10AP7 (Info): Station 00306572a9d8 Reassociated
992902219 Jun 18 18:10:19 AcadBldg10AP13 AcadBldg10AP13 (Info): Station 00306572a9d8 roamed
992902310 Jun 18 18:11:50 AcadBldg23AP5 AcadBldg23AP5 (Info): Deauthenticating 00306554ad08, reason "Inactivity"
992902417 Jun 18 18:13:37 AcadBldg10AP11 AcadBldg10AP11 (Info): Station 0040963b433c Authenticated
992902417 Jun 18 18:13:37 AcadBldg10AP11 AcadBldg10AP11 (Info): Station 0040963b433c Reassociated
992902417 Jun 18 18:13:37 AcadBldg10AP15 AcadBldg10AP15 (Info): Station 0040963b433c roamed
992902718 Jun 18 18:18:38 AcadBldg16AP4 AcadBldg16AP4 (Info): Deauthenticating 003065e0de26, reason "Inactivity"
992902719 Jun 18 18:18:39 ResBldg38AP3 ResBldg38AP3 (Info): Station 003065a426d2 Authenticated
992902719 Jun 18 18:18:39 ResBldg38AP3 ResBldg38AP3 (Info): Station 003065a426d2 Associated
992902719 Jun 18 18:18:39 AcadBldg16AP4 AcadBldg16AP4 (Info): Station 003065e0de26 Authenticated
992902719 Jun 18 18:18:39 AcadBldg16AP4 AcadBldg16AP4 (Info): Station 003065e0de26 Associated
992903100 Jun 18 18:25:00 AcadBldg10AP1 AcadBldg10AP1 (Info): Station 00306572a9d8 Authenticated
992903100 Jun 18 18:25:00 AcadBldg10AP1 AcadBldg10AP1 (Info): Station 00306572a9d8 Associated
992903100 Jun 18 18:25:00 AcadBldg10AP7 AcadBldg10AP7 (Info): Station 00306572a9d8 roamed
992903123 Jun 18 18:25:23 AcadBldg10AP7 AcadBldg10AP7 (Info): Station 00306572a9d8 Reassociated
992903123 Jun 18 18:25:23 AcadBldg10AP1 AcadBldg10AP1 (Info): Station 00306572a9d8 roamed
992903706 Jun 18 18:35:06 ResBldg100AP1 ResBldg100AP1 (Info): Station 004096011ce9 Authenticated
992903706 Jun 18 18:35:06 ResBldg100AP1 ResBldg100AP1 (Info): Station 004096011ce9 Associated
992903926 Jun 18 18:38:46 AcadBldg16AP2 AcadBldg16AP2 (Info): Deauthenticating 00409696d938, reason "Inactivity"
992904527 Jun 18 18:48:47 AcadBldg16AP4 AcadBldg16AP4 (Info): Deauthenticating 003065e0de26, reason "Inactivity"
992904528 Jun 18 18:48:48 AcadBldg16AP4 AcadBldg16AP4 (Info): Station 003065e0de26 Authenticated
992904528 Jun 18 18:48:48 AcadBldg16AP4 AcadBldg16AP4 (Info): Station 003065e0de26 Associated
992904742 Jun 18 18:52:22 AcadBldg8AP5 AcadBldg8AP5 (Info): Deauthenticating 00306525ef19, reason "Inactivity"
992905042 Jun 18 18:57:22 AcadBldg10AP7 AcadBldg10AP7 (Info): Deauthenticating 00306572a9d8, reason "Inactivity"
992905386 Jun 18 19:03:06 ResBldg22AP1 ResBldg22AP1 (Info): Deauthenticating 003065fe6512, reason "Inactivity"
992905506 Jun 18 19:05:06 SocBldg4AP10 SocBldg4AP10 (Info): Deauthenticating 00306537fe81, reason "Inactivity"
992906074 Jun 18 19:14:34 AcadBldg10AP15 AcadBldg10AP15 (Info): Deauthenticating 0030653c8114, reason "Inactivity"
992906336 Jun 18 19:18:56 AcadBldg16AP4 AcadBldg16AP4 (Info): Deauthenticating 003065e0de26, reason "Inactivity"
992906337 Jun 18 19:18:57 AcadBldg16AP4 AcadBldg16AP4 (Info): Station 003065e0de26 Authenticated
992906337 Jun 18 19:18:57 AcadBldg16AP4 AcadBldg16AP4 (Info): Station 003065e0de26 Associated
992906595 Jun 18 19:23:15 AcadBldg10AP11 AcadBldg10AP11 (Info): Deauthenticating 0040963b433c, reason "Inactivity"
992907812 Jun 18 19:43:32 ResBldg38AP3 ResBldg38AP3 (Info): Deauthenticating 003065a426d2, reason "Inactivity"
992908145 Jun 18 19:49:05 AcadBldg16AP4 AcadBldg16AP4 (Info): Deauthenticating 003065e0de26, reason "Inactivity"
992908146 Jun 18 19:49:06 AcadBldg16AP4 AcadBldg16AP4 (Info): Station 003065e0de26 Authenticated
992908146 Jun 18 19:49:06 AcadBldg16AP4 AcadBldg16AP4 (Info): Station 003065e0de26 Associated
992908399 Jun 18 19:53:19 AcadBldg10AP11 AcadBldg10AP11 (Info): Station 0040963b433c Authenticated
992908399 Jun 18 19:53:19 AcadBldg10AP11 AcadBldg10AP11 (Info): Station 0040963b433c Associated
992908613 Jun 18 19:56:53 AcadBldg10AP11 AcadBldg10AP11 (Info): Station 0040963b433c Authenticated
992908613 Jun 18 19:56:53 AcadBldg10AP11 AcadBldg10AP11 (Info): Station 0040963b433c Associated
992908660 Jun 18 19:57:40 LibBldg3AP2 LibBldg3AP2 (Info): Station 004096ff6784 Authenticated
992908660 Jun 18 19:57:40 LibBldg3AP2 LibBldg3AP2 (Info): Station 004096ff6784 Associated
992908914 Jun 18 20:01:54 ResBldg38AP3 ResBldg38AP3 (Info): Station 003065a426d2 Authenticated
992908914 Jun 18 20:01:54 ResBldg38AP3 ResBldg38AP3 (Info): Station 003065a426d2 Associated
992909595 Jun 18 20:13:15 AcadBldg18AP4 AcadBldg18AP4 (Info): Deauthenticating 00022dfe1f69, reason "Inactivity"
992909954 Jun 18 20:19:14 AcadBldg16AP4 AcadBldg16AP4 (Info): Deauthenticating 003065e0de26, reason "Inactivity"
992909955 Jun 18 20:19:15 AcadBldg16AP4 AcadBldg16AP4 (Info): Station 003065e0de26 Authenticated
992909955 Jun 18 20:19:15 AcadBldg16AP4 AcadBldg16AP4 (Info): Station 003065e0de26 Associated
992910219 Jun 18 20:23:39 ResBldg38AP1 ResBldg38AP1 (Info): Deauthenticating 0030657ca4f7, reason "Inactivity"
992910512 Jun 18 20:28:32 AcadBldg10AP11 AcadBldg10AP11 (Info): Deauthenticating 0040963b433c, reason "Inactivity"
992911260 Jun 18 20:41:00 ResBldg38AP1 ResBldg38AP1 (Info): Station 0030657ca4f7 Authenticated
992911260 Jun 18 20:41:00 ResBldg38AP1 ResBldg38AP1 (Info): Station 0030657ca4f7 Associated
992911531 Jun 18 20:45:31 AcadBldg18AP2 AcadBldg18AP2 (Info): Station 003065c536fc Authenticated
992911531 Jun 18 20:45:31 AcadBldg18AP2 AcadBldg18AP2 (Info): Station 003065c536fc Associated
992911703 Jun 18 20:48:23 ResBldg38AP1 ResBldg38AP1 (Info): Station 0030657ca4f7 Authenticated
992911703 Jun 18 20:48:23 ResBldg38AP1 ResBldg38AP1 (Info): Station 0030657ca4f7 Associated
992911763 Jun 18 20:49:23 AcadBldg16AP4 AcadBldg16AP4 (Info): Deauthenticating 003065e0de26, reason "Inactivity"
992911764 Jun 18 20:49:24 AcadBldg16AP4 AcadBldg16AP4 (Info): Station 003065e0de26 Authenticated
992911764 Jun 18 20:49:24 AcadBldg16AP4 AcadBldg16AP4 (Info): Station 003065e0de26 Associated
992912053 Jun 18 20:54:13 ResBldg38AP1 ResBldg38AP1 (Info): Station 0030657ca4f7 Authenticated
992912053 Jun 18 20:54:13 ResBldg38AP1 ResBldg38AP1 (Info): Station 0030657ca4f7 Associated
992913572 Jun 18 21:19:32 AcadBldg16AP4 AcadBldg16AP4 (Info): Deauthenticating 003065e0de26, reason "Inactivity"
992913573 Jun 18 21:19:33 AcadBldg16AP4 AcadBldg16AP4 (Info): Station 003065e0de26 Authenticated
992913573 Jun 18 21:19:33 AcadBldg16AP4 AcadBldg16AP4 (Info): Station 003065e0de26 Associated
992914204 Jun 18 21:30:04 LibBldg3AP2 LibBldg3AP2 (Info): Deauthenticating 004096ff6784, reason "Inactivity"
992914323 Jun 18 21:32:03 AcadBldg18AP2 AcadBldg18AP2 (Info): Deauthenticating 003065c536fc, reason "Inactivity"
992914409 Jun 18 21:33:29 ResBldg38AP1 ResBldg38AP1 (Info): Deauthenticating 0030657ca4f7, reason "Inactivity"
992914950 Jun 18 21:42:30 AdmBldg12AP1 AdmBldg12AP1 (Info): Station 004096144856 Authenticated
992914950 Jun 18 21:42:30 AdmBldg12AP1 AdmBldg12AP1 (Info): Station 004096144856 Reassociated
992914950 Jun 18 21:42:30 AdmBldg12AP7 AdmBldg12AP7 (Info): Station 004096144856 roamed
992914950 Jun 18 21:42:30 AdmBldg12AP7 AdmBldg12AP7 (Info): Station 004096144856 roamed
992915381 Jun 18 21:49:41 AcadBldg16AP4 AcadBldg16AP4 (Info): Deauthenticating 003065e0de26, reason "Inactivity"
992915382 Jun 18 21:49:42 AcadBldg16AP4 AcadBldg16AP4 (Info): Station 003065e0de26 Authenticated
992915382 Jun 18 21:49:42 AcadBldg16AP4 AcadBldg16AP4 (Info): Station 003065e0de26 Associated
992917190 Jun 18 22:19:50 AcadBldg16AP4 AcadBldg16AP4 (Info): Deauthenticating 003065e0de26, reason "Inactivity"
992917191 Jun 18 22:19:51 AcadBldg16AP4 AcadBldg16AP4 (Info): Station 003065e0de26 Authenticated
992917191 Jun 18 22:19:51 AcadBldg16AP4 AcadBldg16AP4 (Info): Station 003065e0de26 Associated
992918810 Jun 18 22:46:50 AcadBldg18AP5 AcadBldg18AP5 (Info): Station 0030657ca4f7 Authenticated
992918810 Jun 18 22:46:50 AcadBldg18AP5 AcadBldg18AP5 (Info): Station 0030657ca4f7 Associated
992918999 Jun 18 22:49:59 AcadBldg16AP4 AcadBldg16AP4 (Info): Deauthenticating 003065e0de26, reason "Inactivity"
992919000 Jun 18 22:50:00 AcadBldg16AP4 AcadBldg16AP4 (Info): Station 003065e0de26 Authenticated
992919000 Jun 18 22:50:00 AcadBldg16AP4 AcadBldg16AP4 (Info): Station 003065e0de26 Associated
992919197 Jun 18 22:53:17 ResBldg60AP1 ResBldg60AP1 (Info): Deauthenticating 0030657ca4f7, reason "Must Authenticate Before Associating"
992919197 Jun 18 22:53:17 ResBldg60AP1 ResBldg60AP1 (Info): Station 0030657ca4f7 Authenticated
992919197 Jun 18 22:53:17 ResBldg60AP1 ResBldg60AP1 (Info): Station 0030657ca4f7 Reassociated
992919205 Jun 18 22:53:25 AcadBldg18AP5 AcadBldg18AP5 (Info): Station 0030657ca4f7 Reassociated
992919371 Jun 18 22:56:11 AdmBldg12AP7 AdmBldg12AP7 (Info): Station 004096144856 Authenticated
992919371 Jun 18 22:56:11 AdmBldg12AP7 AdmBldg12AP7 (Info): Station 004096144856 Reassociated
992919371 Jun 18 22:56:11 AdmBldg12AP1 AdmBldg12AP1 (Info): Station 004096144856 roamed
992919371 Jun 18 22:56:11 AdmBldg12AP1 AdmBldg12AP1 (Info): Station 004096144856 roamed
992919431 Jun 18 22:57:11 AcadBldg18AP4 AcadBldg18AP4 (Info): Deauthenticating 0030657ca4f7, reason "Must Authenticate Before Associating"
992919431 Jun 18 22:57:11 AcadBldg18AP4 AcadBldg18AP4 (Info): Station 0030657ca4f7 Authenticated
992919431 Jun 18 22:57:11 AcadBldg18AP4 AcadBldg18AP4 (Info): Station 0030657ca4f7 Reassociated
992919431 Jun 18 22:57:11 AcadBldg18AP5 AcadBldg18AP5 (Info): Station 0030657ca4f7 roamed
992919431 Jun 18 22:57:11 AcadBldg18AP5 AcadBldg18AP5 (Info): Station 0030657ca4f7 roamed
992919505 Jun 18 22:58:25 AcadBldg18AP5 AcadBldg18AP5 (Info): Station 0030657ca4f7 Reassociated
992919505 Jun 18 22:58:25 AcadBldg18AP4 AcadBldg18AP4 (Info): Station 0030657ca4f7 roamed
992919505 Jun 18 22:58:25 AcadBldg18AP4 AcadBldg18AP4 (Info): Station 0030657ca4f7 roamed
992919983 Jun 18 23:06:23 ResBldg43AP2 ResBldg43AP2 (Info): Deauthenticating 00306534d07b, reason "Inactivity"
992920808 Jun 18 23:20:08 AcadBldg16AP4 AcadBldg16AP4 (Info): Deauthenticating 003065e0de26, reason "Inactivity"
992920809 Jun 18 23:20:09 AcadBldg16AP4 AcadBldg16AP4 (Info): Station 003065e0de26 Authenticated
992920809 Jun 18 23:20:09 AcadBldg16AP4 AcadBldg16AP4 (Info): Station 003065e0de26 Associated
992921026 Jun 18 23:23:46 ResBldg60AP1 ResBldg60AP1 (Info): Deauthenticating 0030657ca4f7, reason "Inactivity"
992921089 Jun 18 23:24:49 ResBldg43AP2 ResBldg43AP2 (Info): Station 0030657ca4f7 Authenticated
992921089 Jun 18 23:24:49 ResBldg43AP2 ResBldg43AP2 (Info): Station 0030657ca4f7 Associated
992921094 Jun 18 23:24:54 ResBldg55AP4 ResBldg55AP4 (Info): Deauthenticating 0030657ca4f7, reason "Must Authenticate Before Associating"
992921094 Jun 18 23:24:54 ResBldg55AP4 ResBldg55AP4 (Info): Station 0030657ca4f7 Authenticated
992921094 Jun 18 23:24:54 ResBldg55AP4 ResBldg55AP4 (Info): Station 0030657ca4f7 Reassociated
992921130 Jun 18 23:25:30 ResBldg43AP2 ResBldg43AP2 (Info): Station 0030657ca4f7 Reassociated
992921134 Jun 18 23:25:34 AcadBldg18AP5 AcadBldg18AP5 (Info): Station 0030657ca4f7 Reassociated
992921151 Jun 18 23:25:51 ResBldg13AP2 ResBldg13AP2 (Info): Deauthenticating 0050da25fe2d, reason "Must Authenticate Before Associating"
992921151 Jun 18 23:25:51 ResBldg13AP2 ResBldg13AP2 (Info): Station 0050da25fe2d Authenticated
992921151 Jun 18 23:25:51 ResBldg13AP2 ResBldg13AP2 (Info): Station 0050da25fe2d Reassociated
992921151 Jun 18 23:25:51 ResBldg13AP1 ResBldg13AP1 (Info): Station 0050da25fe2d roamed
992921156 Jun 18 23:25:56 ResBldg13AP1 ResBldg13AP1 (Info): Station 0050da25fe2d Reassociated
992921156 Jun 18 23:25:56 ResBldg13AP2 ResBldg13AP2 (Info): Station 0050da25fe2d roamed
992921441 Jun 18 23:30:41 ResBldg13AP1 ResBldg13AP1 (Info): Station 0050da25fe2d Authenticated
992921441 Jun 18 23:30:41 ResBldg13AP1 ResBldg13AP1 (Info): Station 0050da25fe2d Associated
992922199 Jun 18 23:43:19 ResBldg22AP1 ResBldg22AP1 (Info): Station 003065fe6512 Authenticated
992922199 Jun 18 23:43:19 ResBldg22AP1 ResBldg22AP1 (Info): Station 003065fe6512 Associated
992922951 Jun 18 23:55:51 ResBldg55AP4 ResBldg55AP4 (Info): Deauthenticating 0030657ca4f7, reason "Inactivity"
992922954 Jun 18 23:55:54 ResBldg43AP2 ResBldg43AP2 (Info): Deauthenticating 0030657ca4f7, reason "Inactivity"
992922956 Jun 18 23:55:56 AcadBldg18AP5 AcadBldg18AP5 (Info): Deauthenticating 0030657ca4f7, reason "Inactivity"
992923041 Jun 18 23:57:21 AcadBldg16AP4 AcadBldg16AP4 (Info): Deauthenticating 003065e0de26, reason "Inactivity"
992923042 Jun 18 23:57:22 AcadBldg16AP4 AcadBldg16AP4 (Info): Station 003065e0de26 Authenticated
992923042 Jun 18 23:57:22 AcadBldg16AP4 AcadBldg16AP4 (Info): Station 003065e0de26 Associated
