987307666 Apr 15 00:07:46 AcadBldg16AP4 AcadBldg16AP4 (Info): Deauthenticating 003065e0de26, reason "Inactivity"
987307668 Apr 15 00:07:48 AcadBldg16AP4 AcadBldg16AP4 (Info): Station 003065e0de26 Authenticated
987307668 Apr 15 00:07:48 AcadBldg16AP4 AcadBldg16AP4 (Info): Station 003065e0de26 Associated
987311269 Apr 15 01:07:49 AcadBldg16AP4 AcadBldg16AP4 (Info): Deauthenticating 003065e0de26, reason "Inactivity"
987311271 Apr 15 01:07:51 AcadBldg16AP4 AcadBldg16AP4 (Info): Station 003065e0de26 Authenticated
987311271 Apr 15 01:07:51 AcadBldg16AP4 AcadBldg16AP4 (Info): Station 003065e0de26 Associated
987313726 Apr 15 01:48:46 AcadBldg16AP2 AcadBldg16AP2 (Info): Station 0040966fb204 Authenticated
987314369 Apr 15 01:59:29 AcadBldg16AP3 AcadBldg16AP3 (Info): Station 0040966fb204 Authenticated
987314369 Apr 15 01:59:29 AcadBldg16AP3 AcadBldg16AP3 (Info): Disassociating 0040966fb204, reason "Not Associated"
987314369 Apr 15 01:59:29 AcadBldg16AP2 AcadBldg16AP2 (Info): Station 0040966fb204 Authenticated
987314394 Apr 15 01:59:54 AcadBldg16AP3 AcadBldg16AP3 (Info): Station 0040966fb204 Authenticated
987314396 Apr 15 01:59:56 AcadBldg16AP4 AcadBldg16AP4 (Info): Station 0040966fb204 Authenticated
987314399 Apr 15 01:59:59 AcadBldg16AP4 AcadBldg16AP4 (Info): Station 0040966fb204 Authenticated
987314401 Apr 15 02:00:01 AcadBldg16AP3 AcadBldg16AP3 (Info): Station 0040966fb204 Authenticated
987314403 Apr 15 02:00:03 AcadBldg16AP2 AcadBldg16AP2 (Info): Station 0040966fb204 Authenticated
987314405 Apr 15 02:00:05 AcadBldg16AP3 AcadBldg16AP3 (Info): Station 0040966fb204 Authenticated
987314407 Apr 15 02:00:07 AcadBldg16AP4 AcadBldg16AP4 (Info): Station 0040966fb204 Authenticated
987314408 Apr 15 02:00:08 AcadBldg16AP4 AcadBldg16AP4 (Info): Disassociating 0040966fb204, reason "Not Associated"
987314408 Apr 15 02:00:08 AcadBldg16AP2 AcadBldg16AP2 (Info): Station 0040966fb204 Authenticated
987314411 Apr 15 02:00:11 AcadBldg16AP2 AcadBldg16AP2 (Info): Station 0040966fb204 Authenticated
987314413 Apr 15 02:00:13 AcadBldg16AP3 AcadBldg16AP3 (Info): Station 0040966fb204 Authenticated
987314415 Apr 15 02:00:15 AcadBldg16AP4 AcadBldg16AP4 (Info): Station 0040966fb204 Authenticated
987314438 Apr 15 02:00:38 AcadBldg16AP3 AcadBldg16AP3 (Info): Station 0040966fb204 Authenticated
987314440 Apr 15 02:00:40 AcadBldg16AP4 AcadBldg16AP4 (Info): Station 0040966fb204 Authenticated
987314441 Apr 15 02:00:41 AcadBldg16AP4 AcadBldg16AP4 (Info): Disassociating 0040966fb204, reason "Not Associated"
987314441 Apr 15 02:00:41 AcadBldg16AP2 AcadBldg16AP2 (Info): Station 0040966fb204 Authenticated
987314444 Apr 15 02:00:44 AcadBldg16AP4 AcadBldg16AP4 (Info): Station 0040966fb204 Authenticated
987314445 Apr 15 02:00:45 AcadBldg16AP4 AcadBldg16AP4 (Info): Disassociating 0040966fb204, reason "Not Associated"
987314445 Apr 15 02:00:45 AcadBldg16AP3 AcadBldg16AP3 (Info): Station 0040966fb204 Authenticated
987314447 Apr 15 02:00:47 AcadBldg16AP2 AcadBldg16AP2 (Info): Station 0040966fb204 Authenticated
987314449 Apr 15 02:00:49 AcadBldg16AP2 AcadBldg16AP2 (Info): Station 0040966fb204 Authenticated
987314452 Apr 15 02:00:52 AcadBldg16AP3 AcadBldg16AP3 (Info): Station 0040966fb204 Authenticated
987314454 Apr 15 02:00:54 AcadBldg16AP4 AcadBldg16AP4 (Info): Station 0040966fb204 Authenticated
987314679 Apr 15 02:04:39 AcadBldg16AP3 AcadBldg16AP3 (Info): Station 0040966fb204 Authenticated
987314681 Apr 15 02:04:41 AcadBldg16AP3 AcadBldg16AP3 (Info): Station 0040966fb204 Authenticated
987314876 Apr 15 02:07:56 AcadBldg16AP4 AcadBldg16AP4 (Info): Deauthenticating 003065e0de26, reason "Inactivity"
987314878 Apr 15 02:07:58 AcadBldg16AP4 AcadBldg16AP4 (Info): Station 003065e0de26 Authenticated
987314878 Apr 15 02:07:58 AcadBldg16AP4 AcadBldg16AP4 (Info): Station 003065e0de26 Associated
987316257 Apr 15 02:30:57 AcadBldg16AP4 AcadBldg16AP4 (Info): Deauthenticating 0040966fb204, reason "Inactivity"
987316547 Apr 15 02:35:47 AcadBldg16AP2 AcadBldg16AP2 (Info): Deauthenticating 0040966fb204, reason "Inactivity"
987316574 Apr 15 02:36:14 AcadBldg16AP3 AcadBldg16AP3 (Info): Deauthenticating 0040966fb204, reason "Inactivity"
987318487 Apr 15 03:08:07 AcadBldg16AP4 AcadBldg16AP4 (Info): Deauthenticating 003065e0de26, reason "Inactivity"
987318489 Apr 15 03:08:09 AcadBldg16AP4 AcadBldg16AP4 (Info): Station 003065e0de26 Authenticated
987318489 Apr 15 03:08:09 AcadBldg16AP4 AcadBldg16AP4 (Info): Station 003065e0de26 Associated
987322092 Apr 15 04:08:12 AcadBldg16AP4 AcadBldg16AP4 (Info): Deauthenticating 003065e0de26, reason "Inactivity"
987322094 Apr 15 04:08:14 AcadBldg16AP4 AcadBldg16AP4 (Info): Station 003065e0de26 Authenticated
987322094 Apr 15 04:08:14 AcadBldg16AP4 AcadBldg16AP4 (Info): Station 003065e0de26 Associated
987325698 Apr 15 05:08:18 AcadBldg16AP4 AcadBldg16AP4 (Info): Deauthenticating 003065e0de26, reason "Inactivity"
987325700 Apr 15 05:08:20 AcadBldg16AP4 AcadBldg16AP4 (Info): Station 003065e0de26 Authenticated
987325700 Apr 15 05:08:20 AcadBldg16AP4 AcadBldg16AP4 (Info): Station 003065e0de26 Associated
987329307 Apr 15 06:08:27 AcadBldg16AP4 AcadBldg16AP4 (Info): Deauthenticating 003065e0de26, reason "Inactivity"
987329309 Apr 15 06:08:29 AcadBldg16AP4 AcadBldg16AP4 (Info): Station 003065e0de26 Authenticated
987329309 Apr 15 06:08:29 AcadBldg16AP4 AcadBldg16AP4 (Info): Station 003065e0de26 Associated
987332909 Apr 15 07:08:29 AcadBldg16AP4 AcadBldg16AP4 (Info): Deauthenticating 003065e0de26, reason "Inactivity"
987332911 Apr 15 07:08:31 AcadBldg16AP4 AcadBldg16AP4 (Info): Station 003065e0de26 Authenticated
987332911 Apr 15 07:08:31 AcadBldg16AP4 AcadBldg16AP4 (Info): Station 003065e0de26 Associated
987336516 Apr 15 08:08:36 AcadBldg16AP4 AcadBldg16AP4 (Info): Deauthenticating 003065e0de26, reason "Inactivity"
987336518 Apr 15 08:08:38 AcadBldg16AP4 AcadBldg16AP4 (Info): Station 003065e0de26 Authenticated
987336518 Apr 15 08:08:38 AcadBldg16AP4 AcadBldg16AP4 (Info): Station 003065e0de26 Associated
987336750 Apr 15 08:12:30 AdmBldg16AP1 AdmBldg16AP1 (Info): Station 00409699dfba Authenticated
987336750 Apr 15 08:12:30 AdmBldg16AP1 AdmBldg16AP1 (Info): Station 00409699dfba Associated
987338591 Apr 15 08:43:11 AdmBldg16AP1 AdmBldg16AP1 (Info): Deauthenticating 00409699dfba, reason "Inactivity"
987340121 Apr 15 09:08:41 AcadBldg16AP4 AcadBldg16AP4 (Info): Deauthenticating 003065e0de26, reason "Inactivity"
987340123 Apr 15 09:08:43 AcadBldg16AP4 AcadBldg16AP4 (Info): Station 003065e0de26 Authenticated
987340123 Apr 15 09:08:43 AcadBldg16AP4 AcadBldg16AP4 (Info): Station 003065e0de26 Associated
987343729 Apr 15 10:08:49 AcadBldg16AP4 AcadBldg16AP4 (Info): Deauthenticating 003065e0de26, reason "Inactivity"
987343731 Apr 15 10:08:51 AcadBldg16AP4 AcadBldg16AP4 (Info): Station 003065e0de26 Authenticated
987343731 Apr 15 10:08:51 AcadBldg16AP4 AcadBldg16AP4 (Info): Station 003065e0de26 Associated
987346706 Apr 15 10:58:26 AcadBldg16AP3 AcadBldg16AP3 (Info): Station 004096da8a8e Authenticated
987346784 Apr 15 10:59:44 AcadBldg16AP2 AcadBldg16AP2 (Info): Station 004096da8a8e Authenticated
987346785 Apr 15 10:59:45 AcadBldg16AP3 AcadBldg16AP3 (Info): Station 004096da8a8e Authenticated
987346787 Apr 15 10:59:47 AcadBldg16AP4 AcadBldg16AP4 (Info): Station 004096da8a8e Authenticated
987346797 Apr 15 10:59:57 AcadBldg16AP3 AcadBldg16AP3 (Info): Station 004096da8a8e Authenticated
987346809 Apr 15 11:00:09 AcadBldg16AP4 AcadBldg16AP4 (Info): Station 004096da8a8e Authenticated
987346809 Apr 15 11:00:09 AcadBldg16AP2 AcadBldg16AP2 (Info): Station 004096da8a8e Authenticated
987346812 Apr 15 11:00:12 AcadBldg16AP3 AcadBldg16AP3 (Info): Station 004096da8a8e Authenticated
987346814 Apr 15 11:00:14 AcadBldg16AP4 AcadBldg16AP4 (Info): Station 004096da8a8e Authenticated
987346820 Apr 15 11:00:20 AcadBldg16AP3 AcadBldg16AP3 (Info): Station 004096da8a8e Authenticated
987346890 Apr 15 11:01:30 AcadBldg16AP4 AcadBldg16AP4 (Info): Station 004096da8a8e Authenticated
987346896 Apr 15 11:01:36 AcadBldg16AP3 AcadBldg16AP3 (Info): Station 004096da8a8e Authenticated
987347332 Apr 15 11:08:52 AcadBldg16AP4 AcadBldg16AP4 (Info): Deauthenticating 003065e0de26, reason "Inactivity"
987347334 Apr 15 11:08:54 AcadBldg16AP4 AcadBldg16AP4 (Info): Station 003065e0de26 Authenticated
987347334 Apr 15 11:08:54 AcadBldg16AP4 AcadBldg16AP4 (Info): Station 003065e0de26 Associated
987348699 Apr 15 11:31:39 AcadBldg16AP4 AcadBldg16AP4 (Info): Deauthenticating 004096da8a8e, reason "Inactivity"
987348754 Apr 15 11:32:34 AcadBldg16AP2 AcadBldg16AP2 (Info): Deauthenticating 004096da8a8e, reason "Inactivity"
987348781 Apr 15 11:33:01 AcadBldg16AP3 AcadBldg16AP3 (Info): Deauthenticating 004096da8a8e, reason "Inactivity"
987349676 Apr 15 11:47:56 AcadBldg16AP2 AcadBldg16AP2 (Info): Station 00409696d938 Authenticated
987350934 Apr 15 12:08:54 AcadBldg16AP4 AcadBldg16AP4 (Info): Deauthenticating 003065e0de26, reason "Inactivity"
987350936 Apr 15 12:08:56 AcadBldg16AP4 AcadBldg16AP4 (Info): Station 003065e0de26 Authenticated
987350936 Apr 15 12:08:56 AcadBldg16AP4 AcadBldg16AP4 (Info): Station 003065e0de26 Associated
987351764 Apr 15 12:22:44 AcadBldg16AP2 AcadBldg16AP2 (Info): Deauthenticating 00409696d938, reason "Inactivity"
987352979 Apr 15 12:42:59 AcadBldg16AP3 AcadBldg16AP3 (Info): Station 004096da8a8e Authenticated
987352982 Apr 15 12:43:02 AcadBldg16AP3 AcadBldg16AP3 (Info): Station 004096da8a8e Authenticated
987352984 Apr 15 12:43:04 AcadBldg16AP4 AcadBldg16AP4 (Info): Station 004096da8a8e Authenticated
987352985 Apr 15 12:43:05 AcadBldg16AP2 AcadBldg16AP2 (Info): Station 004096da8a8e Authenticated
987352987 Apr 15 12:43:07 AcadBldg16AP3 AcadBldg16AP3 (Info): Station 004096da8a8e Authenticated
987352989 Apr 15 12:43:09 AcadBldg16AP4 AcadBldg16AP4 (Info): Station 004096da8a8e Authenticated
987353043 Apr 15 12:44:03 AcadBldg16AP3 AcadBldg16AP3 (Info): Station 004096da8a8e Authenticated
987353045 Apr 15 12:44:05 AcadBldg16AP3 AcadBldg16AP3 (Info): Station 004096da8a8e Authenticated
987353047 Apr 15 12:44:07 AcadBldg16AP4 AcadBldg16AP4 (Info): Station 004096da8a8e Authenticated
987353092 Apr 15 12:44:52 AcadBldg16AP3 AcadBldg16AP3 (Info): Station 004096da8a8e Authenticated
987353095 Apr 15 12:44:55 AcadBldg16AP3 AcadBldg16AP3 (Info): Station 004096da8a8e Authenticated
987353097 Apr 15 12:44:57 AcadBldg16AP2 AcadBldg16AP2 (Info): Station 004096da8a8e Authenticated
987353098 Apr 15 12:44:58 AcadBldg16AP4 AcadBldg16AP4 (Info): Station 004096da8a8e Authenticated
987353100 Apr 15 12:45:00 AcadBldg16AP3 AcadBldg16AP3 (Info): Station 004096da8a8e Authenticated
987353102 Apr 15 12:45:02 AcadBldg16AP2 AcadBldg16AP2 (Info): Station 004096da8a8e Authenticated
987353104 Apr 15 12:45:04 AcadBldg16AP4 AcadBldg16AP4 (Info): Station 004096da8a8e Authenticated
987353108 Apr 15 12:45:08 AcadBldg16AP3 AcadBldg16AP3 (Info): Station 004096da8a8e Authenticated
987353110 Apr 15 12:45:10 AcadBldg16AP4 AcadBldg16AP4 (Info): Station 004096da8a8e Authenticated
987353112 Apr 15 12:45:12 AcadBldg16AP2 AcadBldg16AP2 (Info): Station 004096da8a8e Authenticated
987353116 Apr 15 12:45:16 AcadBldg16AP3 AcadBldg16AP3 (Info): Station 004096da8a8e Authenticated
987353118 Apr 15 12:45:18 AcadBldg16AP2 AcadBldg16AP2 (Info): Station 004096da8a8e Authenticated
987353119 Apr 15 12:45:19 AcadBldg16AP4 AcadBldg16AP4 (Info): Station 004096da8a8e Authenticated
987353122 Apr 15 12:45:22 AcadBldg16AP3 AcadBldg16AP3 (Info): Station 004096da8a8e Authenticated
987353124 Apr 15 12:45:24 AcadBldg16AP4 AcadBldg16AP4 (Info): Station 004096da8a8e Authenticated
987353126 Apr 15 12:45:26 AcadBldg16AP2 AcadBldg16AP2 (Info): Station 004096da8a8e Authenticated
987353128 Apr 15 12:45:28 AcadBldg16AP3 AcadBldg16AP3 (Info): Station 004096da8a8e Authenticated
987353130 Apr 15 12:45:30 AcadBldg16AP4 AcadBldg16AP4 (Info): Station 004096da8a8e Authenticated
987353132 Apr 15 12:45:32 AcadBldg16AP2 AcadBldg16AP2 (Info): Station 004096da8a8e Authenticated
987353135 Apr 15 12:45:35 AcadBldg16AP3 AcadBldg16AP3 (Info): Station 004096da8a8e Authenticated
987353137 Apr 15 12:45:37 AcadBldg16AP4 AcadBldg16AP4 (Info): Station 004096da8a8e Authenticated
987353144 Apr 15 12:45:44 AcadBldg16AP3 AcadBldg16AP3 (Info): Station 004096da8a8e Authenticated
987353146 Apr 15 12:45:46 AcadBldg16AP4 AcadBldg16AP4 (Info): Station 004096da8a8e Authenticated
987354020 Apr 15 13:00:20 SocBldg1AP1 SocBldg1AP1 (Info): Station 00306572a9d8 Authenticated
987354020 Apr 15 13:00:20 SocBldg1AP1 SocBldg1AP1 (Info): Station 00306572a9d8 Associated
987354198 Apr 15 13:03:18 AcadBldg30AP4 AcadBldg30AP4 (Info): Deauthenticating 00306572a9d8, reason "Must Authenticate Before Associating"
987354198 Apr 15 13:03:18 AcadBldg30AP4 AcadBldg30AP4 (Info): Station 00306572a9d8 Authenticated
987354198 Apr 15 13:03:18 AcadBldg30AP4 AcadBldg30AP4 (Info): Station 00306572a9d8 Reassociated
987354537 Apr 15 13:08:57 AcadBldg16AP4 AcadBldg16AP4 (Info): Deauthenticating 003065e0de26, reason "Inactivity"
987354539 Apr 15 13:08:59 AcadBldg16AP4 AcadBldg16AP4 (Info): Station 003065e0de26 Authenticated
987354539 Apr 15 13:08:59 AcadBldg16AP4 AcadBldg16AP4 (Info): Station 003065e0de26 Associated
987354621 Apr 15 13:10:21 SocBldg1AP5 SocBldg1AP5 (Info): Station 00306572a9d8 Authenticated
987354621 Apr 15 13:10:21 SocBldg1AP5 SocBldg1AP5 (Info): Station 00306572a9d8 Associated
987354621 Apr 15 13:10:21 SocBldg1AP1 SocBldg1AP1 (Info): Station 00306572a9d8 roamed
987354621 Apr 15 13:10:21 SocBldg1AP1 SocBldg1AP1 (Info): Station 00306572a9d8 roamed
987354624 Apr 15 13:10:24 SocBldg1AP1 SocBldg1AP1 (Info): Station 00306572a9d8 Reassociated
987354624 Apr 15 13:10:24 SocBldg1AP5 SocBldg1AP5 (Info): Station 00306572a9d8 roamed
987354624 Apr 15 13:10:24 SocBldg1AP5 SocBldg1AP5 (Info): Station 00306572a9d8 roamed
987354630 Apr 15 13:10:30 AcadBldg30AP4 AcadBldg30AP4 (Info): Station 00306572a9d8 Reassociated
987354903 Apr 15 13:15:03 SocBldg1AP2 SocBldg1AP2 (Info): Deauthenticating 003065fc1494, reason "Must Authenticate Before Associating"
987354903 Apr 15 13:15:03 SocBldg1AP2 SocBldg1AP2 (Info): Station 003065fc1494 Authenticated
987354903 Apr 15 13:15:03 SocBldg1AP2 SocBldg1AP2 (Info): Station 003065fc1494 Reassociated
987354945 Apr 15 13:15:45 SocBldg1AP2 SocBldg1AP2 (Info): Station 003065fc1494 Authenticated
987354945 Apr 15 13:15:45 SocBldg1AP2 SocBldg1AP2 (Info): Station 003065fc1494 Associated
987354949 Apr 15 13:15:49 AcadBldg16AP4 AcadBldg16AP4 (Info): Deauthenticating 004096da8a8e, reason "Inactivity"
987355035 Apr 15 13:17:15 SocBldg1AP1 SocBldg1AP1 (Info): Station 003065fc1494 Authenticated
987355035 Apr 15 13:17:15 SocBldg1AP1 SocBldg1AP1 (Info): Station 003065fc1494 Associated
987355035 Apr 15 13:17:15 SocBldg1AP2 SocBldg1AP2 (Info): Station 003065fc1494 roamed
987355035 Apr 15 13:17:15 SocBldg1AP2 SocBldg1AP2 (Info): Station 003065fc1494 roamed
987355075 Apr 15 13:17:55 AcadBldg16AP2 AcadBldg16AP2 (Info): Deauthenticating 004096da8a8e, reason "Inactivity"
987355102 Apr 15 13:18:22 AcadBldg16AP3 AcadBldg16AP3 (Info): Deauthenticating 004096da8a8e, reason "Inactivity"
987355138 Apr 15 13:18:58 SocBldg1AP1 SocBldg1AP1 (Info): Station 00306572a9d8 Authenticated
987355138 Apr 15 13:18:58 SocBldg1AP1 SocBldg1AP1 (Info): Station 00306572a9d8 Associated
987355239 Apr 15 13:20:39 AcadBldg30AP4 AcadBldg30AP4 (Info): Station 00306572a9d8 Reassociated
987355341 Apr 15 13:22:21 SocBldg1AP1 SocBldg1AP1 (Info): Station 00306572a9d8 Authenticated
987355341 Apr 15 13:22:21 SocBldg1AP1 SocBldg1AP1 (Info): Station 00306572a9d8 Associated
987355741 Apr 15 13:29:01 SocBldg1AP1 SocBldg1AP1 (Info): Station 00306572a9d8 Authenticated
987355741 Apr 15 13:29:01 SocBldg1AP1 SocBldg1AP1 (Info): Station 00306572a9d8 Associated
987355833 Apr 15 13:30:33 AcadBldg16AP2 AcadBldg16AP2 (Info): Station 00409696d938 Authenticated
987356084 Apr 15 13:34:44 SocBldg1AP1 SocBldg1AP1 (Info): Station 003065fc1494 Authenticated
987356084 Apr 15 13:34:44 SocBldg1AP1 SocBldg1AP1 (Info): Station 003065fc1494 Associated
987356134 Apr 15 13:35:34 AcadBldg30AP4 AcadBldg30AP4 (Info): Deauthenticating 003065fc1494, reason "Must Authenticate Before Associating"
987356134 Apr 15 13:35:34 AcadBldg30AP4 AcadBldg30AP4 (Info): Station 003065fc1494 Authenticated
987356134 Apr 15 13:35:34 AcadBldg30AP4 AcadBldg30AP4 (Info): Station 003065fc1494 Reassociated
987356313 Apr 15 13:38:33 AdmBldg16AP1 AdmBldg16AP1 (Info): Station 004096342c16 Authenticated
987356315 Apr 15 13:38:35 AdmBldg16AP1 AdmBldg16AP1 (Info): Station 004096342c16 Authenticated
987356319 Apr 15 13:38:39 LibBldg2AP7 LibBldg2AP7 (Info): Station 004096342c16 Authenticated
987356335 Apr 15 13:38:55 AdmBldg16AP1 AdmBldg16AP1 (Info): Station 004096342c16 Authenticated
987356341 Apr 15 13:39:01 AdmBldg16AP1 AdmBldg16AP1 (Info): Station 004096342c16 Authenticated
987356343 Apr 15 13:39:03 LibBldg2AP7 LibBldg2AP7 (Info): Station 004096342c16 Authenticated
987356347 Apr 15 13:39:07 LibBldg2AP7 LibBldg2AP7 (Info): Station 004096342c16 Authenticated
987356349 Apr 15 13:39:09 AdmBldg16AP1 AdmBldg16AP1 (Info): Station 004096342c16 Authenticated
987356353 Apr 15 13:39:13 AdmBldg16AP1 AdmBldg16AP1 (Info): Station 004096342c16 Authenticated
987356355 Apr 15 13:39:15 LibBldg2AP7 LibBldg2AP7 (Info): Station 004096342c16 Authenticated
987356359 Apr 15 13:39:19 LibBldg2AP7 LibBldg2AP7 (Info): Station 004096342c16 Authenticated
987356361 Apr 15 13:39:21 AdmBldg16AP1 AdmBldg16AP1 (Info): Station 004096342c16 Authenticated
987356364 Apr 15 13:39:24 AdmBldg16AP1 AdmBldg16AP1 (Info): Station 004096342c16 Authenticated
987356366 Apr 15 13:39:26 LibBldg2AP7 LibBldg2AP7 (Info): Station 004096342c16 Authenticated
987356369 Apr 15 13:39:29 LibBldg2AP7 LibBldg2AP7 (Info): Station 004096342c16 Authenticated
987356371 Apr 15 13:39:31 AdmBldg16AP1 AdmBldg16AP1 (Info): Station 004096342c16 Authenticated
987356377 Apr 15 13:39:37 AdmBldg16AP1 AdmBldg16AP1 (Info): Station 004096342c16 Authenticated
987356723 Apr 15 13:45:23 SocBldg1AP1 SocBldg1AP1 (Info): Station 00306572a9d8 Authenticated
987356723 Apr 15 13:45:23 SocBldg1AP1 SocBldg1AP1 (Info): Station 00306572a9d8 Associated
987356968 Apr 15 13:49:28 SocBldg1AP1 SocBldg1AP1 (Info): Station 00306572a9d8 Authenticated
987356968 Apr 15 13:49:28 SocBldg1AP1 SocBldg1AP1 (Info): Station 00306572a9d8 Associated
987357127 Apr 15 13:52:07 AcadBldg30AP4 AcadBldg30AP4 (Info): Deauthenticating 00306572a9d8, reason "Inactivity"
987357128 Apr 15 13:52:08 SocBldg1AP1 SocBldg1AP1 (Info): Station 00306572a9d8 Authenticated
987357128 Apr 15 13:52:08 SocBldg1AP1 SocBldg1AP1 (Info): Station 00306572a9d8 Associated
987357784 Apr 15 14:03:04 AcadBldg16AP2 AcadBldg16AP2 (Info): Deauthenticating 00409696d938, reason "Inactivity"
987357953 Apr 15 14:05:53 SocBldg1AP1 SocBldg1AP1 (Info): Deauthenticating 003065fc1494, reason "Inactivity"
987358144 Apr 15 14:09:04 AcadBldg16AP4 AcadBldg16AP4 (Info): Deauthenticating 003065e0de26, reason "Inactivity"
987358146 Apr 15 14:09:06 AcadBldg16AP4 AcadBldg16AP4 (Info): Station 003065e0de26 Authenticated
987358146 Apr 15 14:09:06 AcadBldg16AP4 AcadBldg16AP4 (Info): Station 003065e0de26 Associated
987358249 Apr 15 14:10:49 AdmBldg16AP1 AdmBldg16AP1 (Info): Deauthenticating 004096342c16, reason "Inactivity"
987358260 Apr 15 14:11:00 LibBldg2AP7 LibBldg2AP7 (Info): Deauthenticating 004096342c16, reason "Inactivity"
987358568 Apr 15 14:16:08 AcadBldg30AP4 AcadBldg30AP4 (Info): Deauthenticating 003065fc1494, reason "Inactivity"
987359926 Apr 15 14:38:46 SocBldg1AP1 SocBldg1AP1 (Info): Station 003065fc1494 Authenticated
987359926 Apr 15 14:38:46 SocBldg1AP1 SocBldg1AP1 (Info): Station 003065fc1494 Associated
987361809 Apr 15 15:10:09 SocBldg1AP1 SocBldg1AP1 (Info): Deauthenticating 003065fc1494, reason "Inactivity"
987362362 Apr 15 15:19:22 SocBldg1AP1 SocBldg1AP1 (Info): Deauthenticating 00306572a9d8, reason "Inactivity"
987363381 Apr 15 15:36:21 AcadBldg16AP4 AcadBldg16AP4 (Info): Deauthenticating 003065e0de26, reason "Inactivity"
987363383 Apr 15 15:36:23 AcadBldg16AP4 AcadBldg16AP4 (Info): Station 003065e0de26 Authenticated
987363383 Apr 15 15:36:23 AcadBldg16AP4 AcadBldg16AP4 (Info): Station 003065e0de26 Associated
987365049 Apr 15 16:04:09 AcadBldg4AP5 AcadBldg4AP5 (Info): Station 0040966fb204 Authenticated
987365051 Apr 15 16:04:11 AcadBldg4AP2 AcadBldg4AP2 (Info): Station 0040966fb204 Authenticated
987365053 Apr 15 16:04:13 AcadBldg4AP5 AcadBldg4AP5 (Info): Station 0040966fb204 Authenticated
987365056 Apr 15 16:04:16 AcadBldg4AP3 AcadBldg4AP3 (Info): Station 0040966fb204 Authenticated
987365058 Apr 15 16:04:18 AcadBldg4AP5 AcadBldg4AP5 (Info): Station 0040966fb204 Authenticated
987365060 Apr 15 16:04:20 AcadBldg4AP2 AcadBldg4AP2 (Info): Station 0040966fb204 Authenticated
987365062 Apr 15 16:04:22 AcadBldg4AP3 AcadBldg4AP3 (Info): Station 0040966fb204 Authenticated
987365065 Apr 15 16:04:25 AcadBldg4AP5 AcadBldg4AP5 (Info): Station 0040966fb204 Authenticated
987365067 Apr 15 16:04:27 AcadBldg4AP2 AcadBldg4AP2 (Info): Station 0040966fb204 Authenticated
987365072 Apr 15 16:04:32 AcadBldg4AP3 AcadBldg4AP3 (Info): Station 0040966fb204 Authenticated
987365074 Apr 15 16:04:34 AcadBldg4AP2 AcadBldg4AP2 (Info): Station 0040966fb204 Authenticated
987365076 Apr 15 16:04:36 AcadBldg4AP5 AcadBldg4AP5 (Info): Station 0040966fb204 Authenticated
987365078 Apr 15 16:04:38 AcadBldg4AP3 AcadBldg4AP3 (Info): Station 0040966fb204 Authenticated
987365080 Apr 15 16:04:40 AcadBldg4AP5 AcadBldg4AP5 (Info): Station 0040966fb204 Authenticated
987365083 Apr 15 16:04:43 AcadBldg4AP2 AcadBldg4AP2 (Info): Station 0040966fb204 Authenticated
987365085 Apr 15 16:04:45 AcadBldg4AP3 AcadBldg4AP3 (Info): Station 0040966fb204 Authenticated
987365087 Apr 15 16:04:47 AcadBldg4AP2 AcadBldg4AP2 (Info): Station 0040966fb204 Authenticated
987365089 Apr 15 16:04:49 AcadBldg4AP5 AcadBldg4AP5 (Info): Station 0040966fb204 Authenticated
987365095 Apr 15 16:04:55 AcadBldg4AP3 AcadBldg4AP3 (Info): Station 0040966fb204 Authenticated
987365097 Apr 15 16:04:57 AcadBldg4AP2 AcadBldg4AP2 (Info): Station 0040966fb204 Authenticated
987365099 Apr 15 16:04:59 AcadBldg4AP5 AcadBldg4AP5 (Info): Station 0040966fb204 Authenticated
987365101 Apr 15 16:05:01 AcadBldg4AP3 AcadBldg4AP3 (Info): Station 0040966fb204 Authenticated
987365103 Apr 15 16:05:03 AcadBldg4AP2 AcadBldg4AP2 (Info): Station 0040966fb204 Authenticated
987365105 Apr 15 16:05:05 AcadBldg4AP5 AcadBldg4AP5 (Info): Station 0040966fb204 Authenticated
987365108 Apr 15 16:05:08 AcadBldg4AP3 AcadBldg4AP3 (Info): Station 0040966fb204 Authenticated
987365110 Apr 15 16:05:10 AcadBldg4AP2 AcadBldg4AP2 (Info): Station 0040966fb204 Authenticated
987365110 Apr 15 16:05:10 AcadBldg4AP2 AcadBldg4AP2 (Info): Disassociating 0040966fb204, reason "Not Associated"
987365110 Apr 15 16:05:10 AcadBldg4AP5 AcadBldg4AP5 (Info): Station 0040966fb204 Authenticated
987365113 Apr 15 16:05:13 AcadBldg4AP3 AcadBldg4AP3 (Info): Station 0040966fb204 Authenticated
987365115 Apr 15 16:05:15 AcadBldg4AP2 AcadBldg4AP2 (Info): Station 0040966fb204 Authenticated
987365117 Apr 15 16:05:17 AcadBldg4AP5 AcadBldg4AP5 (Info): Station 0040966fb204 Authenticated
987365120 Apr 15 16:05:20 AcadBldg4AP3 AcadBldg4AP3 (Info): Station 0040966fb204 Authenticated
987365122 Apr 15 16:05:22 AcadBldg4AP2 AcadBldg4AP2 (Info): Station 0040966fb204 Authenticated
987365124 Apr 15 16:05:24 AcadBldg4AP5 AcadBldg4AP5 (Info): Station 0040966fb204 Authenticated
987365127 Apr 15 16:05:27 AcadBldg4AP3 AcadBldg4AP3 (Info): Station 0040966fb204 Authenticated
987365129 Apr 15 16:05:29 AcadBldg4AP5 AcadBldg4AP5 (Info): Station 0040966fb204 Authenticated
987365131 Apr 15 16:05:31 AcadBldg4AP2 AcadBldg4AP2 (Info): Station 0040966fb204 Authenticated
987365133 Apr 15 16:05:33 AcadBldg4AP3 AcadBldg4AP3 (Info): Station 0040966fb204 Authenticated
987365135 Apr 15 16:05:35 AcadBldg4AP2 AcadBldg4AP2 (Info): Station 0040966fb204 Authenticated
987365138 Apr 15 16:05:38 AcadBldg4AP5 AcadBldg4AP5 (Info): Station 0040966fb204 Authenticated
987365140 Apr 15 16:05:40 AcadBldg4AP3 AcadBldg4AP3 (Info): Station 0040966fb204 Authenticated
987365142 Apr 15 16:05:42 AcadBldg4AP2 AcadBldg4AP2 (Info): Station 0040966fb204 Authenticated
987365144 Apr 15 16:05:44 AcadBldg4AP5 AcadBldg4AP5 (Info): Station 0040966fb204 Authenticated
987365147 Apr 15 16:05:47 AcadBldg4AP3 AcadBldg4AP3 (Info): Station 0040966fb204 Authenticated
987365149 Apr 15 16:05:49 AcadBldg4AP2 AcadBldg4AP2 (Info): Station 0040966fb204 Authenticated
987365151 Apr 15 16:05:51 AcadBldg4AP5 AcadBldg4AP5 (Info): Station 0040966fb204 Authenticated
987365154 Apr 15 16:05:54 AcadBldg4AP3 AcadBldg4AP3 (Info): Station 0040966fb204 Authenticated
987365156 Apr 15 16:05:56 AcadBldg4AP5 AcadBldg4AP5 (Info): Station 0040966fb204 Authenticated
987365158 Apr 15 16:05:58 AcadBldg4AP2 AcadBldg4AP2 (Info): Station 0040966fb204 Authenticated
987365160 Apr 15 16:06:00 AcadBldg4AP3 AcadBldg4AP3 (Info): Station 0040966fb204 Authenticated
987365162 Apr 15 16:06:02 AcadBldg4AP2 AcadBldg4AP2 (Info): Station 0040966fb204 Authenticated
987365164 Apr 15 16:06:04 AcadBldg4AP5 AcadBldg4AP5 (Info): Station 0040966fb204 Authenticated
987365167 Apr 15 16:06:07 AcadBldg4AP3 AcadBldg4AP3 (Info): Station 0040966fb204 Authenticated
987365170 Apr 15 16:06:10 AcadBldg4AP5 AcadBldg4AP5 (Info): Station 0040966fb204 Authenticated
987365172 Apr 15 16:06:12 AcadBldg4AP2 AcadBldg4AP2 (Info): Station 0040966fb204 Authenticated
987365175 Apr 15 16:06:15 AcadBldg4AP2 AcadBldg4AP2 (Info): Station 0040966fb204 Authenticated
987365177 Apr 15 16:06:17 AcadBldg4AP3 AcadBldg4AP3 (Info): Station 0040966fb204 Authenticated
987365179 Apr 15 16:06:19 AcadBldg4AP5 AcadBldg4AP5 (Info): Station 0040966fb204 Authenticated
987365182 Apr 15 16:06:22 AcadBldg4AP3 AcadBldg4AP3 (Info): Station 0040966fb204 Authenticated
987365184 Apr 15 16:06:24 AcadBldg4AP2 AcadBldg4AP2 (Info): Station 0040966fb204 Authenticated
987365186 Apr 15 16:06:26 AcadBldg4AP5 AcadBldg4AP5 (Info): Station 0040966fb204 Authenticated
987365188 Apr 15 16:06:28 AcadBldg4AP3 AcadBldg4AP3 (Info): Station 0040966fb204 Authenticated
987365190 Apr 15 16:06:30 AcadBldg4AP2 AcadBldg4AP2 (Info): Station 0040966fb204 Authenticated
987365193 Apr 15 16:06:33 AcadBldg4AP5 AcadBldg4AP5 (Info): Station 0040966fb204 Authenticated
987365195 Apr 15 16:06:35 AcadBldg4AP3 AcadBldg4AP3 (Info): Station 0040966fb204 Authenticated
987365197 Apr 15 16:06:37 AcadBldg4AP2 AcadBldg4AP2 (Info): Station 0040966fb204 Authenticated
987365199 Apr 15 16:06:39 AcadBldg4AP5 AcadBldg4AP5 (Info): Station 0040966fb204 Authenticated
987365202 Apr 15 16:06:42 AcadBldg4AP3 AcadBldg4AP3 (Info): Station 0040966fb204 Authenticated
987365204 Apr 15 16:06:44 AcadBldg4AP2 AcadBldg4AP2 (Info): Station 0040966fb204 Authenticated
987365206 Apr 15 16:06:46 AcadBldg4AP5 AcadBldg4AP5 (Info): Station 0040966fb204 Authenticated
987365209 Apr 15 16:06:49 AcadBldg4AP3 AcadBldg4AP3 (Info): Station 0040966fb204 Authenticated
987365211 Apr 15 16:06:51 AcadBldg4AP2 AcadBldg4AP2 (Info): Station 0040966fb204 Authenticated
987365213 Apr 15 16:06:53 AcadBldg4AP5 AcadBldg4AP5 (Info): Station 0040966fb204 Authenticated
987365216 Apr 15 16:06:56 AcadBldg4AP3 AcadBldg4AP3 (Info): Station 0040966fb204 Authenticated
987365218 Apr 15 16:06:58 AcadBldg4AP2 AcadBldg4AP2 (Info): Station 0040966fb204 Authenticated
987365220 Apr 15 16:07:00 AcadBldg4AP5 AcadBldg4AP5 (Info): Station 0040966fb204 Authenticated
987365222 Apr 15 16:07:02 AcadBldg4AP3 AcadBldg4AP3 (Info): Station 0040966fb204 Authenticated
987365224 Apr 15 16:07:04 AcadBldg4AP2 AcadBldg4AP2 (Info): Station 0040966fb204 Authenticated
987365226 Apr 15 16:07:06 AcadBldg4AP5 AcadBldg4AP5 (Info): Station 0040966fb204 Authenticated
987365229 Apr 15 16:07:09 AcadBldg4AP3 AcadBldg4AP3 (Info): Station 0040966fb204 Authenticated
987365231 Apr 15 16:07:11 AcadBldg4AP2 AcadBldg4AP2 (Info): Station 0040966fb204 Authenticated
987365233 Apr 15 16:07:13 AcadBldg4AP5 AcadBldg4AP5 (Info): Station 0040966fb204 Authenticated
987365236 Apr 15 16:07:16 AcadBldg4AP5 AcadBldg4AP5 (Info): Station 0040966fb204 Authenticated
987365239 Apr 15 16:07:19 AcadBldg4AP3 AcadBldg4AP3 (Info): Station 0040966fb204 Authenticated
987365241 Apr 15 16:07:21 AcadBldg4AP2 AcadBldg4AP2 (Info): Station 0040966fb204 Authenticated
987365244 Apr 15 16:07:24 AcadBldg4AP2 AcadBldg4AP2 (Info): Station 0040966fb204 Authenticated
987365246 Apr 15 16:07:26 AcadBldg4AP3 AcadBldg4AP3 (Info): Station 0040966fb204 Authenticated
987365248 Apr 15 16:07:28 AcadBldg4AP5 AcadBldg4AP5 (Info): Station 0040966fb204 Authenticated
987365251 Apr 15 16:07:31 AcadBldg4AP3 AcadBldg4AP3 (Info): Station 0040966fb204 Authenticated
987365253 Apr 15 16:07:33 AcadBldg4AP2 AcadBldg4AP2 (Info): Station 0040966fb204 Authenticated
987365255 Apr 15 16:07:35 AcadBldg4AP5 AcadBldg4AP5 (Info): Station 0040966fb204 Authenticated
987365257 Apr 15 16:07:37 AcadBldg4AP5 AcadBldg4AP5 (Info): Disassociating 0040966fb204, reason "Not Associated"
987365258 Apr 15 16:07:38 AcadBldg4AP3 AcadBldg4AP3 (Info): Station 0040966fb204 Authenticated
987365260 Apr 15 16:07:40 AcadBldg4AP2 AcadBldg4AP2 (Info): Station 0040966fb204 Authenticated
987365262 Apr 15 16:07:42 AcadBldg4AP5 AcadBldg4AP5 (Info): Station 0040966fb204 Authenticated
987365262 Apr 15 16:07:42 AcadBldg4AP5 AcadBldg4AP5 (Info): Disassociating 0040966fb204, reason "Not Associated"
987365265 Apr 15 16:07:45 AcadBldg4AP3 AcadBldg4AP3 (Info): Station 0040966fb204 Authenticated
987365267 Apr 15 16:07:47 AcadBldg4AP2 AcadBldg4AP2 (Info): Station 0040966fb204 Authenticated
987365269 Apr 15 16:07:49 AcadBldg4AP5 AcadBldg4AP5 (Info): Station 0040966fb204 Authenticated
987365272 Apr 15 16:07:52 AcadBldg4AP3 AcadBldg4AP3 (Info): Station 0040966fb204 Authenticated
987365274 Apr 15 16:07:54 AcadBldg4AP2 AcadBldg4AP2 (Info): Station 0040966fb204 Authenticated
987365276 Apr 15 16:07:56 AcadBldg4AP5 AcadBldg4AP5 (Info): Station 0040966fb204 Authenticated
987365278 Apr 15 16:07:58 AcadBldg4AP3 AcadBldg4AP3 (Info): Station 0040966fb204 Authenticated
987365280 Apr 15 16:08:00 AcadBldg4AP2 AcadBldg4AP2 (Info): Station 0040966fb204 Authenticated
987365282 Apr 15 16:08:02 AcadBldg4AP5 AcadBldg4AP5 (Info): Station 0040966fb204 Authenticated
987365285 Apr 15 16:08:05 AcadBldg4AP3 AcadBldg4AP3 (Info): Station 0040966fb204 Authenticated
987365287 Apr 15 16:08:07 AcadBldg4AP5 AcadBldg4AP5 (Info): Station 0040966fb204 Authenticated
987365289 Apr 15 16:08:09 AcadBldg4AP2 AcadBldg4AP2 (Info): Station 0040966fb204 Authenticated
987365291 Apr 15 16:08:11 AcadBldg4AP3 AcadBldg4AP3 (Info): Station 0040966fb204 Authenticated
987365294 Apr 15 16:08:14 AcadBldg4AP2 AcadBldg4AP2 (Info): Station 0040966fb204 Authenticated
987365296 Apr 15 16:08:16 AcadBldg4AP5 AcadBldg4AP5 (Info): Station 0040966fb204 Authenticated
987365298 Apr 15 16:08:18 AcadBldg4AP3 AcadBldg4AP3 (Info): Station 0040966fb204 Authenticated
987365300 Apr 15 16:08:20 AcadBldg4AP2 AcadBldg4AP2 (Info): Station 0040966fb204 Authenticated
987365302 Apr 15 16:08:22 AcadBldg4AP5 AcadBldg4AP5 (Info): Station 0040966fb204 Authenticated
987365305 Apr 15 16:08:25 AcadBldg4AP3 AcadBldg4AP3 (Info): Station 0040966fb204 Authenticated
987365307 Apr 15 16:08:27 AcadBldg4AP2 AcadBldg4AP2 (Info): Station 0040966fb204 Authenticated
987365309 Apr 15 16:08:29 AcadBldg4AP5 AcadBldg4AP5 (Info): Station 0040966fb204 Authenticated
987365312 Apr 15 16:08:32 AcadBldg4AP3 AcadBldg4AP3 (Info): Station 0040966fb204 Authenticated
987365314 Apr 15 16:08:34 AcadBldg4AP2 AcadBldg4AP2 (Info): Station 0040966fb204 Authenticated
987365316 Apr 15 16:08:36 AcadBldg4AP5 AcadBldg4AP5 (Info): Station 0040966fb204 Authenticated
987365319 Apr 15 16:08:39 AcadBldg4AP3 AcadBldg4AP3 (Info): Station 0040966fb204 Authenticated
987365321 Apr 15 16:08:41 AcadBldg4AP2 AcadBldg4AP2 (Info): Station 0040966fb204 Authenticated
987365323 Apr 15 16:08:43 AcadBldg4AP5 AcadBldg4AP5 (Info): Station 0040966fb204 Authenticated
987365326 Apr 15 16:08:46 AcadBldg4AP3 AcadBldg4AP3 (Info): Station 0040966fb204 Authenticated
987365328 Apr 15 16:08:48 AcadBldg4AP5 AcadBldg4AP5 (Info): Station 0040966fb204 Authenticated
987365330 Apr 15 16:08:50 AcadBldg4AP2 AcadBldg4AP2 (Info): Station 0040966fb204 Authenticated
987365332 Apr 15 16:08:52 AcadBldg4AP3 AcadBldg4AP3 (Info): Station 0040966fb204 Authenticated
987365334 Apr 15 16:08:54 AcadBldg4AP5 AcadBldg4AP5 (Info): Station 0040966fb204 Authenticated
987365337 Apr 15 16:08:57 AcadBldg4AP2 AcadBldg4AP2 (Info): Station 0040966fb204 Authenticated
987365341 Apr 15 16:09:01 AcadBldg4AP3 AcadBldg4AP3 (Info): Station 0040966fb204 Authenticated
987365343 Apr 15 16:09:03 AcadBldg4AP2 AcadBldg4AP2 (Info): Station 0040966fb204 Authenticated
987365345 Apr 15 16:09:05 AcadBldg4AP5 AcadBldg4AP5 (Info): Station 0040966fb204 Authenticated
987365348 Apr 15 16:09:08 AcadBldg4AP3 AcadBldg4AP3 (Info): Station 0040966fb204 Authenticated
987365350 Apr 15 16:09:10 AcadBldg4AP2 AcadBldg4AP2 (Info): Station 0040966fb204 Authenticated
987365352 Apr 15 16:09:12 AcadBldg4AP5 AcadBldg4AP5 (Info): Station 0040966fb204 Authenticated
987365355 Apr 15 16:09:15 AcadBldg4AP3 AcadBldg4AP3 (Info): Station 0040966fb204 Authenticated
987365357 Apr 15 16:09:17 AcadBldg4AP2 AcadBldg4AP2 (Info): Station 0040966fb204 Authenticated
987365359 Apr 15 16:09:19 AcadBldg4AP5 AcadBldg4AP5 (Info): Station 0040966fb204 Authenticated
987365362 Apr 15 16:09:22 AcadBldg4AP3 AcadBldg4AP3 (Info): Station 0040966fb204 Authenticated
987365364 Apr 15 16:09:24 AcadBldg4AP2 AcadBldg4AP2 (Info): Station 0040966fb204 Authenticated
987365366 Apr 15 16:09:26 AcadBldg4AP5 AcadBldg4AP5 (Info): Station 0040966fb204 Authenticated
987365368 Apr 15 16:09:28 AcadBldg4AP3 AcadBldg4AP3 (Info): Station 0040966fb204 Authenticated
987365370 Apr 15 16:09:30 AcadBldg4AP2 AcadBldg4AP2 (Info): Station 0040966fb204 Authenticated
987365372 Apr 15 16:09:32 AcadBldg4AP5 AcadBldg4AP5 (Info): Station 0040966fb204 Authenticated
987365375 Apr 15 16:09:35 AcadBldg4AP3 AcadBldg4AP3 (Info): Station 0040966fb204 Authenticated
987365377 Apr 15 16:09:37 AcadBldg4AP2 AcadBldg4AP2 (Info): Station 0040966fb204 Authenticated
987365379 Apr 15 16:09:39 AcadBldg4AP5 AcadBldg4AP5 (Info): Station 0040966fb204 Authenticated
987365382 Apr 15 16:09:42 AcadBldg4AP3 AcadBldg4AP3 (Info): Station 0040966fb204 Authenticated
987365384 Apr 15 16:09:44 AcadBldg4AP2 AcadBldg4AP2 (Info): Station 0040966fb204 Authenticated
987365386 Apr 15 16:09:46 AcadBldg4AP5 AcadBldg4AP5 (Info): Station 0040966fb204 Authenticated
987365389 Apr 15 16:09:49 AcadBldg4AP3 AcadBldg4AP3 (Info): Station 0040966fb204 Authenticated
987365391 Apr 15 16:09:51 AcadBldg4AP2 AcadBldg4AP2 (Info): Station 0040966fb204 Authenticated
987365393 Apr 15 16:09:53 AcadBldg4AP5 AcadBldg4AP5 (Info): Station 0040966fb204 Authenticated
987365395 Apr 15 16:09:55 AcadBldg4AP3 AcadBldg4AP3 (Info): Station 0040966fb204 Authenticated
987365397 Apr 15 16:09:57 AcadBldg4AP2 AcadBldg4AP2 (Info): Station 0040966fb204 Authenticated
987365400 Apr 15 16:10:00 AcadBldg4AP5 AcadBldg4AP5 (Info): Station 0040966fb204 Authenticated
987365402 Apr 15 16:10:02 AcadBldg4AP3 AcadBldg4AP3 (Info): Station 0040966fb204 Authenticated
987365404 Apr 15 16:10:04 AcadBldg4AP2 AcadBldg4AP2 (Info): Station 0040966fb204 Authenticated
987365406 Apr 15 16:10:06 AcadBldg4AP5 AcadBldg4AP5 (Info): Station 0040966fb204 Authenticated
987365407 Apr 15 16:10:07 AcadBldg4AP5 AcadBldg4AP5 (Info): Disassociating 0040966fb204, reason "Not Associated"
987365407 Apr 15 16:10:07 AcadBldg4AP3 AcadBldg4AP3 (Info): Station 0040966fb204 Authenticated
987365409 Apr 15 16:10:09 AcadBldg4AP2 AcadBldg4AP2 (Info): Station 0040966fb204 Authenticated
987365412 Apr 15 16:10:12 AcadBldg4AP3 AcadBldg4AP3 (Info): Station 0040966fb204 Authenticated
987365414 Apr 15 16:10:14 AcadBldg4AP2 AcadBldg4AP2 (Info): Station 0040966fb204 Authenticated
987365416 Apr 15 16:10:16 AcadBldg4AP5 AcadBldg4AP5 (Info): Station 0040966fb204 Authenticated
987365419 Apr 15 16:10:19 AcadBldg4AP3 AcadBldg4AP3 (Info): Station 0040966fb204 Authenticated
987365421 Apr 15 16:10:21 AcadBldg4AP2 AcadBldg4AP2 (Info): Station 0040966fb204 Authenticated
987365423 Apr 15 16:10:23 AcadBldg4AP5 AcadBldg4AP5 (Info): Station 0040966fb204 Authenticated
987365429 Apr 15 16:10:29 AcadBldg4AP3 AcadBldg4AP3 (Info): Station 0040966fb204 Authenticated
987365431 Apr 15 16:10:31 AcadBldg4AP2 AcadBldg4AP2 (Info): Station 0040966fb204 Authenticated
987365433 Apr 15 16:10:33 AcadBldg4AP5 AcadBldg4AP5 (Info): Station 0040966fb204 Authenticated
987365433 Apr 15 16:10:33 AcadBldg4AP3 AcadBldg4AP3 (Info): Station 0040966fb204 Authenticated
987365434 Apr 15 16:10:34 AcadBldg4AP3 AcadBldg4AP3 (Info): Disassociating 0040966fb204, reason "Not Associated"
987365435 Apr 15 16:10:35 AcadBldg4AP2 AcadBldg4AP2 (Info): Station 0040966fb204 Authenticated
987365438 Apr 15 16:10:38 AcadBldg4AP2 AcadBldg4AP2 (Info): Station 0040966fb204 Authenticated
987365440 Apr 15 16:10:40 AcadBldg4AP3 AcadBldg4AP3 (Info): Station 0040966fb204 Authenticated
987365442 Apr 15 16:10:42 AcadBldg4AP3 AcadBldg4AP3 (Info): Station 0040966fb204 Authenticated
987365444 Apr 15 16:10:44 AcadBldg4AP2 AcadBldg4AP2 (Info): Station 0040966fb204 Authenticated
987365450 Apr 15 16:10:50 AcadBldg4AP2 AcadBldg4AP2 (Info): Station 0040966fb204 Authenticated
987365452 Apr 15 16:10:52 AcadBldg4AP3 AcadBldg4AP3 (Info): Station 0040966fb204 Authenticated
987365459 Apr 15 16:10:59 AcadBldg4AP3 AcadBldg4AP3 (Info): Station 0040966fb204 Authenticated
987365461 Apr 15 16:11:01 AcadBldg4AP2 AcadBldg4AP2 (Info): Station 0040966fb204 Authenticated
987365463 Apr 15 16:11:03 AcadBldg4AP2 AcadBldg4AP2 (Info): Station 0040966fb204 Authenticated
987365469 Apr 15 16:11:09 AcadBldg4AP3 AcadBldg4AP3 (Info): Station 0040966fb204 Authenticated
987365469 Apr 15 16:11:09 AcadBldg4AP3 AcadBldg4AP3 (Info): Disassociating 0040966fb204, reason "Not Associated"
987365473 Apr 15 16:11:13 AcadBldg4AP3 AcadBldg4AP3 (Info): Station 0040966fb204 Authenticated
987365475 Apr 15 16:11:15 AcadBldg4AP2 AcadBldg4AP2 (Info): Station 0040966fb204 Authenticated
987365482 Apr 15 16:11:22 AcadBldg4AP3 AcadBldg4AP3 (Info): Station 0040966fb204 Authenticated
987365484 Apr 15 16:11:24 AcadBldg4AP2 AcadBldg4AP2 (Info): Station 0040966fb204 Authenticated
987365487 Apr 15 16:11:27 AcadBldg4AP3 AcadBldg4AP3 (Info): Station 0040966fb204 Authenticated
987365489 Apr 15 16:11:29 AcadBldg4AP2 AcadBldg4AP2 (Info): Station 0040966fb204 Authenticated
987365491 Apr 15 16:11:31 AcadBldg4AP5 AcadBldg4AP5 (Info): Station 0040966fb204 Authenticated
987365494 Apr 15 16:11:34 AcadBldg4AP3 AcadBldg4AP3 (Info): Station 0040966fb204 Authenticated
987365496 Apr 15 16:11:36 AcadBldg4AP2 AcadBldg4AP2 (Info): Station 0040966fb204 Authenticated
987365498 Apr 15 16:11:38 AcadBldg4AP5 AcadBldg4AP5 (Info): Station 0040966fb204 Authenticated
987365501 Apr 15 16:11:41 AcadBldg4AP3 AcadBldg4AP3 (Info): Station 0040966fb204 Authenticated
987365503 Apr 15 16:11:43 AcadBldg4AP2 AcadBldg4AP2 (Info): Station 0040966fb204 Authenticated
987365505 Apr 15 16:11:45 AcadBldg4AP5 AcadBldg4AP5 (Info): Station 0040966fb204 Authenticated
987365508 Apr 15 16:11:48 AcadBldg4AP3 AcadBldg4AP3 (Info): Station 0040966fb204 Authenticated
987365510 Apr 15 16:11:50 AcadBldg4AP2 AcadBldg4AP2 (Info): Station 0040966fb204 Authenticated
987365512 Apr 15 16:11:52 AcadBldg4AP5 AcadBldg4AP5 (Info): Station 0040966fb204 Authenticated
987365514 Apr 15 16:11:54 AcadBldg4AP3 AcadBldg4AP3 (Info): Station 0040966fb204 Authenticated
987365517 Apr 15 16:11:57 AcadBldg4AP2 AcadBldg4AP2 (Info): Station 0040966fb204 Authenticated
987365519 Apr 15 16:11:59 AcadBldg4AP5 AcadBldg4AP5 (Info): Station 0040966fb204 Authenticated
987365521 Apr 15 16:12:01 AcadBldg4AP3 AcadBldg4AP3 (Info): Station 0040966fb204 Authenticated
987365523 Apr 15 16:12:03 AcadBldg4AP2 AcadBldg4AP2 (Info): Station 0040966fb204 Authenticated
987365525 Apr 15 16:12:05 AcadBldg4AP5 AcadBldg4AP5 (Info): Station 0040966fb204 Authenticated
987365528 Apr 15 16:12:08 AcadBldg4AP3 AcadBldg4AP3 (Info): Station 0040966fb204 Authenticated
987365530 Apr 15 16:12:10 AcadBldg4AP2 AcadBldg4AP2 (Info): Station 0040966fb204 Authenticated
987365532 Apr 15 16:12:12 AcadBldg4AP5 AcadBldg4AP5 (Info): Station 0040966fb204 Authenticated
987365535 Apr 15 16:12:15 AcadBldg4AP3 AcadBldg4AP3 (Info): Station 0040966fb204 Authenticated
987365537 Apr 15 16:12:17 AcadBldg4AP2 AcadBldg4AP2 (Info): Station 0040966fb204 Authenticated
987365539 Apr 15 16:12:19 AcadBldg4AP5 AcadBldg4AP5 (Info): Station 0040966fb204 Authenticated
987365542 Apr 15 16:12:22 AcadBldg4AP3 AcadBldg4AP3 (Info): Station 0040966fb204 Authenticated
987365544 Apr 15 16:12:24 AcadBldg4AP2 AcadBldg4AP2 (Info): Station 0040966fb204 Authenticated
987365546 Apr 15 16:12:26 AcadBldg4AP5 AcadBldg4AP5 (Info): Station 0040966fb204 Authenticated
987365548 Apr 15 16:12:28 AcadBldg4AP3 AcadBldg4AP3 (Info): Station 0040966fb204 Authenticated
987365550 Apr 15 16:12:30 AcadBldg4AP2 AcadBldg4AP2 (Info): Station 0040966fb204 Authenticated
987365552 Apr 15 16:12:32 AcadBldg4AP5 AcadBldg4AP5 (Info): Station 0040966fb204 Authenticated
987365555 Apr 15 16:12:35 AcadBldg4AP3 AcadBldg4AP3 (Info): Station 0040966fb204 Authenticated
987365557 Apr 15 16:12:37 AcadBldg4AP2 AcadBldg4AP2 (Info): Station 0040966fb204 Authenticated
987365559 Apr 15 16:12:39 AcadBldg4AP5 AcadBldg4AP5 (Info): Station 0040966fb204 Authenticated
987365562 Apr 15 16:12:42 AcadBldg4AP3 AcadBldg4AP3 (Info): Station 0040966fb204 Authenticated
987365564 Apr 15 16:12:44 AcadBldg4AP2 AcadBldg4AP2 (Info): Station 0040966fb204 Authenticated
987365566 Apr 15 16:12:46 AcadBldg4AP5 AcadBldg4AP5 (Info): Station 0040966fb204 Authenticated
987365568 Apr 15 16:12:48 AcadBldg4AP3 AcadBldg4AP3 (Info): Station 0040966fb204 Authenticated
987365570 Apr 15 16:12:50 AcadBldg4AP2 AcadBldg4AP2 (Info): Station 0040966fb204 Authenticated
987365572 Apr 15 16:12:52 AcadBldg4AP5 AcadBldg4AP5 (Info): Station 0040966fb204 Authenticated
987365575 Apr 15 16:12:55 AcadBldg4AP3 AcadBldg4AP3 (Info): Station 0040966fb204 Authenticated
987365577 Apr 15 16:12:57 AcadBldg4AP2 AcadBldg4AP2 (Info): Station 0040966fb204 Authenticated
987365579 Apr 15 16:12:59 AcadBldg4AP5 AcadBldg4AP5 (Info): Station 0040966fb204 Authenticated
987365583 Apr 15 16:13:03 AcadBldg4AP3 AcadBldg4AP3 (Info): Station 0040966fb204 Authenticated
987365585 Apr 15 16:13:05 AcadBldg4AP2 AcadBldg4AP2 (Info): Station 0040966fb204 Authenticated
987365587 Apr 15 16:13:07 AcadBldg4AP5 AcadBldg4AP5 (Info): Station 0040966fb204 Authenticated
987365589 Apr 15 16:13:09 AcadBldg4AP3 AcadBldg4AP3 (Info): Station 0040966fb204 Authenticated
987365591 Apr 15 16:13:11 AcadBldg4AP2 AcadBldg4AP2 (Info): Station 0040966fb204 Authenticated
987365593 Apr 15 16:13:13 AcadBldg4AP5 AcadBldg4AP5 (Info): Station 0040966fb204 Authenticated
987365596 Apr 15 16:13:16 AcadBldg4AP3 AcadBldg4AP3 (Info): Station 0040966fb204 Authenticated
987365598 Apr 15 16:13:18 AcadBldg4AP2 AcadBldg4AP2 (Info): Station 0040966fb204 Authenticated
987365600 Apr 15 16:13:20 AcadBldg4AP5 AcadBldg4AP5 (Info): Station 0040966fb204 Authenticated
987365603 Apr 15 16:13:23 AcadBldg4AP3 AcadBldg4AP3 (Info): Station 0040966fb204 Authenticated
987365605 Apr 15 16:13:25 AcadBldg4AP2 AcadBldg4AP2 (Info): Station 0040966fb204 Authenticated
987365607 Apr 15 16:13:27 AcadBldg4AP5 AcadBldg4AP5 (Info): Station 0040966fb204 Authenticated
987365610 Apr 15 16:13:30 AcadBldg4AP3 AcadBldg4AP3 (Info): Station 0040966fb204 Authenticated
987365612 Apr 15 16:13:32 AcadBldg4AP2 AcadBldg4AP2 (Info): Station 0040966fb204 Authenticated
987365614 Apr 15 16:13:34 AcadBldg4AP5 AcadBldg4AP5 (Info): Station 0040966fb204 Authenticated
987365617 Apr 15 16:13:37 AcadBldg4AP3 AcadBldg4AP3 (Info): Station 0040966fb204 Authenticated
987365619 Apr 15 16:13:39 AcadBldg4AP2 AcadBldg4AP2 (Info): Station 0040966fb204 Authenticated
987365621 Apr 15 16:13:41 AcadBldg4AP5 AcadBldg4AP5 (Info): Station 0040966fb204 Authenticated
987365624 Apr 15 16:13:44 AcadBldg4AP3 AcadBldg4AP3 (Info): Station 0040966fb204 Authenticated
987365626 Apr 15 16:13:46 AcadBldg4AP2 AcadBldg4AP2 (Info): Station 0040966fb204 Authenticated
987365628 Apr 15 16:13:48 AcadBldg4AP5 AcadBldg4AP5 (Info): Station 0040966fb204 Authenticated
987365630 Apr 15 16:13:50 AcadBldg4AP3 AcadBldg4AP3 (Info): Station 0040966fb204 Authenticated
987365632 Apr 15 16:13:52 AcadBldg4AP2 AcadBldg4AP2 (Info): Station 0040966fb204 Authenticated
987365634 Apr 15 16:13:54 AcadBldg4AP5 AcadBldg4AP5 (Info): Station 0040966fb204 Authenticated
987365637 Apr 15 16:13:57 AcadBldg4AP3 AcadBldg4AP3 (Info): Station 0040966fb204 Authenticated
987365639 Apr 15 16:13:59 AcadBldg4AP2 AcadBldg4AP2 (Info): Station 0040966fb204 Authenticated
987365641 Apr 15 16:14:01 AcadBldg4AP5 AcadBldg4AP5 (Info): Station 0040966fb204 Authenticated
987365644 Apr 15 16:14:04 AcadBldg4AP3 AcadBldg4AP3 (Info): Station 0040966fb204 Authenticated
987365646 Apr 15 16:14:06 AcadBldg4AP2 AcadBldg4AP2 (Info): Station 0040966fb204 Authenticated
987365648 Apr 15 16:14:08 AcadBldg4AP5 AcadBldg4AP5 (Info): Station 0040966fb204 Authenticated
987365650 Apr 15 16:14:10 AcadBldg4AP3 AcadBldg4AP3 (Info): Station 0040966fb204 Authenticated
987365652 Apr 15 16:14:12 AcadBldg4AP2 AcadBldg4AP2 (Info): Station 0040966fb204 Authenticated
987365655 Apr 15 16:14:15 AcadBldg4AP5 AcadBldg4AP5 (Info): Station 0040966fb204 Authenticated
987365657 Apr 15 16:14:17 AcadBldg4AP3 AcadBldg4AP3 (Info): Station 0040966fb204 Authenticated
987365659 Apr 15 16:14:19 AcadBldg4AP2 AcadBldg4AP2 (Info): Station 0040966fb204 Authenticated
987365661 Apr 15 16:14:21 AcadBldg4AP5 AcadBldg4AP5 (Info): Station 0040966fb204 Authenticated
987365664 Apr 15 16:14:24 AcadBldg4AP3 AcadBldg4AP3 (Info): Station 0040966fb204 Authenticated
987365666 Apr 15 16:14:26 AcadBldg4AP2 AcadBldg4AP2 (Info): Station 0040966fb204 Authenticated
987365668 Apr 15 16:14:28 AcadBldg4AP5 AcadBldg4AP5 (Info): Station 0040966fb204 Authenticated
987365671 Apr 15 16:14:31 AcadBldg4AP3 AcadBldg4AP3 (Info): Station 0040966fb204 Authenticated
987365673 Apr 15 16:14:33 AcadBldg4AP2 AcadBldg4AP2 (Info): Station 0040966fb204 Authenticated
987365675 Apr 15 16:14:35 AcadBldg4AP5 AcadBldg4AP5 (Info): Station 0040966fb204 Authenticated
987365677 Apr 15 16:14:37 AcadBldg4AP3 AcadBldg4AP3 (Info): Station 0040966fb204 Authenticated
987365680 Apr 15 16:14:40 AcadBldg4AP2 AcadBldg4AP2 (Info): Station 0040966fb204 Authenticated
987365682 Apr 15 16:14:42 AcadBldg4AP5 AcadBldg4AP5 (Info): Station 0040966fb204 Authenticated
987365684 Apr 15 16:14:44 AcadBldg4AP3 AcadBldg4AP3 (Info): Station 0040966fb204 Authenticated
987365686 Apr 15 16:14:46 AcadBldg4AP2 AcadBldg4AP2 (Info): Station 0040966fb204 Authenticated
987365688 Apr 15 16:14:48 AcadBldg4AP5 AcadBldg4AP5 (Info): Station 0040966fb204 Authenticated
987365691 Apr 15 16:14:51 AcadBldg4AP3 AcadBldg4AP3 (Info): Station 0040966fb204 Authenticated
987365693 Apr 15 16:14:53 AcadBldg4AP2 AcadBldg4AP2 (Info): Station 0040966fb204 Authenticated
987365695 Apr 15 16:14:55 AcadBldg4AP5 AcadBldg4AP5 (Info): Station 0040966fb204 Authenticated
987365698 Apr 15 16:14:58 AcadBldg4AP3 AcadBldg4AP3 (Info): Station 0040966fb204 Authenticated
987365700 Apr 15 16:15:00 AcadBldg4AP5 AcadBldg4AP5 (Info): Station 0040966fb204 Authenticated
987365702 Apr 15 16:15:02 AcadBldg4AP2 AcadBldg4AP2 (Info): Station 0040966fb204 Authenticated
987365705 Apr 15 16:15:05 AcadBldg4AP3 AcadBldg4AP3 (Info): Station 0040966fb204 Authenticated
987365707 Apr 15 16:15:07 AcadBldg4AP2 AcadBldg4AP2 (Info): Station 0040966fb204 Authenticated
987365709 Apr 15 16:15:09 AcadBldg4AP5 AcadBldg4AP5 (Info): Station 0040966fb204 Authenticated
987365713 Apr 15 16:15:13 AcadBldg4AP3 AcadBldg4AP3 (Info): Station 0040966fb204 Authenticated
987365715 Apr 15 16:15:15 AcadBldg4AP2 AcadBldg4AP2 (Info): Station 0040966fb204 Authenticated
987365717 Apr 15 16:15:17 AcadBldg4AP5 AcadBldg4AP5 (Info): Station 0040966fb204 Authenticated
987365720 Apr 15 16:15:20 AcadBldg4AP3 AcadBldg4AP3 (Info): Station 0040966fb204 Authenticated
987365722 Apr 15 16:15:22 AcadBldg4AP2 AcadBldg4AP2 (Info): Station 0040966fb204 Authenticated
987365724 Apr 15 16:15:24 AcadBldg4AP5 AcadBldg4AP5 (Info): Station 0040966fb204 Authenticated
987365727 Apr 15 16:15:27 AcadBldg4AP3 AcadBldg4AP3 (Info): Station 0040966fb204 Authenticated
987365729 Apr 15 16:15:29 AcadBldg4AP2 AcadBldg4AP2 (Info): Station 0040966fb204 Authenticated
987365731 Apr 15 16:15:31 AcadBldg4AP5 AcadBldg4AP5 (Info): Station 0040966fb204 Authenticated
987365733 Apr 15 16:15:33 AcadBldg4AP3 AcadBldg4AP3 (Info): Station 0040966fb204 Authenticated
987365736 Apr 15 16:15:36 AcadBldg4AP2 AcadBldg4AP2 (Info): Station 0040966fb204 Authenticated
987365738 Apr 15 16:15:38 AcadBldg4AP5 AcadBldg4AP5 (Info): Station 0040966fb204 Authenticated
987365740 Apr 15 16:15:40 AcadBldg4AP3 AcadBldg4AP3 (Info): Station 0040966fb204 Authenticated
987365742 Apr 15 16:15:42 AcadBldg4AP2 AcadBldg4AP2 (Info): Station 0040966fb204 Authenticated
987365744 Apr 15 16:15:44 AcadBldg4AP5 AcadBldg4AP5 (Info): Station 0040966fb204 Authenticated
987365747 Apr 15 16:15:47 AcadBldg4AP3 AcadBldg4AP3 (Info): Station 0040966fb204 Authenticated
987365749 Apr 15 16:15:49 AcadBldg4AP2 AcadBldg4AP2 (Info): Station 0040966fb204 Authenticated
987365751 Apr 15 16:15:51 AcadBldg4AP5 AcadBldg4AP5 (Info): Station 0040966fb204 Authenticated
987365754 Apr 15 16:15:54 AcadBldg4AP3 AcadBldg4AP3 (Info): Station 0040966fb204 Authenticated
987365756 Apr 15 16:15:56 AcadBldg4AP2 AcadBldg4AP2 (Info): Station 0040966fb204 Authenticated
987365758 Apr 15 16:15:58 AcadBldg4AP5 AcadBldg4AP5 (Info): Station 0040966fb204 Authenticated
987365761 Apr 15 16:16:01 AcadBldg4AP3 AcadBldg4AP3 (Info): Station 0040966fb204 Authenticated
987365763 Apr 15 16:16:03 AcadBldg4AP2 AcadBldg4AP2 (Info): Station 0040966fb204 Authenticated
987365765 Apr 15 16:16:05 AcadBldg4AP5 AcadBldg4AP5 (Info): Station 0040966fb204 Authenticated
987365767 Apr 15 16:16:07 AcadBldg4AP3 AcadBldg4AP3 (Info): Station 0040966fb204 Authenticated
987365769 Apr 15 16:16:09 AcadBldg4AP2 AcadBldg4AP2 (Info): Station 0040966fb204 Authenticated
987365771 Apr 15 16:16:11 AcadBldg4AP5 AcadBldg4AP5 (Info): Station 0040966fb204 Authenticated
987365774 Apr 15 16:16:14 AcadBldg4AP3 AcadBldg4AP3 (Info): Station 0040966fb204 Authenticated
987365774 Apr 15 16:16:14 AcadBldg16AP4 AcadBldg16AP4 (Info): Station 004096906d36 Authenticated
987365774 Apr 15 16:16:14 AcadBldg16AP4 AcadBldg16AP4 (Info): Station 004096906d36 Associated
987365776 Apr 15 16:16:16 AcadBldg4AP2 AcadBldg4AP2 (Info): Station 0040966fb204 Authenticated
987365778 Apr 15 16:16:18 AcadBldg4AP5 AcadBldg4AP5 (Info): Station 0040966fb204 Authenticated
987365781 Apr 15 16:16:21 AcadBldg4AP3 AcadBldg4AP3 (Info): Station 0040966fb204 Authenticated
987365783 Apr 15 16:16:23 AcadBldg4AP2 AcadBldg4AP2 (Info): Station 0040966fb204 Authenticated
987365785 Apr 15 16:16:25 AcadBldg4AP5 AcadBldg4AP5 (Info): Station 0040966fb204 Authenticated
987365788 Apr 15 16:16:28 AcadBldg4AP3 AcadBldg4AP3 (Info): Station 0040966fb204 Authenticated
987365790 Apr 15 16:16:30 AcadBldg4AP2 AcadBldg4AP2 (Info): Station 0040966fb204 Authenticated
987365792 Apr 15 16:16:32 AcadBldg4AP5 AcadBldg4AP5 (Info): Station 0040966fb204 Authenticated
987365795 Apr 15 16:16:35 AcadBldg4AP3 AcadBldg4AP3 (Info): Station 0040966fb204 Authenticated
987365797 Apr 15 16:16:37 AcadBldg4AP2 AcadBldg4AP2 (Info): Station 0040966fb204 Authenticated
987365799 Apr 15 16:16:39 AcadBldg4AP5 AcadBldg4AP5 (Info): Station 0040966fb204 Authenticated
987365801 Apr 15 16:16:41 AcadBldg4AP3 AcadBldg4AP3 (Info): Station 0040966fb204 Authenticated
987365803 Apr 15 16:16:43 AcadBldg4AP2 AcadBldg4AP2 (Info): Station 0040966fb204 Authenticated
987365805 Apr 15 16:16:45 AcadBldg4AP5 AcadBldg4AP5 (Info): Station 0040966fb204 Authenticated
987365808 Apr 15 16:16:48 AcadBldg4AP3 AcadBldg4AP3 (Info): Station 0040966fb204 Authenticated
987365810 Apr 15 16:16:50 AcadBldg4AP2 AcadBldg4AP2 (Info): Station 0040966fb204 Authenticated
987365812 Apr 15 16:16:52 AcadBldg4AP5 AcadBldg4AP5 (Info): Station 0040966fb204 Authenticated
987365815 Apr 15 16:16:55 AcadBldg4AP3 AcadBldg4AP3 (Info): Station 0040966fb204 Authenticated
987365817 Apr 15 16:16:57 AcadBldg4AP2 AcadBldg4AP2 (Info): Station 0040966fb204 Authenticated
987365819 Apr 15 16:16:59 AcadBldg4AP5 AcadBldg4AP5 (Info): Station 0040966fb204 Authenticated
987365821 Apr 15 16:17:01 AcadBldg4AP3 AcadBldg4AP3 (Info): Station 0040966fb204 Authenticated
987365823 Apr 15 16:17:03 AcadBldg4AP2 AcadBldg4AP2 (Info): Station 0040966fb204 Authenticated
987365825 Apr 15 16:17:05 AcadBldg4AP5 AcadBldg4AP5 (Info): Station 0040966fb204 Authenticated
987365828 Apr 15 16:17:08 AcadBldg4AP3 AcadBldg4AP3 (Info): Station 0040966fb204 Authenticated
987365830 Apr 15 16:17:10 AcadBldg4AP2 AcadBldg4AP2 (Info): Station 0040966fb204 Authenticated
987365832 Apr 15 16:17:12 AcadBldg4AP5 AcadBldg4AP5 (Info): Station 0040966fb204 Authenticated
987365835 Apr 15 16:17:15 AcadBldg4AP3 AcadBldg4AP3 (Info): Station 0040966fb204 Authenticated
987365837 Apr 15 16:17:17 AcadBldg4AP2 AcadBldg4AP2 (Info): Station 0040966fb204 Authenticated
987365839 Apr 15 16:17:19 AcadBldg4AP5 AcadBldg4AP5 (Info): Station 0040966fb204 Authenticated
987365842 Apr 15 16:17:22 AcadBldg4AP3 AcadBldg4AP3 (Info): Station 0040966fb204 Authenticated
987365844 Apr 15 16:17:24 AcadBldg4AP2 AcadBldg4AP2 (Info): Station 0040966fb204 Authenticated
987365846 Apr 15 16:17:26 AcadBldg4AP5 AcadBldg4AP5 (Info): Station 0040966fb204 Authenticated
987365848 Apr 15 16:17:28 AcadBldg4AP3 AcadBldg4AP3 (Info): Station 0040966fb204 Authenticated
987365850 Apr 15 16:17:30 AcadBldg4AP2 AcadBldg4AP2 (Info): Station 0040966fb204 Authenticated
987365853 Apr 15 16:17:33 AcadBldg4AP5 AcadBldg4AP5 (Info): Station 0040966fb204 Authenticated
987365855 Apr 15 16:17:35 AcadBldg4AP3 AcadBldg4AP3 (Info): Station 0040966fb204 Authenticated
987365857 Apr 15 16:17:37 AcadBldg4AP2 AcadBldg4AP2 (Info): Station 0040966fb204 Authenticated
987365859 Apr 15 16:17:39 AcadBldg4AP5 AcadBldg4AP5 (Info): Station 0040966fb204 Authenticated
987365862 Apr 15 16:17:42 AcadBldg4AP3 AcadBldg4AP3 (Info): Station 0040966fb204 Authenticated
987365864 Apr 15 16:17:44 AcadBldg4AP2 AcadBldg4AP2 (Info): Station 0040966fb204 Authenticated
987365866 Apr 15 16:17:46 AcadBldg4AP5 AcadBldg4AP5 (Info): Station 0040966fb204 Authenticated
987365869 Apr 15 16:17:49 AcadBldg4AP3 AcadBldg4AP3 (Info): Station 0040966fb204 Authenticated
987365871 Apr 15 16:17:51 AcadBldg4AP2 AcadBldg4AP2 (Info): Station 0040966fb204 Authenticated
987365873 Apr 15 16:17:53 AcadBldg4AP5 AcadBldg4AP5 (Info): Station 0040966fb204 Authenticated
987365876 Apr 15 16:17:56 AcadBldg4AP3 AcadBldg4AP3 (Info): Station 0040966fb204 Authenticated
987365878 Apr 15 16:17:58 AcadBldg4AP2 AcadBldg4AP2 (Info): Station 0040966fb204 Authenticated
987365880 Apr 15 16:18:00 AcadBldg4AP5 AcadBldg4AP5 (Info): Station 0040966fb204 Authenticated
987365883 Apr 15 16:18:03 AcadBldg4AP3 AcadBldg4AP3 (Info): Station 0040966fb204 Authenticated
987365885 Apr 15 16:18:05 AcadBldg4AP2 AcadBldg4AP2 (Info): Station 0040966fb204 Authenticated
987365887 Apr 15 16:18:07 AcadBldg4AP5 AcadBldg4AP5 (Info): Station 0040966fb204 Authenticated
987365890 Apr 15 16:18:10 AcadBldg4AP3 AcadBldg4AP3 (Info): Station 0040966fb204 Authenticated
987365892 Apr 15 16:18:12 AcadBldg4AP2 AcadBldg4AP2 (Info): Station 0040966fb204 Authenticated
987365894 Apr 15 16:18:14 AcadBldg4AP5 AcadBldg4AP5 (Info): Station 0040966fb204 Authenticated
987365897 Apr 15 16:18:17 AcadBldg4AP3 AcadBldg4AP3 (Info): Station 0040966fb204 Authenticated
987365899 Apr 15 16:18:19 AcadBldg4AP2 AcadBldg4AP2 (Info): Station 0040966fb204 Authenticated
987365901 Apr 15 16:18:21 AcadBldg4AP5 AcadBldg4AP5 (Info): Station 0040966fb204 Authenticated
987365903 Apr 15 16:18:23 AcadBldg4AP3 AcadBldg4AP3 (Info): Station 0040966fb204 Authenticated
987365905 Apr 15 16:18:25 AcadBldg4AP2 AcadBldg4AP2 (Info): Station 0040966fb204 Authenticated
987365907 Apr 15 16:18:27 AcadBldg4AP5 AcadBldg4AP5 (Info): Station 0040966fb204 Authenticated
987365910 Apr 15 16:18:30 AcadBldg4AP3 AcadBldg4AP3 (Info): Station 0040966fb204 Authenticated
987365912 Apr 15 16:18:32 AcadBldg4AP2 AcadBldg4AP2 (Info): Station 0040966fb204 Authenticated
987365914 Apr 15 16:18:34 AcadBldg4AP5 AcadBldg4AP5 (Info): Station 0040966fb204 Authenticated
987365917 Apr 15 16:18:37 AcadBldg4AP3 AcadBldg4AP3 (Info): Station 0040966fb204 Authenticated
987365919 Apr 15 16:18:39 AcadBldg4AP2 AcadBldg4AP2 (Info): Station 0040966fb204 Authenticated
987365921 Apr 15 16:18:41 AcadBldg4AP5 AcadBldg4AP5 (Info): Station 0040966fb204 Authenticated
987365924 Apr 15 16:18:44 AcadBldg4AP3 AcadBldg4AP3 (Info): Station 0040966fb204 Authenticated
987365926 Apr 15 16:18:46 AcadBldg4AP2 AcadBldg4AP2 (Info): Station 0040966fb204 Authenticated
987365928 Apr 15 16:18:48 AcadBldg4AP5 AcadBldg4AP5 (Info): Station 0040966fb204 Authenticated
987365930 Apr 15 16:18:50 AcadBldg4AP3 AcadBldg4AP3 (Info): Station 0040966fb204 Authenticated
987365932 Apr 15 16:18:52 AcadBldg4AP2 AcadBldg4AP2 (Info): Station 0040966fb204 Authenticated
987365934 Apr 15 16:18:54 AcadBldg4AP5 AcadBldg4AP5 (Info): Station 0040966fb204 Authenticated
987365937 Apr 15 16:18:57 AcadBldg4AP3 AcadBldg4AP3 (Info): Station 0040966fb204 Authenticated
987365939 Apr 15 16:18:59 AcadBldg4AP2 AcadBldg4AP2 (Info): Station 0040966fb204 Authenticated
987365941 Apr 15 16:19:01 AcadBldg4AP5 AcadBldg4AP5 (Info): Station 0040966fb204 Authenticated
987365943 Apr 15 16:19:03 AcadBldg4AP3 AcadBldg4AP3 (Info): Station 0040966fb204 Authenticated
987365945 Apr 15 16:19:05 AcadBldg4AP2 AcadBldg4AP2 (Info): Station 0040966fb204 Authenticated
987365949 Apr 15 16:19:09 AcadBldg4AP3 AcadBldg4AP3 (Info): Station 0040966fb204 Authenticated
987365951 Apr 15 16:19:11 AcadBldg4AP2 AcadBldg4AP2 (Info): Station 0040966fb204 Authenticated
987365956 Apr 15 16:19:16 AcadBldg4AP3 AcadBldg4AP3 (Info): Station 0040966fb204 Authenticated
987365958 Apr 15 16:19:18 AcadBldg4AP2 AcadBldg4AP2 (Info): Station 0040966fb204 Authenticated
987365961 Apr 15 16:19:21 AcadBldg4AP3 AcadBldg4AP3 (Info): Station 0040966fb204 Authenticated
987365963 Apr 15 16:19:23 AcadBldg4AP2 AcadBldg4AP2 (Info): Station 0040966fb204 Authenticated
987365967 Apr 15 16:19:27 AcadBldg4AP3 AcadBldg4AP3 (Info): Station 0040966fb204 Authenticated
987365969 Apr 15 16:19:29 AcadBldg4AP2 AcadBldg4AP2 (Info): Station 0040966fb204 Authenticated
987366044 Apr 15 16:20:44 AcadBldg4AP2 AcadBldg4AP2 (Info): Station 0040966fb204 Authenticated
987366046 Apr 15 16:20:46 AcadBldg4AP3 AcadBldg4AP3 (Info): Station 0040966fb204 Authenticated
987366048 Apr 15 16:20:48 AcadBldg4AP2 AcadBldg4AP2 (Info): Station 0040966fb204 Authenticated
987366050 Apr 15 16:20:50 AcadBldg4AP5 AcadBldg4AP5 (Info): Station 0040966fb204 Authenticated
987366052 Apr 15 16:20:52 AcadBldg4AP3 AcadBldg4AP3 (Info): Station 0040966fb204 Authenticated
987366054 Apr 15 16:20:54 AcadBldg4AP2 AcadBldg4AP2 (Info): Station 0040966fb204 Authenticated
987366056 Apr 15 16:20:56 AcadBldg4AP5 AcadBldg4AP5 (Info): Station 0040966fb204 Authenticated
987366059 Apr 15 16:20:59 AcadBldg4AP3 AcadBldg4AP3 (Info): Station 0040966fb204 Authenticated
987366061 Apr 15 16:21:01 AcadBldg4AP2 AcadBldg4AP2 (Info): Station 0040966fb204 Authenticated
987366063 Apr 15 16:21:03 AcadBldg4AP5 AcadBldg4AP5 (Info): Station 0040966fb204 Authenticated
987366065 Apr 15 16:21:05 AcadBldg4AP3 AcadBldg4AP3 (Info): Station 0040966fb204 Authenticated
987366067 Apr 15 16:21:07 AcadBldg4AP2 AcadBldg4AP2 (Info): Station 0040966fb204 Authenticated
987366070 Apr 15 16:21:10 AcadBldg4AP5 AcadBldg4AP5 (Info): Station 0040966fb204 Authenticated
987366072 Apr 15 16:21:12 AcadBldg4AP3 AcadBldg4AP3 (Info): Station 0040966fb204 Authenticated
987366074 Apr 15 16:21:14 AcadBldg4AP2 AcadBldg4AP2 (Info): Station 0040966fb204 Authenticated
987366076 Apr 15 16:21:16 AcadBldg4AP5 AcadBldg4AP5 (Info): Station 0040966fb204 Authenticated
987366084 Apr 15 16:21:24 AcadBldg4AP3 AcadBldg4AP3 (Info): Station 0040966fb204 Authenticated
987366086 Apr 15 16:21:26 AcadBldg4AP2 AcadBldg4AP2 (Info): Station 0040966fb204 Authenticated
987366088 Apr 15 16:21:28 AcadBldg4AP5 AcadBldg4AP5 (Info): Station 0040966fb204 Authenticated
987366090 Apr 15 16:21:30 AcadBldg4AP3 AcadBldg4AP3 (Info): Station 0040966fb204 Authenticated
987366093 Apr 15 16:21:33 AcadBldg4AP2 AcadBldg4AP2 (Info): Station 0040966fb204 Authenticated
987366095 Apr 15 16:21:35 AcadBldg4AP5 AcadBldg4AP5 (Info): Station 0040966fb204 Authenticated
987366096 Apr 15 16:21:36 AcadBldg4AP5 AcadBldg4AP5 (Info): Disassociating 0040966fb204, reason "Not Associated"
987366097 Apr 15 16:21:37 AcadBldg4AP2 AcadBldg4AP2 (Info): Station 0040966fb204 Authenticated
987366099 Apr 15 16:21:39 AcadBldg4AP3 AcadBldg4AP3 (Info): Station 0040966fb204 Authenticated
987366101 Apr 15 16:21:41 AcadBldg4AP5 AcadBldg4AP5 (Info): Station 0040966fb204 Authenticated
987366104 Apr 15 16:21:44 AcadBldg4AP3 AcadBldg4AP3 (Info): Station 0040966fb204 Authenticated
987366106 Apr 15 16:21:46 AcadBldg4AP2 AcadBldg4AP2 (Info): Station 0040966fb204 Authenticated
987366108 Apr 15 16:21:48 AcadBldg4AP5 AcadBldg4AP5 (Info): Station 0040966fb204 Authenticated
987366111 Apr 15 16:21:51 AcadBldg4AP3 AcadBldg4AP3 (Info): Station 0040966fb204 Authenticated
987366113 Apr 15 16:21:53 AcadBldg4AP2 AcadBldg4AP2 (Info): Station 0040966fb204 Authenticated
987366115 Apr 15 16:21:55 AcadBldg4AP5 AcadBldg4AP5 (Info): Station 0040966fb204 Authenticated
987366119 Apr 15 16:21:59 AcadBldg4AP3 AcadBldg4AP3 (Info): Station 0040966fb204 Authenticated
987366121 Apr 15 16:22:01 AcadBldg4AP2 AcadBldg4AP2 (Info): Station 0040966fb204 Authenticated
987366123 Apr 15 16:22:03 AcadBldg4AP5 AcadBldg4AP5 (Info): Station 0040966fb204 Authenticated
987366126 Apr 15 16:22:06 AcadBldg4AP3 AcadBldg4AP3 (Info): Station 0040966fb204 Authenticated
987366128 Apr 15 16:22:08 AcadBldg4AP2 AcadBldg4AP2 (Info): Station 0040966fb204 Authenticated
987366130 Apr 15 16:22:10 AcadBldg4AP5 AcadBldg4AP5 (Info): Station 0040966fb204 Authenticated
987366134 Apr 15 16:22:14 AcadBldg4AP3 AcadBldg4AP3 (Info): Station 0040966fb204 Authenticated
987366136 Apr 15 16:22:16 AcadBldg4AP2 AcadBldg4AP2 (Info): Station 0040966fb204 Authenticated
987366138 Apr 15 16:22:18 AcadBldg4AP5 AcadBldg4AP5 (Info): Station 0040966fb204 Authenticated
987366141 Apr 15 16:22:21 AcadBldg4AP3 AcadBldg4AP3 (Info): Station 0040966fb204 Authenticated
987366143 Apr 15 16:22:23 AcadBldg4AP2 AcadBldg4AP2 (Info): Station 0040966fb204 Authenticated
987366145 Apr 15 16:22:25 AcadBldg4AP5 AcadBldg4AP5 (Info): Station 0040966fb204 Authenticated
987366147 Apr 15 16:22:27 AcadBldg4AP3 AcadBldg4AP3 (Info): Station 0040966fb204 Authenticated
987366149 Apr 15 16:22:29 AcadBldg4AP2 AcadBldg4AP2 (Info): Station 0040966fb204 Authenticated
987366152 Apr 15 16:22:32 AcadBldg4AP5 AcadBldg4AP5 (Info): Station 0040966fb204 Authenticated
987366154 Apr 15 16:22:34 AcadBldg4AP3 AcadBldg4AP3 (Info): Station 0040966fb204 Authenticated
987366156 Apr 15 16:22:36 AcadBldg4AP2 AcadBldg4AP2 (Info): Station 0040966fb204 Authenticated
987366158 Apr 15 16:22:38 AcadBldg4AP5 AcadBldg4AP5 (Info): Station 0040966fb204 Authenticated
987366161 Apr 15 16:22:41 AcadBldg4AP3 AcadBldg4AP3 (Info): Station 0040966fb204 Authenticated
987366163 Apr 15 16:22:43 AcadBldg4AP2 AcadBldg4AP2 (Info): Station 0040966fb204 Authenticated
987366165 Apr 15 16:22:45 AcadBldg4AP5 AcadBldg4AP5 (Info): Station 0040966fb204 Authenticated
987366168 Apr 15 16:22:48 AcadBldg4AP3 AcadBldg4AP3 (Info): Station 0040966fb204 Authenticated
987366170 Apr 15 16:22:50 AcadBldg4AP2 AcadBldg4AP2 (Info): Station 0040966fb204 Authenticated
987366172 Apr 15 16:22:52 AcadBldg4AP5 AcadBldg4AP5 (Info): Station 0040966fb204 Authenticated
987366176 Apr 15 16:22:56 AcadBldg4AP3 AcadBldg4AP3 (Info): Station 0040966fb204 Authenticated
987366178 Apr 15 16:22:58 AcadBldg4AP2 AcadBldg4AP2 (Info): Station 0040966fb204 Authenticated
987366185 Apr 15 16:23:05 AcadBldg4AP3 AcadBldg4AP3 (Info): Station 0040966fb204 Authenticated
987366187 Apr 15 16:23:07 AcadBldg4AP2 AcadBldg4AP2 (Info): Station 0040966fb204 Authenticated
987366190 Apr 15 16:23:10 AcadBldg4AP3 AcadBldg4AP3 (Info): Station 0040966fb204 Authenticated
987366490 Apr 15 16:28:10 AcadBldg4AP3 AcadBldg4AP3 (Info): Station 0040966fb204 Authenticated
987366490 Apr 15 16:28:10 AcadBldg4AP3 AcadBldg4AP3 (Info): Station 0040966fb204 Associated
987366490 Apr 15 16:28:10 AcadBldg4AP5 AcadBldg4AP5 (Info): Station 0040966fb204 roamed
987366490 Apr 15 16:28:10 AcadBldg4AP5 AcadBldg4AP5 (Info): Station 0040966fb204 roamed
987366490 Apr 15 16:28:10 AcadBldg4AP2 AcadBldg4AP2 (Info): Station 0040966fb204 roamed
987366490 Apr 15 16:28:10 AcadBldg4AP2 AcadBldg4AP2 (Info): Station 0040966fb204 roamed
987366904 Apr 15 16:35:04 AcadBldg16AP3 AcadBldg16AP3 (Info): Station 004096da8a8e Authenticated
987366906 Apr 15 16:35:06 AcadBldg16AP3 AcadBldg16AP3 (Info): Station 004096da8a8e Authenticated
987366908 Apr 15 16:35:08 AcadBldg16AP4 AcadBldg16AP4 (Info): Station 004096da8a8e Authenticated
987366915 Apr 15 16:35:15 AcadBldg16AP3 AcadBldg16AP3 (Info): Station 004096da8a8e Authenticated
987366987 Apr 15 16:36:27 AcadBldg16AP4 AcadBldg16AP4 (Info): Deauthenticating 003065e0de26, reason "Inactivity"
987366989 Apr 15 16:36:29 AcadBldg16AP4 AcadBldg16AP4 (Info): Station 003065e0de26 Authenticated
987366989 Apr 15 16:36:29 AcadBldg16AP4 AcadBldg16AP4 (Info): Station 003065e0de26 Associated
987367383 Apr 15 16:43:03 AcadBldg16AP3 AcadBldg16AP3 (Info): Station 004096da8a8e Authenticated
987367423 Apr 15 16:43:43 AcadBldg16AP3 AcadBldg16AP3 (Info): Station 004096da8a8e Authenticated
987367425 Apr 15 16:43:45 AcadBldg16AP3 AcadBldg16AP3 (Info): Station 004096da8a8e Authenticated
987367427 Apr 15 16:43:47 AcadBldg16AP4 AcadBldg16AP4 (Info): Station 004096da8a8e Authenticated
987367536 Apr 15 16:45:36 AcadBldg16AP4 AcadBldg16AP4 (Info): Station 004096da8a8e Authenticated
987367559 Apr 15 16:45:59 AcadBldg4AP2 AcadBldg4AP2 (Info): Station 0040966fb204 Authenticated
987367559 Apr 15 16:45:59 AcadBldg4AP2 AcadBldg4AP2 (Info): Station 0040966fb204 Associated
987367559 Apr 15 16:45:59 AcadBldg4AP3 AcadBldg4AP3 (Info): Station 0040966fb204 roamed
987367559 Apr 15 16:45:59 AcadBldg4AP3 AcadBldg4AP3 (Info): Station 0040966fb204 roamed
987367563 Apr 15 16:46:03 AcadBldg16AP3 AcadBldg16AP3 (Info): Station 004096da8a8e Authenticated
987367586 Apr 15 16:46:26 AcadBldg4AP3 AcadBldg4AP3 (Info): Station 0040966fb204 Authenticated
987367604 Apr 15 16:46:44 AcadBldg4AP3 AcadBldg4AP3 (Info): Station 0040966fb204 roamed
987367606 Apr 15 16:46:46 AcadBldg4AP3 AcadBldg4AP3 (Info): Station 0040966fb204 Authenticated
987367646 Apr 15 16:47:26 AcadBldg4AP3 AcadBldg4AP3 (Info): Station 0040966fb204 Authenticated
987367647 Apr 15 16:47:27 AcadBldg4AP3 AcadBldg4AP3 (Info): Disassociating 0040966fb204, reason "Not Associated"
987367666 Apr 15 16:47:46 AcadBldg4AP3 AcadBldg4AP3 (Info): Station 0040966fb204 Authenticated
987367666 Apr 15 16:47:46 AcadBldg4AP3 AcadBldg4AP3 (Info): Station 0040966fb204 Reassociated
987367666 Apr 15 16:47:46 AcadBldg4AP2 AcadBldg4AP2 (Info): Station 0040966fb204 roamed
987367666 Apr 15 16:47:46 AcadBldg4AP2 AcadBldg4AP2 (Info): Station 0040966fb204 roamed
987368094 Apr 15 16:54:54 AcadBldg1AP4 AcadBldg1AP4 (Info): Station 0040966fb204 Authenticated
987368094 Apr 15 16:54:54 AcadBldg1AP4 AcadBldg1AP4 (Info): Station 0040966fb204 Reassociated
987368094 Apr 15 16:54:54 AcadBldg4AP3 AcadBldg4AP3 (Info): Station 0040966fb204 roamed
987368094 Apr 15 16:54:54 AcadBldg4AP3 AcadBldg4AP3 (Info): Station 0040966fb204 roamed
987368149 Apr 15 16:55:49 AcadBldg4AP3 AcadBldg4AP3 (Info): Station 0040966fb204 Authenticated
987368149 Apr 15 16:55:49 AcadBldg4AP3 AcadBldg4AP3 (Info): Station 0040966fb204 Reassociated
987368149 Apr 15 16:55:49 AcadBldg1AP4 AcadBldg1AP4 (Info): Station 0040966fb204 roamed
987368149 Apr 15 16:55:49 AcadBldg1AP4 AcadBldg1AP4 (Info): Station 0040966fb204 roamed
987368180 Apr 15 16:56:20 AcadBldg1AP4 AcadBldg1AP4 (Info): Station 0040966fb204 Authenticated
987368180 Apr 15 16:56:20 AcadBldg1AP4 AcadBldg1AP4 (Info): Station 0040966fb204 Reassociated
987368180 Apr 15 16:56:20 AcadBldg4AP3 AcadBldg4AP3 (Info): Station 0040966fb204 roamed
987368180 Apr 15 16:56:20 AcadBldg4AP3 AcadBldg4AP3 (Info): Station 0040966fb204 roamed
987368231 Apr 15 16:57:11 AcadBldg1AP4 AcadBldg1AP4 (Info): Station 0040966fb204 Reassociated
987368233 Apr 15 16:57:13 AcadBldg4AP1 AcadBldg4AP1 (Info): Station 0040966fb204 Authenticated
987368234 Apr 15 16:57:14 AcadBldg4AP1 AcadBldg4AP1 (Info): Station 0040966fb204 Authenticated
987368234 Apr 15 16:57:14 AcadBldg1AP4 AcadBldg1AP4 (Info): Station 0040966fb204 Reassociated
987368234 Apr 15 16:57:14 AcadBldg4AP1 AcadBldg4AP1 (Info): Station 0040966fb204 roamed
987368234 Apr 15 16:57:14 AcadBldg4AP1 AcadBldg4AP1 (Info): Station 0040966fb204 roamed
987368236 Apr 15 16:57:16 AcadBldg1AP4 AcadBldg1AP4 (Info): Station 0040966fb204 Reassociated
987368252 Apr 15 16:57:32 AcadBldg4AP1 AcadBldg4AP1 (Info): Station 0040966fb204 Authenticated
987368252 Apr 15 16:57:32 AcadBldg4AP1 AcadBldg4AP1 (Info): Disassociating 0040966fb204, reason "Not Associated"
987368254 Apr 15 16:57:34 AcadBldg1AP4 AcadBldg1AP4 (Info): Disassociating 0040966fb204, reason "Unspecified Error"
987368254 Apr 15 16:57:34 AcadBldg1AP4 AcadBldg1AP4 (Info): Station 0040966fb204 Authenticated
987368254 Apr 15 16:57:34 AcadBldg1AP4 AcadBldg1AP4 (Info): Station 0040966fb204 Reassociated
987368254 Apr 15 16:57:34 AcadBldg4AP1 AcadBldg4AP1 (Info): Station 0040966fb204 roamed
987368254 Apr 15 16:57:34 AcadBldg4AP1 AcadBldg4AP1 (Info): Station 0040966fb204 roamed
987368489 Apr 15 17:01:29 AcadBldg4AP2 AcadBldg4AP2 (Info): Station 0040966fb204 Authenticated
987368489 Apr 15 17:01:29 AcadBldg4AP2 AcadBldg4AP2 (Info): Station 0040966fb204 Reassociated
987368489 Apr 15 17:01:29 AcadBldg1AP4 AcadBldg1AP4 (Info): Station 0040966fb204 roamed
987368489 Apr 15 17:01:29 AcadBldg1AP4 AcadBldg1AP4 (Info): Station 0040966fb204 roamed
987368674 Apr 15 17:04:34 AcadBldg1AP4 AcadBldg1AP4 (Info): Station 0040966fb204 Authenticated
987368674 Apr 15 17:04:34 AcadBldg1AP4 AcadBldg1AP4 (Info): Station 0040966fb204 Reassociated
987368674 Apr 15 17:04:34 AcadBldg4AP2 AcadBldg4AP2 (Info): Station 0040966fb204 roamed
987368674 Apr 15 17:04:34 AcadBldg4AP2 AcadBldg4AP2 (Info): Station 0040966fb204 roamed
987368859 Apr 15 17:07:39 AcadBldg4AP2 AcadBldg4AP2 (Info): Station 0040966fb204 Authenticated
987368859 Apr 15 17:07:39 AcadBldg4AP2 AcadBldg4AP2 (Info): Station 0040966fb204 Reassociated
987368859 Apr 15 17:07:39 AcadBldg1AP4 AcadBldg1AP4 (Info): Station 0040966fb204 roamed
987368859 Apr 15 17:07:39 AcadBldg1AP4 AcadBldg1AP4 (Info): Station 0040966fb204 roamed
987369179 Apr 15 17:12:59 AcadBldg1AP4 AcadBldg1AP4 (Info): Station 0040966fb204 Authenticated
987369179 Apr 15 17:12:59 AcadBldg1AP4 AcadBldg1AP4 (Info): Station 0040966fb204 Reassociated
987369179 Apr 15 17:12:59 AcadBldg4AP2 AcadBldg4AP2 (Info): Station 0040966fb204 roamed
987369179 Apr 15 17:12:59 AcadBldg4AP2 AcadBldg4AP2 (Info): Station 0040966fb204 roamed
987369342 Apr 15 17:15:42 AcadBldg16AP4 AcadBldg16AP4 (Info): Deauthenticating 004096da8a8e, reason "Inactivity"
987369460 Apr 15 17:17:40 AcadBldg4AP2 AcadBldg4AP2 (Info): Station 0040966fb204 Authenticated
987369460 Apr 15 17:17:40 AcadBldg4AP2 AcadBldg4AP2 (Info): Station 0040966fb204 Reassociated
987369460 Apr 15 17:17:40 AcadBldg1AP4 AcadBldg1AP4 (Info): Station 0040966fb204 roamed
987369460 Apr 15 17:17:40 AcadBldg1AP4 AcadBldg1AP4 (Info): Station 0040966fb204 roamed
987369550 Apr 15 17:19:10 AcadBldg16AP3 AcadBldg16AP3 (Info): Deauthenticating 004096da8a8e, reason "Inactivity"
987369611 Apr 15 17:20:11 AcadBldg1AP4 AcadBldg1AP4 (Info): Station 0040966fb204 Authenticated
987369611 Apr 15 17:20:11 AcadBldg1AP4 AcadBldg1AP4 (Info): Station 0040966fb204 Reassociated
987369611 Apr 15 17:20:11 AcadBldg4AP2 AcadBldg4AP2 (Info): Station 0040966fb204 roamed
987369611 Apr 15 17:20:11 AcadBldg4AP2 AcadBldg4AP2 (Info): Station 0040966fb204 roamed
987369909 Apr 15 17:25:09 AcadBldg16AP3 AcadBldg16AP3 (Info): Station 004096da8a8e Authenticated
987369911 Apr 15 17:25:11 AcadBldg16AP4 AcadBldg16AP4 (Info): Station 004096da8a8e Authenticated
987369919 Apr 15 17:25:19 AcadBldg16AP3 AcadBldg16AP3 (Info): Station 004096da8a8e Authenticated
987369922 Apr 15 17:25:22 AcadBldg16AP3 AcadBldg16AP3 (Info): Station 004096da8a8e Authenticated
987369924 Apr 15 17:25:24 AcadBldg16AP4 AcadBldg16AP4 (Info): Station 004096da8a8e Authenticated
987369928 Apr 15 17:25:28 AcadBldg16AP4 AcadBldg16AP4 (Info): Station 004096906d36 Authenticated
987369928 Apr 15 17:25:28 AcadBldg16AP4 AcadBldg16AP4 (Info): Station 004096906d36 Associated
987370598 Apr 15 17:36:38 AcadBldg16AP4 AcadBldg16AP4 (Info): Deauthenticating 003065e0de26, reason "Inactivity"
987370600 Apr 15 17:36:40 AcadBldg16AP4 AcadBldg16AP4 (Info): Station 003065e0de26 Authenticated
987370600 Apr 15 17:36:40 AcadBldg16AP4 AcadBldg16AP4 (Info): Station 003065e0de26 Associated
987371618 Apr 15 17:53:38 AcadBldg1AP4 AcadBldg1AP4 (Info): Deauthenticating 0040966fb204, reason "Inactivity"
987371724 Apr 15 17:55:24 AcadBldg16AP4 AcadBldg16AP4 (Info): Deauthenticating 004096da8a8e, reason "Inactivity"
987371958 Apr 15 17:59:18 AcadBldg16AP3 AcadBldg16AP3 (Info): Deauthenticating 004096da8a8e, reason "Inactivity"
987371981 Apr 15 17:59:41 AcadBldg16AP4 AcadBldg16AP4 (Info): Deauthenticating 004096906d36, reason "Inactivity"
987375378 Apr 15 18:56:18 AcadBldg16AP4 AcadBldg16AP4 (Info): Deauthenticating 003065e0de26, reason "Inactivity"
987375380 Apr 15 18:56:20 AcadBldg16AP4 AcadBldg16AP4 (Info): Station 003065e0de26 Authenticated
987375380 Apr 15 18:56:20 AcadBldg16AP4 AcadBldg16AP4 (Info): Station 003065e0de26 Associated
987379633 Apr 15 20:07:13 AcadBldg16AP4 AcadBldg16AP4 (Info): Deauthenticating 003065e0de26, reason "Inactivity"
987379635 Apr 15 20:07:15 AcadBldg16AP4 AcadBldg16AP4 (Info): Station 003065e0de26 Authenticated
987379635 Apr 15 20:07:15 AcadBldg16AP4 AcadBldg16AP4 (Info): Station 003065e0de26 Associated
987383236 Apr 15 21:07:16 AcadBldg16AP4 AcadBldg16AP4 (Info): Deauthenticating 003065e0de26, reason "Inactivity"
987383238 Apr 15 21:07:18 AcadBldg16AP4 AcadBldg16AP4 (Info): Station 003065e0de26 Authenticated
987383238 Apr 15 21:07:18 AcadBldg16AP4 AcadBldg16AP4 (Info): Station 003065e0de26 Associated
987385709 Apr 15 21:48:29 AcadBldg16AP5 AcadBldg16AP5 (Info): Station 004096ff6784 Authenticated
987385709 Apr 15 21:48:29 AcadBldg16AP5 AcadBldg16AP5 (Info): Station 004096ff6784 Associated
987386117 Apr 15 21:55:17 AcadBldg16AP5 AcadBldg16AP5 (Info): Station 004096ff6784 Authenticated
987386117 Apr 15 21:55:17 AcadBldg16AP5 AcadBldg16AP5 (Info): Station 004096ff6784 Associated
987386845 Apr 15 22:07:25 AcadBldg16AP4 AcadBldg16AP4 (Info): Deauthenticating 003065e0de26, reason "Inactivity"
987386847 Apr 15 22:07:27 AcadBldg16AP4 AcadBldg16AP4 (Info): Station 003065e0de26 Authenticated
987386847 Apr 15 22:07:27 AcadBldg16AP4 AcadBldg16AP4 (Info): Station 003065e0de26 Associated
987386996 Apr 15 22:09:56 AcadBldg16AP1 AcadBldg16AP1 (Info): Station 004096ff6784 Authenticated
987386996 Apr 15 22:09:56 AcadBldg16AP1 AcadBldg16AP1 (Info): Station 004096ff6784 Associated
987386996 Apr 15 22:09:56 AcadBldg16AP5 AcadBldg16AP5 (Info): Station 004096ff6784 roamed
987386999 Apr 15 22:09:59 AcadBldg16AP5 AcadBldg16AP5 (Info): Station 004096ff6784 Authenticated
987386999 Apr 15 22:09:59 AcadBldg16AP5 AcadBldg16AP5 (Info): Station 004096ff6784 Reassociated
987386999 Apr 15 22:09:59 AcadBldg16AP1 AcadBldg16AP1 (Info): Station 004096ff6784 roamed
987387348 Apr 15 22:15:48 AcadBldg16AP4 AcadBldg16AP4 (Info): Station 004096fde907 Authenticated
987387348 Apr 15 22:15:48 AcadBldg16AP4 AcadBldg16AP4 (Info): Station 004096fde907 Associated
987388897 Apr 15 22:41:37 AcadBldg16AP5 AcadBldg16AP5 (Info): Station 004096ff6784 Associated
987390448 Apr 15 23:07:28 AcadBldg16AP4 AcadBldg16AP4 (Info): Deauthenticating 003065e0de26, reason "Inactivity"
987390450 Apr 15 23:07:30 AcadBldg16AP4 AcadBldg16AP4 (Info): Station 003065e0de26 Authenticated
987390450 Apr 15 23:07:30 AcadBldg16AP4 AcadBldg16AP4 (Info): Station 003065e0de26 Associated
987390745 Apr 15 23:12:25 AcadBldg16AP5 AcadBldg16AP5 (Info): Deauthenticating 004096ff6784, reason "Inactivity"
